#
# There is insufficient memory for the Java Runtime Environment to continue.
# Native memory allocation (malloc) failed to allocate 1329776 bytes for Chunk::new
# Possible reasons:
#   The system is out of physical RAM or swap space
#   In 32 bit mode, the process size limit was hit
# Possible solutions:
#   Reduce memory load on the system
#   Increase physical memory or swap space
#   Check if swap backing store is full
#   Use 64 bit Java on a 64 bit OS
#   Decrease Java heap size (-Xmx/-Xms)
#   Decrease number of Java threads
#   Decrease Java thread stack sizes (-Xss)
#   Set larger code cache with -XX:ReservedCodeCacheSize=
# This output file may be truncated or incomplete.
#
#  Out of Memory Error (allocation.cpp:390), pid=5684, tid=6260
#
# JRE version: Java(TM) SE Runtime Environment (8.0_73-b02) (build 1.8.0_73-b02)
# Java VM: Java HotSpot(TM) 64-Bit Server VM (25.73-b02 mixed mode windows-amd64 compressed oops)
# Failed to write core dump. Minidumps are not enabled by default on client versions of Windows
#

---------------  T H R E A D  ---------------

Current thread (0x0000000014a86800):  JavaThread "C2 CompilerThread1" daemon [_thread_in_native, id=6260, stack(0x0000000016180000,0x0000000016280000)]

Stack: [0x0000000016180000,0x0000000016280000]
[error occurred during error reporting (printing stack bounds), id 0xc0000005]

Native frames: (J=compiled Java code, j=interpreted, Vv=VM code, C=native code)


Current CompileTask:
C2:   2797 1711       4       com.android.dx.dex.code.OutputFinisher::addConstants (93 bytes)


---------------  P R O C E S S  ---------------

Java Threads: ( => current thread )
  0x0000000016386000 JavaThread "Service Thread" daemon [_thread_blocked, id=4084, stack(0x0000000016780000,0x0000000016880000)]
  0x0000000014a8c800 JavaThread "C1 CompilerThread2" daemon [_thread_in_native, id=5552, stack(0x0000000016280000,0x0000000016380000)]
=>0x0000000014a86800 JavaThread "C2 CompilerThread1" daemon [_thread_in_native, id=6260, stack(0x0000000016180000,0x0000000016280000)]
  0x0000000014a2e000 JavaThread "C2 CompilerThread0" daemon [_thread_in_native, id=4540, stack(0x0000000016080000,0x0000000016180000)]
  0x0000000014a29000 JavaThread "Attach Listener" daemon [_thread_blocked, id=7084, stack(0x0000000015f80000,0x0000000016080000)]
  0x0000000014a28000 JavaThread "Signal Dispatcher" daemon [_thread_blocked, id=6164, stack(0x0000000015e80000,0x0000000015f80000)]
  0x0000000002356000 JavaThread "Finalizer" daemon [_thread_blocked, id=6656, stack(0x0000000015ca0000,0x0000000015da0000)]
  0x000000000234d000 JavaThread "Reference Handler" daemon [_thread_blocked, id=5400, stack(0x0000000015ba0000,0x0000000015ca0000)]
  0x0000000002260800 JavaThread "main" [_thread_blocked, id=1952, stack(0x0000000002060000,0x0000000002160000)]

Other Threads:
  0x00000000149f7800 VMThread [stack: 0x0000000015aa0000,0x0000000015ba0000] [id=2868]
  0x00000000163a2800 WatcherThread [stack: 0x0000000016880000,0x0000000016980000] [id=2596]

VM state:not at safepoint (normal execution)

VM Mutex/Monitor currently owned by a thread: None

Heap:
 PSYoungGen      total 71680K, used 32211K [0x00000000eab00000, 0x00000000ef600000, 0x0000000100000000)
  eden space 66560K, 40% used [0x00000000eab00000,0x00000000ec57c5e8,0x00000000eec00000)
  from space 5120K, 99% used [0x00000000ef100000,0x00000000ef5f8928,0x00000000ef600000)
  to   space 5120K, 0% used [0x00000000eec00000,0x00000000eec00000,0x00000000ef100000)
 ParOldGen       total 87552K, used 6045K [0x00000000c0000000, 0x00000000c5580000, 0x00000000eab00000)
  object space 87552K, 6% used [0x00000000c0000000,0x00000000c05e75b0,0x00000000c5580000)
 Metaspace       used 6479K, capacity 7288K, committed 7552K, reserved 1056768K
  class space    used 620K, capacity 624K, committed 640K, reserved 1048576K

Card table byte_map: [0x0000000011720000,0x0000000011930000] byte_map_base: 0x0000000011120000

Marking Bits: (ParMarkBitMap*) 0x0000000063710600
 Begin Bits: [0x0000000011e90000, 0x0000000012e90000)
 End Bits:   [0x0000000012e90000, 0x0000000013e90000)

Polling page: 0x00000000008a0000

CodeCache: size=245760Kb used=6860Kb max_used=6860Kb free=238899Kb
 bounds [0x0000000002360000, 0x0000000002a20000, 0x0000000011360000]
 total_blobs=2094 nmethods=1823 adapters=182
 compilation: enabled

Compilation events (10 events):
Event: 2.791 Thread 0x0000000014a8c800 nmethod 1845 0x0000000002a0fe50 code [0x0000000002a0ffe0, 0x0000000002a102b8]
Event: 2.791 Thread 0x0000000014a8c800 1847       2       com.android.dx.dex.file.OffsettedItem::place (78 bytes)
Event: 2.791 Thread 0x0000000014a8c800 nmethod 1847 0x0000000002a10410 code [0x0000000002a105c0, 0x0000000002a10978]
Event: 2.791 Thread 0x0000000014a8c800 1848       2       com.android.dx.dex.file.OffsettedItem::writeSize (22 bytes)
Event: 2.792 Thread 0x0000000014a8c800 nmethod 1848 0x0000000002a10b50 code [0x0000000002a10cc0, 0x0000000002a10ec8]
Event: 2.792 Thread 0x0000000014a8c800 1846       2       com.android.dx.dex.code.OutputFinisher::reserveRegisters (119 bytes)
Event: 2.792 Thread 0x0000000014a8c800 nmethod 1846 0x0000000002a10fd0 code [0x0000000002a111a0, 0x0000000002a117f8]
Event: 2.792 Thread 0x0000000014a8c800 1849 %     3       com.android.dx.dex.code.OutputFinisher::align64bits @ 44 (247 bytes)
Event: 2.795 Thread 0x0000000014a8c800 nmethod 1849% 0x0000000002a12010 code [0x0000000002a122e0, 0x0000000002a13c98]
Event: 2.795 Thread 0x0000000014a8c800 1857 %     3       com.android.dx.dex.code.LocalList$MakeState::snapshot @ 16 (110 bytes)

GC Heap History (4 events):
Event: 1.761 GC heap before
{Heap before GC invocations=1 (full 0):
 PSYoungGen      total 38400K, used 33280K [0x00000000eab00000, 0x00000000ed580000, 0x0000000100000000)
  eden space 33280K, 100% used [0x00000000eab00000,0x00000000ecb80000,0x00000000ecb80000)
  from space 5120K, 0% used [0x00000000ed080000,0x00000000ed080000,0x00000000ed580000)
  to   space 5120K, 0% used [0x00000000ecb80000,0x00000000ecb80000,0x00000000ed080000)
 ParOldGen       total 87552K, used 0K [0x00000000c0000000, 0x00000000c5580000, 0x00000000eab00000)
  object space 87552K, 0% used [0x00000000c0000000,0x00000000c0000000,0x00000000c5580000)
 Metaspace       used 5998K, capacity 6896K, committed 7040K, reserved 1056768K
  class space    used 597K, capacity 616K, committed 640K, reserved 1048576K
Event: 1.798 GC heap after
Heap after GC invocations=1 (full 0):
 PSYoungGen      total 38400K, used 5097K [0x00000000eab00000, 0x00000000ef600000, 0x0000000100000000)
  eden space 33280K, 0% used [0x00000000eab00000,0x00000000eab00000,0x00000000ecb80000)
  from space 5120K, 99% used [0x00000000ecb80000,0x00000000ed07a7e0,0x00000000ed080000)
  to   space 5120K, 0% used [0x00000000ef100000,0x00000000ef100000,0x00000000ef600000)
 ParOldGen       total 87552K, used 1580K [0x00000000c0000000, 0x00000000c5580000, 0x00000000eab00000)
  object space 87552K, 1% used [0x00000000c0000000,0x00000000c018b178,0x00000000c5580000)
 Metaspace       used 5998K, capacity 6896K, committed 7040K, reserved 1056768K
  class space    used 597K, capacity 616K, committed 640K, reserved 1048576K
}
Event: 2.184 GC heap before
{Heap before GC invocations=2 (full 0):
 PSYoungGen      total 38400K, used 38377K [0x00000000eab00000, 0x00000000ef600000, 0x0000000100000000)
  eden space 33280K, 100% used [0x00000000eab00000,0x00000000ecb80000,0x00000000ecb80000)
  from space 5120K, 99% used [0x00000000ecb80000,0x00000000ed07a7e0,0x00000000ed080000)
  to   space 5120K, 0% used [0x00000000ef100000,0x00000000ef100000,0x00000000ef600000)
 ParOldGen       total 87552K, used 1580K [0x00000000c0000000, 0x00000000c5580000, 0x00000000eab00000)
  object space 87552K, 1% used [0x00000000c0000000,0x00000000c018b178,0x00000000c5580000)
 Metaspace       used 6156K, capacity 7088K, committed 7296K, reserved 1056768K
  class space    used 600K, capacity 616K, committed 640K, reserved 1048576K
Event: 2.199 GC heap after
Heap after GC invocations=2 (full 0):
 PSYoungGen      total 71680K, used 5090K [0x00000000eab00000, 0x00000000ef600000, 0x0000000100000000)
  eden space 66560K, 0% used [0x00000000eab00000,0x00000000eab00000,0x00000000eec00000)
  from space 5120K, 99% used [0x00000000ef100000,0x00000000ef5f8928,0x00000000ef600000)
  to   space 5120K, 0% used [0x00000000eec00000,0x00000000eec00000,0x00000000ef100000)
 ParOldGen       total 87552K, used 6045K [0x00000000c0000000, 0x00000000c5580000, 0x00000000eab00000)
  object space 87552K, 6% used [0x00000000c0000000,0x00000000c05e75b0,0x00000000c5580000)
 Metaspace       used 6156K, capacity 7088K, committed 7296K, reserved 1056768K
  class space    used 600K, capacity 616K, committed 640K, reserved 1048576K
}

Deoptimization events (10 events):
Event: 2.539 Thread 0x0000000002260800 Uncommon trap: reason=bimorphic action=maybe_recompile pc=0x0000000002639cbc method=java.util.HashMap.getNode(ILjava/lang/Object;)Ljava/util/HashMap$Node; @ 126
Event: 2.539 Thread 0x0000000002260800 Uncommon trap: reason=bimorphic action=maybe_recompile pc=0x000000000261a574 method=java.util.HashMap.getNode(ILjava/lang/Object;)Ljava/util/HashMap$Node; @ 126
Event: 2.540 Thread 0x0000000002260800 Uncommon trap: reason=class_check action=maybe_recompile pc=0x00000000028d1a68 method=java.util.HashMap.putVal(ILjava/lang/Object;Ljava/lang/Object;ZZ)Ljava/lang/Object; @ 203
Event: 2.543 Thread 0x0000000002260800 Uncommon trap: reason=class_check action=maybe_recompile pc=0x00000000028d1a68 method=java.util.HashMap.putVal(ILjava/lang/Object;Ljava/lang/Object;ZZ)Ljava/lang/Object; @ 203
Event: 2.543 Thread 0x0000000002260800 Uncommon trap: reason=class_check action=maybe_recompile pc=0x00000000028c5354 method=java.util.HashMap.putVal(ILjava/lang/Object;Ljava/lang/Object;ZZ)Ljava/lang/Object; @ 203
Event: 2.635 Thread 0x0000000002260800 Uncommon trap: reason=unstable_if action=reinterpret pc=0x00000000029cb1a4 method=java.util.HashMap.putVal(ILjava/lang/Object;Ljava/lang/Object;ZZ)Ljava/lang/Object; @ 94
Event: 2.733 Thread 0x0000000002260800 Uncommon trap: reason=speculate_class_check action=maybe_recompile pc=0x00000000026fd148 method=com.android.dx.util.FixedSizeList.equals(Ljava/lang/Object;)Z @ 25
Event: 2.734 Thread 0x0000000002260800 Uncommon trap: reason=speculate_class_check action=maybe_recompile pc=0x00000000026fd148 method=com.android.dx.util.FixedSizeList.equals(Ljava/lang/Object;)Z @ 25
Event: 2.734 Thread 0x0000000002260800 Uncommon trap: reason=speculate_class_check action=maybe_recompile pc=0x00000000026fd148 method=com.android.dx.util.FixedSizeList.equals(Ljava/lang/Object;)Z @ 25
Event: 2.734 Thread 0x0000000002260800 Uncommon trap: reason=speculate_class_check action=maybe_recompile pc=0x00000000026fd148 method=com.android.dx.util.FixedSizeList.equals(Ljava/lang/Object;)Z @ 25

Internal exceptions (4 events):
Event: 0.109 Thread 0x0000000002260800 Exception <a 'java/lang/NoSuchMethodError': Method sun.misc.Unsafe.defineClass(Ljava/lang/String;[BII)Ljava/lang/Class; name or signature does not match> (0x00000000eab0d4a8) thrown at [D:\re\puppet\workspace\8-2-build-windows-amd64-cygwin\jdk8u73\6086\hot÷úøµø»?
Event: 0.109 Thread 0x0000000002260800 Exception <a 'java/lang/NoSuchMethodError': Method sun.misc.Unsafe.prefetchRead(Ljava/lang/Object;J)V name or signature does not match> (0x00000000eab0d790) thrown at [D:\re\puppet\workspace\8-2-build-windows-amd64-cygwin\jdk8u73\6086\hotspot\src\share\vm\„ iJEý?
Event: 1.829 Thread 0x0000000002260800 Implicit null exception at 0x00000000026d7337 to 0x00000000026d9385
Event: 1.859 Thread 0x0000000016653800 Implicit null exception at 0x00000000027011a2 to 0x0000000002701292

Events (10 events):
Event: 2.734 Thread 0x0000000002260800 DEOPT UNPACKING pc=0x00000000023a582a sp=0x000000000215ea50 mode 2
Event: 2.734 Thread 0x0000000002260800 Uncommon trap: trap_request=0xffffff76 fr.pc=0x00000000026fd148
Event: 2.734 Thread 0x0000000002260800 DEOPT PACKING pc=0x00000000026fd148 sp=0x000000000215ea90
Event: 2.734 Thread 0x0000000002260800 DEOPT UNPACKING pc=0x00000000023a582a sp=0x000000000215ea50 mode 2
Event: 2.734 loading class com/android/dx/dex/code/CatchTable$Entry
Event: 2.734 loading class com/android/dx/dex/code/CatchTable$Entry done
Event: 2.735 loading class com/android/dx/util/ByteArrayAnnotatedOutput
Event: 2.735 loading class com/android/dx/util/ByteArrayAnnotatedOutput done
Event: 2.792 loading class com/android/dx/rop/code/RegisterSpecList$Expander
Event: 2.792 loading class com/android/dx/rop/code/RegisterSpecList$Expander done


Dynamic libraries:
0x00007ff67b1f0000 - 0x00007ff67b227000 	C:\Program Files\Java\jdk1.8.0_73\bin\java.exe
0x00007ffefdbd0000 - 0x00007ffefdd7d000 	C:\Windows\SYSTEM32\ntdll.dll
0x00007ffefbb70000 - 0x00007ffefbcae000 	C:\Windows\system32\KERNEL32.DLL
0x00007ffefaf60000 - 0x00007ffefb075000 	C:\Windows\system32\KERNELBASE.dll
0x00007ffef98c0000 - 0x00007ffef994e000 	C:\Windows\system32\apphelp.dll
0x00007ffef0420000 - 0x00007ffef0473000 	C:\Windows\AppPatch\AppPatch64\AcGenral.DLL
0x00007ffefbd50000 - 0x00007ffefbdfa000 	C:\Windows\system32\msvcrt.dll
0x00007ffefaf30000 - 0x00007ffefaf5e000 	C:\Windows\system32\SspiCli.dll
0x00007ffefc4d0000 - 0x00007ffefc524000 	C:\Windows\system32\SHLWAPI.dll
0x00007ffefb260000 - 0x00007ffefb3d7000 	C:\Windows\system32\USER32.dll
0x00007ffefb410000 - 0x00007ffefb5a4000 	C:\Windows\system32\ole32.dll
0x00007ffefc6a0000 - 0x00007ffefdbc9000 	C:\Windows\system32\SHELL32.dll
0x00007ffefa2c0000 - 0x00007ffefa2e1000 	C:\Windows\SYSTEM32\USERENV.dll
0x00007ffefb8a0000 - 0x00007ffefb94a000 	C:\Windows\system32\ADVAPI32.dll
0x00007ffeef4b0000 - 0x00007ffeef4ce000 	C:\Windows\SYSTEM32\MPR.dll
0x00007ffefc0e0000 - 0x00007ffefc220000 	C:\Windows\system32\RPCRT4.dll
0x00007ffefbcb0000 - 0x00007ffefbd09000 	C:\Windows\SYSTEM32\sechost.dll
0x00007ffefb950000 - 0x00007ffefbb62000 	C:\Windows\SYSTEM32\combase.dll
0x00007ffefbed0000 - 0x00007ffefc01b000 	C:\Windows\system32\GDI32.dll
0x00007ffefad00000 - 0x00007ffefad15000 	C:\Windows\SYSTEM32\profapi.dll
0x00007ffef90e0000 - 0x00007ffef9192000 	C:\Windows\SYSTEM32\SHCORE.dll
0x00007ffefbd10000 - 0x00007ffefbd46000 	C:\Windows\system32\IMM32.DLL
0x00007ffefc530000 - 0x00007ffefc681000 	C:\Windows\system32\MSCTF.dll
0x00007ffef87e0000 - 0x00007ffef8a5b000 	C:\Windows\WinSxS\amd64_microsoft.windows.common-controls_6595b64144ccf1df_6.0.9600.18006_none_623f33d3ecbe86e8\COMCTL32.dll
0x00000000629a0000 - 0x0000000062a72000 	C:\Program Files\Java\jdk1.8.0_73\jre\bin\msvcr100.dll
0x0000000062f00000 - 0x0000000063790000 	C:\Program Files\Java\jdk1.8.0_73\jre\bin\server\jvm.dll
0x00007ffef6b70000 - 0x00007ffef6b79000 	C:\Windows\SYSTEM32\WSOCK32.dll
0x00007ffef5f90000 - 0x00007ffef5fb2000 	C:\Windows\SYSTEM32\WINMM.dll
0x00007ffef5ff0000 - 0x00007ffef5ffa000 	C:\Windows\SYSTEM32\VERSION.dll
0x00007ffefb890000 - 0x00007ffefb897000 	C:\Windows\system32\PSAPI.DLL
0x00007ffefb5b0000 - 0x00007ffefb60a000 	C:\Windows\system32\WS2_32.dll
0x00007ffef5f60000 - 0x00007ffef5f8a000 	C:\Windows\SYSTEM32\WINMMBASE.dll
0x00007ffefc690000 - 0x00007ffefc699000 	C:\Windows\system32\NSI.dll
0x00007ffefae30000 - 0x00007ffefae7f000 	C:\Windows\SYSTEM32\cfgmgr32.dll
0x00007ffef9b40000 - 0x00007ffef9b68000 	C:\Windows\SYSTEM32\DEVOBJ.dll
0x0000000062e10000 - 0x0000000062e1f000 	C:\Program Files\Java\jdk1.8.0_73\jre\bin\verify.dll
0x0000000062de0000 - 0x0000000062e09000 	C:\Program Files\Java\jdk1.8.0_73\jre\bin\java.dll
0x0000000062dc0000 - 0x0000000062dd6000 	C:\Program Files\Java\jdk1.8.0_73\jre\bin\zip.dll

VM Arguments:
jvm_args: -Djava.awt.headless=true -Xmx1024M -Dfile.encoding=windows-1252 -Duser.country=US -Duser.language=en -Duser.variant 
java_command: com.android.dx.command.Main --dex --num-threads=4 --output C:\android_work\asad_bhai\New folder\BMI_Call_d(1)\BMI_Call_d\app\build\intermediates\pre-dexed\debug\com.crashlytics.sdk.android-crashlytics-core-2.4.1_6a43881bb9cab4607e9a2b398b3b6e5ea8aaafa7.jar C:\android_work\asad_bhai\New folder\BMI_Call_d(1)\BMI_Call_d\app\build\intermediates\exploded-aar\com.crashlytics.sdk.android\crashlytics-core\2.4.1\jars\classes.jar
java_class_path (initial): C:\Android\Sdk\build-tools\25.0.0\lib\dx.jar
Launcher Type: SUN_STANDARD

Environment Variables:
PATH=C:\oraclexe\app\oracle\product\10.2.0\server\bin;C:\ProgramData\Oracle\Java\javapath;C:\Windows\system32;C:\Windows;C:\Windows\System32\Wbem;C:\Windows\System32\WindowsPowerShell\v1.0\;C:\Program Files\Git\cmd;C:\Program Files (x86)\Skype\Phone\;C:\instantclient_12_2;C:\Program Files (x86)\Ampps\php;C:\composer;C:\Users\rehan\AppData\Roaming\Composer\vendor\bin
USERNAME=rehan
OS=Windows_NT
PROCESSOR_IDENTIFIER=Intel64 Family 6 Model 58 Stepping 9, GenuineIntel



---------------  S Y S T E M  ---------------

OS: Windows 8.1 , 64 bit Build 9600 (6.3.9600.17415)

CPU:total 4 (2 cores per cpu, 2 threads per core) family 6 model 58 stepping 9, cmov, cx8, fxsr, mmx, sse, sse2, sse3, ssse3, sse4.1, sse4.2, popcnt, avx, aes, clmul, erms, ht, tsc, tscinvbit, tscinv

Memory: 4k page, physical 8281448k(1173580k free), swap 10034476k(6388k free)

vm_info: Java HotSpot(TM) 64-Bit Server VM (25.73-b02) for windows-amd64 JRE (1.8.0_73-b02), built on Jan 29 2016 17:38:49 by "java_re" with MS VC++ 10.0 (VS2010)

time: Thu Dec 28 12:26:51 2017
elapsed time: 2 seconds (0d 0h 0m 2s)

