#
# There is insufficient memory for the Java Runtime Environment to continue.
# Native memory allocation (malloc) failed to allocate 623616 bytes for Chunk::new
# Possible reasons:
#   The system is out of physical RAM or swap space
#   In 32 bit mode, the process size limit was hit
# Possible solutions:
#   Reduce memory load on the system
#   Increase physical memory or swap space
#   Check if swap backing store is full
#   Use 64 bit Java on a 64 bit OS
#   Decrease Java heap size (-Xmx/-Xms)
#   Decrease number of Java threads
#   Decrease Java thread stack sizes (-Xss)
#   Set larger code cache with -XX:ReservedCodeCacheSize=
# This output file may be truncated or incomplete.
#
#  Out of Memory Error (allocation.cpp:390), pid=3400, tid=7256
#
# JRE version: Java(TM) SE Runtime Environment (8.0_73-b02) (build 1.8.0_73-b02)
# Java VM: Java HotSpot(TM) 64-Bit Server VM (25.73-b02 mixed mode windows-amd64 compressed oops)
# Failed to write core dump. Minidumps are not enabled by default on client versions of Windows
#

---------------  T H R E A D  ---------------

Current thread (0x000000001514b800):  JavaThread "C2 CompilerThread0" daemon [_thread_in_native, id=7256, stack(0x00000000167a0000,0x00000000168a0000)]

Stack: [0x00000000167a0000,0x00000000168a0000]
[error occurred during error reporting (printing stack bounds), id 0xc0000005]

Native frames: (J=compiled Java code, j=interpreted, Vv=VM code, C=native code)


Current CompileTask:
C2:   4528 1400       4       com.android.dx.ssa.back.FirstFitLocalCombiningAllocator$1::processInsn (169 bytes)


---------------  P R O C E S S  ---------------

Java Threads: ( => current thread )
  0x0000000016c66800 JavaThread "pool-1-thread-4" [_thread_in_Java, id=7788, stack(0x00000000174a0000,0x00000000175a0000)]
  0x0000000016c66000 JavaThread "pool-1-thread-3" [_thread_in_Java, id=5328, stack(0x00000000173a0000,0x00000000174a0000)]
  0x0000000016c64800 JavaThread "pool-1-thread-2" [_thread_blocked, id=1792, stack(0x00000000172a0000,0x00000000173a0000)]
  0x0000000016c61000 JavaThread "pool-2-thread-1" [_thread_blocked, id=4788, stack(0x00000000171a0000,0x00000000172a0000)]
  0x0000000016c60000 JavaThread "pool-1-thread-1" [_thread_in_Java, id=7948, stack(0x00000000170a0000,0x00000000171a0000)]
  0x00000000169a8800 JavaThread "Service Thread" daemon [_thread_blocked, id=7612, stack(0x0000000016ea0000,0x0000000016fa0000)]
  0x00000000169a1000 JavaThread "C1 CompilerThread2" daemon [_thread_in_native, id=1520, stack(0x0000000016da0000,0x0000000016ea0000)]
  0x00000000151a5800 JavaThread "C2 CompilerThread1" daemon [_thread_in_native, id=3728, stack(0x00000000168a0000,0x00000000169a0000)]
=>0x000000001514b800 JavaThread "C2 CompilerThread0" daemon [_thread_in_native, id=7256, stack(0x00000000167a0000,0x00000000168a0000)]
  0x0000000015149000 JavaThread "Attach Listener" daemon [_thread_blocked, id=1912, stack(0x00000000166a0000,0x00000000167a0000)]
  0x0000000015148000 JavaThread "Signal Dispatcher" daemon [_thread_blocked, id=7464, stack(0x00000000165a0000,0x00000000166a0000)]
  0x00000000029d7000 JavaThread "Finalizer" daemon [_thread_blocked, id=2540, stack(0x00000000163c0000,0x00000000164c0000)]
  0x0000000015119000 JavaThread "Reference Handler" daemon [_thread_blocked, id=6680, stack(0x00000000162c0000,0x00000000163c0000)]
  0x00000000028e0800 JavaThread "main" [_thread_blocked, id=5504, stack(0x00000000010a0000,0x00000000011a0000)]

Other Threads:
  0x0000000015117800 VMThread [stack: 0x00000000161c0000,0x00000000162c0000] [id=5884]
  0x00000000169bd800 WatcherThread [stack: 0x0000000016fa0000,0x00000000170a0000] [id=2996]

VM state:not at safepoint (normal execution)

VM Mutex/Monitor currently owned by a thread: None

Heap:
 PSYoungGen      total 38400K, used 17538K [0x00000000eab00000, 0x00000000ef600000, 0x0000000100000000)
  eden space 33280K, 37% used [0x00000000eab00000,0x00000000eb7282c8,0x00000000ecb80000)
  from space 5120K, 99% used [0x00000000ecb80000,0x00000000ed078740,0x00000000ed080000)
  to   space 5120K, 0% used [0x00000000ef100000,0x00000000ef100000,0x00000000ef600000)
 ParOldGen       total 87552K, used 579K [0x00000000c0000000, 0x00000000c5580000, 0x00000000eab00000)
  object space 87552K, 0% used [0x00000000c0000000,0x00000000c0090ea0,0x00000000c5580000)
 Metaspace       used 5985K, capacity 7024K, committed 7296K, reserved 1056768K
  class space    used 590K, capacity 616K, committed 640K, reserved 1048576K

Card table byte_map: [0x0000000011fa0000,0x00000000121b0000] byte_map_base: 0x00000000119a0000

Marking Bits: (ParMarkBitMap*) 0x0000000063710600
 Begin Bits: [0x00000000125b0000, 0x00000000135b0000)
 End Bits:   [0x00000000135b0000, 0x00000000145b0000)

Polling page: 0x0000000000f80000

CodeCache: size=245760Kb used=5907Kb max_used=5907Kb free=239852Kb
 bounds [0x0000000002be0000, 0x00000000031b0000, 0x0000000011be0000]
 total_blobs=1679 nmethods=1416 adapters=176
 compilation: enabled

Compilation events (10 events):
Event: 4.505 Thread 0x00000000169a1000 nmethod 1417 0x0000000003185e10 code [0x0000000003185f60, 0x0000000003186070]
Event: 4.505 Thread 0x00000000169a1000 1418       3       java.util.concurrent.locks.ReentrantLock$Sync::tryRelease (45 bytes)
Event: 4.506 Thread 0x00000000169a1000 nmethod 1418 0x00000000031860d0 code [0x0000000003186260, 0x0000000003186808]
Event: 4.506 Thread 0x00000000169a1000 1419       3       com.android.dx.cf.iface.StdFieldList::get (9 bytes)
Event: 4.506 Thread 0x00000000169a1000 nmethod 1419 0x0000000003186950 code [0x0000000003186ac0, 0x0000000003186dc8]
Event: 4.506 Thread 0x00000000169a1000 1420       3       com.android.dx.dex.file.EncodedField::<init> (25 bytes)
Event: 4.506 Thread 0x00000000169a1000 nmethod 1420 0x0000000003186e90 code [0x0000000003187020, 0x0000000003187348]
Event: 4.507 Thread 0x00000000169a1000 1421       1       com.android.dx.cf.code.ByteOps::opInfo (6 bytes)
Event: 4.508 Thread 0x00000000169a1000 nmethod 1421 0x0000000003187490 code [0x00000000031875e0, 0x00000000031876f0]
Event: 4.508 Thread 0x00000000169a1000 1422   !   3       com.android.dx.cf.code.BytecodeArray::parseInstruction (2764 bytes)

GC Heap History (2 events):
Event: 4.111 GC heap before
{Heap before GC invocations=1 (full 0):
 PSYoungGen      total 38400K, used 33280K [0x00000000eab00000, 0x00000000ed580000, 0x0000000100000000)
  eden space 33280K, 100% used [0x00000000eab00000,0x00000000ecb80000,0x00000000ecb80000)
  from space 5120K, 0% used [0x00000000ed080000,0x00000000ed080000,0x00000000ed580000)
  to   space 5120K, 0% used [0x00000000ecb80000,0x00000000ecb80000,0x00000000ed080000)
 ParOldGen       total 87552K, used 0K [0x00000000c0000000, 0x00000000c5580000, 0x00000000eab00000)
  object space 87552K, 0% used [0x00000000c0000000,0x00000000c0000000,0x00000000c5580000)
 Metaspace       used 5943K, capacity 6960K, committed 7040K, reserved 1056768K
  class space    used 590K, capacity 616K, committed 640K, reserved 1048576K
Event: 4.174 GC heap after
Heap after GC invocations=1 (full 0):
 PSYoungGen      total 38400K, used 5089K [0x00000000eab00000, 0x00000000ef600000, 0x0000000100000000)
  eden space 33280K, 0% used [0x00000000eab00000,0x00000000eab00000,0x00000000ecb80000)
  from space 5120K, 99% used [0x00000000ecb80000,0x00000000ed078740,0x00000000ed080000)
  to   space 5120K, 0% used [0x00000000ef100000,0x00000000ef100000,0x00000000ef600000)
 ParOldGen       total 87552K, used 579K [0x00000000c0000000, 0x00000000c5580000, 0x00000000eab00000)
  object space 87552K, 0% used [0x00000000c0000000,0x00000000c0090ea0,0x00000000c5580000)
 Metaspace       used 5943K, capacity 6960K, committed 7040K, reserved 1056768K
  class space    used 590K, capacity 616K, committed 640K, reserved 1048576K
}

Deoptimization events (9 events):
Event: 1.051 Thread 0x00000000028e0800 Uncommon trap: reason=unstable_if action=reinterpret pc=0x0000000002d4625c method=java.util.regex.Pattern$BnM.match(Ljava/util/regex/Matcher;ILjava/lang/CharSequence;)Z @ 34
Event: 1.726 Thread 0x00000000028e0800 Uncommon trap: reason=unstable_if action=reinterpret pc=0x0000000002d46c54 method=java.lang.String.compareTo(Ljava/lang/String;)I @ 38
Event: 3.118 Thread 0x00000000028e0800 Uncommon trap: reason=unstable_if action=reinterpret pc=0x0000000002e131fc method=java.util.HashMap.getNode(ILjava/lang/Object;)Ljava/util/HashMap$Node; @ 62
Event: 3.288 Thread 0x0000000016c66800 Uncommon trap: reason=unstable_if action=reinterpret pc=0x0000000002e15c70 method=java.util.BitSet.nextSetBit(I)I @ 87
Event: 3.307 Thread 0x00000000028e0800 Uncommon trap: reason=unstable_if action=reinterpret pc=0x0000000002f71810 method=java.util.HashMap.getNode(ILjava/lang/Object;)Ljava/util/HashMap$Node; @ 129
Event: 3.307 Thread 0x00000000028e0800 Uncommon trap: reason=unstable_if action=reinterpret pc=0x0000000002e28014 method=java.util.HashMap.getNode(ILjava/lang/Object;)Ljava/util/HashMap$Node; @ 129
Event: 4.021 Thread 0x0000000016c60000 Uncommon trap: reason=unstable_if action=reinterpret pc=0x0000000002f855ac method=com.android.dx.rop.code.RegisterSpecSet.put(Lcom/android/dx/rop/code/RegisterSpec;)V @ 77
Event: 4.021 Thread 0x0000000016c60000 Uncommon trap: reason=unstable_if action=reinterpret pc=0x000000000304eeec method=com.android.dx.rop.code.RegisterSpecSet.put(Lcom/android/dx/rop/code/RegisterSpec;)V @ 77
Event: 4.506 Thread 0x0000000016c66800 Uncommon trap: reason=unstable_if action=reinterpret pc=0x0000000003160fc4 method=com.android.dx.cf.code.BytecodeArray.parseInstruction(ILcom/android/dx/cf/code/BytecodeArray$Visitor;)I @ 1198

Internal exceptions (2 events):
Event: 0.125 Thread 0x00000000028e0800 Exception <a 'java/lang/NoSuchMethodError': Method sun.misc.Unsafe.defineClass(Ljava/lang/String;[BII)Ljava/lang/Class; name or signature does not match> (0x00000000eab0d488) thrown at [D:\re\puppet\workspace\8-2-build-windows-amd64-cygwin\jdk8u73\6086\hot•ÒUÌè¿?
Event: 0.125 Thread 0x00000000028e0800 Exception <a 'java/lang/NoSuchMethodError': Method sun.misc.Unsafe.prefetchRead(Ljava/lang/Object;J)V name or signature does not match> (0x00000000eab0d770) thrown at [D:\re\puppet\workspace\8-2-build-windows-amd64-cygwin\jdk8u73\6086\hotspot\src\share\vm\

Events (10 events):
Event: 4.021 Thread 0x0000000016c60000 Uncommon trap: trap_request=0xffffff65 fr.pc=0x000000000304eeec
Event: 4.021 Thread 0x0000000016c60000 DEOPT PACKING pc=0x000000000304eeec sp=0x000000001719ece0
Event: 4.021 Thread 0x0000000016c60000 DEOPT UNPACKING pc=0x0000000002c2582a sp=0x000000001719ec00 mode 2
Event: 4.107 Executing VM operation: ParallelGCFailedAllocation
Event: 4.174 Executing VM operation: ParallelGCFailedAllocation done
Event: 4.343 Executing VM operation: EnableBiasedLocking
Event: 4.428 Executing VM operation: EnableBiasedLocking done
Event: 4.506 Thread 0x0000000016c66800 Uncommon trap: trap_request=0xffffff65 fr.pc=0x0000000003160fc4
Event: 4.506 Thread 0x0000000016c66800 DEOPT PACKING pc=0x0000000003160fc4 sp=0x000000001759e960
Event: 4.506 Thread 0x0000000016c66800 DEOPT UNPACKING pc=0x0000000002c2582a sp=0x000000001759e8f8 mode 2


Dynamic libraries:
0x00007ff67b1f0000 - 0x00007ff67b227000 	C:\Program Files\Java\jdk1.8.0_73\bin\java.exe
0x00007ffefdbd0000 - 0x00007ffefdd7d000 	C:\Windows\SYSTEM32\ntdll.dll
0x00007ffefbb70000 - 0x00007ffefbcae000 	C:\Windows\system32\KERNEL32.DLL
0x00007ffefaf60000 - 0x00007ffefb075000 	C:\Windows\system32\KERNELBASE.dll
0x00007ffef98c0000 - 0x00007ffef994e000 	C:\Windows\system32\apphelp.dll
0x00007ffef02f0000 - 0x00007ffef0343000 	C:\Windows\AppPatch\AppPatch64\AcGenral.DLL
0x00007ffefbd50000 - 0x00007ffefbdfa000 	C:\Windows\system32\msvcrt.dll
0x00007ffefaf30000 - 0x00007ffefaf5e000 	C:\Windows\system32\SspiCli.dll
0x00007ffefc4d0000 - 0x00007ffefc524000 	C:\Windows\system32\SHLWAPI.dll
0x00007ffefb260000 - 0x00007ffefb3d7000 	C:\Windows\system32\USER32.dll
0x00007ffefb410000 - 0x00007ffefb5a4000 	C:\Windows\system32\ole32.dll
0x00007ffefc6a0000 - 0x00007ffefdbc9000 	C:\Windows\system32\SHELL32.dll
0x00007ffefa2c0000 - 0x00007ffefa2e1000 	C:\Windows\SYSTEM32\USERENV.dll
0x00007ffefb8a0000 - 0x00007ffefb94a000 	C:\Windows\system32\ADVAPI32.dll
0x00007ffeef4b0000 - 0x00007ffeef4ce000 	C:\Windows\SYSTEM32\MPR.dll
0x00007ffefc0e0000 - 0x00007ffefc220000 	C:\Windows\system32\RPCRT4.dll
0x00007ffefbcb0000 - 0x00007ffefbd09000 	C:\Windows\SYSTEM32\sechost.dll
0x00007ffefb950000 - 0x00007ffefbb62000 	C:\Windows\SYSTEM32\combase.dll
0x00007ffefbed0000 - 0x00007ffefc01b000 	C:\Windows\system32\GDI32.dll
0x00007ffefad00000 - 0x00007ffefad15000 	C:\Windows\SYSTEM32\profapi.dll
0x00007ffef90e0000 - 0x00007ffef9192000 	C:\Windows\SYSTEM32\SHCORE.dll
0x00007ffefbd10000 - 0x00007ffefbd46000 	C:\Windows\system32\IMM32.DLL
0x00007ffefc530000 - 0x00007ffefc681000 	C:\Windows\system32\MSCTF.dll
0x00007ffef87e0000 - 0x00007ffef8a5b000 	C:\Windows\WinSxS\amd64_microsoft.windows.common-controls_6595b64144ccf1df_6.0.9600.18006_none_623f33d3ecbe86e8\COMCTL32.dll
0x00000000629a0000 - 0x0000000062a72000 	C:\Program Files\Java\jdk1.8.0_73\jre\bin\msvcr100.dll
0x0000000062f00000 - 0x0000000063790000 	C:\Program Files\Java\jdk1.8.0_73\jre\bin\server\jvm.dll
0x00007ffef6b70000 - 0x00007ffef6b79000 	C:\Windows\SYSTEM32\WSOCK32.dll
0x00007ffef5f90000 - 0x00007ffef5fb2000 	C:\Windows\SYSTEM32\WINMM.dll
0x00007ffef5ff0000 - 0x00007ffef5ffa000 	C:\Windows\SYSTEM32\VERSION.dll
0x00007ffefb890000 - 0x00007ffefb897000 	C:\Windows\system32\PSAPI.DLL
0x00007ffefb5b0000 - 0x00007ffefb60a000 	C:\Windows\system32\WS2_32.dll
0x00007ffef5f60000 - 0x00007ffef5f8a000 	C:\Windows\SYSTEM32\WINMMBASE.dll
0x00007ffefc690000 - 0x00007ffefc699000 	C:\Windows\system32\NSI.dll
0x00007ffefae30000 - 0x00007ffefae7f000 	C:\Windows\SYSTEM32\cfgmgr32.dll
0x00007ffef9b40000 - 0x00007ffef9b68000 	C:\Windows\SYSTEM32\DEVOBJ.dll
0x0000000062e10000 - 0x0000000062e1f000 	C:\Program Files\Java\jdk1.8.0_73\jre\bin\verify.dll
0x0000000062de0000 - 0x0000000062e09000 	C:\Program Files\Java\jdk1.8.0_73\jre\bin\java.dll
0x0000000062dc0000 - 0x0000000062dd6000 	C:\Program Files\Java\jdk1.8.0_73\jre\bin\zip.dll

VM Arguments:
jvm_args: -Djava.awt.headless=true -Xmx1024M -Dfile.encoding=windows-1252 -Duser.country=US -Duser.language=en -Duser.variant 
java_command: com.android.dx.command.Main --dex --num-threads=4 --output C:\android_work\asad_bhai\New folder\BMI_Call_d(1)\BMI_Call_d\app\build\intermediates\pre-dexed\debug\com.android.support-support-compat-25.0.1_6eb259d38d3c884e5cb5f1649e9fa10bb135cc18.jar C:\android_work\asad_bhai\New folder\BMI_Call_d(1)\BMI_Call_d\app\build\intermediates\exploded-aar\com.android.support\support-compat\25.0.1\jars\classes.jar
java_class_path (initial): C:\Android\Sdk\build-tools\25.0.0\lib\dx.jar
Launcher Type: SUN_STANDARD

Environment Variables:
PATH=C:\oraclexe\app\oracle\product\10.2.0\server\bin;C:\ProgramData\Oracle\Java\javapath;C:\Windows\system32;C:\Windows;C:\Windows\System32\Wbem;C:\Windows\System32\WindowsPowerShell\v1.0\;C:\Program Files\Git\cmd;C:\Program Files (x86)\Skype\Phone\;C:\instantclient_12_2;C:\Program Files (x86)\Ampps\php;C:\composer;C:\Users\rehan\AppData\Roaming\Composer\vendor\bin
USERNAME=rehan
OS=Windows_NT
PROCESSOR_IDENTIFIER=Intel64 Family 6 Model 58 Stepping 9, GenuineIntel



---------------  S Y S T E M  ---------------

OS: Windows 8.1 , 64 bit Build 9600 (6.3.9600.17415)

CPU:total 4 (2 cores per cpu, 2 threads per core) family 6 model 58 stepping 9, cmov, cx8, fxsr, mmx, sse, sse2, sse3, ssse3, sse4.1, sse4.2, popcnt, avx, aes, clmul, erms, ht, tsc, tscinvbit, tscinv

Memory: 4k page, physical 8281448k(1065196k free), swap 10034476k(5572k free)

vm_info: Java HotSpot(TM) 64-Bit Server VM (25.73-b02) for windows-amd64 JRE (1.8.0_73-b02), built on Jan 29 2016 17:38:49 by "java_re" with MS VC++ 10.0 (VS2010)

time: Thu Dec 28 12:16:21 2017
elapsed time: 4 seconds (0d 0h 0m 4s)

