#
# There is insufficient memory for the Java Runtime Environment to continue.
# Native memory allocation (malloc) failed to allocate 1113216 bytes for Chunk::new
# Possible reasons:
#   The system is out of physical RAM or swap space
#   In 32 bit mode, the process size limit was hit
# Possible solutions:
#   Reduce memory load on the system
#   Increase physical memory or swap space
#   Check if swap backing store is full
#   Use 64 bit Java on a 64 bit OS
#   Decrease Java heap size (-Xmx/-Xms)
#   Decrease number of Java threads
#   Decrease Java thread stack sizes (-Xss)
#   Set larger code cache with -XX:ReservedCodeCacheSize=
# This output file may be truncated or incomplete.
#
#  Out of Memory Error (allocation.cpp:390), pid=4256, tid=6788
#
# JRE version: Java(TM) SE Runtime Environment (8.0_73-b02) (build 1.8.0_73-b02)
# Java VM: Java HotSpot(TM) 64-Bit Server VM (25.73-b02 mixed mode windows-amd64 compressed oops)
# Failed to write core dump. Minidumps are not enabled by default on client versions of Windows
#

---------------  T H R E A D  ---------------

Current thread (0x0000000014ca5800):  JavaThread "C2 CompilerThread1" daemon [_thread_in_native, id=6788, stack(0x0000000016390000,0x0000000016490000)]

Stack: [0x0000000016390000,0x0000000016490000]
[error occurred during error reporting (printing stack bounds), id 0xc0000005]

Native frames: (J=compiled Java code, j=interpreted, Vv=VM code, C=native code)


Current CompileTask:
C2:   3683 1585       4       com.android.dx.ssa.SCCP::simulateBlock (54 bytes)


---------------  P R O C E S S  ---------------

Java Threads: ( => current thread )
  0x0000000016798800 JavaThread "pool-1-thread-3" [_thread_in_Java, id=7176, stack(0x0000000017690000,0x0000000017790000)]
  0x00000000166ef800 JavaThread "pool-2-thread-1" [_thread_blocked, id=588, stack(0x0000000017490000,0x0000000017590000)]
  0x0000000016595800 JavaThread "Service Thread" daemon [_thread_blocked, id=6108, stack(0x0000000016990000,0x0000000016a90000)]
  0x0000000014cac000 JavaThread "C1 CompilerThread2" daemon [_thread_blocked, id=7616, stack(0x0000000016490000,0x0000000016590000)]
=>0x0000000014ca5800 JavaThread "C2 CompilerThread1" daemon [_thread_in_native, id=6788, stack(0x0000000016390000,0x0000000016490000)]
  0x0000000014c4b000 JavaThread "C2 CompilerThread0" daemon [_thread_in_native, id=7152, stack(0x0000000016290000,0x0000000016390000)]
  0x0000000014c48000 JavaThread "Attach Listener" daemon [_thread_blocked, id=6740, stack(0x0000000016190000,0x0000000016290000)]
  0x0000000014c47000 JavaThread "Signal Dispatcher" daemon [_thread_blocked, id=8052, stack(0x0000000016090000,0x0000000016190000)]
  0x0000000002576000 JavaThread "Finalizer" daemon [_thread_blocked, id=1540, stack(0x0000000015eb0000,0x0000000015fb0000)]
  0x000000000256d000 JavaThread "Reference Handler" daemon [_thread_blocked, id=5704, stack(0x0000000015db0000,0x0000000015eb0000)]
  0x0000000002480800 JavaThread "main" [_thread_blocked, id=7672, stack(0x0000000002380000,0x0000000002480000)]

Other Threads:
  0x0000000014c17800 VMThread [stack: 0x0000000015cb0000,0x0000000015db0000] [id=1208]
  0x0000000016598800 WatcherThread [stack: 0x0000000016a90000,0x0000000016b90000] [id=5140]

VM state:not at safepoint (normal execution)

VM Mutex/Monitor currently owned by a thread: None

Heap:
 PSYoungGen      total 38400K, used 29790K [0x00000000eab00000, 0x00000000ed580000, 0x0000000100000000)
  eden space 33280K, 74% used [0x00000000eab00000,0x00000000ec31f118,0x00000000ecb80000)
  from space 5120K, 99% used [0x00000000ed080000,0x00000000ed5787c0,0x00000000ed580000)
  to   space 5120K, 0% used [0x00000000ecb80000,0x00000000ecb80000,0x00000000ed080000)
 ParOldGen       total 87552K, used 6364K [0x00000000c0000000, 0x00000000c5580000, 0x00000000eab00000)
  object space 87552K, 7% used [0x00000000c0000000,0x00000000c0637060,0x00000000c5580000)
 Metaspace       used 6068K, capacity 7088K, committed 7296K, reserved 1056768K
  class space    used 591K, capacity 616K, committed 640K, reserved 1048576K

Card table byte_map: [0x0000000011940000,0x0000000011b50000] byte_map_base: 0x0000000011340000

Marking Bits: (ParMarkBitMap*) 0x0000000063710600
 Begin Bits: [0x00000000120b0000, 0x00000000130b0000)
 End Bits:   [0x00000000130b0000, 0x00000000140b0000)

Polling page: 0x00000000008b0000

CodeCache: size=245760Kb used=6579Kb max_used=6579Kb free=239180Kb
 bounds [0x0000000002580000, 0x0000000002c00000, 0x0000000011580000]
 total_blobs=1840 nmethods=1577 adapters=176
 compilation: enabled

Compilation events (10 events):
Event: 3.586 Thread 0x0000000014cac000 1604       2       com.android.dx.ssa.SsaMethod::makeNewSsaReg (26 bytes)
Event: 3.586 Thread 0x0000000014cac000 nmethod 1604 0x0000000002bd6850 code [0x0000000002bd69a0, 0x0000000002bd6b30]
Event: 3.586 Thread 0x0000000014cac000 1605       2       java.util.TreeMap::entrySet (27 bytes)
Event: 3.587 Thread 0x0000000014cac000 nmethod 1605 0x0000000002bde950 code [0x0000000002bdeaa0, 0x0000000002bdec70]
Event: 3.587 Thread 0x0000000014cac000 1606       2       java.util.TreeMap$EntrySet::iterator (19 bytes)
Event: 3.587 Thread 0x0000000014cac000 nmethod 1606 0x0000000002bd8b10 code [0x0000000002bd8c80, 0x0000000002bd8ef0]
Event: 3.593 Thread 0x0000000014cac000 1607       2       com.android.dx.dex.file.CodeItem::<init> (81 bytes)
Event: 3.594 Thread 0x0000000014cac000 nmethod 1607 0x0000000002bd3550 code [0x0000000002bd3700, 0x0000000002bd3b18]
Event: 3.595 Thread 0x0000000014cac000 1608       2       com.android.dx.cf.code.LineNumberList::concat (92 bytes)
Event: 3.597 Thread 0x0000000014cac000 nmethod 1608 0x0000000002bf1e90 code [0x0000000002bf2100, 0x0000000002bf2d08]

GC Heap History (4 events):
Event: 2.579 GC heap before
{Heap before GC invocations=1 (full 0):
 PSYoungGen      total 38400K, used 33280K [0x00000000eab00000, 0x00000000ed580000, 0x0000000100000000)
  eden space 33280K, 100% used [0x00000000eab00000,0x00000000ecb80000,0x00000000ecb80000)
  from space 5120K, 0% used [0x00000000ed080000,0x00000000ed080000,0x00000000ed580000)
  to   space 5120K, 0% used [0x00000000ecb80000,0x00000000ecb80000,0x00000000ed080000)
 ParOldGen       total 87552K, used 0K [0x00000000c0000000, 0x00000000c5580000, 0x00000000eab00000)
  object space 87552K, 0% used [0x00000000c0000000,0x00000000c0000000,0x00000000c5580000)
 Metaspace       used 5906K, capacity 6960K, committed 7040K, reserved 1056768K
  class space    used 589K, capacity 616K, committed 640K, reserved 1048576K
Event: 2.619 GC heap after
Heap after GC invocations=1 (full 0):
 PSYoungGen      total 38400K, used 5088K [0x00000000eab00000, 0x00000000ed580000, 0x0000000100000000)
  eden space 33280K, 0% used [0x00000000eab00000,0x00000000eab00000,0x00000000ecb80000)
  from space 5120K, 99% used [0x00000000ecb80000,0x00000000ed078068,0x00000000ed080000)
  to   space 5120K, 0% used [0x00000000ed080000,0x00000000ed080000,0x00000000ed580000)
 ParOldGen       total 87552K, used 2159K [0x00000000c0000000, 0x00000000c5580000, 0x00000000eab00000)
  object space 87552K, 2% used [0x00000000c0000000,0x00000000c021bd60,0x00000000c5580000)
 Metaspace       used 5906K, capacity 6960K, committed 7040K, reserved 1056768K
  class space    used 589K, capacity 616K, committed 640K, reserved 1048576K
}
Event: 3.110 GC heap before
{Heap before GC invocations=2 (full 0):
 PSYoungGen      total 38400K, used 38368K [0x00000000eab00000, 0x00000000ed580000, 0x0000000100000000)
  eden space 33280K, 100% used [0x00000000eab00000,0x00000000ecb80000,0x00000000ecb80000)
  from space 5120K, 99% used [0x00000000ecb80000,0x00000000ed078068,0x00000000ed080000)
  to   space 5120K, 0% used [0x00000000ed080000,0x00000000ed080000,0x00000000ed580000)
 ParOldGen       total 87552K, used 2159K [0x00000000c0000000, 0x00000000c5580000, 0x00000000eab00000)
  object space 87552K, 2% used [0x00000000c0000000,0x00000000c021bd60,0x00000000c5580000)
 Metaspace       used 6058K, capacity 7088K, committed 7296K, reserved 1056768K
  class space    used 591K, capacity 616K, committed 640K, reserved 1048576K
Event: 3.158 GC heap after
Heap after GC invocations=2 (full 0):
 PSYoungGen      total 38400K, used 5089K [0x00000000eab00000, 0x00000000ed580000, 0x0000000100000000)
  eden space 33280K, 0% used [0x00000000eab00000,0x00000000eab00000,0x00000000ecb80000)
  from space 5120K, 99% used [0x00000000ed080000,0x00000000ed5787c0,0x00000000ed580000)
  to   space 5120K, 0% used [0x00000000ecb80000,0x00000000ecb80000,0x00000000ed080000)
 ParOldGen       total 87552K, used 6364K [0x00000000c0000000, 0x00000000c5580000, 0x00000000eab00000)
  object space 87552K, 7% used [0x00000000c0000000,0x00000000c0637060,0x00000000c5580000)
 Metaspace       used 6058K, capacity 7088K, committed 7296K, reserved 1056768K
  class space    used 591K, capacity 616K, committed 640K, reserved 1048576K
}

Deoptimization events (10 events):
Event: 2.779 Thread 0x0000000002480800 Uncommon trap: reason=bimorphic action=maybe_recompile pc=0x00000000028884d4 method=java.util.HashMap.getNode(ILjava/lang/Object;)Ljava/util/HashMap$Node; @ 126
Event: 2.779 Thread 0x0000000002480800 Uncommon trap: reason=class_check action=maybe_recompile pc=0x00000000029ec148 method=java.util.HashMap.putVal(ILjava/lang/Object;Ljava/lang/Object;ZZ)Ljava/lang/Object; @ 203
Event: 2.779 Thread 0x0000000002480800 Uncommon trap: reason=bimorphic action=maybe_recompile pc=0x00000000028884d4 method=java.util.HashMap.getNode(ILjava/lang/Object;)Ljava/util/HashMap$Node; @ 126
Event: 2.779 Thread 0x0000000002480800 Uncommon trap: reason=class_check action=maybe_recompile pc=0x00000000029ec148 method=java.util.HashMap.putVal(ILjava/lang/Object;Ljava/lang/Object;ZZ)Ljava/lang/Object; @ 203
Event: 2.780 Thread 0x0000000002480800 Uncommon trap: reason=bimorphic action=maybe_recompile pc=0x00000000028884d4 method=java.util.HashMap.getNode(ILjava/lang/Object;)Ljava/util/HashMap$Node; @ 126
Event: 2.780 Thread 0x0000000002480800 Uncommon trap: reason=bimorphic action=maybe_recompile pc=0x00000000028884d4 method=java.util.HashMap.getNode(ILjava/lang/Object;)Ljava/util/HashMap$Node; @ 126
Event: 2.780 Thread 0x0000000002480800 Uncommon trap: reason=class_check action=maybe_recompile pc=0x00000000029dafa0 method=java.util.HashMap.putVal(ILjava/lang/Object;Ljava/lang/Object;ZZ)Ljava/lang/Object; @ 203
Event: 2.853 Thread 0x0000000016798800 Uncommon trap: reason=unstable_if action=reinterpret pc=0x0000000002a9e608 method=com.android.dx.ssa.SCCP.simulateStmt(Lcom/android/dx/ssa/SsaInsn;)V @ 59
Event: 2.867 Thread 0x0000000016797800 Uncommon trap: reason=null_check action=make_not_entrant pc=0x0000000002af3660 method=com.android.dx.ssa.SsaRenamer.getLocalForNewReg(I)Lcom/android/dx/rop/code/LocalItem; @ 19
Event: 3.396 Thread 0x0000000016798800 Uncommon trap: reason=unstable_if action=reinterpret pc=0x0000000002bbff60 method=com.android.dx.ssa.SsaRenamer$BlockRenamer.process()V @ 90

Internal exceptions (3 events):
Event: 1.104 Thread 0x0000000002480800 Exception <a 'java/lang/NoSuchMethodError': Method sun.misc.Unsafe.defineClass(Ljava/lang/String;[BII)Ljava/lang/Class; name or signature does not match> (0x00000000eab0d490) thrown at [D:\re\puppet\workspace\8-2-build-windows-amd64-cygwin\jdk8u73\6086\hot[¡ôŒ«ñ?
Event: 1.104 Thread 0x0000000002480800 Exception <a 'java/lang/NoSuchMethodError': Method sun.misc.Unsafe.prefetchRead(Ljava/lang/Object;J)V name or signature does not match> (0x00000000eab0d778) thrown at [D:\re\puppet\workspace\8-2-build-windows-amd64-cygwin\jdk8u73\6086\hotspot\src\share\vm\q2†ð@
Event: 2.867 Thread 0x0000000016797800 Implicit null exception at 0x0000000002af2c61 to 0x0000000002af363d

Events (10 events):
Event: 3.064 loading class java/util/HashMap$KeyIterator
Event: 3.064 loading class java/util/HashMap$KeyIterator done
Event: 3.073 Executing VM operation: ParallelGCFailedAllocation
Event: 3.158 Executing VM operation: ParallelGCFailedAllocation done
Event: 3.259 Thread 0x0000000016799800 Thread exited: 0x0000000016799800
Event: 3.274 Thread 0x0000000016797800 Thread exited: 0x0000000016797800
Event: 3.299 Thread 0x00000000166ef000 Thread exited: 0x00000000166ef000
Event: 3.396 Thread 0x0000000016798800 Uncommon trap: trap_request=0xffffff65 fr.pc=0x0000000002bbff60
Event: 3.396 Thread 0x0000000016798800 DEOPT PACKING pc=0x0000000002bbff60 sp=0x000000001778eac0
Event: 3.396 Thread 0x0000000016798800 DEOPT UNPACKING pc=0x00000000025c582a sp=0x000000001778eac0 mode 2


Dynamic libraries:
0x00007ff67b1f0000 - 0x00007ff67b227000 	C:\Program Files\Java\jdk1.8.0_73\bin\java.exe
0x00007ffefdbd0000 - 0x00007ffefdd7d000 	C:\Windows\SYSTEM32\ntdll.dll
0x00007ffefbb70000 - 0x00007ffefbcae000 	C:\Windows\system32\KERNEL32.DLL
0x00007ffefaf60000 - 0x00007ffefb075000 	C:\Windows\system32\KERNELBASE.dll
0x00007ffef98c0000 - 0x00007ffef994e000 	C:\Windows\system32\apphelp.dll
0x00007ffef0420000 - 0x00007ffef0473000 	C:\Windows\AppPatch\AppPatch64\AcGenral.DLL
0x00007ffefbd50000 - 0x00007ffefbdfa000 	C:\Windows\system32\msvcrt.dll
0x00007ffefaf30000 - 0x00007ffefaf5e000 	C:\Windows\system32\SspiCli.dll
0x00007ffefc4d0000 - 0x00007ffefc524000 	C:\Windows\system32\SHLWAPI.dll
0x00007ffefb260000 - 0x00007ffefb3d7000 	C:\Windows\system32\USER32.dll
0x00007ffefb410000 - 0x00007ffefb5a4000 	C:\Windows\system32\ole32.dll
0x00007ffefc6a0000 - 0x00007ffefdbc9000 	C:\Windows\system32\SHELL32.dll
0x00007ffefa2c0000 - 0x00007ffefa2e1000 	C:\Windows\SYSTEM32\USERENV.dll
0x00007ffefb8a0000 - 0x00007ffefb94a000 	C:\Windows\system32\ADVAPI32.dll
0x00007ffeef4b0000 - 0x00007ffeef4ce000 	C:\Windows\SYSTEM32\MPR.dll
0x00007ffefc0e0000 - 0x00007ffefc220000 	C:\Windows\system32\RPCRT4.dll
0x00007ffefbcb0000 - 0x00007ffefbd09000 	C:\Windows\SYSTEM32\sechost.dll
0x00007ffefb950000 - 0x00007ffefbb62000 	C:\Windows\SYSTEM32\combase.dll
0x00007ffefbed0000 - 0x00007ffefc01b000 	C:\Windows\system32\GDI32.dll
0x00007ffefad00000 - 0x00007ffefad15000 	C:\Windows\SYSTEM32\profapi.dll
0x00007ffef90e0000 - 0x00007ffef9192000 	C:\Windows\SYSTEM32\SHCORE.dll
0x00007ffefbd10000 - 0x00007ffefbd46000 	C:\Windows\system32\IMM32.DLL
0x00007ffefc530000 - 0x00007ffefc681000 	C:\Windows\system32\MSCTF.dll
0x00007ffef87e0000 - 0x00007ffef8a5b000 	C:\Windows\WinSxS\amd64_microsoft.windows.common-controls_6595b64144ccf1df_6.0.9600.18006_none_623f33d3ecbe86e8\COMCTL32.dll
0x00000000629a0000 - 0x0000000062a72000 	C:\Program Files\Java\jdk1.8.0_73\jre\bin\msvcr100.dll
0x0000000062f00000 - 0x0000000063790000 	C:\Program Files\Java\jdk1.8.0_73\jre\bin\server\jvm.dll
0x00007ffef6b70000 - 0x00007ffef6b79000 	C:\Windows\SYSTEM32\WSOCK32.dll
0x00007ffef5f90000 - 0x00007ffef5fb2000 	C:\Windows\SYSTEM32\WINMM.dll
0x00007ffef5ff0000 - 0x00007ffef5ffa000 	C:\Windows\SYSTEM32\VERSION.dll
0x00007ffefb890000 - 0x00007ffefb897000 	C:\Windows\system32\PSAPI.DLL
0x00007ffefb5b0000 - 0x00007ffefb60a000 	C:\Windows\system32\WS2_32.dll
0x00007ffef5f60000 - 0x00007ffef5f8a000 	C:\Windows\SYSTEM32\WINMMBASE.dll
0x00007ffefc690000 - 0x00007ffefc699000 	C:\Windows\system32\NSI.dll
0x00007ffefae30000 - 0x00007ffefae7f000 	C:\Windows\SYSTEM32\cfgmgr32.dll
0x00007ffef9b40000 - 0x00007ffef9b68000 	C:\Windows\SYSTEM32\DEVOBJ.dll
0x0000000062e10000 - 0x0000000062e1f000 	C:\Program Files\Java\jdk1.8.0_73\jre\bin\verify.dll
0x0000000062de0000 - 0x0000000062e09000 	C:\Program Files\Java\jdk1.8.0_73\jre\bin\java.dll
0x0000000062dc0000 - 0x0000000062dd6000 	C:\Program Files\Java\jdk1.8.0_73\jre\bin\zip.dll

VM Arguments:
jvm_args: -Djava.awt.headless=true -Xmx1024M -Dfile.encoding=windows-1252 -Duser.country=US -Duser.language=en -Duser.variant 
java_command: com.android.dx.command.Main --dex --num-threads=4 --output C:\android_work\asad_bhai\New folder\BMI_Call_d(1)\BMI_Call_d\app\build\intermediates\pre-dexed\debug\com.android.support-support-fragment-25.0.1_3737992364d4fdb891e90bc1481218b629b04231.jar C:\android_work\asad_bhai\New folder\BMI_Call_d(1)\BMI_Call_d\app\build\intermediates\exploded-aar\com.android.support\support-fragment\25.0.1\jars\classes.jar
java_class_path (initial): C:\Android\Sdk\build-tools\25.0.0\lib\dx.jar
Launcher Type: SUN_STANDARD

Environment Variables:
PATH=C:\oraclexe\app\oracle\product\10.2.0\server\bin;C:\ProgramData\Oracle\Java\javapath;C:\Windows\system32;C:\Windows;C:\Windows\System32\Wbem;C:\Windows\System32\WindowsPowerShell\v1.0\;C:\Program Files\Git\cmd;C:\Program Files (x86)\Skype\Phone\;C:\instantclient_12_2;C:\Program Files (x86)\Ampps\php;C:\composer;C:\Users\rehan\AppData\Roaming\Composer\vendor\bin
USERNAME=rehan
OS=Windows_NT
PROCESSOR_IDENTIFIER=Intel64 Family 6 Model 58 Stepping 9, GenuineIntel



---------------  S Y S T E M  ---------------

OS: Windows 8.1 , 64 bit Build 9600 (6.3.9600.17415)

CPU:total 4 (2 cores per cpu, 2 threads per core) family 6 model 58 stepping 9, cmov, cx8, fxsr, mmx, sse, sse2, sse3, ssse3, sse4.1, sse4.2, popcnt, avx, aes, clmul, erms, ht, tsc, tscinvbit, tscinv

Memory: 4k page, physical 8281448k(1155116k free), swap 10034476k(5624k free)

vm_info: Java HotSpot(TM) 64-Bit Server VM (25.73-b02) for windows-amd64 JRE (1.8.0_73-b02), built on Jan 29 2016 17:38:49 by "java_re" with MS VC++ 10.0 (VS2010)

time: Thu Dec 28 12:26:53 2017
elapsed time: 3 seconds (0d 0h 0m 3s)

