#
# There is insufficient memory for the Java Runtime Environment to continue.
# Native memory allocation (malloc) failed to allocate 924176 bytes for Chunk::new
# Possible reasons:
#   The system is out of physical RAM or swap space
#   In 32 bit mode, the process size limit was hit
# Possible solutions:
#   Reduce memory load on the system
#   Increase physical memory or swap space
#   Check if swap backing store is full
#   Use 64 bit Java on a 64 bit OS
#   Decrease Java heap size (-Xmx/-Xms)
#   Decrease number of Java threads
#   Decrease Java thread stack sizes (-Xss)
#   Set larger code cache with -XX:ReservedCodeCacheSize=
# This output file may be truncated or incomplete.
#
#  Out of Memory Error (allocation.cpp:390), pid=2924, tid=1896
#
# JRE version: Java(TM) SE Runtime Environment (8.0_73-b02) (build 1.8.0_73-b02)
# Java VM: Java HotSpot(TM) 64-Bit Server VM (25.73-b02 mixed mode windows-amd64 compressed oops)
# Failed to write core dump. Minidumps are not enabled by default on client versions of Windows
#

---------------  T H R E A D  ---------------

Current thread (0x0000000014df9000):  JavaThread "C2 CompilerThread1" daemon [_thread_in_native, id=1896, stack(0x00000000164d0000,0x00000000165d0000)]

Stack: [0x00000000164d0000,0x00000000165d0000]
[error occurred during error reporting (printing stack bounds), id 0xc0000005]

Native frames: (J=compiled Java code, j=interpreted, Vv=VM code, C=native code)


Current CompileTask:
C2:   2579 1339       4       com.android.dx.ssa.SCCP::simulateBranch (666 bytes)


---------------  P R O C E S S  ---------------

Java Threads: ( => current thread )
  0x00000000169ac000 JavaThread "pool-2-thread-4" [_thread_in_Java, id=3984, stack(0x00000000178d0000,0x00000000179d0000)]
  0x00000000169ab000 JavaThread "pool-2-thread-3" [_thread_in_Java, id=7444, stack(0x00000000177d0000,0x00000000178d0000)]
  0x00000000169a9800 JavaThread "pool-2-thread-2" [_thread_in_Java, id=5040, stack(0x00000000176d0000,0x00000000177d0000)]
  0x000000001699f000 JavaThread "pool-3-thread-1" [_thread_blocked, id=6648, stack(0x00000000175d0000,0x00000000176d0000)]
  0x000000001699e800 JavaThread "pool-2-thread-1" [_thread_in_Java, id=3308, stack(0x00000000174d0000,0x00000000175d0000)]
  0x0000000014dfe800 JavaThread "Service Thread" daemon [_thread_blocked, id=4172, stack(0x0000000016ad0000,0x0000000016bd0000)]
  0x0000000014dfc000 JavaThread "C1 CompilerThread2" daemon [_thread_blocked, id=7760, stack(0x00000000165d0000,0x00000000166d0000)]
=>0x0000000014df9000 JavaThread "C2 CompilerThread1" daemon [_thread_in_native, id=1896, stack(0x00000000164d0000,0x00000000165d0000)]
  0x0000000014d9b000 JavaThread "C2 CompilerThread0" daemon [_thread_in_native, id=7496, stack(0x00000000163d0000,0x00000000164d0000)]
  0x0000000014d98000 JavaThread "Attach Listener" daemon [_thread_blocked, id=6392, stack(0x00000000162d0000,0x00000000163d0000)]
  0x0000000014d97000 JavaThread "Signal Dispatcher" daemon [_thread_blocked, id=3868, stack(0x00000000161d0000,0x00000000162d0000)]
  0x00000000025f0800 JavaThread "Finalizer" daemon [_thread_blocked, id=8092, stack(0x0000000015ff0000,0x00000000160f0000)]
  0x00000000025ed000 JavaThread "Reference Handler" daemon [_thread_blocked, id=7008, stack(0x0000000015ef0000,0x0000000015ff0000)]
  0x0000000002500800 JavaThread "main" [_thread_in_Java, id=4328, stack(0x0000000000c70000,0x0000000000d70000)]

Other Threads:
  0x0000000014d67800 VMThread [stack: 0x0000000015df0000,0x0000000015ef0000] [id=7036]
  0x00000000166d8800 WatcherThread [stack: 0x0000000016bd0000,0x0000000016cd0000] [id=2084]

VM state:not at safepoint (normal execution)

VM Mutex/Monitor currently owned by a thread: None

Heap:
 PSYoungGen      total 38400K, used 17650K [0x00000000eab00000, 0x00000000ed580000, 0x0000000100000000)
  eden space 33280K, 37% used [0x00000000eab00000,0x00000000eb7447a0,0x00000000ecb80000)
  from space 5120K, 99% used [0x00000000ecb80000,0x00000000ed078388,0x00000000ed080000)
  to   space 5120K, 0% used [0x00000000ed080000,0x00000000ed080000,0x00000000ed580000)
 ParOldGen       total 87552K, used 517K [0x00000000c0000000, 0x00000000c5580000, 0x00000000eab00000)
  object space 87552K, 0% used [0x00000000c0000000,0x00000000c00814f0,0x00000000c5580000)
 Metaspace       used 5993K, capacity 7024K, committed 7296K, reserved 1056768K
  class space    used 589K, capacity 616K, committed 640K, reserved 1048576K

Card table byte_map: [0x0000000011a90000,0x0000000011ca0000] byte_map_base: 0x0000000011490000

Marking Bits: (ParMarkBitMap*) 0x000000006a8a0600
 Begin Bits: [0x0000000012200000, 0x0000000013200000)
 End Bits:   [0x0000000013200000, 0x0000000014200000)

Polling page: 0x0000000000ad0000

CodeCache: size=245760Kb used=5647Kb max_used=5647Kb free=240112Kb
 bounds [0x00000000026d0000, 0x0000000002c60000, 0x00000000116d0000]
 total_blobs=1632 nmethods=1369 adapters=176
 compilation: enabled

Compilation events (10 events):
Event: 2.575 Thread 0x0000000014dfc000 nmethod 1370 0x0000000002c48b90 code [0x0000000002c49300, 0x0000000002c4e3a8]
Event: 2.575 Thread 0x0000000014dfc000 1371   !   3       com.android.dx.cf.attrib.BaseLocalVariables::<init> (42 bytes)
Event: 2.576 Thread 0x0000000014dfc000 nmethod 1371 0x0000000002c53f10 code [0x0000000002c540c0, 0x0000000002c54688]
Event: 2.576 Thread 0x0000000014dfc000 1372       3       com.android.dx.cf.iface.StdMethod::<init> (40 bytes)
Event: 2.576 Thread 0x0000000014dfc000 nmethod 1372 0x0000000002c54990 code [0x0000000002c54b60, 0x0000000002c555c8]
Event: 2.576 Thread 0x0000000014dfc000 1374       3       com.android.dx.dex.file.CodeItem::<init> (81 bytes)
Event: 2.577 Thread 0x0000000014dfc000 nmethod 1374 0x0000000002c55a50 code [0x0000000002c55c00, 0x0000000002c560f8]
Event: 2.577 Thread 0x0000000014dfc000 1375       3       java.util.RegularEnumSet::remove (74 bytes)
Event: 2.577 Thread 0x0000000014dfc000 nmethod 1375 0x0000000002c562d0 code [0x0000000002c56460, 0x0000000002c56a08]
Event: 2.577 Thread 0x0000000014dfc000 1376       3       com.android.dx.rop.code.Insn::contentEquals (84 bytes)

GC Heap History (2 events):
Event: 1.972 GC heap before
{Heap before GC invocations=1 (full 0):
 PSYoungGen      total 38400K, used 33280K [0x00000000eab00000, 0x00000000ed580000, 0x0000000100000000)
  eden space 33280K, 100% used [0x00000000eab00000,0x00000000ecb80000,0x00000000ecb80000)
  from space 5120K, 0% used [0x00000000ed080000,0x00000000ed080000,0x00000000ed580000)
  to   space 5120K, 0% used [0x00000000ecb80000,0x00000000ecb80000,0x00000000ed080000)
 ParOldGen       total 87552K, used 0K [0x00000000c0000000, 0x00000000c5580000, 0x00000000eab00000)
  object space 87552K, 0% used [0x00000000c0000000,0x00000000c0000000,0x00000000c5580000)
 Metaspace       used 5928K, capacity 6960K, committed 7040K, reserved 1056768K
  class space    used 589K, capacity 616K, committed 640K, reserved 1048576K
Event: 2.346 GC heap after
Heap after GC invocations=1 (full 0):
 PSYoungGen      total 38400K, used 5088K [0x00000000eab00000, 0x00000000ed580000, 0x0000000100000000)
  eden space 33280K, 0% used [0x00000000eab00000,0x00000000eab00000,0x00000000ecb80000)
  from space 5120K, 99% used [0x00000000ecb80000,0x00000000ed078388,0x00000000ed080000)
  to   space 5120K, 0% used [0x00000000ed080000,0x00000000ed080000,0x00000000ed580000)
 ParOldGen       total 87552K, used 517K [0x00000000c0000000, 0x00000000c5580000, 0x00000000eab00000)
  object space 87552K, 0% used [0x00000000c0000000,0x00000000c00814f0,0x00000000c5580000)
 Metaspace       used 5928K, capacity 6960K, committed 7040K, reserved 1056768K
  class space    used 589K, capacity 616K, committed 640K, reserved 1048576K
}

Deoptimization events (9 events):
Event: 0.525 Thread 0x0000000002500800 Uncommon trap: reason=unstable_if action=reinterpret pc=0x0000000002835cd4 method=java.lang.String.compareTo(Ljava/lang/String;)I @ 38
Event: 1.512 Thread 0x00000000169a9800 Uncommon trap: reason=class_check action=maybe_recompile pc=0x00000000029bc46c method=com.android.dx.rop.type.Type.equals(Ljava/lang/Object;)Z @ 8
Event: 1.512 Thread 0x00000000169a9800 Uncommon trap: reason=unstable_if action=reinterpret pc=0x00000000029b06c4 method=com.android.dx.rop.code.RegisterSpec.equals(ILcom/android/dx/rop/type/TypeBearer;Lcom/android/dx/rop/code/LocalItem;)Z @ 16
Event: 1.513 Thread 0x00000000169a9800 Uncommon trap: reason=class_check action=maybe_recompile pc=0x00000000029bc490 method=com.android.dx.rop.type.Type.equals(Ljava/lang/Object;)Z @ 8
Event: 1.513 Thread 0x00000000169a9800 Uncommon trap: reason=class_check action=maybe_recompile pc=0x00000000029bc490 method=com.android.dx.rop.type.Type.equals(Ljava/lang/Object;)Z @ 8
Event: 1.513 Thread 0x00000000169a9800 Uncommon trap: reason=class_check action=maybe_recompile pc=0x00000000029bc490 method=com.android.dx.rop.type.Type.equals(Ljava/lang/Object;)Z @ 8
Event: 1.514 Thread 0x00000000169a9800 Uncommon trap: reason=unstable_if action=reinterpret pc=0x0000000002914868 method=java.util.HashMap.getNode(ILjava/lang/Object;)Ljava/util/HashMap$Node; @ 62
Event: 1.514 Thread 0x00000000169a9800 Uncommon trap: reason=unstable_if action=reinterpret pc=0x00000000028fba78 method=java.util.HashMap.getNode(ILjava/lang/Object;)Ljava/util/HashMap$Node; @ 62
Event: 1.845 Thread 0x00000000169ac000 Uncommon trap: reason=unstable_if action=reinterpret pc=0x00000000028f7b70 method=java.util.BitSet.nextSetBit(I)I @ 87

Internal exceptions (2 events):
Event: 0.079 Thread 0x0000000002500800 Exception <a 'java/lang/NoSuchMethodError': Method sun.misc.Unsafe.defineClass(Ljava/lang/String;[BII)Ljava/lang/Class; name or signature does not match> (0x00000000eab0d4d8) thrown at [D:\re\puppet\workspace\8-2-build-windows-amd64-cygwin\jdk8u73\6086\hotà·ÕMW´?
Event: 0.079 Thread 0x0000000002500800 Exception <a 'java/lang/NoSuchMethodError': Method sun.misc.Unsafe.prefetchRead(Ljava/lang/Object;J)V name or signature does not match> (0x00000000eab0d7c0) thrown at [D:\re\puppet\workspace\8-2-build-windows-amd64-cygwin\jdk8u73\6086\hotspot\src\share\vm\

Events (10 events):
Event: 1.579 loading class java/util/TreeMap$EntrySet done
Event: 1.579 loading class java/util/TreeMap$EntryIterator
Event: 1.579 loading class java/util/TreeMap$EntryIterator done
Event: 1.645 Executing VM operation: ForceSafepoint
Event: 1.672 Executing VM operation: ForceSafepoint done
Event: 1.845 Thread 0x00000000169ac000 Uncommon trap: trap_request=0xffffff65 fr.pc=0x00000000028f7b70
Event: 1.845 Thread 0x00000000169ac000 DEOPT PACKING pc=0x00000000028f7b70 sp=0x00000000179ce5a0
Event: 1.845 Thread 0x00000000169ac000 DEOPT UNPACKING pc=0x000000000271582a sp=0x00000000179ce528 mode 2
Event: 1.967 Executing VM operation: ParallelGCFailedAllocation
Event: 2.346 Executing VM operation: ParallelGCFailedAllocation done


Dynamic libraries:
0x00007ff6aff90000 - 0x00007ff6affc7000 	C:\Program Files\Java\jdk1.8.0_73\bin\java.exe
0x00007ff9e9900000 - 0x00007ff9e9aad000 	C:\Windows\SYSTEM32\ntdll.dll
0x00007ff9e7130000 - 0x00007ff9e726e000 	C:\Windows\system32\KERNEL32.DLL
0x00007ff9e6e70000 - 0x00007ff9e6f85000 	C:\Windows\system32\KERNELBASE.dll
0x00007ff9e55f0000 - 0x00007ff9e567e000 	C:\Windows\system32\apphelp.dll
0x00007ff9d9d60000 - 0x00007ff9d9db3000 	C:\Windows\AppPatch\AppPatch64\AcGenral.DLL
0x00007ff9e75b0000 - 0x00007ff9e765a000 	C:\Windows\system32\msvcrt.dll
0x00007ff9e6b00000 - 0x00007ff9e6b2e000 	C:\Windows\system32\SspiCli.dll
0x00007ff9e7550000 - 0x00007ff9e75a4000 	C:\Windows\system32\SHLWAPI.dll
0x00007ff9e8fb0000 - 0x00007ff9e9127000 	C:\Windows\system32\USER32.dll
0x00007ff9e6f90000 - 0x00007ff9e7124000 	C:\Windows\system32\ole32.dll
0x00007ff9e7770000 - 0x00007ff9e8c99000 	C:\Windows\system32\SHELL32.dll
0x00007ff9e5ff0000 - 0x00007ff9e6011000 	C:\Windows\SYSTEM32\USERENV.dll
0x00007ff9e7660000 - 0x00007ff9e770a000 	C:\Windows\system32\ADVAPI32.dll
0x00007ff9db390000 - 0x00007ff9db3ae000 	C:\Windows\SYSTEM32\MPR.dll
0x00007ff9e9150000 - 0x00007ff9e9290000 	C:\Windows\system32\RPCRT4.dll
0x00007ff9e7340000 - 0x00007ff9e7399000 	C:\Windows\SYSTEM32\sechost.dll
0x00007ff9e9650000 - 0x00007ff9e9862000 	C:\Windows\SYSTEM32\combase.dll
0x00007ff9e73a0000 - 0x00007ff9e74eb000 	C:\Windows\system32\GDI32.dll
0x00007ff9e6a30000 - 0x00007ff9e6a45000 	C:\Windows\SYSTEM32\profapi.dll
0x00007ff9e4fc0000 - 0x00007ff9e5072000 	C:\Windows\SYSTEM32\SHCORE.dll
0x00007ff9e9470000 - 0x00007ff9e94a6000 	C:\Windows\system32\IMM32.DLL
0x00007ff9e8ca0000 - 0x00007ff9e8df1000 	C:\Windows\system32\MSCTF.dll
0x00007ff9e44f0000 - 0x00007ff9e476b000 	C:\Windows\WinSxS\amd64_microsoft.windows.common-controls_6595b64144ccf1df_6.0.9600.18006_none_623f33d3ecbe86e8\COMCTL32.dll
0x0000000069b00000 - 0x0000000069bd2000 	C:\Program Files\Java\jdk1.8.0_73\jre\bin\msvcr100.dll
0x000000006a090000 - 0x000000006a920000 	C:\Program Files\Java\jdk1.8.0_73\jre\bin\server\jvm.dll
0x00007ff9e2f30000 - 0x00007ff9e2f39000 	C:\Windows\SYSTEM32\WSOCK32.dll
0x00007ff9e1d00000 - 0x00007ff9e1d22000 	C:\Windows\SYSTEM32\WINMM.dll
0x00007ff9e1cc0000 - 0x00007ff9e1cca000 	C:\Windows\SYSTEM32\VERSION.dll
0x00007ff9e9580000 - 0x00007ff9e9587000 	C:\Windows\system32\PSAPI.DLL
0x00007ff9e7710000 - 0x00007ff9e776a000 	C:\Windows\system32\WS2_32.dll
0x00007ff9e1cd0000 - 0x00007ff9e1cfa000 	C:\Windows\SYSTEM32\WINMMBASE.dll
0x00007ff9e9570000 - 0x00007ff9e9579000 	C:\Windows\system32\NSI.dll
0x00007ff9e6d70000 - 0x00007ff9e6dbf000 	C:\Windows\SYSTEM32\cfgmgr32.dll
0x00007ff9e5840000 - 0x00007ff9e5868000 	C:\Windows\SYSTEM32\DEVOBJ.dll
0x0000000069fa0000 - 0x0000000069faf000 	C:\Program Files\Java\jdk1.8.0_73\jre\bin\verify.dll
0x0000000069f70000 - 0x0000000069f99000 	C:\Program Files\Java\jdk1.8.0_73\jre\bin\java.dll
0x0000000069f50000 - 0x0000000069f66000 	C:\Program Files\Java\jdk1.8.0_73\jre\bin\zip.dll

VM Arguments:
jvm_args: -Djava.awt.headless=true -Xmx1024M -Dfile.encoding=windows-1252 -Duser.country=US -Duser.language=en -Duser.variant 
java_command: com.android.dx.command.Main --dex --force-jumbo --num-threads=4 --multi-dex --output C:\android_work\asad_bhai\New folder\BMI_Call_d(1)\BMI_Call_d\app\build\intermediates\transforms\dex\debug\folders\1000\10\com.android.support-support-compat-25.0.1_6eb259d38d3c884e5cb5f1649e9fa10bb135cc18 C:\android_work\asad_bhai\New folder\BMI_Call_d(1)\BMI_Call_d\app\build\intermediates\exploded-aar\com.android.support\support-compat\25.0.1\jars\classes.jar
java_class_path (initial): C:\Android\Sdk\build-tools\25.0.0\lib\dx.jar
Launcher Type: SUN_STANDARD

Environment Variables:
PATH=C:\oraclexe\app\oracle\product\10.2.0\server\bin;C:\ProgramData\Oracle\Java\javapath;C:\Windows\system32;C:\Windows;C:\Windows\System32\Wbem;C:\Windows\System32\WindowsPowerShell\v1.0\;C:\Program Files\Git\cmd;C:\Program Files (x86)\Skype\Phone\;C:\instantclient_12_2;C:\Program Files (x86)\Ampps\php;C:\composer;C:\Users\rehan\AppData\Roaming\Composer\vendor\bin
USERNAME=rehan
OS=Windows_NT
PROCESSOR_IDENTIFIER=Intel64 Family 6 Model 58 Stepping 9, GenuineIntel



---------------  S Y S T E M  ---------------

OS: Windows 8.1 , 64 bit Build 9600 (6.3.9600.17415)

CPU:total 4 (2 cores per cpu, 2 threads per core) family 6 model 58 stepping 9, cmov, cx8, fxsr, mmx, sse, sse2, sse3, ssse3, sse4.1, sse4.2, popcnt, avx, aes, clmul, erms, ht, tsc, tscinvbit, tscinv

Memory: 4k page, physical 8281448k(899592k free), swap 11427176k(5732k free)

vm_info: Java HotSpot(TM) 64-Bit Server VM (25.73-b02) for windows-amd64 JRE (1.8.0_73-b02), built on Jan 29 2016 17:38:49 by "java_re" with MS VC++ 10.0 (VS2010)

time: Sun Nov 05 23:29:34 2017
elapsed time: 2 seconds (0d 0h 0m 2s)

