#
# There is insufficient memory for the Java Runtime Environment to continue.
# Native memory allocation (malloc) failed to allocate 1535456 bytes for Chunk::new
# Possible reasons:
#   The system is out of physical RAM or swap space
#   In 32 bit mode, the process size limit was hit
# Possible solutions:
#   Reduce memory load on the system
#   Increase physical memory or swap space
#   Check if swap backing store is full
#   Use 64 bit Java on a 64 bit OS
#   Decrease Java heap size (-Xmx/-Xms)
#   Decrease number of Java threads
#   Decrease Java thread stack sizes (-Xss)
#   Set larger code cache with -XX:ReservedCodeCacheSize=
# This output file may be truncated or incomplete.
#
#  Out of Memory Error (allocation.cpp:390), pid=5768, tid=6208
#
# JRE version: Java(TM) SE Runtime Environment (8.0_73-b02) (build 1.8.0_73-b02)
# Java VM: Java HotSpot(TM) 64-Bit Server VM (25.73-b02 mixed mode windows-amd64 compressed oops)
# Failed to write core dump. Minidumps are not enabled by default on client versions of Windows
#

---------------  T H R E A D  ---------------

Current thread (0x000000001488b000):  JavaThread "C2 CompilerThread0" daemon [_thread_in_native, id=6208, stack(0x0000000015df0000,0x0000000015ef0000)]

Stack: [0x0000000015df0000,0x0000000015ef0000]
[error occurred during error reporting (printing stack bounds), id 0xc0000005]

Native frames: (J=compiled Java code, j=interpreted, Vv=VM code, C=native code)


Current CompileTask:
C2:   4267 1321   !   4       com.android.dx.cf.code.BytecodeArray::parseInstruction (2764 bytes)


---------------  P R O C E S S  ---------------

Java Threads: ( => current thread )
  0x0000000016395000 JavaThread "pool-1-thread-4" [_thread_in_Java, id=7684, stack(0x0000000016af0000,0x0000000016bf0000)]
  0x0000000016393800 JavaThread "pool-1-thread-3" [_thread_in_Java, id=3204, stack(0x00000000169f0000,0x0000000016af0000)]
  0x0000000016392000 JavaThread "pool-1-thread-2" [_thread_in_vm, id=7864, stack(0x00000000168f0000,0x00000000169f0000)]
  0x0000000016347000 JavaThread "pool-2-thread-1" [_thread_blocked, id=4496, stack(0x00000000167f0000,0x00000000168f0000)]
  0x000000001636b800 JavaThread "pool-1-thread-1" [_thread_in_Java, id=2880, stack(0x00000000166f0000,0x00000000167f0000)]
  0x00000000160f5800 JavaThread "Service Thread" daemon [_thread_blocked, id=3996, stack(0x00000000164f0000,0x00000000165f0000)]
  0x00000000148eb800 JavaThread "C1 CompilerThread2" daemon [_thread_in_native, id=4700, stack(0x0000000015ff0000,0x00000000160f0000)]
  0x00000000148e5800 JavaThread "C2 CompilerThread1" daemon [_thread_in_native, id=6648, stack(0x0000000015ef0000,0x0000000015ff0000)]
=>0x000000001488b000 JavaThread "C2 CompilerThread0" daemon [_thread_in_native, id=6208, stack(0x0000000015df0000,0x0000000015ef0000)]
  0x0000000014888000 JavaThread "Attach Listener" daemon [_thread_blocked, id=6584, stack(0x0000000015cf0000,0x0000000015df0000)]
  0x0000000014887000 JavaThread "Signal Dispatcher" daemon [_thread_blocked, id=7136, stack(0x0000000015bf0000,0x0000000015cf0000)]
  0x00000000020b6000 JavaThread "Finalizer" daemon [_thread_blocked, id=5672, stack(0x0000000015af0000,0x0000000015bf0000)]
  0x00000000020ad000 JavaThread "Reference Handler" daemon [_thread_blocked, id=6004, stack(0x00000000159f0000,0x0000000015af0000)]
  0x0000000001fc0800 JavaThread "main" [_thread_blocked, id=7988, stack(0x0000000001df0000,0x0000000001ef0000)]

Other Threads:
  0x0000000014857800 VMThread [stack: 0x00000000158f0000,0x00000000159f0000] [id=3864]
  0x0000000016114000 WatcherThread [stack: 0x00000000165f0000,0x00000000166f0000] [id=6264]

VM state:not at safepoint (normal execution)

VM Mutex/Monitor currently owned by a thread: None

Heap:
 PSYoungGen      total 38400K, used 19340K [0x00000000eab00000, 0x00000000ed580000, 0x0000000100000000)
  eden space 33280K, 42% used [0x00000000eab00000,0x00000000eb8e51f0,0x00000000ecb80000)
  from space 5120K, 99% used [0x00000000ecb80000,0x00000000ed07e078,0x00000000ed080000)
  to   space 5120K, 0% used [0x00000000ed080000,0x00000000ed080000,0x00000000ed580000)
 ParOldGen       total 87552K, used 1268K [0x00000000c0000000, 0x00000000c5580000, 0x00000000eab00000)
  object space 87552K, 1% used [0x00000000c0000000,0x00000000c013d0b8,0x00000000c5580000)
 Metaspace       used 5956K, capacity 7024K, committed 7296K, reserved 1056768K
  class space    used 588K, capacity 616K, committed 640K, reserved 1048576K

Card table byte_map: [0x0000000011580000,0x0000000011790000] byte_map_base: 0x0000000010f80000

Marking Bits: (ParMarkBitMap*) 0x0000000063710600
 Begin Bits: [0x0000000011cf0000, 0x0000000012cf0000)
 End Bits:   [0x0000000012cf0000, 0x0000000013cf0000)

Polling page: 0x0000000000670000

CodeCache: size=245760Kb used=5696Kb max_used=5696Kb free=240063Kb
 bounds [0x00000000021c0000, 0x0000000002760000, 0x00000000111c0000]
 total_blobs=1643 nmethods=1380 adapters=176
 compilation: enabled

Compilation events (10 events):
Event: 4.262 Thread 0x00000000148eb800 1387       3       com.android.dx.ssa.back.FirstFitLocalCombiningAllocator::handleLocalAssociatedOther (151 bytes)
Event: 4.263 Thread 0x00000000148eb800 nmethod 1387 0x0000000002751b50 code [0x0000000002751de0, 0x0000000002752e98]
Event: 4.263 Thread 0x00000000148eb800 1388       3       com.android.dx.rop.cst.CstLiteral64::hashCode (15 bytes)
Event: 4.263 Thread 0x00000000148eb800 nmethod 1388 0x0000000002753890 code [0x00000000027539e0, 0x0000000002753b50]
Event: 4.263 Thread 0x00000000148eb800 1389       3       java.util.HashMap$EntryIterator::next (5 bytes)
Event: 4.263 Thread 0x00000000148eb800 nmethod 1389 0x0000000002753bd0 code [0x0000000002753d40, 0x0000000002754028]
Event: 4.263 Thread 0x00000000148eb800 1390       3       com.android.dx.rop.cst.CstLiteral64::equals (36 bytes)
Event: 4.264 Thread 0x00000000148eb800 nmethod 1390 0x00000000027540d0 code [0x0000000002754240, 0x00000000027546b0]
Event: 4.264 Thread 0x00000000148eb800 1391       3       com.android.dx.rop.code.RegisterSpec::withLocalItem (41 bytes)
Event: 4.264 Thread 0x00000000148eb800 nmethod 1391 0x0000000002754790 code [0x0000000002754920, 0x0000000002754e18]

GC Heap History (2 events):
Event: 3.743 GC heap before
{Heap before GC invocations=1 (full 0):
 PSYoungGen      total 38400K, used 33280K [0x00000000eab00000, 0x00000000ed580000, 0x0000000100000000)
  eden space 33280K, 100% used [0x00000000eab00000,0x00000000ecb80000,0x00000000ecb80000)
  from space 5120K, 0% used [0x00000000ed080000,0x00000000ed080000,0x00000000ed580000)
  to   space 5120K, 0% used [0x00000000ecb80000,0x00000000ecb80000,0x00000000ed080000)
 ParOldGen       total 87552K, used 0K [0x00000000c0000000, 0x00000000c5580000, 0x00000000eab00000)
  object space 87552K, 0% used [0x00000000c0000000,0x00000000c0000000,0x00000000c5580000)
 Metaspace       used 5903K, capacity 6960K, committed 7040K, reserved 1056768K
  class space    used 585K, capacity 616K, committed 640K, reserved 1048576K
Event: 4.179 GC heap after
Heap after GC invocations=1 (full 0):
 PSYoungGen      total 38400K, used 5112K [0x00000000eab00000, 0x00000000ed580000, 0x0000000100000000)
  eden space 33280K, 0% used [0x00000000eab00000,0x00000000eab00000,0x00000000ecb80000)
  from space 5120K, 99% used [0x00000000ecb80000,0x00000000ed07e078,0x00000000ed080000)
  to   space 5120K, 0% used [0x00000000ed080000,0x00000000ed080000,0x00000000ed580000)
 ParOldGen       total 87552K, used 1268K [0x00000000c0000000, 0x00000000c5580000, 0x00000000eab00000)
  object space 87552K, 1% used [0x00000000c0000000,0x00000000c013d0b8,0x00000000c5580000)
 Metaspace       used 5903K, capacity 6960K, committed 7040K, reserved 1056768K
  class space    used 585K, capacity 616K, committed 640K, reserved 1048576K
}

Deoptimization events (10 events):
Event: 4.212 Thread 0x0000000001fc0800 Uncommon trap: reason=bimorphic action=maybe_recompile pc=0x000000000267dfe0 method=java.util.HashMap.getNode(ILjava/lang/Object;)Ljava/util/HashMap$Node; @ 126
Event: 4.212 Thread 0x0000000001fc0800 Uncommon trap: reason=class_check action=maybe_recompile pc=0x00000000026ef87c method=java.util.HashMap.putVal(ILjava/lang/Object;Ljava/lang/Object;ZZ)Ljava/lang/Object; @ 203
Event: 4.242 Thread 0x0000000016395000 Uncommon trap: reason=unstable_if action=reinterpret pc=0x000000000256a6ec method=com.android.dx.rop.code.RegisterSpecSet.put(Lcom/android/dx/rop/code/RegisterSpec;)V @ 77
Event: 4.242 Thread 0x0000000016395000 Uncommon trap: reason=unstable_if action=reinterpret pc=0x000000000257aea0 method=com.android.dx.rop.code.RegisterSpecSet.put(Lcom/android/dx/rop/code/RegisterSpec;)V @ 77
Event: 4.249 Thread 0x0000000016393800 Uncommon trap: reason=bimorphic action=maybe_recompile pc=0x000000000267dfe0 method=java.util.HashMap.getNode(ILjava/lang/Object;)Ljava/util/HashMap$Node; @ 126
Event: 4.249 Thread 0x0000000016393800 Uncommon trap: reason=class_check action=maybe_recompile pc=0x00000000026ef87c method=java.util.HashMap.putVal(ILjava/lang/Object;Ljava/lang/Object;ZZ)Ljava/lang/Object; @ 203
Event: 4.257 Thread 0x0000000016393800 Uncommon trap: reason=bimorphic action=maybe_recompile pc=0x000000000267dfe0 method=java.util.HashMap.getNode(ILjava/lang/Object;)Ljava/util/HashMap$Node; @ 126
Event: 4.257 Thread 0x0000000016393800 Uncommon trap: reason=class_check action=maybe_recompile pc=0x00000000026ef87c method=java.util.HashMap.putVal(ILjava/lang/Object;Ljava/lang/Object;ZZ)Ljava/lang/Object; @ 203
Event: 4.257 Thread 0x0000000016393800 Uncommon trap: reason=bimorphic action=maybe_recompile pc=0x000000000267dfe0 method=java.util.HashMap.getNode(ILjava/lang/Object;)Ljava/util/HashMap$Node; @ 126
Event: 4.257 Thread 0x0000000016393800 Uncommon trap: reason=class_check action=maybe_recompile pc=0x00000000026ef87c method=java.util.HashMap.putVal(ILjava/lang/Object;Ljava/lang/Object;ZZ)Ljava/lang/Object; @ 203

Internal exceptions (3 events):
Event: 0.338 Thread 0x0000000001fc0800 Exception <a 'java/lang/NoSuchMethodError': Method sun.misc.Unsafe.defineClass(Ljava/lang/String;[BII)Ljava/lang/Class; name or signature does not match> (0x00000000eab0d138) thrown at [D:\re\puppet\workspace\8-2-build-windows-amd64-cygwin\jdk8u73\6086\hot‘Yxÿú’?
Event: 0.338 Thread 0x0000000001fc0800 Exception <a 'java/lang/NoSuchMethodError': Method sun.misc.Unsafe.prefetchRead(Ljava/lang/Object;J)V name or signature does not match> (0x00000000eab0d420) thrown at [D:\re\puppet\workspace\8-2-build-windows-amd64-cygwin\jdk8u73\6086\hotspot\src\share\vm\r(√('o	@
Event: 3.179 Thread 0x000000001636b800 Implicit null exception at 0x000000000249bf48 to 0x000000000249dd35

Events (10 events):
Event: 4.257 Thread 0x0000000016393800 DEOPT UNPACKING pc=0x000000000220582a sp=0x0000000016aee8c0 mode 2
Event: 4.257 Thread 0x0000000016393800 Uncommon trap: trap_request=0xffffffde fr.pc=0x00000000026ef87c
Event: 4.257 Thread 0x0000000016393800 DEOPT PACKING pc=0x00000000026ef87c sp=0x0000000016aee920
Event: 4.257 Thread 0x0000000016393800 DEOPT UNPACKING pc=0x000000000220582a sp=0x0000000016aee898 mode 2
Event: 4.257 Thread 0x0000000016393800 Uncommon trap: trap_request=0xffffffc6 fr.pc=0x000000000267dfe0
Event: 4.257 Thread 0x0000000016393800 DEOPT PACKING pc=0x000000000267dfe0 sp=0x0000000016aee940
Event: 4.257 Thread 0x0000000016393800 DEOPT UNPACKING pc=0x000000000220582a sp=0x0000000016aee8c0 mode 2
Event: 4.257 Thread 0x0000000016393800 Uncommon trap: trap_request=0xffffffde fr.pc=0x00000000026ef87c
Event: 4.257 Thread 0x0000000016393800 DEOPT PACKING pc=0x00000000026ef87c sp=0x0000000016aee920
Event: 4.257 Thread 0x0000000016393800 DEOPT UNPACKING pc=0x000000000220582a sp=0x0000000016aee898 mode 2


Dynamic libraries:
0x00007ff67b1f0000 - 0x00007ff67b227000 	C:\Program Files\Java\jdk1.8.0_73\bin\java.exe
0x00007ffefdbd0000 - 0x00007ffefdd7d000 	C:\Windows\SYSTEM32\ntdll.dll
0x00007ffefbb70000 - 0x00007ffefbcae000 	C:\Windows\system32\KERNEL32.DLL
0x00007ffefaf60000 - 0x00007ffefb075000 	C:\Windows\system32\KERNELBASE.dll
0x00007ffef98c0000 - 0x00007ffef994e000 	C:\Windows\system32\apphelp.dll
0x00007ffef02f0000 - 0x00007ffef0343000 	C:\Windows\AppPatch\AppPatch64\AcGenral.DLL
0x00007ffefbd50000 - 0x00007ffefbdfa000 	C:\Windows\system32\msvcrt.dll
0x00007ffefaf30000 - 0x00007ffefaf5e000 	C:\Windows\system32\SspiCli.dll
0x00007ffefc4d0000 - 0x00007ffefc524000 	C:\Windows\system32\SHLWAPI.dll
0x00007ffefb260000 - 0x00007ffefb3d7000 	C:\Windows\system32\USER32.dll
0x00007ffefb410000 - 0x00007ffefb5a4000 	C:\Windows\system32\ole32.dll
0x00007ffefc6a0000 - 0x00007ffefdbc9000 	C:\Windows\system32\SHELL32.dll
0x00007ffefa2c0000 - 0x00007ffefa2e1000 	C:\Windows\SYSTEM32\USERENV.dll
0x00007ffefb8a0000 - 0x00007ffefb94a000 	C:\Windows\system32\ADVAPI32.dll
0x00007ffeef4b0000 - 0x00007ffeef4ce000 	C:\Windows\SYSTEM32\MPR.dll
0x00007ffefc0e0000 - 0x00007ffefc220000 	C:\Windows\system32\RPCRT4.dll
0x00007ffefbcb0000 - 0x00007ffefbd09000 	C:\Windows\SYSTEM32\sechost.dll
0x00007ffefb950000 - 0x00007ffefbb62000 	C:\Windows\SYSTEM32\combase.dll
0x00007ffefbed0000 - 0x00007ffefc01b000 	C:\Windows\system32\GDI32.dll
0x00007ffefad00000 - 0x00007ffefad15000 	C:\Windows\SYSTEM32\profapi.dll
0x00007ffef90e0000 - 0x00007ffef9192000 	C:\Windows\SYSTEM32\SHCORE.dll
0x00007ffefbd10000 - 0x00007ffefbd46000 	C:\Windows\system32\IMM32.DLL
0x00007ffefc530000 - 0x00007ffefc681000 	C:\Windows\system32\MSCTF.dll
0x00007ffef87e0000 - 0x00007ffef8a5b000 	C:\Windows\WinSxS\amd64_microsoft.windows.common-controls_6595b64144ccf1df_6.0.9600.18006_none_623f33d3ecbe86e8\COMCTL32.dll
0x00000000629a0000 - 0x0000000062a72000 	C:\Program Files\Java\jdk1.8.0_73\jre\bin\msvcr100.dll
0x0000000062f00000 - 0x0000000063790000 	C:\Program Files\Java\jdk1.8.0_73\jre\bin\server\jvm.dll
0x00007ffef6b70000 - 0x00007ffef6b79000 	C:\Windows\SYSTEM32\WSOCK32.dll
0x00007ffef5f90000 - 0x00007ffef5fb2000 	C:\Windows\SYSTEM32\WINMM.dll
0x00007ffef5ff0000 - 0x00007ffef5ffa000 	C:\Windows\SYSTEM32\VERSION.dll
0x00007ffefb890000 - 0x00007ffefb897000 	C:\Windows\system32\PSAPI.DLL
0x00007ffefb5b0000 - 0x00007ffefb60a000 	C:\Windows\system32\WS2_32.dll
0x00007ffef5f60000 - 0x00007ffef5f8a000 	C:\Windows\SYSTEM32\WINMMBASE.dll
0x00007ffefc690000 - 0x00007ffefc699000 	C:\Windows\system32\NSI.dll
0x00007ffefae30000 - 0x00007ffefae7f000 	C:\Windows\SYSTEM32\cfgmgr32.dll
0x00007ffef9b40000 - 0x00007ffef9b68000 	C:\Windows\SYSTEM32\DEVOBJ.dll
0x0000000062e10000 - 0x0000000062e1f000 	C:\Program Files\Java\jdk1.8.0_73\jre\bin\verify.dll
0x0000000062de0000 - 0x0000000062e09000 	C:\Program Files\Java\jdk1.8.0_73\jre\bin\java.dll
0x0000000062dc0000 - 0x0000000062dd6000 	C:\Program Files\Java\jdk1.8.0_73\jre\bin\zip.dll

VM Arguments:
jvm_args: -Djava.awt.headless=true -Xmx1024M -Dfile.encoding=windows-1252 -Duser.country=US -Duser.language=en -Duser.variant 
java_command: com.android.dx.command.Main --dex --num-threads=4 --output C:\android_work\asad_bhai\New folder\BMI_Call_d(1)\BMI_Call_d\app\build\intermediates\pre-dexed\debug\com.android.support-recyclerview-v7-25.0.1_30816ef0e7b99982447e634c6a4567a2da151b62.jar C:\android_work\asad_bhai\New folder\BMI_Call_d(1)\BMI_Call_d\app\build\intermediates\exploded-aar\com.android.support\recyclerview-v7\25.0.1\jars\classes.jar
java_class_path (initial): C:\Android\Sdk\build-tools\25.0.0\lib\dx.jar
Launcher Type: SUN_STANDARD

Environment Variables:
PATH=C:\oraclexe\app\oracle\product\10.2.0\server\bin;C:\ProgramData\Oracle\Java\javapath;C:\Windows\system32;C:\Windows;C:\Windows\System32\Wbem;C:\Windows\System32\WindowsPowerShell\v1.0\;C:\Program Files\Git\cmd;C:\Program Files (x86)\Skype\Phone\;C:\instantclient_12_2;C:\Program Files (x86)\Ampps\php;C:\composer;C:\Users\rehan\AppData\Roaming\Composer\vendor\bin
USERNAME=rehan
OS=Windows_NT
PROCESSOR_IDENTIFIER=Intel64 Family 6 Model 58 Stepping 9, GenuineIntel



---------------  S Y S T E M  ---------------

OS: Windows 8.1 , 64 bit Build 9600 (6.3.9600.17415)

CPU:total 4 (2 cores per cpu, 2 threads per core) family 6 model 58 stepping 9, cmov, cx8, fxsr, mmx, sse, sse2, sse3, ssse3, sse4.1, sse4.2, popcnt, avx, aes, clmul, erms, ht, tsc, tscinvbit, tscinv

Memory: 4k page, physical 8281448k(1556012k free), swap 10003096k(6372k free)

vm_info: Java HotSpot(TM) 64-Bit Server VM (25.73-b02) for windows-amd64 JRE (1.8.0_73-b02), built on Jan 29 2016 17:38:49 by "java_re" with MS VC++ 10.0 (VS2010)

time: Thu Dec 28 11:52:14 2017
elapsed time: 4 seconds (0d 0h 0m 4s)

