#
# There is insufficient memory for the Java Runtime Environment to continue.
# Native memory allocation (malloc) failed to allocate 32784 bytes for Chunk::new
# Possible reasons:
#   The system is out of physical RAM or swap space
#   In 32 bit mode, the process size limit was hit
# Possible solutions:
#   Reduce memory load on the system
#   Increase physical memory or swap space
#   Check if swap backing store is full
#   Use 64 bit Java on a 64 bit OS
#   Decrease Java heap size (-Xmx/-Xms)
#   Decrease number of Java threads
#   Decrease Java thread stack sizes (-Xss)
#   Set larger code cache with -XX:ReservedCodeCacheSize=
# This output file may be truncated or incomplete.
#
#  Out of Memory Error (allocation.cpp:390), pid=7280, tid=656
#
# JRE version: Java(TM) SE Runtime Environment (8.0_73-b02) (build 1.8.0_73-b02)
# Java VM: Java HotSpot(TM) 64-Bit Server VM (25.73-b02 mixed mode windows-amd64 compressed oops)
# Failed to write core dump. Minidumps are not enabled by default on client versions of Windows
#

---------------  T H R E A D  ---------------

Current thread (0x0000000014de5800):  JavaThread "C2 CompilerThread1" daemon [_thread_in_native, id=656, stack(0x00000000164d0000,0x00000000165d0000)]

Stack: [0x00000000164d0000,0x00000000165d0000]
[error occurred during error reporting (printing stack bounds), id 0xc0000005]

Native frames: (J=compiled Java code, j=interpreted, Vv=VM code, C=native code)


Current CompileTask:
C2:   3032  938       4       com.android.dx.ssa.NormalSsaInsn::accept (25 bytes)


---------------  P R O C E S S  ---------------

Java Threads: ( => current thread )
  0x0000000016a8d000 JavaThread "pool-1-thread-4" [_thread_blocked, id=8156, stack(0x00000000178d0000,0x00000000179d0000)]
  0x0000000016a8b800 JavaThread "pool-1-thread-3" [_thread_in_Java, id=3728, stack(0x00000000177d0000,0x00000000178d0000)]
  0x000000001697c000 JavaThread "pool-1-thread-2" [_thread_blocked, id=2768, stack(0x00000000176d0000,0x00000000177d0000)]
  0x0000000016973000 JavaThread "pool-2-thread-1" [_thread_blocked, id=6320, stack(0x00000000175d0000,0x00000000176d0000)]
  0x0000000016972800 JavaThread "pool-1-thread-1" [_thread_in_Java, id=7140, stack(0x00000000174d0000,0x00000000175d0000)]
  0x00000000166d5800 JavaThread "Service Thread" daemon [_thread_blocked, id=7608, stack(0x0000000016ad0000,0x0000000016bd0000)]
  0x0000000014de8800 JavaThread "C1 CompilerThread2" daemon [_thread_in_native, id=1004, stack(0x00000000165d0000,0x00000000166d0000)]
=>0x0000000014de5800 JavaThread "C2 CompilerThread1" daemon [_thread_in_native, id=656, stack(0x00000000164d0000,0x00000000165d0000)]
  0x0000000014d8b000 JavaThread "C2 CompilerThread0" daemon [_thread_in_native, id=3780, stack(0x00000000163d0000,0x00000000164d0000)]
  0x0000000014d88000 JavaThread "Attach Listener" daemon [_thread_blocked, id=6280, stack(0x00000000162d0000,0x00000000163d0000)]
  0x0000000014d87000 JavaThread "Signal Dispatcher" daemon [_thread_blocked, id=5520, stack(0x00000000161d0000,0x00000000162d0000)]
  0x00000000026b6000 JavaThread "Finalizer" daemon [_thread_blocked, id=976, stack(0x0000000015ff0000,0x00000000160f0000)]
  0x00000000026ad000 JavaThread "Reference Handler" daemon [_thread_blocked, id=4024, stack(0x0000000015ef0000,0x0000000015ff0000)]
  0x00000000025c0800 JavaThread "main" [_thread_blocked, id=4384, stack(0x0000000002490000,0x0000000002590000)]

Other Threads:
  0x0000000014d57800 VMThread [stack: 0x0000000015df0000,0x0000000015ef0000] [id=3772]
  0x00000000166ec000 WatcherThread [stack: 0x0000000016bd0000,0x0000000016cd0000] [id=7800]

VM state:not at safepoint (normal execution)

VM Mutex/Monitor currently owned by a thread: None

Heap:
 PSYoungGen      total 38400K, used 24899K [0x00000000eab00000, 0x00000000ed580000, 0x0000000100000000)
  eden space 33280K, 74% used [0x00000000eab00000,0x00000000ec350e60,0x00000000ecb80000)
  from space 5120K, 0% used [0x00000000ed080000,0x00000000ed080000,0x00000000ed580000)
  to   space 5120K, 0% used [0x00000000ecb80000,0x00000000ecb80000,0x00000000ed080000)
 ParOldGen       total 87552K, used 0K [0x00000000c0000000, 0x00000000c5580000, 0x00000000eab00000)
  object space 87552K, 0% used [0x00000000c0000000,0x00000000c0000000,0x00000000c5580000)
 Metaspace       used 5765K, capacity 6832K, committed 7040K, reserved 1056768K
  class space    used 590K, capacity 616K, committed 640K, reserved 1048576K

Card table byte_map: [0x0000000011a80000,0x0000000011c90000] byte_map_base: 0x0000000011480000

Marking Bits: (ParMarkBitMap*) 0x0000000063710600
 Begin Bits: [0x00000000121f0000, 0x00000000131f0000)
 End Bits:   [0x00000000131f0000, 0x00000000141f0000)

Polling page: 0x0000000000c80000

CodeCache: size=245760Kb used=3783Kb max_used=3790Kb free=241976Kb
 bounds [0x00000000026c0000, 0x0000000002a80000, 0x00000000116c0000]
 total_blobs=1191 nmethods=928 adapters=176
 compilation: enabled

Compilation events (10 events):
Event: 3.001 Thread 0x0000000014de8800 nmethod 927 0x0000000002a6a9d0 code [0x0000000002a6ab40, 0x0000000002a6af10]
Event: 3.001 Thread 0x0000000014de8800  928       3       com.android.dx.cf.code.ByteBlockList::labelToBlock (46 bytes)
Event: 3.001 Thread 0x0000000014de5800 nmethod 899 0x0000000002a74f10 code [0x0000000002a75120, 0x0000000002a75b40]
Event: 3.001 Thread 0x0000000014de5800  926       4       com.android.dx.rop.type.Type::getBasicFrameType (60 bytes)
Event: 3.002 Thread 0x0000000014de5800 nmethod 926 0x0000000002a0d610 code [0x0000000002a0d740, 0x0000000002a0d7b8]
Event: 3.002 Thread 0x0000000014de8800 nmethod 928 0x0000000002a6b090 code [0x0000000002a6b2c0, 0x0000000002a6c008]
Event: 3.002 Thread 0x0000000014de8800  929       3       com.android.dx.cf.code.ByteBlockList::get (9 bytes)
Event: 3.002 Thread 0x0000000014de8800 nmethod 929 0x0000000002a6a4d0 code [0x0000000002a6a640, 0x0000000002a6a928]
Event: 3.023 Thread 0x0000000014de5800  938       4       com.android.dx.ssa.NormalSsaInsn::accept (25 bytes)
Event: 3.023 Thread 0x0000000014de8800  956   !   3       com.android.dx.cf.code.Ropper::processBlock (1101 bytes)

GC Heap History (0 events):
No events

Deoptimization events (10 events):
Event: 1.465 Thread 0x00000000025c0800 Uncommon trap: reason=unstable_if action=reinterpret pc=0x0000000002826354 method=java.lang.String.compareTo(Ljava/lang/String;)I @ 38
Event: 2.688 Thread 0x0000000016972800 Uncommon trap: reason=class_check action=maybe_recompile pc=0x00000000029842b0 method=com.android.dx.ssa.NormalSsaInsn.accept(Lcom/android/dx/ssa/SsaInsn$Visitor;)V @ 9
Event: 2.703 Thread 0x0000000016972800 Uncommon trap: reason=class_check action=maybe_recompile pc=0x00000000029842b0 method=com.android.dx.ssa.NormalSsaInsn.accept(Lcom/android/dx/ssa/SsaInsn$Visitor;)V @ 9
Event: 2.715 Thread 0x0000000016972800 Uncommon trap: reason=class_check action=maybe_recompile pc=0x00000000029842b0 method=com.android.dx.ssa.NormalSsaInsn.accept(Lcom/android/dx/ssa/SsaInsn$Visitor;)V @ 9
Event: 2.992 Thread 0x0000000016972800 Uncommon trap: reason=class_check action=maybe_recompile pc=0x0000000002a2689c method=com.android.dx.ssa.NormalSsaInsn.accept(Lcom/android/dx/ssa/SsaInsn$Visitor;)V @ 9
Event: 2.998 Thread 0x00000000025c0800 Uncommon trap: reason=class_check action=maybe_recompile pc=0x00000000029842b0 method=com.android.dx.ssa.NormalSsaInsn.accept(Lcom/android/dx/ssa/SsaInsn$Visitor;)V @ 9
Event: 3.023 Thread 0x000000001697c000 Uncommon trap: reason=class_check action=maybe_recompile pc=0x0000000002a502a0 method=com.android.dx.rop.type.Type.equals(Ljava/lang/Object;)Z @ 8
Event: 3.023 Thread 0x000000001697c000 Uncommon trap: reason=unstable_if action=reinterpret pc=0x0000000002999200 method=java.util.HashMap.getNode(ILjava/lang/Object;)Ljava/util/HashMap$Node; @ 62
Event: 3.023 Thread 0x000000001697c000 Uncommon trap: reason=unstable_if action=reinterpret pc=0x0000000002a50284 method=com.android.dx.rop.code.RegisterSpec.equals(ILcom/android/dx/rop/type/TypeBearer;Lcom/android/dx/rop/code/LocalItem;)Z @ 16
Event: 3.023 Thread 0x000000001697c000 Uncommon trap: reason=unstable_if action=reinterpret pc=0x00000000028e3a24 method=java.util.HashMap.getNode(ILjava/lang/Object;)Ljava/util/HashMap$Node; @ 129

Internal exceptions (2 events):
Event: 0.231 Thread 0x00000000025c0800 Exception <a 'java/lang/NoSuchMethodError': Method sun.misc.Unsafe.defineClass(Ljava/lang/String;[BII)Ljava/lang/Class; name or signature does not match> (0x00000000eab0d2e8) thrown at [D:\re\puppet\workspace\8-2-build-windows-amd64-cygwin\jdk8u73\6086\hotªI¶Ÿ“Í?
Event: 0.231 Thread 0x00000000025c0800 Exception <a 'java/lang/NoSuchMethodError': Method sun.misc.Unsafe.prefetchRead(Ljava/lang/Object;J)V name or signature does not match> (0x00000000eab0d5d0) thrown at [D:\re\puppet\workspace\8-2-build-windows-amd64-cygwin\jdk8u73\6086\hotspot\src\share\vm\

Events (10 events):
Event: 3.023 Thread 0x000000001697c000 DEOPT UNPACKING pc=0x000000000270582a sp=0x00000000177ce368 mode 2
Event: 3.023 Thread 0x000000001697c000 Uncommon trap: trap_request=0xffffff65 fr.pc=0x0000000002999200
Event: 3.023 Thread 0x000000001697c000 DEOPT PACKING pc=0x0000000002999200 sp=0x00000000177ce4e0
Event: 3.023 Thread 0x000000001697c000 DEOPT UNPACKING pc=0x000000000270582a sp=0x00000000177ce400 mode 2
Event: 3.023 Thread 0x000000001697c000 Uncommon trap: trap_request=0xffffff65 fr.pc=0x0000000002a50284
Event: 3.023 Thread 0x000000001697c000 DEOPT PACKING pc=0x0000000002a50284 sp=0x00000000177ce4a0
Event: 3.023 Thread 0x000000001697c000 DEOPT UNPACKING pc=0x000000000270582a sp=0x00000000177ce438 mode 2
Event: 3.023 Thread 0x000000001697c000 Uncommon trap: trap_request=0xffffff65 fr.pc=0x00000000028e3a24
Event: 3.023 Thread 0x000000001697c000 DEOPT PACKING pc=0x00000000028e3a24 sp=0x00000000177ce390
Event: 3.023 Thread 0x000000001697c000 DEOPT UNPACKING pc=0x000000000270582a sp=0x00000000177ce320 mode 2


Dynamic libraries:
0x00007ff67b1f0000 - 0x00007ff67b227000 	C:\Program Files\Java\jdk1.8.0_73\bin\java.exe
0x00007ffefdbd0000 - 0x00007ffefdd7d000 	C:\Windows\SYSTEM32\ntdll.dll
0x00007ffefbb70000 - 0x00007ffefbcae000 	C:\Windows\system32\KERNEL32.DLL
0x00007ffefaf60000 - 0x00007ffefb075000 	C:\Windows\system32\KERNELBASE.dll
0x00007ffef98c0000 - 0x00007ffef994e000 	C:\Windows\system32\apphelp.dll
0x00007ffef02f0000 - 0x00007ffef0343000 	C:\Windows\AppPatch\AppPatch64\AcGenral.DLL
0x00007ffefbd50000 - 0x00007ffefbdfa000 	C:\Windows\system32\msvcrt.dll
0x00007ffefaf30000 - 0x00007ffefaf5e000 	C:\Windows\system32\SspiCli.dll
0x00007ffefc4d0000 - 0x00007ffefc524000 	C:\Windows\system32\SHLWAPI.dll
0x00007ffefb260000 - 0x00007ffefb3d7000 	C:\Windows\system32\USER32.dll
0x00007ffefb410000 - 0x00007ffefb5a4000 	C:\Windows\system32\ole32.dll
0x00007ffefc6a0000 - 0x00007ffefdbc9000 	C:\Windows\system32\SHELL32.dll
0x00007ffefa2c0000 - 0x00007ffefa2e1000 	C:\Windows\SYSTEM32\USERENV.dll
0x00007ffefb8a0000 - 0x00007ffefb94a000 	C:\Windows\system32\ADVAPI32.dll
0x00007ffeef4b0000 - 0x00007ffeef4ce000 	C:\Windows\SYSTEM32\MPR.dll
0x00007ffefc0e0000 - 0x00007ffefc220000 	C:\Windows\system32\RPCRT4.dll
0x00007ffefbcb0000 - 0x00007ffefbd09000 	C:\Windows\SYSTEM32\sechost.dll
0x00007ffefb950000 - 0x00007ffefbb62000 	C:\Windows\SYSTEM32\combase.dll
0x00007ffefbed0000 - 0x00007ffefc01b000 	C:\Windows\system32\GDI32.dll
0x00007ffefad00000 - 0x00007ffefad15000 	C:\Windows\SYSTEM32\profapi.dll
0x00007ffef90e0000 - 0x00007ffef9192000 	C:\Windows\SYSTEM32\SHCORE.dll
0x00007ffefbd10000 - 0x00007ffefbd46000 	C:\Windows\system32\IMM32.DLL
0x00007ffefc530000 - 0x00007ffefc681000 	C:\Windows\system32\MSCTF.dll
0x00007ffef87e0000 - 0x00007ffef8a5b000 	C:\Windows\WinSxS\amd64_microsoft.windows.common-controls_6595b64144ccf1df_6.0.9600.18006_none_623f33d3ecbe86e8\COMCTL32.dll
0x00000000629a0000 - 0x0000000062a72000 	C:\Program Files\Java\jdk1.8.0_73\jre\bin\msvcr100.dll
0x0000000062f00000 - 0x0000000063790000 	C:\Program Files\Java\jdk1.8.0_73\jre\bin\server\jvm.dll
0x00007ffef6b70000 - 0x00007ffef6b79000 	C:\Windows\SYSTEM32\WSOCK32.dll
0x00007ffef5f90000 - 0x00007ffef5fb2000 	C:\Windows\SYSTEM32\WINMM.dll
0x00007ffef5ff0000 - 0x00007ffef5ffa000 	C:\Windows\SYSTEM32\VERSION.dll
0x00007ffefb890000 - 0x00007ffefb897000 	C:\Windows\system32\PSAPI.DLL
0x00007ffefb5b0000 - 0x00007ffefb60a000 	C:\Windows\system32\WS2_32.dll
0x00007ffef5f60000 - 0x00007ffef5f8a000 	C:\Windows\SYSTEM32\WINMMBASE.dll
0x00007ffefc690000 - 0x00007ffefc699000 	C:\Windows\system32\NSI.dll
0x00007ffefae30000 - 0x00007ffefae7f000 	C:\Windows\SYSTEM32\cfgmgr32.dll
0x00007ffef9b40000 - 0x00007ffef9b68000 	C:\Windows\SYSTEM32\DEVOBJ.dll
0x0000000062e10000 - 0x0000000062e1f000 	C:\Program Files\Java\jdk1.8.0_73\jre\bin\verify.dll
0x0000000062de0000 - 0x0000000062e09000 	C:\Program Files\Java\jdk1.8.0_73\jre\bin\java.dll
0x0000000062dc0000 - 0x0000000062dd6000 	C:\Program Files\Java\jdk1.8.0_73\jre\bin\zip.dll

VM Arguments:
jvm_args: -Djava.awt.headless=true -Xmx1024M -Dfile.encoding=windows-1252 -Duser.country=US -Duser.language=en -Duser.variant 
java_command: com.android.dx.command.Main --dex --num-threads=4 --output C:\android_work\asad_bhai\New folder\BMI_Call_d(1)\BMI_Call_d\app\build\intermediates\pre-dexed\debug\com.android.support-support-compat-25.0.1_6eb259d38d3c884e5cb5f1649e9fa10bb135cc18.jar C:\android_work\asad_bhai\New folder\BMI_Call_d(1)\BMI_Call_d\app\build\intermediates\exploded-aar\com.android.support\support-compat\25.0.1\jars\classes.jar
java_class_path (initial): C:\Android\Sdk\build-tools\25.0.0\lib\dx.jar
Launcher Type: SUN_STANDARD

Environment Variables:
PATH=C:\oraclexe\app\oracle\product\10.2.0\server\bin;C:\ProgramData\Oracle\Java\javapath;C:\Windows\system32;C:\Windows;C:\Windows\System32\Wbem;C:\Windows\System32\WindowsPowerShell\v1.0\;C:\Program Files\Git\cmd;C:\Program Files (x86)\Skype\Phone\;C:\instantclient_12_2;C:\Program Files (x86)\Ampps\php;C:\composer;C:\Users\rehan\AppData\Roaming\Composer\vendor\bin
USERNAME=rehan
OS=Windows_NT
PROCESSOR_IDENTIFIER=Intel64 Family 6 Model 58 Stepping 9, GenuineIntel



---------------  S Y S T E M  ---------------

OS: Windows 8.1 , 64 bit Build 9600 (6.3.9600.17415)

CPU:total 4 (2 cores per cpu, 2 threads per core) family 6 model 58 stepping 9, cmov, cx8, fxsr, mmx, sse, sse2, sse3, ssse3, sse4.1, sse4.2, popcnt, avx, aes, clmul, erms, ht, tsc, tscinvbit, tscinv

Memory: 4k page, physical 8281448k(1182688k free), swap 10003096k(5108k free)

vm_info: Java HotSpot(TM) 64-Bit Server VM (25.73-b02) for windows-amd64 JRE (1.8.0_73-b02), built on Jan 29 2016 17:38:49 by "java_re" with MS VC++ 10.0 (VS2010)

time: Thu Dec 28 11:56:00 2017
elapsed time: 3 seconds (0d 0h 0m 3s)

