#
# There is insufficient memory for the Java Runtime Environment to continue.
# Native memory allocation (malloc) failed to allocate 87296 bytes for Chunk::new
# Possible reasons:
#   The system is out of physical RAM or swap space
#   In 32 bit mode, the process size limit was hit
# Possible solutions:
#   Reduce memory load on the system
#   Increase physical memory or swap space
#   Check if swap backing store is full
#   Use 64 bit Java on a 64 bit OS
#   Decrease Java heap size (-Xmx/-Xms)
#   Decrease number of Java threads
#   Decrease Java thread stack sizes (-Xss)
#   Set larger code cache with -XX:ReservedCodeCacheSize=
# This output file may be truncated or incomplete.
#
#  Out of Memory Error (allocation.cpp:390), pid=7320, tid=3880
#
# JRE version: Java(TM) SE Runtime Environment (8.0_73-b02) (build 1.8.0_73-b02)
# Java VM: Java HotSpot(TM) 64-Bit Server VM (25.73-b02 mixed mode windows-amd64 compressed oops)
# Failed to write core dump. Minidumps are not enabled by default on client versions of Windows
#

---------------  T H R E A D  ---------------

Current thread (0x0000000014dd9800):  JavaThread "C2 CompilerThread0" daemon [_thread_in_native, id=3880, stack(0x0000000016420000,0x0000000016520000)]

Stack: [0x0000000016420000,0x0000000016520000]
[error occurred during error reporting (printing stack bounds), id 0xc0000005]

Native frames: (J=compiled Java code, j=interpreted, Vv=VM code, C=native code)


Current CompileTask:
C2:   7785 1069       4       java.util.HashMap::put (13 bytes)


---------------  P R O C E S S  ---------------

Java Threads: ( => current thread )
  0x0000000016726000 JavaThread "Service Thread" daemon [_thread_blocked, id=4416, stack(0x0000000016b20000,0x0000000016c20000)]
  0x0000000014e39800 JavaThread "C1 CompilerThread2" daemon [_thread_in_native, id=2416, stack(0x0000000016620000,0x0000000016720000)]
  0x0000000014deb000 JavaThread "C2 CompilerThread1" daemon [_thread_in_native, id=6808, stack(0x0000000016520000,0x0000000016620000)]
=>0x0000000014dd9800 JavaThread "C2 CompilerThread0" daemon [_thread_in_native, id=3880, stack(0x0000000016420000,0x0000000016520000)]
  0x0000000014dd6800 JavaThread "Attach Listener" daemon [_thread_blocked, id=7716, stack(0x0000000016320000,0x0000000016420000)]
  0x0000000014dd6000 JavaThread "Signal Dispatcher" daemon [_thread_blocked, id=908, stack(0x0000000016220000,0x0000000016320000)]
  0x0000000002706000 JavaThread "Finalizer" daemon [_thread_blocked, id=4956, stack(0x0000000016040000,0x0000000016140000)]
  0x00000000026fd000 JavaThread "Reference Handler" daemon [_thread_blocked, id=2376, stack(0x0000000015f40000,0x0000000016040000)]
  0x0000000002610800 JavaThread "main" [_thread_in_Java, id=7684, stack(0x0000000002510000,0x0000000002610000)]

Other Threads:
  0x0000000014da7800 VMThread [stack: 0x0000000015e40000,0x0000000015f40000] [id=6156]
  0x000000001673a800 WatcherThread [stack: 0x0000000016c20000,0x0000000016d20000] [id=8020]

VM state:not at safepoint (normal execution)

VM Mutex/Monitor currently owned by a thread: None

Heap:
 PSYoungGen      total 38400K, used 16969K [0x00000000eab00000, 0x00000000ed580000, 0x0000000100000000)
  eden space 33280K, 50% used [0x00000000eab00000,0x00000000ebb92780,0x00000000ecb80000)
  from space 5120K, 0% used [0x00000000ed080000,0x00000000ed080000,0x00000000ed580000)
  to   space 5120K, 0% used [0x00000000ecb80000,0x00000000ecb80000,0x00000000ed080000)
 ParOldGen       total 87552K, used 0K [0x00000000c0000000, 0x00000000c5580000, 0x00000000eab00000)
  object space 87552K, 0% used [0x00000000c0000000,0x00000000c0000000,0x00000000c5580000)
 Metaspace       used 6111K, capacity 7000K, committed 7168K, reserved 1056768K
  class space    used 631K, capacity 656K, committed 768K, reserved 1048576K

Card table byte_map: [0x0000000011ad0000,0x0000000011ce0000] byte_map_base: 0x00000000114d0000

Marking Bits: (ParMarkBitMap*) 0x0000000063710600
 Begin Bits: [0x0000000012240000, 0x0000000013240000)
 End Bits:   [0x0000000013240000, 0x0000000014240000)

Polling page: 0x0000000000a60000

CodeCache: size=245760Kb used=4136Kb max_used=4136Kb free=241623Kb
 bounds [0x0000000002710000, 0x0000000002b20000, 0x0000000011710000]
 total_blobs=1342 nmethods=1072 adapters=183
 compilation: enabled

Compilation events (10 events):
Event: 7.776 Thread 0x0000000014e39800 nmethod 1066 0x0000000002b19490 code [0x0000000002b19600, 0x0000000002b19890]
Event: 7.776 Thread 0x0000000014e39800 1067       3       sun.misc.FDBigInteger::<init> (30 bytes)
Event: 7.776 Thread 0x0000000014e39800 nmethod 1067 0x0000000002b19010 code [0x0000000002b19180, 0x0000000002b19388]
Event: 7.776 Thread 0x0000000014e39800 1068       3       sun.misc.FDBigInteger::trimLeadingZeros (57 bytes)
Event: 7.776 Thread 0x0000000014e39800 nmethod 1068 0x0000000002b18a50 code [0x0000000002b18bc0, 0x0000000002b18ef0]
Event: 7.780 Thread 0x0000000014dd9800 1069       4       java.util.HashMap::put (13 bytes)
Event: 7.780 Thread 0x0000000014deb000 1070       4       java.util.HashMap::putVal (300 bytes)
Event: 7.780 Thread 0x0000000014e39800 1071  s    3       java.util.Hashtable::put (104 bytes)
Event: 7.781 Thread 0x0000000014e39800 nmethod 1071 0x0000000002b17d90 code [0x0000000002b17f60, 0x0000000002b186f8]
Event: 7.782 Thread 0x0000000014e39800 1072       3       java.lang.String::toLowerCase (439 bytes)

GC Heap History (0 events):
No events

Deoptimization events (10 events):
Event: 7.296 Thread 0x0000000002610800 Uncommon trap: reason=bimorphic action=maybe_recompile pc=0x00000000029f89b4 method=java.util.HashMap.getNode(ILjava/lang/Object;)Ljava/util/HashMap$Node; @ 126
Event: 7.777 Thread 0x0000000002610800 Uncommon trap: reason=unstable_if action=reinterpret pc=0x0000000002a5feec method=java.util.Arrays.copyOf([Ljava/lang/Object;ILjava/lang/Class;)[Ljava/lang/Object; @ 3
Event: 7.779 Thread 0x0000000002610800 Uncommon trap: reason=speculate_class_check action=maybe_recompile pc=0x0000000002acff50 method=java.util.HashMap.putVal(ILjava/lang/Object;Ljava/lang/Object;ZZ)Ljava/lang/Object; @ 56
Event: 7.779 Thread 0x0000000002610800 Uncommon trap: reason=speculate_class_check action=maybe_recompile pc=0x0000000002acffbc method=java.util.HashMap.putVal(ILjava/lang/Object;Ljava/lang/Object;ZZ)Ljava/lang/Object; @ 152
Event: 7.779 Thread 0x0000000002610800 Uncommon trap: reason=speculate_class_check action=maybe_recompile pc=0x0000000002acff50 method=java.util.HashMap.putVal(ILjava/lang/Object;Ljava/lang/Object;ZZ)Ljava/lang/Object; @ 56
Event: 7.779 Thread 0x0000000002610800 Uncommon trap: reason=speculate_class_check action=maybe_recompile pc=0x0000000002acff50 method=java.util.HashMap.putVal(ILjava/lang/Object;Ljava/lang/Object;ZZ)Ljava/lang/Object; @ 56
Event: 7.779 Thread 0x0000000002610800 Uncommon trap: reason=class_check action=maybe_recompile pc=0x0000000002ad5b84 method=java.util.HashMap.putVal(ILjava/lang/Object;Ljava/lang/Object;ZZ)Ljava/lang/Object; @ 56
Event: 7.779 Thread 0x0000000002610800 Uncommon trap: reason=class_check action=maybe_recompile pc=0x0000000002ad5b84 method=java.util.HashMap.putVal(ILjava/lang/Object;Ljava/lang/Object;ZZ)Ljava/lang/Object; @ 56
Event: 7.779 Thread 0x0000000002610800 Uncommon trap: reason=class_check action=maybe_recompile pc=0x0000000002ad5b84 method=java.util.HashMap.putVal(ILjava/lang/Object;Ljava/lang/Object;ZZ)Ljava/lang/Object; @ 56
Event: 7.779 Thread 0x0000000002610800 Uncommon trap: reason=class_check action=maybe_recompile pc=0x0000000002ad5b84 method=java.util.HashMap.putVal(ILjava/lang/Object;Ljava/lang/Object;ZZ)Ljava/lang/Object; @ 56

Internal exceptions (2 events):
Event: 0.136 Thread 0x0000000002610800 Exception <a 'java/lang/NoSuchMethodError': Method sun.misc.Unsafe.defineClass(Ljava/lang/String;[BII)Ljava/lang/Class; name or signature does not match> (0x00000000eab0d480) thrown at [D:\re\puppet\workspace\8-2-build-windows-amd64-cygwin\jdk8u73\6086\hotJÑÂ·*vÁ?
Event: 0.136 Thread 0x0000000002610800 Exception <a 'java/lang/NoSuchMethodError': Method sun.misc.Unsafe.prefetchRead(Ljava/lang/Object;J)V name or signature does not match> (0x00000000eab0d768) thrown at [D:\re\puppet\workspace\8-2-build-windows-amd64-cygwin\jdk8u73\6086\hotspot\src\share\vm\

Events (10 events):
Event: 7.779 Thread 0x0000000002610800 DEOPT PACKING pc=0x0000000002ad5b84 sp=0x000000000260d880
Event: 7.779 Thread 0x0000000002610800 DEOPT UNPACKING pc=0x000000000275582a sp=0x000000000260d800 mode 2
Event: 7.781 loading class java/util/LinkedHashMap$LinkedEntrySet
Event: 7.781 loading class java/util/LinkedHashMap$LinkedEntrySet done
Event: 7.781 loading class java/util/LinkedHashMap$LinkedEntryIterator
Event: 7.781 loading class java/util/LinkedHashMap$LinkedHashIterator
Event: 7.782 loading class java/util/LinkedHashMap$LinkedHashIterator done
Event: 7.782 loading class java/util/LinkedHashMap$LinkedEntryIterator done
Event: 7.782 loading class java/security/Provider$Service
Event: 7.782 loading class java/security/Provider$Service done


Dynamic libraries:
0x00007ff67b1f0000 - 0x00007ff67b227000 	C:\Program Files\Java\jdk1.8.0_73\bin\java.exe
0x00007ffefdbd0000 - 0x00007ffefdd7d000 	C:\Windows\SYSTEM32\ntdll.dll
0x00007ffefbb70000 - 0x00007ffefbcae000 	C:\Windows\system32\KERNEL32.DLL
0x00007ffefaf60000 - 0x00007ffefb075000 	C:\Windows\system32\KERNELBASE.dll
0x00007ffef98c0000 - 0x00007ffef994e000 	C:\Windows\system32\apphelp.dll
0x00007ffef02f0000 - 0x00007ffef0343000 	C:\Windows\AppPatch\AppPatch64\AcGenral.DLL
0x00007ffefbd50000 - 0x00007ffefbdfa000 	C:\Windows\system32\msvcrt.dll
0x00007ffefaf30000 - 0x00007ffefaf5e000 	C:\Windows\system32\SspiCli.dll
0x00007ffefc4d0000 - 0x00007ffefc524000 	C:\Windows\system32\SHLWAPI.dll
0x00007ffefb260000 - 0x00007ffefb3d7000 	C:\Windows\system32\USER32.dll
0x00007ffefb410000 - 0x00007ffefb5a4000 	C:\Windows\system32\ole32.dll
0x00007ffefc6a0000 - 0x00007ffefdbc9000 	C:\Windows\system32\SHELL32.dll
0x00007ffefa2c0000 - 0x00007ffefa2e1000 	C:\Windows\SYSTEM32\USERENV.dll
0x00007ffefb8a0000 - 0x00007ffefb94a000 	C:\Windows\system32\ADVAPI32.dll
0x00007ffeef4b0000 - 0x00007ffeef4ce000 	C:\Windows\SYSTEM32\MPR.dll
0x00007ffefc0e0000 - 0x00007ffefc220000 	C:\Windows\system32\RPCRT4.dll
0x00007ffefbcb0000 - 0x00007ffefbd09000 	C:\Windows\SYSTEM32\sechost.dll
0x00007ffefb950000 - 0x00007ffefbb62000 	C:\Windows\SYSTEM32\combase.dll
0x00007ffefbed0000 - 0x00007ffefc01b000 	C:\Windows\system32\GDI32.dll
0x00007ffefad00000 - 0x00007ffefad15000 	C:\Windows\SYSTEM32\profapi.dll
0x00007ffef90e0000 - 0x00007ffef9192000 	C:\Windows\SYSTEM32\SHCORE.dll
0x00007ffefbd10000 - 0x00007ffefbd46000 	C:\Windows\system32\IMM32.DLL
0x00007ffefc530000 - 0x00007ffefc681000 	C:\Windows\system32\MSCTF.dll
0x00007ffef87e0000 - 0x00007ffef8a5b000 	C:\Windows\WinSxS\amd64_microsoft.windows.common-controls_6595b64144ccf1df_6.0.9600.18006_none_623f33d3ecbe86e8\COMCTL32.dll
0x00000000629a0000 - 0x0000000062a72000 	C:\Program Files\Java\jdk1.8.0_73\jre\bin\msvcr100.dll
0x0000000062f00000 - 0x0000000063790000 	C:\Program Files\Java\jdk1.8.0_73\jre\bin\server\jvm.dll
0x00007ffef6b70000 - 0x00007ffef6b79000 	C:\Windows\SYSTEM32\WSOCK32.dll
0x00007ffef5f90000 - 0x00007ffef5fb2000 	C:\Windows\SYSTEM32\WINMM.dll
0x00007ffef5ff0000 - 0x00007ffef5ffa000 	C:\Windows\SYSTEM32\VERSION.dll
0x00007ffefb890000 - 0x00007ffefb897000 	C:\Windows\system32\PSAPI.DLL
0x00007ffefb5b0000 - 0x00007ffefb60a000 	C:\Windows\system32\WS2_32.dll
0x00007ffef5f60000 - 0x00007ffef5f8a000 	C:\Windows\SYSTEM32\WINMMBASE.dll
0x00007ffefc690000 - 0x00007ffefc699000 	C:\Windows\system32\NSI.dll
0x00007ffefae30000 - 0x00007ffefae7f000 	C:\Windows\SYSTEM32\cfgmgr32.dll
0x00007ffef9b40000 - 0x00007ffef9b68000 	C:\Windows\SYSTEM32\DEVOBJ.dll
0x0000000062e10000 - 0x0000000062e1f000 	C:\Program Files\Java\jdk1.8.0_73\jre\bin\verify.dll
0x0000000062de0000 - 0x0000000062e09000 	C:\Program Files\Java\jdk1.8.0_73\jre\bin\java.dll
0x0000000062dc0000 - 0x0000000062dd6000 	C:\Program Files\Java\jdk1.8.0_73\jre\bin\zip.dll

VM Arguments:
jvm_args: -Djava.awt.headless=true -Xmx1024M -Dfile.encoding=windows-1252 -Duser.country=US -Duser.language=en -Duser.variant 
java_command: com.android.dx.command.Main --dex --num-threads=4 --output C:\android_work\asad_bhai\New folder\BMI_Call_d(1)\BMI_Call_d\app\build\intermediates\pre-dexed\debug\internal_impl-25.0.1_44f8ec95f43af85edbab405b63d71f758d6c5873.jar C:\android_work\asad_bhai\New folder\BMI_Call_d(1)\BMI_Call_d\app\build\intermediates\exploded-aar\com.android.support\support-fragment\25.0.1\jars\libs\internal_impl-25.0.1.jar
java_class_path (initial): C:\Android\Sdk\build-tools\25.0.0\lib\dx.jar
Launcher Type: SUN_STANDARD

Environment Variables:
PATH=C:\oraclexe\app\oracle\product\10.2.0\server\bin;C:\ProgramData\Oracle\Java\javapath;C:\Windows\system32;C:\Windows;C:\Windows\System32\Wbem;C:\Windows\System32\WindowsPowerShell\v1.0\;C:\Program Files\Git\cmd;C:\Program Files (x86)\Skype\Phone\;C:\instantclient_12_2;C:\Program Files (x86)\Ampps\php;C:\composer;C:\Users\rehan\AppData\Roaming\Composer\vendor\bin
USERNAME=rehan
OS=Windows_NT
PROCESSOR_IDENTIFIER=Intel64 Family 6 Model 58 Stepping 9, GenuineIntel



---------------  S Y S T E M  ---------------

OS: Windows 8.1 , 64 bit Build 9600 (6.3.9600.17415)

CPU:total 4 (2 cores per cpu, 2 threads per core) family 6 model 58 stepping 9, cmov, cx8, fxsr, mmx, sse, sse2, sse3, ssse3, sse4.1, sse4.2, popcnt, avx, aes, clmul, erms, ht, tsc, tscinvbit, tscinv

Memory: 4k page, physical 8281448k(1073944k free), swap 10034476k(5096k free)

vm_info: Java HotSpot(TM) 64-Bit Server VM (25.73-b02) for windows-amd64 JRE (1.8.0_73-b02), built on Jan 29 2016 17:38:49 by "java_re" with MS VC++ 10.0 (VS2010)

time: Thu Dec 28 12:16:30 2017
elapsed time: 7 seconds (0d 0h 0m 7s)

