#
# There is insufficient memory for the Java Runtime Environment to continue.
# Native memory allocation (malloc) failed to allocate 141488 bytes for Chunk::new
# Possible reasons:
#   The system is out of physical RAM or swap space
#   In 32 bit mode, the process size limit was hit
# Possible solutions:
#   Reduce memory load on the system
#   Increase physical memory or swap space
#   Check if swap backing store is full
#   Use 64 bit Java on a 64 bit OS
#   Decrease Java heap size (-Xmx/-Xms)
#   Decrease number of Java threads
#   Decrease Java thread stack sizes (-Xss)
#   Set larger code cache with -XX:ReservedCodeCacheSize=
# This output file may be truncated or incomplete.
#
#  Out of Memory Error (allocation.cpp:390), pid=6080, tid=3960
#
# JRE version: Java(TM) SE Runtime Environment (8.0_73-b02) (build 1.8.0_73-b02)
# Java VM: Java HotSpot(TM) 64-Bit Server VM (25.73-b02 mixed mode windows-amd64 compressed oops)
# Failed to write core dump. Minidumps are not enabled by default on client versions of Windows
#

---------------  T H R E A D  ---------------

Current thread (0x0000000015246800):  JavaThread "C2 CompilerThread1" daemon [_thread_in_native, id=3960, stack(0x0000000016920000,0x0000000016a20000)]

Stack: [0x0000000016920000,0x0000000016a20000]
[error occurred during error reporting (printing stack bounds), id 0xc0000005]

Native frames: (J=compiled Java code, j=interpreted, Vv=VM code, C=native code)


Current CompileTask:
C2:   6952 1603       4       com.android.dx.rop.code.LocalVariableExtractor::processBlock (327 bytes)


---------------  P R O C E S S  ---------------

Java Threads: ( => current thread )
  0x0000000016e57800 JavaThread "pool-1-thread-4" [_thread_blocked, id=4672, stack(0x0000000017520000,0x0000000017620000)]
  0x0000000016e57000 JavaThread "pool-1-thread-3" [_thread_blocked, id=6376, stack(0x0000000017420000,0x0000000017520000)]
  0x0000000016e56000 JavaThread "pool-1-thread-2" [_thread_in_Java, id=7656, stack(0x0000000017320000,0x0000000017420000)]
  0x0000000016e4e000 JavaThread "pool-2-thread-1" [_thread_blocked, id=2600, stack(0x0000000017220000,0x0000000017320000)]
  0x0000000016e49000 JavaThread "pool-1-thread-1" [_thread_blocked, id=6396, stack(0x0000000017120000,0x0000000017220000)]
  0x0000000016b26000 JavaThread "Service Thread" daemon [_thread_blocked, id=1468, stack(0x0000000016f20000,0x0000000017020000)]
  0x000000001524d000 JavaThread "C1 CompilerThread2" daemon [_thread_in_vm, id=2848, stack(0x0000000016a20000,0x0000000016b20000)]
=>0x0000000015246800 JavaThread "C2 CompilerThread1" daemon [_thread_in_native, id=3960, stack(0x0000000016920000,0x0000000016a20000)]
  0x00000000151ec000 JavaThread "C2 CompilerThread0" daemon [_thread_in_native, id=5560, stack(0x0000000016820000,0x0000000016920000)]
  0x00000000151e9800 JavaThread "Attach Listener" daemon [_thread_blocked, id=5108, stack(0x0000000016720000,0x0000000016820000)]
  0x00000000151e8000 JavaThread "Signal Dispatcher" daemon [_thread_blocked, id=152, stack(0x0000000016620000,0x0000000016720000)]
  0x0000000002b16000 JavaThread "Finalizer" daemon [_thread_blocked, id=5956, stack(0x0000000016440000,0x0000000016540000)]
  0x0000000002b0d000 JavaThread "Reference Handler" daemon [_thread_blocked, id=5112, stack(0x0000000016340000,0x0000000016440000)]
  0x0000000002a20800 JavaThread "main" [_thread_in_Java, id=3980, stack(0x0000000002860000,0x0000000002960000)]

Other Threads:
  0x00000000151b7800 VMThread [stack: 0x0000000016240000,0x0000000016340000] [id=8052]
  0x0000000016b2c800 WatcherThread [stack: 0x0000000017020000,0x0000000017120000] [id=1300]

VM state:not at safepoint (normal execution)

VM Mutex/Monitor currently owned by a thread: None

Heap:
 PSYoungGen      total 71680K, used 11454K [0x00000000eab00000, 0x00000000ef600000, 0x0000000100000000)
  eden space 66560K, 9% used [0x00000000eab00000,0x00000000eb137af8,0x00000000eec00000)
  from space 5120K, 99% used [0x00000000ef100000,0x00000000ef5f8048,0x00000000ef600000)
  to   space 5120K, 0% used [0x00000000eec00000,0x00000000eec00000,0x00000000ef100000)
 ParOldGen       total 87552K, used 4317K [0x00000000c0000000, 0x00000000c5580000, 0x00000000eab00000)
  object space 87552K, 4% used [0x00000000c0000000,0x00000000c0437508,0x00000000c5580000)
 Metaspace       used 6141K, capacity 7152K, committed 7296K, reserved 1056768K
  class space    used 591K, capacity 616K, committed 640K, reserved 1048576K

Card table byte_map: [0x0000000011ee0000,0x00000000120f0000] byte_map_base: 0x00000000118e0000

Marking Bits: (ParMarkBitMap*) 0x0000000063710600
 Begin Bits: [0x0000000012650000, 0x0000000013650000)
 End Bits:   [0x0000000013650000, 0x0000000014650000)

Polling page: 0x0000000001030000

CodeCache: size=245760Kb used=6973Kb max_used=6973Kb free=238786Kb
 bounds [0x0000000002b20000, 0x0000000003200000, 0x0000000011b20000]
 total_blobs=1881 nmethods=1618 adapters=176
 compilation: enabled

Compilation events (10 events):
Event: 6.950 Thread 0x000000001524d000 nmethod 1628 0x00000000031f0890 code [0x00000000031f0a00, 0x00000000031f0c28]
Event: 6.950 Thread 0x000000001524d000 1629       3       com.android.dx.cf.cst.ConstantPoolParser::parseIfNecessary (12 bytes)
Event: 6.950 Thread 0x000000001524d000 nmethod 1629 0x00000000031f0cd0 code [0x00000000031f0e40, 0x00000000031f1008]
Event: 6.950 Thread 0x000000001524d000 1630       1       com.android.dx.cf.direct.FieldListParser::getAttributeContext (2 bytes)
Event: 6.950 Thread 0x000000001524d000 nmethod 1630 0x00000000031f1090 code [0x00000000031f11e0, 0x00000000031f12f0]
Event: 6.950 Thread 0x000000001524d000 1631       1       com.android.dx.cf.direct.MethodListParser::getAttributeContext (2 bytes)
Event: 6.950 Thread 0x000000001524d000 nmethod 1631 0x00000000031f1350 code [0x00000000031f14a0, 0x00000000031f15b0]
Event: 6.950 Thread 0x000000001524d000 1632       1       com.android.dx.cf.attrib.AttSourceFile::byteLength (3 bytes)
Event: 6.950 Thread 0x000000001524d000 nmethod 1632 0x00000000031f1610 code [0x00000000031f1760, 0x00000000031f1870]
Event: 6.950 Thread 0x000000001524d000 1633       3       java.util.concurrent.AbstractExecutorService::submit (25 bytes)

GC Heap History (4 events):
Event: 4.407 GC heap before
{Heap before GC invocations=1 (full 0):
 PSYoungGen      total 38400K, used 33280K [0x00000000eab00000, 0x00000000ed580000, 0x0000000100000000)
  eden space 33280K, 100% used [0x00000000eab00000,0x00000000ecb80000,0x00000000ecb80000)
  from space 5120K, 0% used [0x00000000ed080000,0x00000000ed080000,0x00000000ed580000)
  to   space 5120K, 0% used [0x00000000ecb80000,0x00000000ecb80000,0x00000000ed080000)
 ParOldGen       total 87552K, used 0K [0x00000000c0000000, 0x00000000c5580000, 0x00000000eab00000)
  object space 87552K, 0% used [0x00000000c0000000,0x00000000c0000000,0x00000000c5580000)
 Metaspace       used 5892K, capacity 6960K, committed 7040K, reserved 1056768K
  class space    used 590K, capacity 616K, committed 640K, reserved 1048576K
Event: 4.757 GC heap after
Heap after GC invocations=1 (full 0):
 PSYoungGen      total 38400K, used 5104K [0x00000000eab00000, 0x00000000ef600000, 0x0000000100000000)
  eden space 33280K, 0% used [0x00000000eab00000,0x00000000eab00000,0x00000000ecb80000)
  from space 5120K, 99% used [0x00000000ecb80000,0x00000000ed07c068,0x00000000ed080000)
  to   space 5120K, 0% used [0x00000000ef100000,0x00000000ef100000,0x00000000ef600000)
 ParOldGen       total 87552K, used 632K [0x00000000c0000000, 0x00000000c5580000, 0x00000000eab00000)
  object space 87552K, 0% used [0x00000000c0000000,0x00000000c009e068,0x00000000c5580000)
 Metaspace       used 5892K, capacity 6960K, committed 7040K, reserved 1056768K
  class space    used 590K, capacity 616K, committed 640K, reserved 1048576K
}
Event: 6.580 GC heap before
{Heap before GC invocations=2 (full 0):
 PSYoungGen      total 38400K, used 38384K [0x00000000eab00000, 0x00000000ef600000, 0x0000000100000000)
  eden space 33280K, 100% used [0x00000000eab00000,0x00000000ecb80000,0x00000000ecb80000)
  from space 5120K, 99% used [0x00000000ecb80000,0x00000000ed07c068,0x00000000ed080000)
  to   space 5120K, 0% used [0x00000000ef100000,0x00000000ef100000,0x00000000ef600000)
 ParOldGen       total 87552K, used 632K [0x00000000c0000000, 0x00000000c5580000, 0x00000000eab00000)
  object space 87552K, 0% used [0x00000000c0000000,0x00000000c009e068,0x00000000c5580000)
 Metaspace       used 6115K, capacity 7088K, committed 7296K, reserved 1056768K
  class space    used 591K, capacity 616K, committed 640K, reserved 1048576K
Event: 6.774 GC heap after
Heap after GC invocations=2 (full 0):
 PSYoungGen      total 71680K, used 5088K [0x00000000eab00000, 0x00000000ef600000, 0x0000000100000000)
  eden space 66560K, 0% used [0x00000000eab00000,0x00000000eab00000,0x00000000eec00000)
  from space 5120K, 99% used [0x00000000ef100000,0x00000000ef5f8048,0x00000000ef600000)
  to   space 5120K, 0% used [0x00000000eec00000,0x00000000eec00000,0x00000000ef100000)
 ParOldGen       total 87552K, used 4317K [0x00000000c0000000, 0x00000000c5580000, 0x00000000eab00000)
  object space 87552K, 4% used [0x00000000c0000000,0x00000000c0437508,0x00000000c5580000)
 Metaspace       used 6115K, capacity 7088K, committed 7296K, reserved 1056768K
  class space    used 591K, capacity 616K, committed 640K, reserved 1048576K
}

Deoptimization events (10 events):
Event: 3.890 Thread 0x0000000016e56000 Uncommon trap: reason=unstable_if action=reinterpret pc=0x0000000002f4f450 method=com.android.dx.ssa.SsaRenamer$BlockRenamer.addMapping(ILcom/android/dx/rop/code/RegisterSpec;)V @ 120
Event: 5.094 Thread 0x0000000016e57000 Uncommon trap: reason=null_check action=make_not_entrant pc=0x0000000002f16b60 method=com.android.dx.ssa.SsaRenamer.getLocalForNewReg(I)Lcom/android/dx/rop/code/LocalItem; @ 19
Event: 6.138 Thread 0x0000000016e57000 Uncommon trap: reason=bimorphic action=maybe_recompile pc=0x00000000030fb0bc method=com.android.dx.cf.code.BytecodeArray.parseInstruction(ILcom/android/dx/cf/code/BytecodeArray$Visitor;)I @ 1130
Event: 6.138 Thread 0x0000000016e57000 Uncommon trap: reason=uninitialized action=reinterpret pc=0x00000000030fab5c method=com.android.dx.cf.code.BytecodeArray.parseInstruction(ILcom/android/dx/cf/code/BytecodeArray$Visitor;)I @ 1047
Event: 6.171 Thread 0x0000000016e57000 Uncommon trap: reason=unstable_if action=reinterpret pc=0x0000000002e0175c method=com.android.dx.rop.cst.Constant.compareTo(Lcom/android/dx/rop/cst/Constant;)I @ 12
Event: 6.175 Thread 0x0000000016e57000 Uncommon trap: reason=null_check action=make_not_entrant pc=0x0000000002eaf1a0 method=com.android.dx.rop.type.Type.equals(Ljava/lang/Object;)Z @ 8
Event: 6.215 Thread 0x0000000016e57800 Uncommon trap: reason=bimorphic action=maybe_recompile pc=0x00000000031761b8 method=com.android.dx.ssa.LiteralOpUpgrader.tryReplacingWithConstant(Lcom/android/dx/ssa/NormalSsaInsn;)Z @ 52
Event: 6.245 Thread 0x0000000016e57800 Uncommon trap: reason=unstable_if action=reinterpret pc=0x0000000002f83d3c method=com.android.dx.util.IntList.binarysearch(I)I @ 105
Event: 6.777 Thread 0x0000000016e57800 Uncommon trap: reason=bimorphic action=maybe_recompile pc=0x00000000031761b8 method=com.android.dx.ssa.LiteralOpUpgrader.tryReplacingWithConstant(Lcom/android/dx/ssa/NormalSsaInsn;)Z @ 52
Event: 6.886 Thread 0x0000000016e57000 Uncommon trap: reason=unstable_if action=reinterpret pc=0x00000000031da76c method=com.android.dx.dex.code.RopToDop.dopFor(Lcom/android/dx/rop/code/Insn;)Lcom/android/dx/dex/code/Dop; @ 747

Internal exceptions (4 events):
Event: 0.116 Thread 0x0000000002a20800 Exception <a 'java/lang/NoSuchMethodError': Method sun.misc.Unsafe.defineClass(Ljava/lang/String;[BII)Ljava/lang/Class; name or signature does not match> (0x00000000eab0d138) thrown at [D:\re\puppet\workspace\8-2-build-windows-amd64-cygwin\jdk8u73\6086\hot`W\e;Á½?
Event: 0.116 Thread 0x0000000002a20800 Exception <a 'java/lang/NoSuchMethodError': Method sun.misc.Unsafe.prefetchRead(Ljava/lang/Object;J)V name or signature does not match> (0x00000000eab0d420) thrown at [D:\re\puppet\workspace\8-2-build-windows-amd64-cygwin\jdk8u73\6086\hotspot\src\share\vm\"Ìé¿S`@
Event: 5.094 Thread 0x0000000016e57000 Implicit null exception at 0x0000000002f161a6 to 0x0000000002f16b3d
Event: 6.175 Thread 0x0000000016e57000 Implicit null exception at 0x0000000002eaf0a2 to 0x0000000002eaf192

Events (10 events):
Event: 6.245 Thread 0x0000000016e57800 DEOPT PACKING pc=0x0000000002f83d3c sp=0x000000001761e780
Event: 6.245 Thread 0x0000000016e57800 DEOPT UNPACKING pc=0x0000000002b6582a sp=0x000000001761e6f8 mode 2
Event: 6.262 Executing VM operation: ParallelGCFailedAllocation
Event: 6.774 Executing VM operation: ParallelGCFailedAllocation done
Event: 6.777 Thread 0x0000000016e57800 Uncommon trap: trap_request=0xffffffc6 fr.pc=0x00000000031761b8
Event: 6.777 Thread 0x0000000016e57800 DEOPT PACKING pc=0x00000000031761b8 sp=0x000000001761e820
Event: 6.777 Thread 0x0000000016e57800 DEOPT UNPACKING pc=0x0000000002b6582a sp=0x000000001761e728 mode 2
Event: 6.886 Thread 0x0000000016e57000 Uncommon trap: trap_request=0xffffff65 fr.pc=0x00000000031da76c
Event: 6.886 Thread 0x0000000016e57000 DEOPT PACKING pc=0x00000000031da76c sp=0x000000001751e740
Event: 6.886 Thread 0x0000000016e57000 DEOPT UNPACKING pc=0x0000000002b6582a sp=0x000000001751e720 mode 2


Dynamic libraries:
0x00007ff67b1f0000 - 0x00007ff67b227000 	C:\Program Files\Java\jdk1.8.0_73\bin\java.exe
0x00007ffefdbd0000 - 0x00007ffefdd7d000 	C:\Windows\SYSTEM32\ntdll.dll
0x00007ffefbb70000 - 0x00007ffefbcae000 	C:\Windows\system32\KERNEL32.DLL
0x00007ffefaf60000 - 0x00007ffefb075000 	C:\Windows\system32\KERNELBASE.dll
0x00007ffef98c0000 - 0x00007ffef994e000 	C:\Windows\system32\apphelp.dll
0x00007ffef0420000 - 0x00007ffef0473000 	C:\Windows\AppPatch\AppPatch64\AcGenral.DLL
0x00007ffefbd50000 - 0x00007ffefbdfa000 	C:\Windows\system32\msvcrt.dll
0x00007ffefaf30000 - 0x00007ffefaf5e000 	C:\Windows\system32\SspiCli.dll
0x00007ffefc4d0000 - 0x00007ffefc524000 	C:\Windows\system32\SHLWAPI.dll
0x00007ffefb260000 - 0x00007ffefb3d7000 	C:\Windows\system32\USER32.dll
0x00007ffefb410000 - 0x00007ffefb5a4000 	C:\Windows\system32\ole32.dll
0x00007ffefc6a0000 - 0x00007ffefdbc9000 	C:\Windows\system32\SHELL32.dll
0x00007ffefa2c0000 - 0x00007ffefa2e1000 	C:\Windows\SYSTEM32\USERENV.dll
0x00007ffefb8a0000 - 0x00007ffefb94a000 	C:\Windows\system32\ADVAPI32.dll
0x00007ffeef4b0000 - 0x00007ffeef4ce000 	C:\Windows\SYSTEM32\MPR.dll
0x00007ffefc0e0000 - 0x00007ffefc220000 	C:\Windows\system32\RPCRT4.dll
0x00007ffefbcb0000 - 0x00007ffefbd09000 	C:\Windows\SYSTEM32\sechost.dll
0x00007ffefb950000 - 0x00007ffefbb62000 	C:\Windows\SYSTEM32\combase.dll
0x00007ffefbed0000 - 0x00007ffefc01b000 	C:\Windows\system32\GDI32.dll
0x00007ffefad00000 - 0x00007ffefad15000 	C:\Windows\SYSTEM32\profapi.dll
0x00007ffef90e0000 - 0x00007ffef9192000 	C:\Windows\SYSTEM32\SHCORE.dll
0x00007ffefbd10000 - 0x00007ffefbd46000 	C:\Windows\system32\IMM32.DLL
0x00007ffefc530000 - 0x00007ffefc681000 	C:\Windows\system32\MSCTF.dll
0x00007ffef87e0000 - 0x00007ffef8a5b000 	C:\Windows\WinSxS\amd64_microsoft.windows.common-controls_6595b64144ccf1df_6.0.9600.18006_none_623f33d3ecbe86e8\COMCTL32.dll
0x00000000629a0000 - 0x0000000062a72000 	C:\Program Files\Java\jdk1.8.0_73\jre\bin\msvcr100.dll
0x0000000062f00000 - 0x0000000063790000 	C:\Program Files\Java\jdk1.8.0_73\jre\bin\server\jvm.dll
0x00007ffef6b70000 - 0x00007ffef6b79000 	C:\Windows\SYSTEM32\WSOCK32.dll
0x00007ffef5f90000 - 0x00007ffef5fb2000 	C:\Windows\SYSTEM32\WINMM.dll
0x00007ffef5ff0000 - 0x00007ffef5ffa000 	C:\Windows\SYSTEM32\VERSION.dll
0x00007ffefb890000 - 0x00007ffefb897000 	C:\Windows\system32\PSAPI.DLL
0x00007ffefb5b0000 - 0x00007ffefb60a000 	C:\Windows\system32\WS2_32.dll
0x00007ffef5f60000 - 0x00007ffef5f8a000 	C:\Windows\SYSTEM32\WINMMBASE.dll
0x00007ffefc690000 - 0x00007ffefc699000 	C:\Windows\system32\NSI.dll
0x00007ffefae30000 - 0x00007ffefae7f000 	C:\Windows\SYSTEM32\cfgmgr32.dll
0x00007ffef9b40000 - 0x00007ffef9b68000 	C:\Windows\SYSTEM32\DEVOBJ.dll
0x0000000062e10000 - 0x0000000062e1f000 	C:\Program Files\Java\jdk1.8.0_73\jre\bin\verify.dll
0x0000000062de0000 - 0x0000000062e09000 	C:\Program Files\Java\jdk1.8.0_73\jre\bin\java.dll
0x0000000062dc0000 - 0x0000000062dd6000 	C:\Program Files\Java\jdk1.8.0_73\jre\bin\zip.dll

VM Arguments:
jvm_args: -Djava.awt.headless=true -Xmx1024M -Dfile.encoding=windows-1252 -Duser.country=US -Duser.language=en -Duser.variant 
java_command: com.android.dx.command.Main --dex --num-threads=4 --output C:\android_work\asad_bhai\New folder\BMI_Call_d(1)\BMI_Call_d\app\build\intermediates\pre-dexed\debug\com.android.support-support-compat-25.0.1_6eb259d38d3c884e5cb5f1649e9fa10bb135cc18.jar C:\android_work\asad_bhai\New folder\BMI_Call_d(1)\BMI_Call_d\app\build\intermediates\exploded-aar\com.android.support\support-compat\25.0.1\jars\classes.jar
java_class_path (initial): C:\Android\Sdk\build-tools\25.0.0\lib\dx.jar
Launcher Type: SUN_STANDARD

Environment Variables:
PATH=C:\oraclexe\app\oracle\product\10.2.0\server\bin;C:\ProgramData\Oracle\Java\javapath;C:\Windows\system32;C:\Windows;C:\Windows\System32\Wbem;C:\Windows\System32\WindowsPowerShell\v1.0\;C:\Program Files\Git\cmd;C:\Program Files (x86)\Skype\Phone\;C:\instantclient_12_2;C:\Program Files (x86)\Ampps\php;C:\composer;C:\Users\rehan\AppData\Roaming\Composer\vendor\bin
USERNAME=rehan
OS=Windows_NT
PROCESSOR_IDENTIFIER=Intel64 Family 6 Model 58 Stepping 9, GenuineIntel



---------------  S Y S T E M  ---------------

OS: Windows 8.1 , 64 bit Build 9600 (6.3.9600.17415)

CPU:total 4 (2 cores per cpu, 2 threads per core) family 6 model 58 stepping 9, cmov, cx8, fxsr, mmx, sse, sse2, sse3, ssse3, sse4.1, sse4.2, popcnt, avx, aes, clmul, erms, ht, tsc, tscinvbit, tscinv

Memory: 4k page, physical 8281448k(1169432k free), swap 10034476k(5180k free)

vm_info: Java HotSpot(TM) 64-Bit Server VM (25.73-b02) for windows-amd64 JRE (1.8.0_73-b02), built on Jan 29 2016 17:38:49 by "java_re" with MS VC++ 10.0 (VS2010)

time: Thu Dec 28 12:21:35 2017
elapsed time: 6 seconds (0d 0h 0m 6s)

