#
# There is insufficient memory for the Java Runtime Environment to continue.
# Native memory allocation (malloc) failed to allocate 987056 bytes for Chunk::new
# Possible reasons:
#   The system is out of physical RAM or swap space
#   In 32 bit mode, the process size limit was hit
# Possible solutions:
#   Reduce memory load on the system
#   Increase physical memory or swap space
#   Check if swap backing store is full
#   Use 64 bit Java on a 64 bit OS
#   Decrease Java heap size (-Xmx/-Xms)
#   Decrease number of Java threads
#   Decrease Java thread stack sizes (-Xss)
#   Set larger code cache with -XX:ReservedCodeCacheSize=
# This output file may be truncated or incomplete.
#
#  Out of Memory Error (allocation.cpp:390), pid=6576, tid=2604
#
# JRE version: Java(TM) SE Runtime Environment (8.0_73-b02) (build 1.8.0_73-b02)
# Java VM: Java HotSpot(TM) 64-Bit Server VM (25.73-b02 mixed mode windows-amd64 compressed oops)
# Failed to write core dump. Minidumps are not enabled by default on client versions of Windows
#

---------------  T H R E A D  ---------------

Current thread (0x00000000145ab000):  JavaThread "C2 CompilerThread0" daemon [_thread_in_native, id=2604, stack(0x0000000015c00000,0x0000000015d00000)]

Stack: [0x0000000015c00000,0x0000000015d00000]
[error occurred during error reporting (printing stack bounds), id 0xc0000005]

Native frames: (J=compiled Java code, j=interpreted, Vv=VM code, C=native code)


Current CompileTask:
C2:   3977 1365       4       com.android.dx.ssa.SCCP::simulatePhi (169 bytes)


---------------  P R O C E S S  ---------------

Java Threads: ( => current thread )
  0x000000001616a800 JavaThread "pool-1-thread-4" [_thread_in_vm, id=6548, stack(0x0000000016900000,0x0000000016a00000)]
  0x000000001616a000 JavaThread "pool-1-thread-3" [_thread_blocked, id=7840, stack(0x0000000016800000,0x0000000016900000)]
  0x0000000016168800 JavaThread "pool-1-thread-2" [_thread_blocked, id=5136, stack(0x0000000016700000,0x0000000016800000)]
  0x0000000016165000 JavaThread "pool-2-thread-1" [_thread_blocked, id=4248, stack(0x0000000016600000,0x0000000016700000)]
  0x0000000016163800 JavaThread "pool-1-thread-1" [_thread_blocked, id=5860, stack(0x0000000016500000,0x0000000016600000)]
  0x0000000015f05800 JavaThread "Service Thread" daemon [_thread_blocked, id=2916, stack(0x0000000016300000,0x0000000016400000)]
  0x000000001460b800 JavaThread "C1 CompilerThread2" daemon [_thread_blocked, id=5028, stack(0x0000000015e00000,0x0000000015f00000)]
  0x0000000014605800 JavaThread "C2 CompilerThread1" daemon [_thread_in_native, id=8004, stack(0x0000000015d00000,0x0000000015e00000)]
=>0x00000000145ab000 JavaThread "C2 CompilerThread0" daemon [_thread_in_native, id=2604, stack(0x0000000015c00000,0x0000000015d00000)]
  0x00000000145a8000 JavaThread "Attach Listener" daemon [_thread_blocked, id=5180, stack(0x0000000015b00000,0x0000000015c00000)]
  0x00000000145a7000 JavaThread "Signal Dispatcher" daemon [_thread_blocked, id=6232, stack(0x0000000015a00000,0x0000000015b00000)]
  0x0000000001ed6000 JavaThread "Finalizer" daemon [_thread_blocked, id=3060, stack(0x0000000015820000,0x0000000015920000)]
  0x0000000001ecd000 JavaThread "Reference Handler" daemon [_thread_blocked, id=536, stack(0x0000000015720000,0x0000000015820000)]
  0x0000000001de0800 JavaThread "main" [_thread_in_Java, id=6588, stack(0x0000000001c00000,0x0000000001d00000)]

Other Threads:
  0x0000000014577800 VMThread [stack: 0x0000000015620000,0x0000000015720000] [id=2532]
  0x0000000015f0a800 WatcherThread [stack: 0x0000000016400000,0x0000000016500000] [id=6684]

VM state:not at safepoint (normal execution)

VM Mutex/Monitor currently owned by a thread: None

Heap:
 PSYoungGen      total 38400K, used 9828K [0x00000000eab00000, 0x00000000ef600000, 0x0000000100000000)
  eden space 33280K, 14% used [0x00000000eab00000,0x00000000eaf9c9a0,0x00000000ecb80000)
  from space 5120K, 99% used [0x00000000ecb80000,0x00000000ed07c948,0x00000000ed080000)
  to   space 5120K, 0% used [0x00000000ef100000,0x00000000ef100000,0x00000000ef600000)
 ParOldGen       total 87552K, used 2009K [0x00000000c0000000, 0x00000000c5580000, 0x00000000eab00000)
  object space 87552K, 2% used [0x00000000c0000000,0x00000000c01f6660,0x00000000c5580000)
 Metaspace       used 6073K, capacity 6960K, committed 7040K, reserved 1056768K
  class space    used 599K, capacity 616K, committed 640K, reserved 1048576K

Card table byte_map: [0x00000000112a0000,0x00000000114b0000] byte_map_base: 0x0000000010ca0000

Marking Bits: (ParMarkBitMap*) 0x0000000063710600
 Begin Bits: [0x0000000011a10000, 0x0000000012a10000)
 End Bits:   [0x0000000012a10000, 0x0000000013a10000)

Polling page: 0x00000000002c0000

CodeCache: size=245760Kb used=5680Kb max_used=5694Kb free=240079Kb
 bounds [0x0000000001ee0000, 0x0000000002480000, 0x0000000010ee0000]
 total_blobs=1645 nmethods=1376 adapters=182
 compilation: enabled

Compilation events (10 events):
Event: 3.912 Thread 0x000000001460b800 nmethod 1373 0x0000000002463050 code [0x0000000002463220, 0x0000000002463cc8]
Event: 3.913 Thread 0x0000000014605800 1374       4       com.android.dx.rop.code.Insn::hashCode (5 bytes)
Event: 3.914 Thread 0x0000000014605800 nmethod 1374 0x0000000002462dd0 code [0x0000000002462f20, 0x0000000002462fc8]
Event: 3.915 Thread 0x0000000014605800 1375       4       com.android.dx.ssa.SCCP::addBlockToWorklist (47 bytes)
Event: 3.929 Thread 0x0000000014605800 nmethod 1375 0x000000000245c890 code [0x000000000245ca20, 0x000000000245d288]
Event: 3.933 Thread 0x0000000014605800 1376       4       com.android.dx.rop.code.ThrowingCstInsn::accept (8 bytes)
Event: 3.934 Thread 0x0000000014605800 nmethod 1376 0x0000000002425c90 code [0x0000000002425dc0, 0x0000000002425e38]
Event: 3.934 Thread 0x0000000014605800 1377       4       java.util.HashMap::put (13 bytes)
Event: 3.947 Thread 0x0000000014605800 nmethod 1377 0x000000000245e810 code [0x000000000245e9e0, 0x000000000245f250]
Event: 3.951 Thread 0x0000000014605800 1378       4       com.android.dx.ssa.SCCP::simulateBranch (666 bytes)

GC Heap History (2 events):
Event: 3.293 GC heap before
{Heap before GC invocations=1 (full 0):
 PSYoungGen      total 38400K, used 33280K [0x00000000eab00000, 0x00000000ed580000, 0x0000000100000000)
  eden space 33280K, 100% used [0x00000000eab00000,0x00000000ecb80000,0x00000000ecb80000)
  from space 5120K, 0% used [0x00000000ed080000,0x00000000ed080000,0x00000000ed580000)
  to   space 5120K, 0% used [0x00000000ecb80000,0x00000000ecb80000,0x00000000ed080000)
 ParOldGen       total 87552K, used 0K [0x00000000c0000000, 0x00000000c5580000, 0x00000000eab00000)
  object space 87552K, 0% used [0x00000000c0000000,0x00000000c0000000,0x00000000c5580000)
 Metaspace       used 6055K, capacity 6960K, committed 7040K, reserved 1056768K
  class space    used 599K, capacity 616K, committed 640K, reserved 1048576K
Event: 3.811 GC heap after
Heap after GC invocations=1 (full 0):
 PSYoungGen      total 38400K, used 5106K [0x00000000eab00000, 0x00000000ef600000, 0x0000000100000000)
  eden space 33280K, 0% used [0x00000000eab00000,0x00000000eab00000,0x00000000ecb80000)
  from space 5120K, 99% used [0x00000000ecb80000,0x00000000ed07c948,0x00000000ed080000)
  to   space 5120K, 0% used [0x00000000ef100000,0x00000000ef100000,0x00000000ef600000)
 ParOldGen       total 87552K, used 2009K [0x00000000c0000000, 0x00000000c5580000, 0x00000000eab00000)
  object space 87552K, 2% used [0x00000000c0000000,0x00000000c01f6660,0x00000000c5580000)
 Metaspace       used 6055K, capacity 6960K, committed 7040K, reserved 1056768K
  class space    used 599K, capacity 616K, committed 640K, reserved 1048576K
}

Deoptimization events (5 events):
Event: 1.671 Thread 0x000000001616a800 Uncommon trap: reason=unstable_if action=reinterpret pc=0x000000000211ebb0 method=java.util.BitSet.nextSetBit(I)I @ 87
Event: 1.723 Thread 0x0000000016163800 Uncommon trap: reason=unstable_if action=reinterpret pc=0x000000000216ad70 method=java.util.BitSet.ensureCapacity(I)V @ 6
Event: 1.746 Thread 0x0000000016163800 Uncommon trap: reason=unstable_if action=reinterpret pc=0x000000000223be60 method=com.android.dx.rop.code.RegisterSpec.equals(ILcom/android/dx/rop/type/TypeBearer;Lcom/android/dx/rop/code/LocalItem;)Z @ 42
Event: 2.231 Thread 0x0000000016163800 Uncommon trap: reason=unstable_if action=reinterpret pc=0x000000000216b0f4 method=java.util.BitSet.ensureCapacity(I)V @ 6
Event: 2.945 Thread 0x0000000001de0800 Uncommon trap: reason=unloaded action=reinterpret pc=0x00000000023d2344 method=com.android.dx.cf.cst.ConstantPoolParser.parse0(ILjava/util/BitSet;)Lcom/android/dx/rop/cst/Constant; @ 176

Internal exceptions (2 events):
Event: 0.104 Thread 0x0000000001de0800 Exception <a 'java/lang/NoSuchMethodError': Method sun.misc.Unsafe.defineClass(Ljava/lang/String;[BII)Ljava/lang/Class; name or signature does not match> (0x00000000eab0d420) thrown at [D:\re\puppet\workspace\8-2-build-windows-amd64-cygwin\jdk8u73\6086\hot„»W*ª∫?
Event: 0.104 Thread 0x0000000001de0800 Exception <a 'java/lang/NoSuchMethodError': Method sun.misc.Unsafe.prefetchRead(Ljava/lang/Object;J)V name or signature does not match> (0x00000000eab0d708) thrown at [D:\re\puppet\workspace\8-2-build-windows-amd64-cygwin\jdk8u73\6086\hotspot\src\share\vm\

Events (10 events):
Event: 2.967 loading class com/android/dx/cf/attrib/AttDeprecated
Event: 2.967 loading class com/android/dx/cf/attrib/AttDeprecated done
Event: 2.967 loading class com/android/dx/cf/direct/AnnotationParser
Event: 2.968 loading class com/android/dx/cf/direct/AnnotationParser done
Event: 2.978 loading class com/android/dx/cf/attrib/AttRuntimeVisibleAnnotations
Event: 2.978 loading class com/android/dx/cf/attrib/AttRuntimeVisibleAnnotations done
Event: 2.978 loading class com/android/dx/cf/attrib/BaseAnnotations
Event: 2.978 loading class com/android/dx/cf/attrib/BaseAnnotations done
Event: 3.126 Executing VM operation: ParallelGCFailedAllocation
Event: 3.811 Executing VM operation: ParallelGCFailedAllocation done


Dynamic libraries:
0x00007ff67b1f0000 - 0x00007ff67b227000 	C:\Program Files\Java\jdk1.8.0_73\bin\java.exe
0x00007ffefdbd0000 - 0x00007ffefdd7d000 	C:\Windows\SYSTEM32\ntdll.dll
0x00007ffefbb70000 - 0x00007ffefbcae000 	C:\Windows\system32\KERNEL32.DLL
0x00007ffefaf60000 - 0x00007ffefb075000 	C:\Windows\system32\KERNELBASE.dll
0x00007ffef98c0000 - 0x00007ffef994e000 	C:\Windows\system32\apphelp.dll
0x00007ffef02f0000 - 0x00007ffef0343000 	C:\Windows\AppPatch\AppPatch64\AcGenral.DLL
0x00007ffefbd50000 - 0x00007ffefbdfa000 	C:\Windows\system32\msvcrt.dll
0x00007ffefaf30000 - 0x00007ffefaf5e000 	C:\Windows\system32\SspiCli.dll
0x00007ffefc4d0000 - 0x00007ffefc524000 	C:\Windows\system32\SHLWAPI.dll
0x00007ffefb260000 - 0x00007ffefb3d7000 	C:\Windows\system32\USER32.dll
0x00007ffefb410000 - 0x00007ffefb5a4000 	C:\Windows\system32\ole32.dll
0x00007ffefc6a0000 - 0x00007ffefdbc9000 	C:\Windows\system32\SHELL32.dll
0x00007ffefa2c0000 - 0x00007ffefa2e1000 	C:\Windows\SYSTEM32\USERENV.dll
0x00007ffefb8a0000 - 0x00007ffefb94a000 	C:\Windows\system32\ADVAPI32.dll
0x00007ffeef4b0000 - 0x00007ffeef4ce000 	C:\Windows\SYSTEM32\MPR.dll
0x00007ffefc0e0000 - 0x00007ffefc220000 	C:\Windows\system32\RPCRT4.dll
0x00007ffefbcb0000 - 0x00007ffefbd09000 	C:\Windows\SYSTEM32\sechost.dll
0x00007ffefb950000 - 0x00007ffefbb62000 	C:\Windows\SYSTEM32\combase.dll
0x00007ffefbed0000 - 0x00007ffefc01b000 	C:\Windows\system32\GDI32.dll
0x00007ffefad00000 - 0x00007ffefad15000 	C:\Windows\SYSTEM32\profapi.dll
0x00007ffef90e0000 - 0x00007ffef9192000 	C:\Windows\SYSTEM32\SHCORE.dll
0x00007ffefbd10000 - 0x00007ffefbd46000 	C:\Windows\system32\IMM32.DLL
0x00007ffefc530000 - 0x00007ffefc681000 	C:\Windows\system32\MSCTF.dll
0x00007ffef87e0000 - 0x00007ffef8a5b000 	C:\Windows\WinSxS\amd64_microsoft.windows.common-controls_6595b64144ccf1df_6.0.9600.18006_none_623f33d3ecbe86e8\COMCTL32.dll
0x00000000629a0000 - 0x0000000062a72000 	C:\Program Files\Java\jdk1.8.0_73\jre\bin\msvcr100.dll
0x0000000062f00000 - 0x0000000063790000 	C:\Program Files\Java\jdk1.8.0_73\jre\bin\server\jvm.dll
0x00007ffef6b70000 - 0x00007ffef6b79000 	C:\Windows\SYSTEM32\WSOCK32.dll
0x00007ffef5f90000 - 0x00007ffef5fb2000 	C:\Windows\SYSTEM32\WINMM.dll
0x00007ffef5ff0000 - 0x00007ffef5ffa000 	C:\Windows\SYSTEM32\VERSION.dll
0x00007ffefb890000 - 0x00007ffefb897000 	C:\Windows\system32\PSAPI.DLL
0x00007ffefb5b0000 - 0x00007ffefb60a000 	C:\Windows\system32\WS2_32.dll
0x00007ffef5f60000 - 0x00007ffef5f8a000 	C:\Windows\SYSTEM32\WINMMBASE.dll
0x00007ffefc690000 - 0x00007ffefc699000 	C:\Windows\system32\NSI.dll
0x00007ffefae30000 - 0x00007ffefae7f000 	C:\Windows\SYSTEM32\cfgmgr32.dll
0x00007ffef9b40000 - 0x00007ffef9b68000 	C:\Windows\SYSTEM32\DEVOBJ.dll
0x0000000062e10000 - 0x0000000062e1f000 	C:\Program Files\Java\jdk1.8.0_73\jre\bin\verify.dll
0x0000000062de0000 - 0x0000000062e09000 	C:\Program Files\Java\jdk1.8.0_73\jre\bin\java.dll
0x0000000062dc0000 - 0x0000000062dd6000 	C:\Program Files\Java\jdk1.8.0_73\jre\bin\zip.dll

VM Arguments:
jvm_args: -Djava.awt.headless=true -Xmx1024M -Dfile.encoding=windows-1252 -Duser.country=US -Duser.language=en -Duser.variant 
java_command: com.android.dx.command.Main --dex --num-threads=4 --output C:\android_work\asad_bhai\New folder\BMI_Call_d(1)\BMI_Call_d\app\build\intermediates\pre-dexed\debug\com.crashlytics.sdk.android-crashlytics-core-2.4.1_6a43881bb9cab4607e9a2b398b3b6e5ea8aaafa7.jar C:\android_work\asad_bhai\New folder\BMI_Call_d(1)\BMI_Call_d\app\build\intermediates\exploded-aar\com.crashlytics.sdk.android\crashlytics-core\2.4.1\jars\classes.jar
java_class_path (initial): C:\Android\Sdk\build-tools\25.0.0\lib\dx.jar
Launcher Type: SUN_STANDARD

Environment Variables:
PATH=C:\oraclexe\app\oracle\product\10.2.0\server\bin;C:\ProgramData\Oracle\Java\javapath;C:\Windows\system32;C:\Windows;C:\Windows\System32\Wbem;C:\Windows\System32\WindowsPowerShell\v1.0\;C:\Program Files\Git\cmd;C:\Program Files (x86)\Skype\Phone\;C:\instantclient_12_2;C:\Program Files (x86)\Ampps\php;C:\composer;C:\Users\rehan\AppData\Roaming\Composer\vendor\bin
USERNAME=rehan
OS=Windows_NT
PROCESSOR_IDENTIFIER=Intel64 Family 6 Model 58 Stepping 9, GenuineIntel



---------------  S Y S T E M  ---------------

OS: Windows 8.1 , 64 bit Build 9600 (6.3.9600.17415)

CPU:total 4 (2 cores per cpu, 2 threads per core) family 6 model 58 stepping 9, cmov, cx8, fxsr, mmx, sse, sse2, sse3, ssse3, sse4.1, sse4.2, popcnt, avx, aes, clmul, erms, ht, tsc, tscinvbit, tscinv

Memory: 4k page, physical 8281448k(1558588k free), swap 10003096k(5860k free)

vm_info: Java HotSpot(TM) 64-Bit Server VM (25.73-b02) for windows-amd64 JRE (1.8.0_73-b02), built on Jan 29 2016 17:38:49 by "java_re" with MS VC++ 10.0 (VS2010)

time: Thu Dec 28 11:52:14 2017
elapsed time: 3 seconds (0d 0h 0m 3s)

