#
# There is insufficient memory for the Java Runtime Environment to continue.
# Native memory allocation (malloc) failed to allocate 46416 bytes for Chunk::new
# Possible reasons:
#   The system is out of physical RAM or swap space
#   In 32 bit mode, the process size limit was hit
# Possible solutions:
#   Reduce memory load on the system
#   Increase physical memory or swap space
#   Check if swap backing store is full
#   Use 64 bit Java on a 64 bit OS
#   Decrease Java heap size (-Xmx/-Xms)
#   Decrease number of Java threads
#   Decrease Java thread stack sizes (-Xss)
#   Set larger code cache with -XX:ReservedCodeCacheSize=
# This output file may be truncated or incomplete.
#
#  Out of Memory Error (allocation.cpp:390), pid=6616, tid=3820
#
# JRE version: Java(TM) SE Runtime Environment (8.0_73-b02) (build 1.8.0_73-b02)
# Java VM: Java HotSpot(TM) 64-Bit Server VM (25.73-b02 mixed mode windows-amd64 compressed oops)
# Failed to write core dump. Minidumps are not enabled by default on client versions of Windows
#

---------------  T H R E A D  ---------------

Current thread (0x000000001504c000):  JavaThread "C2 CompilerThread0" daemon [_thread_in_native, id=3820, stack(0x0000000016680000,0x0000000016780000)]

Stack: [0x0000000016680000,0x0000000016780000]
[error occurred during error reporting (printing stack bounds), id 0xc0000005]

Native frames: (J=compiled Java code, j=interpreted, Vv=VM code, C=native code)


Current CompileTask:
C2:   2664 1272       4       com.android.dx.ssa.SCCP::simulateBranch (666 bytes)


---------------  P R O C E S S  ---------------

Java Threads: ( => current thread )
  0x0000000016af0000 JavaThread "pool-2-thread-3" [_thread_in_Java, id=6172, stack(0x0000000017280000,0x0000000017380000)]
  0x0000000016aef000 JavaThread "pool-2-thread-2" [_thread_in_Java, id=920, stack(0x0000000017180000,0x0000000017280000)]
  0x0000000016ae4800 JavaThread "pool-3-thread-1" [_thread_blocked, id=5180, stack(0x0000000017080000,0x0000000017180000)]
  0x0000000016ae3800 JavaThread "pool-2-thread-1" [_thread_in_Java, id=7100, stack(0x0000000016f80000,0x0000000017080000)]
  0x0000000016986000 JavaThread "Service Thread" daemon [_thread_blocked, id=2796, stack(0x0000000016d80000,0x0000000016e80000)]
  0x00000000150ad000 JavaThread "C1 CompilerThread2" daemon [_thread_blocked, id=3672, stack(0x0000000016880000,0x0000000016980000)]
  0x00000000150a6800 JavaThread "C2 CompilerThread1" daemon [_thread_in_native, id=7624, stack(0x0000000016780000,0x0000000016880000)]
=>0x000000001504c000 JavaThread "C2 CompilerThread0" daemon [_thread_in_native, id=3820, stack(0x0000000016680000,0x0000000016780000)]
  0x0000000015049000 JavaThread "Attach Listener" daemon [_thread_blocked, id=2548, stack(0x0000000016580000,0x0000000016680000)]
  0x0000000015048000 JavaThread "Signal Dispatcher" daemon [_thread_blocked, id=2176, stack(0x0000000016480000,0x0000000016580000)]
  0x0000000002976000 JavaThread "Finalizer" daemon [_thread_blocked, id=8180, stack(0x00000000162a0000,0x00000000163a0000)]
  0x000000000296d000 JavaThread "Reference Handler" daemon [_thread_blocked, id=4836, stack(0x00000000161a0000,0x00000000162a0000)]
  0x0000000002880800 JavaThread "main" [_thread_blocked, id=5668, stack(0x0000000002750000,0x0000000002850000)]

Other Threads:
  0x0000000015017800 VMThread [stack: 0x00000000160a0000,0x00000000161a0000] [id=7852]
  0x000000001699d000 WatcherThread [stack: 0x0000000016e80000,0x0000000016f80000] [id=7408]

VM state:not at safepoint (normal execution)

VM Mutex/Monitor currently owned by a thread: None

Heap:
 PSYoungGen      total 38400K, used 21138K [0x00000000eab00000, 0x00000000ed580000, 0x0000000100000000)
  eden space 33280K, 48% used [0x00000000eab00000,0x00000000ebaa5648,0x00000000ecb80000)
  from space 5120K, 99% used [0x00000000ecb80000,0x00000000ed07f448,0x00000000ed080000)
  to   space 5120K, 0% used [0x00000000ed080000,0x00000000ed080000,0x00000000ed580000)
 ParOldGen       total 87552K, used 1646K [0x00000000c0000000, 0x00000000c5580000, 0x00000000eab00000)
  object space 87552K, 1% used [0x00000000c0000000,0x00000000c019b928,0x00000000c5580000)
 Metaspace       used 6003K, capacity 6962K, committed 7040K, reserved 1056768K
  class space    used 599K, capacity 618K, committed 640K, reserved 1048576K

Card table byte_map: [0x0000000011d40000,0x0000000011f50000] byte_map_base: 0x0000000011740000

Marking Bits: (ParMarkBitMap*) 0x000000006a8a0600
 Begin Bits: [0x00000000124b0000, 0x00000000134b0000)
 End Bits:   [0x00000000134b0000, 0x00000000144b0000)

Polling page: 0x0000000000f80000

CodeCache: size=245760Kb used=5194Kb max_used=5207Kb free=240566Kb
 bounds [0x0000000002980000, 0x0000000002ea0000, 0x0000000011980000]
 total_blobs=1529 nmethods=1260 adapters=182
 compilation: enabled

Compilation events (10 events):
Event: 2.614 Thread 0x000000001504c000 nmethod 1267% 0x0000000002e6c910 code [0x0000000002e6ca80, 0x0000000002e6cdb8]
Event: 2.619 Thread 0x00000000150ad000 1269       3       com.android.dx.ssa.DomFront::calcDomFronts (154 bytes)
Event: 2.621 Thread 0x00000000150ad000 nmethod 1269 0x0000000002e78550 code [0x0000000002e787e0, 0x0000000002e79788]
Event: 2.623 Thread 0x000000001504c000 1270       4       com.android.dx.ssa.SsaRenamer$BlockRenamer::visitNonMoveInsn (14 bytes)
Event: 2.637 Thread 0x00000000150ad000 1273       3       com.android.dx.ssa.back.LivenessAnalyzer::coInterferePhis (128 bytes)
Event: 2.639 Thread 0x00000000150ad000 nmethod 1273 0x0000000002e87010 code [0x0000000002e872a0, 0x0000000002e88558]
Event: 2.644 Thread 0x00000000150a6800 nmethod 1268 0x0000000002e81d50 code [0x0000000002e81f60, 0x0000000002e83270]
Event: 2.644 Thread 0x00000000150a6800 1271       4       com.android.dx.ssa.SsaRenamer$BlockRenamer::process (191 bytes)
Event: 2.647 Thread 0x000000001504c000 nmethod 1270 0x0000000002e85290 code [0x0000000002e85460, 0x0000000002e85f10]
Event: 2.647 Thread 0x000000001504c000 1272       4       com.android.dx.ssa.SCCP::simulateBranch (666 bytes)

GC Heap History (2 events):
Event: 1.850 GC heap before
{Heap before GC invocations=1 (full 0):
 PSYoungGen      total 38400K, used 33280K [0x00000000eab00000, 0x00000000ed580000, 0x0000000100000000)
  eden space 33280K, 100% used [0x00000000eab00000,0x00000000ecb80000,0x00000000ecb80000)
  from space 5120K, 0% used [0x00000000ed080000,0x00000000ed080000,0x00000000ed580000)
  to   space 5120K, 0% used [0x00000000ecb80000,0x00000000ecb80000,0x00000000ed080000)
 ParOldGen       total 87552K, used 0K [0x00000000c0000000, 0x00000000c5580000, 0x00000000eab00000)
  object space 87552K, 0% used [0x00000000c0000000,0x00000000c0000000,0x00000000c5580000)
 Metaspace       used 5951K, capacity 6896K, committed 7040K, reserved 1056768K
  class space    used 596K, capacity 616K, committed 640K, reserved 1048576K
Event: 2.000 GC heap after
Heap after GC invocations=1 (full 0):
 PSYoungGen      total 38400K, used 5117K [0x00000000eab00000, 0x00000000ed580000, 0x0000000100000000)
  eden space 33280K, 0% used [0x00000000eab00000,0x00000000eab00000,0x00000000ecb80000)
  from space 5120K, 99% used [0x00000000ecb80000,0x00000000ed07f448,0x00000000ed080000)
  to   space 5120K, 0% used [0x00000000ed080000,0x00000000ed080000,0x00000000ed580000)
 ParOldGen       total 87552K, used 1646K [0x00000000c0000000, 0x00000000c5580000, 0x00000000eab00000)
  object space 87552K, 1% used [0x00000000c0000000,0x00000000c019b928,0x00000000c5580000)
 Metaspace       used 5951K, capacity 6896K, committed 7040K, reserved 1056768K
  class space    used 596K, capacity 616K, committed 640K, reserved 1048576K
}

Deoptimization events (10 events):
Event: 1.172 Thread 0x0000000016ae3800 Uncommon trap: reason=class_check action=maybe_recompile pc=0x0000000002d4e0e0 method=com.android.dx.ssa.NormalSsaInsn.accept(Lcom/android/dx/ssa/SsaInsn$Visitor;)V @ 9
Event: 1.173 Thread 0x0000000016ae3800 Uncommon trap: reason=class_check action=maybe_recompile pc=0x0000000002d4e0e0 method=com.android.dx.ssa.NormalSsaInsn.accept(Lcom/android/dx/ssa/SsaInsn$Visitor;)V @ 9
Event: 1.173 Thread 0x0000000016ae3800 Uncommon trap: reason=class_check action=maybe_recompile pc=0x0000000002ba7f70 method=com.android.dx.ssa.NormalSsaInsn.accept(Lcom/android/dx/ssa/SsaInsn$Visitor;)V @ 9
Event: 1.388 Thread 0x0000000016af6000 Uncommon trap: reason=unstable_if action=reinterpret pc=0x0000000002c6339c method=com.android.dx.rop.code.RegisterSpec.equals(ILcom/android/dx/rop/type/TypeBearer;Lcom/android/dx/rop/code/LocalItem;)Z @ 42
Event: 1.658 Thread 0x0000000016ae3800 Uncommon trap: reason=class_check action=maybe_recompile pc=0x0000000002df60f8 method=com.android.dx.ssa.SCCP.setLatticeValueTo(IILcom/android/dx/rop/cst/Constant;)Z @ 43
Event: 1.665 Thread 0x0000000016ae3800 Uncommon trap: reason=class_check action=maybe_recompile pc=0x0000000002df60f8 method=com.android.dx.ssa.SCCP.setLatticeValueTo(IILcom/android/dx/rop/cst/Constant;)Z @ 43
Event: 1.674 Thread 0x0000000016ae3800 Uncommon trap: reason=bimorphic action=maybe_recompile pc=0x0000000002ba51c8 method=java.util.HashMap.getNode(ILjava/lang/Object;)Ljava/util/HashMap$Node; @ 126
Event: 1.674 Thread 0x0000000016ae3800 Uncommon trap: reason=class_check action=maybe_recompile pc=0x0000000002d5ee44 method=java.util.HashMap.putVal(ILjava/lang/Object;Ljava/lang/Object;ZZ)Ljava/lang/Object; @ 203
Event: 1.681 Thread 0x0000000016ae3800 Uncommon trap: reason=class_check action=maybe_recompile pc=0x0000000002df60f8 method=com.android.dx.ssa.SCCP.setLatticeValueTo(IILcom/android/dx/rop/cst/Constant;)Z @ 43
Event: 1.681 Thread 0x0000000016ae3800 Uncommon trap: reason=class_check action=maybe_recompile pc=0x0000000002df60f8 method=com.android.dx.ssa.SCCP.setLatticeValueTo(IILcom/android/dx/rop/cst/Constant;)Z @ 43

Internal exceptions (4 events):
Event: 0.068 Thread 0x0000000002880800 Exception <a 'java/lang/NoSuchMethodError': Method sun.misc.Unsafe.defineClass(Ljava/lang/String;[BII)Ljava/lang/Class; name or signature does not match> (0x00000000eab0d228) thrown at [D:\re\puppet\workspace\8-2-build-windows-amd64-cygwin\jdk8u73\6086\hot@<ü–±?
Event: 0.069 Thread 0x0000000002880800 Exception <a 'java/lang/NoSuchMethodError': Method sun.misc.Unsafe.prefetchRead(Ljava/lang/Object;J)V name or signature does not match> (0x00000000eab0d510) thrown at [D:\re\puppet\workspace\8-2-build-windows-amd64-cygwin\jdk8u73\6086\hotspot\src\share\vm\:Ó¬Ìh;ñ?
Event: 1.077 Thread 0x0000000002880800 Implicit null exception at 0x0000000002c6f63a to 0x0000000002c70d71
Event: 1.082 Thread 0x0000000002880800 Implicit null exception at 0x0000000002cdaee2 to 0x0000000002cdafd2

Events (10 events):
Event: 2.049 loading class com/android/dx/cf/direct/AnnotationParser done
Event: 2.102 loading class com/android/dx/cf/attrib/AttRuntimeVisibleAnnotations
Event: 2.102 loading class com/android/dx/cf/attrib/AttRuntimeVisibleAnnotations done
Event: 2.102 loading class com/android/dx/cf/attrib/BaseAnnotations
Event: 2.102 loading class com/android/dx/cf/attrib/BaseAnnotations done
Event: 2.103 loading class java/util/HashMap$KeySet
Event: 2.103 loading class java/util/HashMap$KeySet done
Event: 2.103 loading class java/util/HashMap$KeyIterator
Event: 2.103 loading class java/util/HashMap$KeyIterator done
Event: 2.104 Thread 0x0000000016af6000 Thread exited: 0x0000000016af6000


Dynamic libraries:
0x00007ff6aff90000 - 0x00007ff6affc7000 	C:\Program Files\Java\jdk1.8.0_73\bin\java.exe
0x00007ff9e9900000 - 0x00007ff9e9aad000 	C:\Windows\SYSTEM32\ntdll.dll
0x00007ff9e7130000 - 0x00007ff9e726e000 	C:\Windows\system32\KERNEL32.DLL
0x00007ff9e6e70000 - 0x00007ff9e6f85000 	C:\Windows\system32\KERNELBASE.dll
0x00007ff9e55f0000 - 0x00007ff9e567e000 	C:\Windows\system32\apphelp.dll
0x00007ff9d9d60000 - 0x00007ff9d9db3000 	C:\Windows\AppPatch\AppPatch64\AcGenral.DLL
0x00007ff9e75b0000 - 0x00007ff9e765a000 	C:\Windows\system32\msvcrt.dll
0x00007ff9e6b00000 - 0x00007ff9e6b2e000 	C:\Windows\system32\SspiCli.dll
0x00007ff9e7550000 - 0x00007ff9e75a4000 	C:\Windows\system32\SHLWAPI.dll
0x00007ff9e8fb0000 - 0x00007ff9e9127000 	C:\Windows\system32\USER32.dll
0x00007ff9e6f90000 - 0x00007ff9e7124000 	C:\Windows\system32\ole32.dll
0x00007ff9e7770000 - 0x00007ff9e8c99000 	C:\Windows\system32\SHELL32.dll
0x00007ff9e5ff0000 - 0x00007ff9e6011000 	C:\Windows\SYSTEM32\USERENV.dll
0x00007ff9e7660000 - 0x00007ff9e770a000 	C:\Windows\system32\ADVAPI32.dll
0x00007ff9db390000 - 0x00007ff9db3ae000 	C:\Windows\SYSTEM32\MPR.dll
0x00007ff9e9150000 - 0x00007ff9e9290000 	C:\Windows\system32\RPCRT4.dll
0x00007ff9e7340000 - 0x00007ff9e7399000 	C:\Windows\SYSTEM32\sechost.dll
0x00007ff9e9650000 - 0x00007ff9e9862000 	C:\Windows\SYSTEM32\combase.dll
0x00007ff9e73a0000 - 0x00007ff9e74eb000 	C:\Windows\system32\GDI32.dll
0x00007ff9e6a30000 - 0x00007ff9e6a45000 	C:\Windows\SYSTEM32\profapi.dll
0x00007ff9e4fc0000 - 0x00007ff9e5072000 	C:\Windows\SYSTEM32\SHCORE.dll
0x00007ff9e9470000 - 0x00007ff9e94a6000 	C:\Windows\system32\IMM32.DLL
0x00007ff9e8ca0000 - 0x00007ff9e8df1000 	C:\Windows\system32\MSCTF.dll
0x00007ff9e44f0000 - 0x00007ff9e476b000 	C:\Windows\WinSxS\amd64_microsoft.windows.common-controls_6595b64144ccf1df_6.0.9600.18006_none_623f33d3ecbe86e8\COMCTL32.dll
0x0000000069b00000 - 0x0000000069bd2000 	C:\Program Files\Java\jdk1.8.0_73\jre\bin\msvcr100.dll
0x000000006a090000 - 0x000000006a920000 	C:\Program Files\Java\jdk1.8.0_73\jre\bin\server\jvm.dll
0x00007ff9e2f30000 - 0x00007ff9e2f39000 	C:\Windows\SYSTEM32\WSOCK32.dll
0x00007ff9e1d00000 - 0x00007ff9e1d22000 	C:\Windows\SYSTEM32\WINMM.dll
0x00007ff9e1cc0000 - 0x00007ff9e1cca000 	C:\Windows\SYSTEM32\VERSION.dll
0x00007ff9e9580000 - 0x00007ff9e9587000 	C:\Windows\system32\PSAPI.DLL
0x00007ff9e7710000 - 0x00007ff9e776a000 	C:\Windows\system32\WS2_32.dll
0x00007ff9e1cd0000 - 0x00007ff9e1cfa000 	C:\Windows\SYSTEM32\WINMMBASE.dll
0x00007ff9e9570000 - 0x00007ff9e9579000 	C:\Windows\system32\NSI.dll
0x00007ff9e6d70000 - 0x00007ff9e6dbf000 	C:\Windows\SYSTEM32\cfgmgr32.dll
0x00007ff9e5840000 - 0x00007ff9e5868000 	C:\Windows\SYSTEM32\DEVOBJ.dll
0x0000000069fa0000 - 0x0000000069faf000 	C:\Program Files\Java\jdk1.8.0_73\jre\bin\verify.dll
0x0000000069f70000 - 0x0000000069f99000 	C:\Program Files\Java\jdk1.8.0_73\jre\bin\java.dll
0x0000000069f50000 - 0x0000000069f66000 	C:\Program Files\Java\jdk1.8.0_73\jre\bin\zip.dll

VM Arguments:
jvm_args: -Djava.awt.headless=true -Xmx1024M -Dfile.encoding=windows-1252 -Duser.country=US -Duser.language=en -Duser.variant 
java_command: com.android.dx.command.Main --dex --force-jumbo --num-threads=4 --multi-dex --output C:\android_work\asad_bhai\New folder\BMI_Call_d(1)\BMI_Call_d\app\build\intermediates\transforms\dex\debug\folders\1000\10\instant-run_92b5d0b24b07e1bb4ee63b57457904892e2509e4 C:\android_work\asad_bhai\New folder\BMI_Call_d(1)\BMI_Call_d\app\build\intermediates\incremental-runtime-classes\debug\instant-run.jar
java_class_path (initial): C:\Android\Sdk\build-tools\25.0.0\lib\dx.jar
Launcher Type: SUN_STANDARD

Environment Variables:
PATH=C:\oraclexe\app\oracle\product\10.2.0\server\bin;C:\ProgramData\Oracle\Java\javapath;C:\Windows\system32;C:\Windows;C:\Windows\System32\Wbem;C:\Windows\System32\WindowsPowerShell\v1.0\;C:\Program Files\Git\cmd;C:\Program Files (x86)\Skype\Phone\;C:\instantclient_12_2;C:\Program Files (x86)\Ampps\php;C:\composer;C:\Users\rehan\AppData\Roaming\Composer\vendor\bin
USERNAME=rehan
OS=Windows_NT
PROCESSOR_IDENTIFIER=Intel64 Family 6 Model 58 Stepping 9, GenuineIntel



---------------  S Y S T E M  ---------------

OS: Windows 8.1 , 64 bit Build 9600 (6.3.9600.17415)

CPU:total 4 (2 cores per cpu, 2 threads per core) family 6 model 58 stepping 9, cmov, cx8, fxsr, mmx, sse, sse2, sse3, ssse3, sse4.1, sse4.2, popcnt, avx, aes, clmul, erms, ht, tsc, tscinvbit, tscinv

Memory: 4k page, physical 8281448k(896128k free), swap 11427176k(5176k free)

vm_info: Java HotSpot(TM) 64-Bit Server VM (25.73-b02) for windows-amd64 JRE (1.8.0_73-b02), built on Jan 29 2016 17:38:49 by "java_re" with MS VC++ 10.0 (VS2010)

time: Sun Nov 05 23:29:34 2017
elapsed time: 2 seconds (0d 0h 0m 2s)

