#
# There is insufficient memory for the Java Runtime Environment to continue.
# Native memory allocation (malloc) failed to allocate 1065456 bytes for Chunk::new
# Possible reasons:
#   The system is out of physical RAM or swap space
#   In 32 bit mode, the process size limit was hit
# Possible solutions:
#   Reduce memory load on the system
#   Increase physical memory or swap space
#   Check if swap backing store is full
#   Use 64 bit Java on a 64 bit OS
#   Decrease Java heap size (-Xmx/-Xms)
#   Decrease number of Java threads
#   Decrease Java thread stack sizes (-Xss)
#   Set larger code cache with -XX:ReservedCodeCacheSize=
# This output file may be truncated or incomplete.
#
#  Out of Memory Error (allocation.cpp:390), pid=5244, tid=6608
#
# JRE version: Java(TM) SE Runtime Environment (8.0_73-b02) (build 1.8.0_73-b02)
# Java VM: Java HotSpot(TM) 64-Bit Server VM (25.73-b02 mixed mode windows-amd64 compressed oops)
# Failed to write core dump. Minidumps are not enabled by default on client versions of Windows
#

---------------  T H R E A D  ---------------

Current thread (0x00000000152ec000):  JavaThread "C2 CompilerThread0" daemon [_thread_in_native, id=6608, stack(0x0000000016930000,0x0000000016a30000)]

Stack: [0x0000000016930000,0x0000000016a30000]
[error occurred during error reporting (printing stack bounds), id 0xc0000005]

Native frames: (J=compiled Java code, j=interpreted, Vv=VM code, C=native code)


Current CompileTask:
C2:   2744 1253   !   4       com.android.dx.cf.code.BytecodeArray::parseInstruction (2764 bytes)


---------------  P R O C E S S  ---------------

Java Threads: ( => current thread )
  0x0000000016c36000 JavaThread "Service Thread" daemon [_thread_blocked, id=7972, stack(0x0000000017030000,0x0000000017130000)]
  0x000000001534c800 JavaThread "C1 CompilerThread2" daemon [_thread_blocked, id=6236, stack(0x0000000016b30000,0x0000000016c30000)]
  0x000000001533e800 JavaThread "C2 CompilerThread1" daemon [_thread_in_native, id=5396, stack(0x0000000016a30000,0x0000000016b30000)]
=>0x00000000152ec000 JavaThread "C2 CompilerThread0" daemon [_thread_in_native, id=6608, stack(0x0000000016930000,0x0000000016a30000)]
  0x00000000152e9000 JavaThread "Attach Listener" daemon [_thread_blocked, id=6256, stack(0x0000000016830000,0x0000000016930000)]
  0x00000000152e8000 JavaThread "Signal Dispatcher" daemon [_thread_blocked, id=6184, stack(0x0000000016730000,0x0000000016830000)]
  0x0000000002c17000 JavaThread "Finalizer" daemon [_thread_blocked, id=7860, stack(0x0000000016550000,0x0000000016650000)]
  0x0000000002c0e800 JavaThread "Reference Handler" daemon [_thread_blocked, id=1396, stack(0x0000000016450000,0x0000000016550000)]
  0x0000000002b20800 JavaThread "main" [_thread_in_vm, id=6012, stack(0x0000000002990000,0x0000000002a90000)]

Other Threads:
  0x00000000152b6800 VMThread [stack: 0x0000000016350000,0x0000000016450000] [id=2416]
  0x0000000016c5d000 WatcherThread [stack: 0x0000000017130000,0x0000000017230000] [id=3828]

VM state:not at safepoint (normal execution)

VM Mutex/Monitor currently owned by a thread: None

Heap:
 PSYoungGen      total 38400K, used 13524K [0x00000000eab00000, 0x00000000ed580000, 0x0000000100000000)
  eden space 33280K, 25% used [0x00000000eab00000,0x00000000eb33a630,0x00000000ecb80000)
  from space 5120K, 99% used [0x00000000ecb80000,0x00000000ed07aab8,0x00000000ed080000)
  to   space 5120K, 0% used [0x00000000ed080000,0x00000000ed080000,0x00000000ed580000)
 ParOldGen       total 87552K, used 1866K [0x00000000c0000000, 0x00000000c5580000, 0x00000000eab00000)
  object space 87552K, 2% used [0x00000000c0000000,0x00000000c01d2808,0x00000000c5580000)
 Metaspace       used 6176K, capacity 7030K, committed 7296K, reserved 1056768K
  class space    used 606K, capacity 622K, committed 640K, reserved 1048576K

Card table byte_map: [0x0000000011fe0000,0x00000000121f0000] byte_map_base: 0x00000000119e0000

Marking Bits: (ParMarkBitMap*) 0x0000000063710600
 Begin Bits: [0x0000000012750000, 0x0000000013750000)
 End Bits:   [0x0000000013750000, 0x0000000014750000)

Polling page: 0x0000000001210000

CodeCache: size=245760Kb used=5593Kb max_used=5593Kb free=240166Kb
 bounds [0x0000000002c20000, 0x00000000031a0000, 0x0000000011c20000]
 total_blobs=1694 nmethods=1424 adapters=182
 compilation: enabled

Compilation events (10 events):
Event: 2.736 Thread 0x000000001534c800 1435       1       com.android.dx.dex.file.MemberIdItem::getRef (5 bytes)
Event: 2.736 Thread 0x000000001534c800 nmethod 1435 0x0000000003198790 code [0x00000000031988e0, 0x00000000031989f0]
Event: 2.737 Thread 0x000000001534c800 1436       1       com.android.dx.dex.file.DexFile::getProtoIds (5 bytes)
Event: 2.737 Thread 0x000000001534c800 nmethod 1436 0x0000000003198a50 code [0x0000000003198ba0, 0x0000000003198cb0]
Event: 2.737 Thread 0x000000001534c800 1437       2       com.android.dx.dex.file.ProtoIdItem::shortFormCharFor (20 bytes)
Event: 2.737 Thread 0x000000001534c800 nmethod 1437 0x0000000003198d10 code [0x0000000003198e80, 0x0000000003199088]
Event: 2.739 Thread 0x000000001534c800 1438       2       com.android.dx.dex.file.MethodIdItem::addContents (23 bytes)
Event: 2.739 Thread 0x000000001534c800 nmethod 1438 0x0000000003199210 code [0x00000000031993a0, 0x0000000003199678]
Event: 2.741 Thread 0x000000001534c800 1439  s    2       com.android.dx.dex.file.ProtoIdsSection::intern (55 bytes)
Event: 2.742 Thread 0x000000001534c800 nmethod 1439 0x00000000031999d0 code [0x0000000003199b80, 0x000000000319a0e8]

GC Heap History (2 events):
Event: 2.263 GC heap before
{Heap before GC invocations=1 (full 0):
 PSYoungGen      total 38400K, used 33280K [0x00000000eab00000, 0x00000000ed580000, 0x0000000100000000)
  eden space 33280K, 100% used [0x00000000eab00000,0x00000000ecb80000,0x00000000ecb80000)
  from space 5120K, 0% used [0x00000000ed080000,0x00000000ed080000,0x00000000ed580000)
  to   space 5120K, 0% used [0x00000000ecb80000,0x00000000ecb80000,0x00000000ed080000)
 ParOldGen       total 87552K, used 0K [0x00000000c0000000, 0x00000000c5580000, 0x00000000eab00000)
  object space 87552K, 0% used [0x00000000c0000000,0x00000000c0000000,0x00000000c5580000)
 Metaspace       used 6043K, capacity 6960K, committed 7040K, reserved 1056768K
  class space    used 598K, capacity 616K, committed 640K, reserved 1048576K
Event: 2.468 GC heap after
Heap after GC invocations=1 (full 0):
 PSYoungGen      total 38400K, used 5098K [0x00000000eab00000, 0x00000000ed580000, 0x0000000100000000)
  eden space 33280K, 0% used [0x00000000eab00000,0x00000000eab00000,0x00000000ecb80000)
  from space 5120K, 99% used [0x00000000ecb80000,0x00000000ed07aab8,0x00000000ed080000)
  to   space 5120K, 0% used [0x00000000ed080000,0x00000000ed080000,0x00000000ed580000)
 ParOldGen       total 87552K, used 1866K [0x00000000c0000000, 0x00000000c5580000, 0x00000000eab00000)
  object space 87552K, 2% used [0x00000000c0000000,0x00000000c01d2808,0x00000000c5580000)
 Metaspace       used 6043K, capacity 6960K, committed 7040K, reserved 1056768K
  class space    used 598K, capacity 616K, committed 640K, reserved 1048576K
}

Deoptimization events (10 events):
Event: 2.686 Thread 0x0000000002b20800 Uncommon trap: reason=class_check action=maybe_recompile pc=0x000000000309a3f4 method=java.util.Arrays.hashCode([Ljava/lang/Object;)I @ 43
Event: 2.704 Thread 0x0000000002b20800 Uncommon trap: reason=bimorphic action=maybe_recompile pc=0x0000000002fe0700 method=java.util.HashMap.getNode(ILjava/lang/Object;)Ljava/util/HashMap$Node; @ 126
Event: 2.704 Thread 0x0000000002b20800 Uncommon trap: reason=class_check action=maybe_recompile pc=0x00000000030b25e8 method=java.util.HashMap.putVal(ILjava/lang/Object;Ljava/lang/Object;ZZ)Ljava/lang/Object; @ 203
Event: 2.705 Thread 0x0000000002b20800 Uncommon trap: reason=bimorphic action=maybe_recompile pc=0x0000000002fe0700 method=java.util.HashMap.getNode(ILjava/lang/Object;)Ljava/util/HashMap$Node; @ 126
Event: 2.717 Thread 0x0000000002b20800 Uncommon trap: reason=class_check action=maybe_recompile pc=0x00000000030b25e8 method=java.util.HashMap.putVal(ILjava/lang/Object;Ljava/lang/Object;ZZ)Ljava/lang/Object; @ 203
Event: 2.717 Thread 0x0000000002b20800 Uncommon trap: reason=class_check action=maybe_recompile pc=0x00000000030b25e8 method=java.util.HashMap.putVal(ILjava/lang/Object;Ljava/lang/Object;ZZ)Ljava/lang/Object; @ 203
Event: 2.717 Thread 0x0000000002b20800 Uncommon trap: reason=class_check action=maybe_recompile pc=0x00000000030b25e8 method=java.util.HashMap.putVal(ILjava/lang/Object;Ljava/lang/Object;ZZ)Ljava/lang/Object; @ 203
Event: 2.717 Thread 0x0000000002b20800 Uncommon trap: reason=class_check action=maybe_recompile pc=0x000000000304aa94 method=java.util.HashMap.putVal(ILjava/lang/Object;Ljava/lang/Object;ZZ)Ljava/lang/Object; @ 203
Event: 2.733 Thread 0x0000000002b20800 Uncommon trap: reason=bimorphic action=maybe_recompile pc=0x0000000002fe0700 method=java.util.HashMap.getNode(ILjava/lang/Object;)Ljava/util/HashMap$Node; @ 126
Event: 2.733 Thread 0x0000000002b20800 Uncommon trap: reason=bimorphic action=maybe_recompile pc=0x0000000002fe0700 method=java.util.HashMap.getNode(ILjava/lang/Object;)Ljava/util/HashMap$Node; @ 126

Internal exceptions (3 events):
Event: 0.091 Thread 0x0000000002b20800 Exception <a 'java/lang/NoSuchMethodError': Method sun.misc.Unsafe.defineClass(Ljava/lang/String;[BII)Ljava/lang/Class; name or signature does not match> (0x00000000eab0d400) thrown at [D:\re\puppet\workspace\8-2-build-windows-amd64-cygwin\jdk8u73\6086\hotG0z7wN·?
Event: 0.091 Thread 0x0000000002b20800 Exception <a 'java/lang/NoSuchMethodError': Method sun.misc.Unsafe.prefetchRead(Ljava/lang/Object;J)V name or signature does not match> (0x00000000eab0d6e8) thrown at [D:\re\puppet\workspace\8-2-build-windows-amd64-cygwin\jdk8u73\6086\hotspot\src\share\vm\.œ@¿gr@
Event: 2.181 Thread 0x0000000016eb5000 Implicit null exception at 0x000000000312fb61 to 0x0000000003130545

Events (10 events):
Event: 2.717 Thread 0x0000000002b20800 DEOPT PACKING pc=0x000000000304aa94 sp=0x0000000002a8ee60
Event: 2.717 Thread 0x0000000002b20800 DEOPT UNPACKING pc=0x0000000002c6582a sp=0x0000000002a8ee18 mode 2
Event: 2.733 Thread 0x0000000002b20800 Uncommon trap: trap_request=0xffffffc6 fr.pc=0x0000000002fe0700
Event: 2.733 Thread 0x0000000002b20800 DEOPT PACKING pc=0x0000000002fe0700 sp=0x0000000002a8f050
Event: 2.733 Thread 0x0000000002b20800 DEOPT UNPACKING pc=0x0000000002c6582a sp=0x0000000002a8ef88 mode 2
Event: 2.733 Thread 0x0000000002b20800 Uncommon trap: trap_request=0xffffffc6 fr.pc=0x0000000002fe0700
Event: 2.733 Thread 0x0000000002b20800 DEOPT PACKING pc=0x0000000002fe0700 sp=0x0000000002a8f050
Event: 2.733 Thread 0x0000000002b20800 DEOPT UNPACKING pc=0x0000000002c6582a sp=0x0000000002a8ef88 mode 2
Event: 2.734 loading class com/android/dx/dex/file/ProtoIdItem
Event: 2.734 loading class com/android/dx/dex/file/ProtoIdItem done


Dynamic libraries:
0x00007ff67b1f0000 - 0x00007ff67b227000 	C:\Program Files\Java\jdk1.8.0_73\bin\java.exe
0x00007ffefdbd0000 - 0x00007ffefdd7d000 	C:\Windows\SYSTEM32\ntdll.dll
0x00007ffefbb70000 - 0x00007ffefbcae000 	C:\Windows\system32\KERNEL32.DLL
0x00007ffefaf60000 - 0x00007ffefb075000 	C:\Windows\system32\KERNELBASE.dll
0x00007ffef98c0000 - 0x00007ffef994e000 	C:\Windows\system32\apphelp.dll
0x00007ffef0420000 - 0x00007ffef0473000 	C:\Windows\AppPatch\AppPatch64\AcGenral.DLL
0x00007ffefbd50000 - 0x00007ffefbdfa000 	C:\Windows\system32\msvcrt.dll
0x00007ffefaf30000 - 0x00007ffefaf5e000 	C:\Windows\system32\SspiCli.dll
0x00007ffefc4d0000 - 0x00007ffefc524000 	C:\Windows\system32\SHLWAPI.dll
0x00007ffefb260000 - 0x00007ffefb3d7000 	C:\Windows\system32\USER32.dll
0x00007ffefb410000 - 0x00007ffefb5a4000 	C:\Windows\system32\ole32.dll
0x00007ffefc6a0000 - 0x00007ffefdbc9000 	C:\Windows\system32\SHELL32.dll
0x00007ffefa2c0000 - 0x00007ffefa2e1000 	C:\Windows\SYSTEM32\USERENV.dll
0x00007ffefb8a0000 - 0x00007ffefb94a000 	C:\Windows\system32\ADVAPI32.dll
0x00007ffeef4b0000 - 0x00007ffeef4ce000 	C:\Windows\SYSTEM32\MPR.dll
0x00007ffefc0e0000 - 0x00007ffefc220000 	C:\Windows\system32\RPCRT4.dll
0x00007ffefbcb0000 - 0x00007ffefbd09000 	C:\Windows\SYSTEM32\sechost.dll
0x00007ffefb950000 - 0x00007ffefbb62000 	C:\Windows\SYSTEM32\combase.dll
0x00007ffefbed0000 - 0x00007ffefc01b000 	C:\Windows\system32\GDI32.dll
0x00007ffefad00000 - 0x00007ffefad15000 	C:\Windows\SYSTEM32\profapi.dll
0x00007ffef90e0000 - 0x00007ffef9192000 	C:\Windows\SYSTEM32\SHCORE.dll
0x00007ffefbd10000 - 0x00007ffefbd46000 	C:\Windows\system32\IMM32.DLL
0x00007ffefc530000 - 0x00007ffefc681000 	C:\Windows\system32\MSCTF.dll
0x00007ffef87e0000 - 0x00007ffef8a5b000 	C:\Windows\WinSxS\amd64_microsoft.windows.common-controls_6595b64144ccf1df_6.0.9600.18006_none_623f33d3ecbe86e8\COMCTL32.dll
0x00000000629a0000 - 0x0000000062a72000 	C:\Program Files\Java\jdk1.8.0_73\jre\bin\msvcr100.dll
0x0000000062f00000 - 0x0000000063790000 	C:\Program Files\Java\jdk1.8.0_73\jre\bin\server\jvm.dll
0x00007ffef6b70000 - 0x00007ffef6b79000 	C:\Windows\SYSTEM32\WSOCK32.dll
0x00007ffef5f90000 - 0x00007ffef5fb2000 	C:\Windows\SYSTEM32\WINMM.dll
0x00007ffef5ff0000 - 0x00007ffef5ffa000 	C:\Windows\SYSTEM32\VERSION.dll
0x00007ffefb890000 - 0x00007ffefb897000 	C:\Windows\system32\PSAPI.DLL
0x00007ffefb5b0000 - 0x00007ffefb60a000 	C:\Windows\system32\WS2_32.dll
0x00007ffef5f60000 - 0x00007ffef5f8a000 	C:\Windows\SYSTEM32\WINMMBASE.dll
0x00007ffefc690000 - 0x00007ffefc699000 	C:\Windows\system32\NSI.dll
0x00007ffefae30000 - 0x00007ffefae7f000 	C:\Windows\SYSTEM32\cfgmgr32.dll
0x00007ffef9b40000 - 0x00007ffef9b68000 	C:\Windows\SYSTEM32\DEVOBJ.dll
0x0000000062e10000 - 0x0000000062e1f000 	C:\Program Files\Java\jdk1.8.0_73\jre\bin\verify.dll
0x0000000062de0000 - 0x0000000062e09000 	C:\Program Files\Java\jdk1.8.0_73\jre\bin\java.dll
0x0000000062dc0000 - 0x0000000062dd6000 	C:\Program Files\Java\jdk1.8.0_73\jre\bin\zip.dll

VM Arguments:
jvm_args: -Djava.awt.headless=true -Xmx1024M -Dfile.encoding=windows-1252 -Duser.country=US -Duser.language=en -Duser.variant 
java_command: com.android.dx.command.Main --dex --num-threads=4 --output C:\android_work\asad_bhai\New folder\BMI_Call_d(1)\BMI_Call_d\app\build\intermediates\pre-dexed\debug\com.crashlytics.sdk.android-answers-1.4.1_f6550fb0a50ef22c566da5409aa9572682bf7ca7.jar C:\android_work\asad_bhai\New folder\BMI_Call_d(1)\BMI_Call_d\app\build\intermediates\exploded-aar\com.crashlytics.sdk.android\answers\1.4.1\jars\classes.jar
java_class_path (initial): C:\Android\Sdk\build-tools\25.0.0\lib\dx.jar
Launcher Type: SUN_STANDARD

Environment Variables:
PATH=C:\oraclexe\app\oracle\product\10.2.0\server\bin;C:\ProgramData\Oracle\Java\javapath;C:\Windows\system32;C:\Windows;C:\Windows\System32\Wbem;C:\Windows\System32\WindowsPowerShell\v1.0\;C:\Program Files\Git\cmd;C:\Program Files (x86)\Skype\Phone\;C:\instantclient_12_2;C:\Program Files (x86)\Ampps\php;C:\composer;C:\Users\rehan\AppData\Roaming\Composer\vendor\bin
USERNAME=rehan
OS=Windows_NT
PROCESSOR_IDENTIFIER=Intel64 Family 6 Model 58 Stepping 9, GenuineIntel



---------------  S Y S T E M  ---------------

OS: Windows 8.1 , 64 bit Build 9600 (6.3.9600.17415)

CPU:total 4 (2 cores per cpu, 2 threads per core) family 6 model 58 stepping 9, cmov, cx8, fxsr, mmx, sse, sse2, sse3, ssse3, sse4.1, sse4.2, popcnt, avx, aes, clmul, erms, ht, tsc, tscinvbit, tscinv

Memory: 4k page, physical 8281448k(1045636k free), swap 10034476k(7716k free)

vm_info: Java HotSpot(TM) 64-Bit Server VM (25.73-b02) for windows-amd64 JRE (1.8.0_73-b02), built on Jan 29 2016 17:38:49 by "java_re" with MS VC++ 10.0 (VS2010)

time: Thu Dec 28 12:21:26 2017
elapsed time: 2 seconds (0d 0h 0m 2s)

