#
# There is insufficient memory for the Java Runtime Environment to continue.
# Native memory allocation (malloc) failed to allocate 380896 bytes for Chunk::new
# Possible reasons:
#   The system is out of physical RAM or swap space
#   In 32 bit mode, the process size limit was hit
# Possible solutions:
#   Reduce memory load on the system
#   Increase physical memory or swap space
#   Check if swap backing store is full
#   Use 64 bit Java on a 64 bit OS
#   Decrease Java heap size (-Xmx/-Xms)
#   Decrease number of Java threads
#   Decrease Java thread stack sizes (-Xss)
#   Set larger code cache with -XX:ReservedCodeCacheSize=
# This output file may be truncated or incomplete.
#
#  Out of Memory Error (allocation.cpp:390), pid=5664, tid=3392
#
# JRE version: Java(TM) SE Runtime Environment (8.0_73-b02) (build 1.8.0_73-b02)
# Java VM: Java HotSpot(TM) 64-Bit Server VM (25.73-b02 mixed mode windows-amd64 compressed oops)
# Failed to write core dump. Minidumps are not enabled by default on client versions of Windows
#

---------------  T H R E A D  ---------------

Current thread (0x0000000015215800):  JavaThread "C2 CompilerThread1" daemon [_thread_in_native, id=3392, stack(0x0000000016900000,0x0000000016a00000)]

Stack: [0x0000000016900000,0x0000000016a00000]
[error occurred during error reporting (printing stack bounds), id 0xc0000005]

Native frames: (J=compiled Java code, j=interpreted, Vv=VM code, C=native code)


Current CompileTask:
C2:   2092  945       4       com.android.dx.ssa.back.LivenessAnalyzer::handleTailRecursion (94 bytes)


---------------  P R O C E S S  ---------------

Java Threads: ( => current thread )
  0x0000000016e03800 JavaThread "pool-1-thread-4" [_thread_in_Java, id=3400, stack(0x0000000017d00000,0x0000000017e00000)]
  0x0000000016d9f800 JavaThread "pool-1-thread-3" [_thread_in_Java, id=7856, stack(0x0000000017c00000,0x0000000017d00000)]
  0x0000000016d9e000 JavaThread "pool-1-thread-2" [_thread_in_Java, id=6964, stack(0x0000000017b00000,0x0000000017c00000)]
  0x0000000016dda000 JavaThread "pool-2-thread-1" [_thread_blocked, id=6600, stack(0x0000000017a00000,0x0000000017b00000)]
  0x0000000016dd9000 JavaThread "pool-1-thread-1" [_thread_in_Java, id=1108, stack(0x0000000017900000,0x0000000017a00000)]
  0x0000000016b05800 JavaThread "Service Thread" daemon [_thread_blocked, id=4768, stack(0x0000000016f00000,0x0000000017000000)]
  0x000000001521c000 JavaThread "C1 CompilerThread2" daemon [_thread_in_native, id=6576, stack(0x0000000016a00000,0x0000000016b00000)]
=>0x0000000015215800 JavaThread "C2 CompilerThread1" daemon [_thread_in_native, id=3392, stack(0x0000000016900000,0x0000000016a00000)]
  0x00000000151bb000 JavaThread "C2 CompilerThread0" daemon [_thread_in_native, id=3300, stack(0x0000000016800000,0x0000000016900000)]
  0x00000000151b8000 JavaThread "Attach Listener" daemon [_thread_blocked, id=3984, stack(0x0000000016700000,0x0000000016800000)]
  0x00000000151b7000 JavaThread "Signal Dispatcher" daemon [_thread_blocked, id=4972, stack(0x0000000016600000,0x0000000016700000)]
  0x0000000002ae6000 JavaThread "Finalizer" daemon [_thread_blocked, id=4084, stack(0x0000000016420000,0x0000000016520000)]
  0x0000000002add000 JavaThread "Reference Handler" daemon [_thread_blocked, id=5552, stack(0x0000000016320000,0x0000000016420000)]
  0x00000000029f0800 JavaThread "main" [_thread_in_Java, id=4480, stack(0x0000000002840000,0x0000000002940000)]

Other Threads:
  0x0000000015187800 VMThread [stack: 0x0000000016220000,0x0000000016320000] [id=6260]
  0x0000000016b32000 WatcherThread [stack: 0x0000000017000000,0x0000000017100000] [id=8032]

VM state:not at safepoint (normal execution)

VM Mutex/Monitor currently owned by a thread: None

Heap:
 PSYoungGen      total 38400K, used 11399K [0x00000000eab00000, 0x00000000ed580000, 0x0000000100000000)
  eden space 33280K, 22% used [0x00000000eab00000,0x00000000eb2693f8,0x00000000ecb80000)
  from space 5120K, 74% used [0x00000000ecb80000,0x00000000ecf38930,0x00000000ed080000)
  to   space 5120K, 0% used [0x00000000ed080000,0x00000000ed080000,0x00000000ed580000)
 ParOldGen       total 87552K, used 8K [0x00000000c0000000, 0x00000000c5580000, 0x00000000eab00000)
  object space 87552K, 0% used [0x00000000c0000000,0x00000000c0002000,0x00000000c5580000)
 Metaspace       used 5839K, capacity 6768K, committed 7040K, reserved 1056768K
  class space    used 596K, capacity 616K, committed 640K, reserved 1048576K

Card table byte_map: [0x0000000011eb0000,0x00000000120c0000] byte_map_base: 0x00000000118b0000

Marking Bits: (ParMarkBitMap*) 0x0000000063710600
 Begin Bits: [0x0000000012620000, 0x0000000013620000)
 End Bits:   [0x0000000013620000, 0x0000000014620000)

Polling page: 0x0000000001230000

CodeCache: size=245760Kb used=3683Kb max_used=3683Kb free=242076Kb
 bounds [0x0000000002af0000, 0x0000000002e90000, 0x0000000011af0000]
 total_blobs=1211 nmethods=942 adapters=182
 compilation: enabled

Compilation events (10 events):
Event: 2.086 Thread 0x000000001521c000 nmethod 949 0x0000000002e7e990 code [0x0000000002e7eb20, 0x0000000002e7f078]
Event: 2.086 Thread 0x000000001521c000  959       3       com.android.dx.util.LabeledList::getMaxLabel (47 bytes)
Event: 2.086 Thread 0x000000001521c000 nmethod 959 0x0000000002e887d0 code [0x0000000002e88960, 0x0000000002e88dd8]
Event: 2.086 Thread 0x000000001521c000  950       3       com.android.dx.rop.code.Insn$BaseVisitor::visitPlainInsn (1 bytes)
Event: 2.086 Thread 0x000000001521c000 nmethod 950 0x0000000002e88490 code [0x0000000002e885e0, 0x0000000002e88730]
Event: 2.086 Thread 0x000000001521c000  951       3       com.android.dx.dex.code.RopTranslator$LocalVariableAwareTranslationVisitor::visitPlainInsn (11 bytes)
Event: 2.087 Thread 0x000000001521c000 nmethod 951 0x0000000002e8b550 code [0x0000000002e8b760, 0x0000000002e8c2b8]
Event: 2.087 Thread 0x000000001521c000  961       3       java.util.TreeMap::getEntry (84 bytes)
Event: 2.088 Thread 0x000000001521c000 nmethod 961 0x0000000002e87a50 code [0x0000000002e87c00, 0x0000000002e88288]
Event: 2.088 Thread 0x000000001521c000  966   !   3       com.android.dx.cf.code.Ropper::processBlock (1101 bytes)

GC Heap History (2 events):
Event: 1.904 GC heap before
{Heap before GC invocations=1 (full 0):
 PSYoungGen      total 38400K, used 33280K [0x00000000eab00000, 0x00000000ed580000, 0x0000000100000000)
  eden space 33280K, 100% used [0x00000000eab00000,0x00000000ecb80000,0x00000000ecb80000)
  from space 5120K, 0% used [0x00000000ed080000,0x00000000ed080000,0x00000000ed580000)
  to   space 5120K, 0% used [0x00000000ecb80000,0x00000000ecb80000,0x00000000ed080000)
 ParOldGen       total 87552K, used 0K [0x00000000c0000000, 0x00000000c5580000, 0x00000000eab00000)
  object space 87552K, 0% used [0x00000000c0000000,0x00000000c0000000,0x00000000c5580000)
 Metaspace       used 5650K, capacity 6576K, committed 6784K, reserved 1056768K
  class space    used 593K, capacity 616K, committed 640K, reserved 1048576K
Event: 1.911 GC heap after
Heap after GC invocations=1 (full 0):
 PSYoungGen      total 38400K, used 3810K [0x00000000eab00000, 0x00000000ed580000, 0x0000000100000000)
  eden space 33280K, 0% used [0x00000000eab00000,0x00000000eab00000,0x00000000ecb80000)
  from space 5120K, 74% used [0x00000000ecb80000,0x00000000ecf38930,0x00000000ed080000)
  to   space 5120K, 0% used [0x00000000ed080000,0x00000000ed080000,0x00000000ed580000)
 ParOldGen       total 87552K, used 8K [0x00000000c0000000, 0x00000000c5580000, 0x00000000eab00000)
  object space 87552K, 0% used [0x00000000c0000000,0x00000000c0002000,0x00000000c5580000)
 Metaspace       used 5650K, capacity 6576K, committed 6784K, reserved 1056768K
  class space    used 593K, capacity 616K, committed 640K, reserved 1048576K
}

Deoptimization events (2 events):
Event: 1.420 Thread 0x00000000029f0800 Uncommon trap: reason=unstable_if action=reinterpret pc=0x0000000002c4bd24 method=java.util.regex.Pattern$BnM.match(Ljava/util/regex/Matcher;ILjava/lang/CharSequence;)Z @ 56
Event: 1.949 Thread 0x0000000016e03800 Uncommon trap: reason=unstable_if action=reinterpret pc=0x0000000002d1ebf0 method=java.util.BitSet.nextSetBit(I)I @ 87

Internal exceptions (2 events):
Event: 0.821 Thread 0x00000000029f0800 Exception <a 'java/lang/NoSuchMethodError': Method sun.misc.Unsafe.defineClass(Ljava/lang/String;[BII)Ljava/lang/Class; name or signature does not match> (0x00000000eab0d498) thrown at [D:\re\puppet\workspace\8-2-build-windows-amd64-cygwin\jdk8u73\6086\hot ˆ[mRIê?
Event: 0.821 Thread 0x00000000029f0800 Exception <a 'java/lang/NoSuchMethodError': Method sun.misc.Unsafe.prefetchRead(Ljava/lang/Object;J)V name or signature does not match> (0x00000000eab0d780) thrown at [D:\re\puppet\workspace\8-2-build-windows-amd64-cygwin\jdk8u73\6086\hotspot\src\share\vm\

Events (10 events):
Event: 1.949 Thread 0x0000000016e03800 DEOPT PACKING pc=0x0000000002d1ebf0 sp=0x0000000017dfef10
Event: 1.949 Thread 0x0000000016e03800 DEOPT UNPACKING pc=0x0000000002b3582a sp=0x0000000017dfeea8 mode 2
Event: 1.993 loading class com/android/dx/cf/attrib/AttEnclosingMethod
Event: 1.993 loading class com/android/dx/cf/attrib/AttEnclosingMethod done
Event: 1.998 loading class com/android/dx/cf/attrib/AttRuntimeInvisibleAnnotations
Event: 1.998 loading class com/android/dx/cf/attrib/AttRuntimeInvisibleAnnotations done
Event: 2.001 loading class com/android/dx/cf/attrib/AttLocalVariableTypeTable
Event: 2.001 loading class com/android/dx/cf/attrib/AttLocalVariableTypeTable done
Event: 2.002 loading class com/android/dx/dex/file/FieldAnnotationStruct
Event: 2.002 loading class com/android/dx/dex/file/FieldAnnotationStruct done


Dynamic libraries:
0x00007ff67b1f0000 - 0x00007ff67b227000 	C:\Program Files\Java\jdk1.8.0_73\bin\java.exe
0x00007ffefdbd0000 - 0x00007ffefdd7d000 	C:\Windows\SYSTEM32\ntdll.dll
0x00007ffefbb70000 - 0x00007ffefbcae000 	C:\Windows\system32\KERNEL32.DLL
0x00007ffefaf60000 - 0x00007ffefb075000 	C:\Windows\system32\KERNELBASE.dll
0x00007ffef98c0000 - 0x00007ffef994e000 	C:\Windows\system32\apphelp.dll
0x00007ffef0420000 - 0x00007ffef0473000 	C:\Windows\AppPatch\AppPatch64\AcGenral.DLL
0x00007ffefbd50000 - 0x00007ffefbdfa000 	C:\Windows\system32\msvcrt.dll
0x00007ffefaf30000 - 0x00007ffefaf5e000 	C:\Windows\system32\SspiCli.dll
0x00007ffefc4d0000 - 0x00007ffefc524000 	C:\Windows\system32\SHLWAPI.dll
0x00007ffefb260000 - 0x00007ffefb3d7000 	C:\Windows\system32\USER32.dll
0x00007ffefb410000 - 0x00007ffefb5a4000 	C:\Windows\system32\ole32.dll
0x00007ffefc6a0000 - 0x00007ffefdbc9000 	C:\Windows\system32\SHELL32.dll
0x00007ffefa2c0000 - 0x00007ffefa2e1000 	C:\Windows\SYSTEM32\USERENV.dll
0x00007ffefb8a0000 - 0x00007ffefb94a000 	C:\Windows\system32\ADVAPI32.dll
0x00007ffeef4b0000 - 0x00007ffeef4ce000 	C:\Windows\SYSTEM32\MPR.dll
0x00007ffefc0e0000 - 0x00007ffefc220000 	C:\Windows\system32\RPCRT4.dll
0x00007ffefbcb0000 - 0x00007ffefbd09000 	C:\Windows\SYSTEM32\sechost.dll
0x00007ffefb950000 - 0x00007ffefbb62000 	C:\Windows\SYSTEM32\combase.dll
0x00007ffefbed0000 - 0x00007ffefc01b000 	C:\Windows\system32\GDI32.dll
0x00007ffefad00000 - 0x00007ffefad15000 	C:\Windows\SYSTEM32\profapi.dll
0x00007ffef90e0000 - 0x00007ffef9192000 	C:\Windows\SYSTEM32\SHCORE.dll
0x00007ffefbd10000 - 0x00007ffefbd46000 	C:\Windows\system32\IMM32.DLL
0x00007ffefc530000 - 0x00007ffefc681000 	C:\Windows\system32\MSCTF.dll
0x00007ffef87e0000 - 0x00007ffef8a5b000 	C:\Windows\WinSxS\amd64_microsoft.windows.common-controls_6595b64144ccf1df_6.0.9600.18006_none_623f33d3ecbe86e8\COMCTL32.dll
0x00000000629a0000 - 0x0000000062a72000 	C:\Program Files\Java\jdk1.8.0_73\jre\bin\msvcr100.dll
0x0000000062f00000 - 0x0000000063790000 	C:\Program Files\Java\jdk1.8.0_73\jre\bin\server\jvm.dll
0x00007ffef6b70000 - 0x00007ffef6b79000 	C:\Windows\SYSTEM32\WSOCK32.dll
0x00007ffef5f90000 - 0x00007ffef5fb2000 	C:\Windows\SYSTEM32\WINMM.dll
0x00007ffef5ff0000 - 0x00007ffef5ffa000 	C:\Windows\SYSTEM32\VERSION.dll
0x00007ffefb890000 - 0x00007ffefb897000 	C:\Windows\system32\PSAPI.DLL
0x00007ffefb5b0000 - 0x00007ffefb60a000 	C:\Windows\system32\WS2_32.dll
0x00007ffef5f60000 - 0x00007ffef5f8a000 	C:\Windows\SYSTEM32\WINMMBASE.dll
0x00007ffefc690000 - 0x00007ffefc699000 	C:\Windows\system32\NSI.dll
0x00007ffefae30000 - 0x00007ffefae7f000 	C:\Windows\SYSTEM32\cfgmgr32.dll
0x00007ffef9b40000 - 0x00007ffef9b68000 	C:\Windows\SYSTEM32\DEVOBJ.dll
0x0000000062e10000 - 0x0000000062e1f000 	C:\Program Files\Java\jdk1.8.0_73\jre\bin\verify.dll
0x0000000062de0000 - 0x0000000062e09000 	C:\Program Files\Java\jdk1.8.0_73\jre\bin\java.dll
0x0000000062dc0000 - 0x0000000062dd6000 	C:\Program Files\Java\jdk1.8.0_73\jre\bin\zip.dll

VM Arguments:
jvm_args: -Djava.awt.headless=true -Xmx1024M -Dfile.encoding=windows-1252 -Duser.country=US -Duser.language=en -Duser.variant 
java_command: com.android.dx.command.Main --dex --num-threads=4 --output C:\android_work\asad_bhai\New folder\BMI_Call_d(1)\BMI_Call_d\app\build\intermediates\pre-dexed\debug\com.google.android.gms-play-services-ads-8.4.0_f796db1832b7a1c82d0ba39605b39a413380f6ea.jar C:\android_work\asad_bhai\New folder\BMI_Call_d(1)\BMI_Call_d\app\build\intermediates\exploded-aar\com.google.android.gms\play-services-ads\8.4.0\jars\classes.jar
java_class_path (initial): C:\Android\Sdk\build-tools\25.0.0\lib\dx.jar
Launcher Type: SUN_STANDARD

Environment Variables:
PATH=C:\oraclexe\app\oracle\product\10.2.0\server\bin;C:\ProgramData\Oracle\Java\javapath;C:\Windows\system32;C:\Windows;C:\Windows\System32\Wbem;C:\Windows\System32\WindowsPowerShell\v1.0\;C:\Program Files\Git\cmd;C:\Program Files (x86)\Skype\Phone\;C:\instantclient_12_2;C:\Program Files (x86)\Ampps\php;C:\composer;C:\Users\rehan\AppData\Roaming\Composer\vendor\bin
USERNAME=rehan
OS=Windows_NT
PROCESSOR_IDENTIFIER=Intel64 Family 6 Model 58 Stepping 9, GenuineIntel



---------------  S Y S T E M  ---------------

OS: Windows 8.1 , 64 bit Build 9600 (6.3.9600.17415)

CPU:total 4 (2 cores per cpu, 2 threads per core) family 6 model 58 stepping 9, cmov, cx8, fxsr, mmx, sse, sse2, sse3, ssse3, sse4.1, sse4.2, popcnt, avx, aes, clmul, erms, ht, tsc, tscinvbit, tscinv

Memory: 4k page, physical 8281448k(1185624k free), swap 10034476k(5120k free)

vm_info: Java HotSpot(TM) 64-Bit Server VM (25.73-b02) for windows-amd64 JRE (1.8.0_73-b02), built on Jan 29 2016 17:38:49 by "java_re" with MS VC++ 10.0 (VS2010)

time: Thu Dec 28 12:26:57 2017
elapsed time: 2 seconds (0d 0h 0m 2s)

