#
# There is insufficient memory for the Java Runtime Environment to continue.
# Native memory allocation (malloc) failed to allocate 32744 bytes for ChunkPool::allocate
# Possible reasons:
#   The system is out of physical RAM or swap space
#   In 32 bit mode, the process size limit was hit
# Possible solutions:
#   Reduce memory load on the system
#   Increase physical memory or swap space
#   Check if swap backing store is full
#   Use 64 bit Java on a 64 bit OS
#   Decrease Java heap size (-Xmx/-Xms)
#   Decrease number of Java threads
#   Decrease Java thread stack sizes (-Xss)
#   Set larger code cache with -XX:ReservedCodeCacheSize=
# This output file may be truncated or incomplete.
#
#  Out of Memory Error (allocation.cpp:273), pid=7904, tid=2956
#
# JRE version: Java(TM) SE Runtime Environment (8.0_73-b02) (build 1.8.0_73-b02)
# Java VM: Java HotSpot(TM) 64-Bit Server VM (25.73-b02 mixed mode windows-amd64 compressed oops)
# Failed to write core dump. Minidumps are not enabled by default on client versions of Windows
#

---------------  T H R E A D  ---------------

Current thread (0x0000000014a1b800):  JavaThread "C1 CompilerThread2" daemon [_thread_in_native, id=2956, stack(0x0000000016200000,0x0000000016300000)]

Stack: [0x0000000016200000,0x0000000016300000]
[error occurred during error reporting (printing stack bounds), id 0xc0000005]

Native frames: (J=compiled Java code, j=interpreted, Vv=VM code, C=native code)


Current CompileTask:
C1:   2939 1345       3      
[error occurred during error reporting (printing current compile task), id 0xe0000001]


---------------  P R O C E S S  ---------------

Java Threads: ( => current thread )
  0x000000001657a800 JavaThread "pool-1-thread-4" [_thread_in_Java, id=5724, stack(0x0000000016d00000,0x0000000016e00000)]
  0x0000000016579800 JavaThread "pool-1-thread-3" [_thread_in_Java, id=4792, stack(0x0000000016c00000,0x0000000016d00000)]
  0x0000000016575800 JavaThread "pool-1-thread-2" [_thread_in_Java, id=6612, stack(0x0000000016b00000,0x0000000016c00000)]
  0x000000001654e000 JavaThread "pool-2-thread-1" [_thread_blocked, id=5336, stack(0x0000000016a00000,0x0000000016b00000)]
  0x0000000016549000 JavaThread "pool-1-thread-1" [_thread_blocked, id=7784, stack(0x0000000016900000,0x0000000016a00000)]
  0x0000000016305800 JavaThread "Service Thread" daemon [_thread_blocked, id=4264, stack(0x0000000016700000,0x0000000016800000)]
=>0x0000000014a1b800 JavaThread "C1 CompilerThread2" daemon [_thread_in_native, id=2956, stack(0x0000000016200000,0x0000000016300000)]
  0x0000000014a0d800 JavaThread "C2 CompilerThread1" daemon [_thread_in_native, id=4056, stack(0x0000000016100000,0x0000000016200000)]
  0x00000000149bb000 JavaThread "C2 CompilerThread0" daemon [_thread_in_native, id=4968, stack(0x0000000016000000,0x0000000016100000)]
  0x00000000149b8800 JavaThread "Attach Listener" daemon [_thread_blocked, id=5316, stack(0x0000000015f00000,0x0000000016000000)]
  0x00000000149b7000 JavaThread "Signal Dispatcher" daemon [_thread_blocked, id=7684, stack(0x0000000015e00000,0x0000000015f00000)]
  0x0000000002216000 JavaThread "Finalizer" daemon [_thread_blocked, id=4200, stack(0x0000000015c20000,0x0000000015d20000)]
  0x000000000220d000 JavaThread "Reference Handler" daemon [_thread_blocked, id=6928, stack(0x0000000015b20000,0x0000000015c20000)]
  0x0000000002120800 JavaThread "main" [_thread_blocked, id=7344, stack(0x0000000001fb0000,0x00000000020b0000)]

Other Threads:
  0x0000000014987800 VMThread [stack: 0x0000000015a20000,0x0000000015b20000] [id=5068]
  0x000000001631c000 WatcherThread [stack: 0x0000000016800000,0x0000000016900000] [id=4560]

VM state:not at safepoint (normal execution)

VM Mutex/Monitor currently owned by a thread: None

Heap:
 PSYoungGen      total 38400K, used 13077K [0x00000000eab00000, 0x00000000ed580000, 0x0000000100000000)
  eden space 33280K, 23% used [0x00000000eab00000,0x00000000eb2cc378,0x00000000ecb80000)
  from space 5120K, 99% used [0x00000000ecb80000,0x00000000ed079268,0x00000000ed080000)
  to   space 5120K, 0% used [0x00000000ed080000,0x00000000ed080000,0x00000000ed580000)
 ParOldGen       total 87552K, used 1376K [0x00000000c0000000, 0x00000000c5580000, 0x00000000eab00000)
  object space 87552K, 1% used [0x00000000c0000000,0x00000000c0158368,0x00000000c5580000)
 Metaspace       used 5945K, capacity 6960K, committed 7040K, reserved 1056768K
  class space    used 588K, capacity 616K, committed 640K, reserved 1048576K

Card table byte_map: [0x00000000116b0000,0x00000000118c0000] byte_map_base: 0x00000000110b0000

Marking Bits: (ParMarkBitMap*) 0x0000000063710600
 Begin Bits: [0x0000000011e20000, 0x0000000012e20000)
 End Bits:   [0x0000000012e20000, 0x0000000013e20000)

Polling page: 0x0000000000710000

CodeCache: size=245760Kb used=5304Kb max_used=5304Kb free=240455Kb
 bounds [0x00000000022f0000, 0x0000000002830000, 0x00000000112f0000]
 total_blobs=1598 nmethods=1335 adapters=176
 compilation: enabled

Compilation events (10 events):
Event: 2.925 Thread 0x0000000014a1b800 nmethod 1336 0x000000000281f910 code [0x000000000281fa60, 0x000000000281fbf0]
Event: 2.925 Thread 0x0000000014a1b800 1337       3       com.android.dx.dex.file.EncodedMethod::<init> (68 bytes)
Event: 2.926 Thread 0x0000000014a1b800 nmethod 1337 0x000000000281fc90 code [0x000000000281fe20, 0x00000000028202d8]
Event: 2.926 Thread 0x0000000014a1b800 1341       3       com.android.dx.dex.cf.AttributeTranslator::getMethodAnnotations (37 bytes)
Event: 2.928 Thread 0x0000000014a1b800 nmethod 1341 0x0000000002820490 code [0x0000000002820780, 0x0000000002821d78]
Event: 2.928 Thread 0x0000000014a1b800 1342       3       com.android.dx.dex.cf.AttributeTranslator::getParameterAnnotations (69 bytes)
Event: 2.928 Thread 0x0000000014a1b800 nmethod 1342 0x00000000028229d0 code [0x0000000002822bc0, 0x00000000028234b8]
Event: 2.932 Thread 0x0000000014a1b800 1344       3       com.android.dx.ssa.back.SsaToRop::moveParametersToHighRegisters (88 bytes)
Event: 2.933 Thread 0x0000000014a1b800 nmethod 1344 0x0000000002823790 code [0x0000000002823960, 0x0000000002824238]
Event: 2.933 Thread 0x0000000014a1b800 1345       3       com.android.dx.cf.direct.StdAttributeFactory::code (613 bytes)

GC Heap History (2 events):
Event: 2.549 GC heap before
{Heap before GC invocations=1 (full 0):
 PSYoungGen      total 38400K, used 33280K [0x00000000eab00000, 0x00000000ed580000, 0x0000000100000000)
  eden space 33280K, 100% used [0x00000000eab00000,0x00000000ecb80000,0x00000000ecb80000)
  from space 5120K, 0% used [0x00000000ed080000,0x00000000ed080000,0x00000000ed580000)
  to   space 5120K, 0% used [0x00000000ecb80000,0x00000000ecb80000,0x00000000ed080000)
 ParOldGen       total 87552K, used 0K [0x00000000c0000000, 0x00000000c5580000, 0x00000000eab00000)
  object space 87552K, 0% used [0x00000000c0000000,0x00000000c0000000,0x00000000c5580000)
 Metaspace       used 5899K, capacity 6960K, committed 7040K, reserved 1056768K
  class space    used 588K, capacity 616K, committed 640K, reserved 1048576K
Event: 2.872 GC heap after
Heap after GC invocations=1 (full 0):
 PSYoungGen      total 38400K, used 5092K [0x00000000eab00000, 0x00000000ed580000, 0x0000000100000000)
  eden space 33280K, 0% used [0x00000000eab00000,0x00000000eab00000,0x00000000ecb80000)
  from space 5120K, 99% used [0x00000000ecb80000,0x00000000ed079268,0x00000000ed080000)
  to   space 5120K, 0% used [0x00000000ed080000,0x00000000ed080000,0x00000000ed580000)
 ParOldGen       total 87552K, used 1376K [0x00000000c0000000, 0x00000000c5580000, 0x00000000eab00000)
  object space 87552K, 1% used [0x00000000c0000000,0x00000000c0158368,0x00000000c5580000)
 Metaspace       used 5899K, capacity 6960K, committed 7040K, reserved 1056768K
  class space    used 588K, capacity 616K, committed 640K, reserved 1048576K
}

Deoptimization events (9 events):
Event: 1.454 Thread 0x0000000016549000 Uncommon trap: reason=unstable_if action=reinterpret pc=0x000000000250debc method=java.util.HashMap.getNode(ILjava/lang/Object;)Ljava/util/HashMap$Node; @ 62
Event: 1.468 Thread 0x0000000016579800 Uncommon trap: reason=unstable_if action=reinterpret pc=0x000000000252d3f0 method=java.util.BitSet.nextSetBit(I)I @ 87
Event: 1.878 Thread 0x0000000016579800 Uncommon trap: reason=unstable_if action=reinterpret pc=0x000000000255a5c0 method=java.util.HashMap.getNode(ILjava/lang/Object;)Ljava/util/HashMap$Node; @ 129
Event: 2.391 Thread 0x0000000016579800 Uncommon trap: reason=class_check action=maybe_recompile pc=0x0000000002778f70 method=com.android.dx.ssa.NormalSsaInsn.accept(Lcom/android/dx/ssa/SsaInsn$Visitor;)V @ 9
Event: 2.391 Thread 0x0000000016579800 Uncommon trap: reason=class_check action=maybe_recompile pc=0x0000000002533c70 method=com.android.dx.ssa.NormalSsaInsn.accept(Lcom/android/dx/ssa/SsaInsn$Visitor;)V @ 9
Event: 2.391 Thread 0x0000000016579800 Uncommon trap: reason=class_check action=maybe_recompile pc=0x0000000002533c70 method=com.android.dx.ssa.NormalSsaInsn.accept(Lcom/android/dx/ssa/SsaInsn$Visitor;)V @ 9
Event: 2.391 Thread 0x0000000016579800 Uncommon trap: reason=class_check action=maybe_recompile pc=0x0000000002533c70 method=com.android.dx.ssa.NormalSsaInsn.accept(Lcom/android/dx/ssa/SsaInsn$Visitor;)V @ 9
Event: 2.888 Thread 0x0000000016549000 Uncommon trap: reason=class_check action=maybe_recompile pc=0x0000000002778f70 method=com.android.dx.ssa.NormalSsaInsn.accept(Lcom/android/dx/ssa/SsaInsn$Visitor;)V @ 9
Event: 2.888 Thread 0x0000000016549000 Uncommon trap: reason=class_check action=maybe_recompile pc=0x00000000025b3c54 method=com.android.dx.ssa.NormalSsaInsn.accept(Lcom/android/dx/ssa/SsaInsn$Visitor;)V @ 9

Internal exceptions (2 events):
Event: 0.223 Thread 0x0000000002120800 Exception <a 'java/lang/NoSuchMethodError': Method sun.misc.Unsafe.defineClass(Ljava/lang/String;[BII)Ljava/lang/Class; name or signature does not match> (0x00000000eab0d0c8) thrown at [D:\re\puppet\workspace\8-2-build-windows-amd64-cygwin\jdk8u73\6086\hotEöŸõ˘ÅÃ?
Event: 0.223 Thread 0x0000000002120800 Exception <a 'java/lang/NoSuchMethodError': Method sun.misc.Unsafe.prefetchRead(Ljava/lang/Object;J)V name or signature does not match> (0x00000000eab0d3b0) thrown at [D:\re\puppet\workspace\8-2-build-windows-amd64-cygwin\jdk8u73\6086\hotspot\src\share\vm\

Events (10 events):
Event: 2.391 Thread 0x0000000016579800 DEOPT PACKING pc=0x0000000002533c70 sp=0x0000000016cfe9e0
Event: 2.391 Thread 0x0000000016579800 DEOPT UNPACKING pc=0x000000000233582a sp=0x0000000016cfe980 mode 2
Event: 2.457 Executing VM operation: ParallelGCFailedAllocation
Event: 2.872 Executing VM operation: ParallelGCFailedAllocation done
Event: 2.888 Thread 0x0000000016549000 Uncommon trap: trap_request=0xffffffde fr.pc=0x0000000002778f70
Event: 2.888 Thread 0x0000000016549000 DEOPT PACKING pc=0x0000000002778f70 sp=0x00000000169feab0
Event: 2.888 Thread 0x0000000016549000 DEOPT UNPACKING pc=0x000000000233582a sp=0x00000000169fe9e0 mode 2
Event: 2.888 Thread 0x0000000016549000 Uncommon trap: trap_request=0xffffffde fr.pc=0x00000000025b3c54
Event: 2.888 Thread 0x0000000016549000 DEOPT PACKING pc=0x00000000025b3c54 sp=0x00000000169fe6b0
Event: 2.888 Thread 0x0000000016549000 DEOPT UNPACKING pc=0x000000000233582a sp=0x00000000169fe600 mode 2


Dynamic libraries:
0x00007ff67b1f0000 - 0x00007ff67b227000 	C:\Program Files\Java\jdk1.8.0_73\bin\java.exe
0x00007ffefdbd0000 - 0x00007ffefdd7d000 	C:\Windows\SYSTEM32\ntdll.dll
0x00007ffefbb70000 - 0x00007ffefbcae000 	C:\Windows\system32\KERNEL32.DLL
0x00007ffefaf60000 - 0x00007ffefb075000 	C:\Windows\system32\KERNELBASE.dll
0x00007ffef98c0000 - 0x00007ffef994e000 	C:\Windows\system32\apphelp.dll
0x00007ffef0420000 - 0x00007ffef0473000 	C:\Windows\AppPatch\AppPatch64\AcGenral.DLL
0x00007ffefbd50000 - 0x00007ffefbdfa000 	C:\Windows\system32\msvcrt.dll
0x00007ffefaf30000 - 0x00007ffefaf5e000 	C:\Windows\system32\SspiCli.dll
0x00007ffefc4d0000 - 0x00007ffefc524000 	C:\Windows\system32\SHLWAPI.dll
0x00007ffefb260000 - 0x00007ffefb3d7000 	C:\Windows\system32\USER32.dll
0x00007ffefb410000 - 0x00007ffefb5a4000 	C:\Windows\system32\ole32.dll
0x00007ffefc6a0000 - 0x00007ffefdbc9000 	C:\Windows\system32\SHELL32.dll
0x00007ffefa2c0000 - 0x00007ffefa2e1000 	C:\Windows\SYSTEM32\USERENV.dll
0x00007ffefb8a0000 - 0x00007ffefb94a000 	C:\Windows\system32\ADVAPI32.dll
0x00007ffeef4b0000 - 0x00007ffeef4ce000 	C:\Windows\SYSTEM32\MPR.dll
0x00007ffefc0e0000 - 0x00007ffefc220000 	C:\Windows\system32\RPCRT4.dll
0x00007ffefbcb0000 - 0x00007ffefbd09000 	C:\Windows\SYSTEM32\sechost.dll
0x00007ffefb950000 - 0x00007ffefbb62000 	C:\Windows\SYSTEM32\combase.dll
0x00007ffefbed0000 - 0x00007ffefc01b000 	C:\Windows\system32\GDI32.dll
0x00007ffefad00000 - 0x00007ffefad15000 	C:\Windows\SYSTEM32\profapi.dll
0x00007ffef90e0000 - 0x00007ffef9192000 	C:\Windows\SYSTEM32\SHCORE.dll
0x00007ffefbd10000 - 0x00007ffefbd46000 	C:\Windows\system32\IMM32.DLL
0x00007ffefc530000 - 0x00007ffefc681000 	C:\Windows\system32\MSCTF.dll
0x00007ffef87e0000 - 0x00007ffef8a5b000 	C:\Windows\WinSxS\amd64_microsoft.windows.common-controls_6595b64144ccf1df_6.0.9600.18006_none_623f33d3ecbe86e8\COMCTL32.dll
0x00000000629a0000 - 0x0000000062a72000 	C:\Program Files\Java\jdk1.8.0_73\jre\bin\msvcr100.dll
0x0000000062f00000 - 0x0000000063790000 	C:\Program Files\Java\jdk1.8.0_73\jre\bin\server\jvm.dll
0x00007ffef6b70000 - 0x00007ffef6b79000 	C:\Windows\SYSTEM32\WSOCK32.dll
0x00007ffef5f90000 - 0x00007ffef5fb2000 	C:\Windows\SYSTEM32\WINMM.dll
0x00007ffef5ff0000 - 0x00007ffef5ffa000 	C:\Windows\SYSTEM32\VERSION.dll
0x00007ffefb890000 - 0x00007ffefb897000 	C:\Windows\system32\PSAPI.DLL
0x00007ffefb5b0000 - 0x00007ffefb60a000 	C:\Windows\system32\WS2_32.dll
0x00007ffef5f60000 - 0x00007ffef5f8a000 	C:\Windows\SYSTEM32\WINMMBASE.dll
0x00007ffefc690000 - 0x00007ffefc699000 	C:\Windows\system32\NSI.dll
0x00007ffefae30000 - 0x00007ffefae7f000 	C:\Windows\SYSTEM32\cfgmgr32.dll
0x00007ffef9b40000 - 0x00007ffef9b68000 	C:\Windows\SYSTEM32\DEVOBJ.dll
0x0000000062e10000 - 0x0000000062e1f000 	C:\Program Files\Java\jdk1.8.0_73\jre\bin\verify.dll
0x0000000062de0000 - 0x0000000062e09000 	C:\Program Files\Java\jdk1.8.0_73\jre\bin\java.dll
0x0000000062dc0000 - 0x0000000062dd6000 	C:\Program Files\Java\jdk1.8.0_73\jre\bin\zip.dll

VM Arguments:
jvm_args: -Djava.awt.headless=true -Xmx1024M -Dfile.encoding=windows-1252 -Duser.country=US -Duser.language=en -Duser.variant 
java_command: com.android.dx.command.Main --dex --num-threads=4 --output C:\android_work\asad_bhai\New folder\BMI_Call_d(1)\BMI_Call_d\app\build\intermediates\pre-dexed\debug\com.android.support-support-media-compat-25.0.1_14c3eed1ff5ffd4fb4b169e804f12034fa5100b1.jar C:\android_work\asad_bhai\New folder\BMI_Call_d(1)\BMI_Call_d\app\build\intermediates\exploded-aar\com.android.support\support-media-compat\25.0.1\jars\classes.jar
java_class_path (initial): C:\Android\Sdk\build-tools\25.0.0\lib\dx.jar
Launcher Type: SUN_STANDARD

Environment Variables:
PATH=C:\oraclexe\app\oracle\product\10.2.0\server\bin;C:\ProgramData\Oracle\Java\javapath;C:\Windows\system32;C:\Windows;C:\Windows\System32\Wbem;C:\Windows\System32\WindowsPowerShell\v1.0\;C:\Program Files\Git\cmd;C:\Program Files (x86)\Skype\Phone\;C:\instantclient_12_2;C:\Program Files (x86)\Ampps\php;C:\composer;C:\Users\rehan\AppData\Roaming\Composer\vendor\bin
USERNAME=rehan
OS=Windows_NT
PROCESSOR_IDENTIFIER=Intel64 Family 6 Model 58 Stepping 9, GenuineIntel



---------------  S Y S T E M  ---------------

OS: Windows 8.1 , 64 bit Build 9600 (6.3.9600.17415)

CPU:total 4 (2 cores per cpu, 2 threads per core) family 6 model 58 stepping 9, cmov, cx8, fxsr, mmx, sse, sse2, sse3, ssse3, sse4.1, sse4.2, popcnt, avx, aes, clmul, erms, ht, tsc, tscinvbit, tscinv

Memory: 4k page, physical 8281448k(1038784k free), swap 10034476k(5108k free)

vm_info: Java HotSpot(TM) 64-Bit Server VM (25.73-b02) for windows-amd64 JRE (1.8.0_73-b02), built on Jan 29 2016 17:38:49 by "java_re" with MS VC++ 10.0 (VS2010)

time: Thu Dec 28 12:21:26 2017
elapsed time: 2 seconds (0d 0h 0m 2s)

