#
# There is insufficient memory for the Java Runtime Environment to continue.
# Native memory allocation (malloc) failed to allocate 799696 bytes for Chunk::new
# Possible reasons:
#   The system is out of physical RAM or swap space
#   In 32 bit mode, the process size limit was hit
# Possible solutions:
#   Reduce memory load on the system
#   Increase physical memory or swap space
#   Check if swap backing store is full
#   Use 64 bit Java on a 64 bit OS
#   Decrease Java heap size (-Xmx/-Xms)
#   Decrease number of Java threads
#   Decrease Java thread stack sizes (-Xss)
#   Set larger code cache with -XX:ReservedCodeCacheSize=
# This output file may be truncated or incomplete.
#
#  Out of Memory Error (allocation.cpp:390), pid=7528, tid=5900
#
# JRE version: Java(TM) SE Runtime Environment (8.0_73-b02) (build 1.8.0_73-b02)
# Java VM: Java HotSpot(TM) 64-Bit Server VM (25.73-b02 mixed mode windows-amd64 compressed oops)
# Failed to write core dump. Minidumps are not enabled by default on client versions of Windows
#

---------------  T H R E A D  ---------------

Current thread (0x00000000151b5800):  JavaThread "C2 CompilerThread1" daemon [_thread_in_native, id=5900, stack(0x00000000168b0000,0x00000000169b0000)]

Stack: [0x00000000168b0000,0x00000000169b0000]
[error occurred during error reporting (printing stack bounds), id 0xc0000005]

Native frames: (J=compiled Java code, j=interpreted, Vv=VM code, C=native code)


Current CompileTask:
C2:   3038 1174   !   4       com.android.dx.cf.code.BytecodeArray::parseInstruction (2764 bytes)


---------------  P R O C E S S  ---------------

Java Threads: ( => current thread )
  0x0000000016e8d000 JavaThread "pool-1-thread-4" [_thread_blocked, id=8064, stack(0x0000000018c80000,0x0000000018d80000)]
  0x0000000016e8b000 JavaThread "pool-1-thread-3" [_thread_blocked, id=6484, stack(0x0000000018b80000,0x0000000018c80000)]
  0x0000000016e29800 JavaThread "pool-1-thread-2" [_thread_in_vm, id=1060, stack(0x0000000018a80000,0x0000000018b80000)]
  0x0000000016e26000 JavaThread "pool-2-thread-1" [_thread_blocked, id=2540, stack(0x0000000018980000,0x0000000018a80000)]
  0x0000000016e69800 JavaThread "pool-1-thread-1" [_thread_blocked, id=3560, stack(0x0000000018880000,0x0000000018980000)]
  0x0000000016ab5800 JavaThread "Service Thread" daemon [_thread_blocked, id=5700, stack(0x0000000016eb0000,0x0000000016fb0000)]
  0x00000000151bb800 JavaThread "C1 CompilerThread2" daemon [_thread_blocked, id=1112, stack(0x00000000169b0000,0x0000000016ab0000)]
=>0x00000000151b5800 JavaThread "C2 CompilerThread1" daemon [_thread_in_native, id=5900, stack(0x00000000168b0000,0x00000000169b0000)]
  0x000000001515b000 JavaThread "C2 CompilerThread0" daemon [_thread_in_native, id=6168, stack(0x00000000167b0000,0x00000000168b0000)]
  0x0000000015158000 JavaThread "Attach Listener" daemon [_thread_blocked, id=6592, stack(0x00000000166b0000,0x00000000167b0000)]
  0x0000000015157000 JavaThread "Signal Dispatcher" daemon [_thread_blocked, id=7436, stack(0x00000000165b0000,0x00000000166b0000)]
  0x0000000002a86000 JavaThread "Finalizer" daemon [_thread_blocked, id=5048, stack(0x00000000163d0000,0x00000000164d0000)]
  0x0000000002a7d000 JavaThread "Reference Handler" daemon [_thread_blocked, id=7684, stack(0x00000000162d0000,0x00000000163d0000)]
  0x0000000002990800 JavaThread "main" [_thread_in_Java, id=4328, stack(0x0000000002890000,0x0000000002990000)]

Other Threads:
  0x0000000015127800 VMThread [stack: 0x00000000161d0000,0x00000000162d0000] [id=4700]
  0x0000000016aca000 WatcherThread [stack: 0x0000000016fb0000,0x00000000170b0000] [id=7888]

VM state:not at safepoint (normal execution)

VM Mutex/Monitor currently owned by a thread:  ([mutex/lock_event])
[0x000000000288ceb0] CompiledIC_lock - owner thread: 0x0000000016e29800

Heap:
 PSYoungGen      total 38400K, used 24967K [0x00000000eab00000, 0x00000000ed580000, 0x0000000100000000)
  eden space 33280K, 63% used [0x00000000eab00000,0x00000000ebf82580,0x00000000ecb80000)
  from space 5120K, 77% used [0x00000000ecb80000,0x00000000ecf5f9b8,0x00000000ed080000)
  to   space 5120K, 0% used [0x00000000ed080000,0x00000000ed080000,0x00000000ed580000)
 ParOldGen       total 87552K, used 8K [0x00000000c0000000, 0x00000000c5580000, 0x00000000eab00000)
  object space 87552K, 0% used [0x00000000c0000000,0x00000000c0002000,0x00000000c5580000)
 Metaspace       used 6071K, capacity 6960K, committed 7040K, reserved 1056768K
  class space    used 601K, capacity 616K, committed 640K, reserved 1048576K

Card table byte_map: [0x0000000011e50000,0x0000000012060000] byte_map_base: 0x0000000011850000

Marking Bits: (ParMarkBitMap*) 0x0000000063710600
 Begin Bits: [0x00000000125c0000, 0x00000000135c0000)
 End Bits:   [0x00000000135c0000, 0x00000000145c0000)

Polling page: 0x0000000000f00000

CodeCache: size=245760Kb used=5221Kb max_used=5221Kb free=240538Kb
 bounds [0x0000000002a90000, 0x0000000002fb0000, 0x0000000011a90000]
 total_blobs=1565 nmethods=1296 adapters=182
 compilation: enabled

Compilation events (10 events):
Event: 3.021 Thread 0x00000000151bb800 nmethod 1296 0x0000000002f95450 code [0x0000000002f955a0, 0x0000000002f95730]
Event: 3.021 Thread 0x00000000151bb800 1297       3       com.android.dx.dex.file.EncodedMethod::<init> (68 bytes)
Event: 3.022 Thread 0x00000000151bb800 nmethod 1297 0x0000000002f957d0 code [0x0000000002f95960, 0x0000000002f95e18]
Event: 3.022 Thread 0x00000000151bb800 1298       3       java.util.Collections::unmodifiableCollection (9 bytes)
Event: 3.022 Thread 0x00000000151bb800 nmethod 1298 0x0000000002f95fd0 code [0x0000000002f96160, 0x0000000002f964a8]
Event: 3.022 Thread 0x00000000151bb800 1299       3       com.android.dx.cf.direct.StdAttributeFactory::code (613 bytes)
Event: 3.032 Thread 0x00000000151bb800 nmethod 1299 0x0000000002f96610 code [0x0000000002f96f80, 0x0000000002f9db98]
Event: 3.032 Thread 0x00000000151bb800 1304       3       com.android.dx.rop.cst.CstString::stringToUtf8Bytes (175 bytes)
Event: 3.032 Thread 0x00000000151bb800 nmethod 1304 0x0000000002fa4850 code [0x0000000002fa4a20, 0x0000000002fa5298]
Event: 3.032 Thread 0x00000000151bb800 1302       3       com.android.dx.ssa.ConstCollector::getConstsSortedByCountUse (386 bytes)

GC Heap History (2 events):
Event: 2.038 GC heap before
{Heap before GC invocations=1 (full 0):
 PSYoungGen      total 38400K, used 33280K [0x00000000eab00000, 0x00000000ed580000, 0x0000000100000000)
  eden space 33280K, 100% used [0x00000000eab00000,0x00000000ecb80000,0x00000000ecb80000)
  from space 5120K, 0% used [0x00000000ed080000,0x00000000ed080000,0x00000000ed580000)
  to   space 5120K, 0% used [0x00000000ecb80000,0x00000000ecb80000,0x00000000ed080000)
 ParOldGen       total 87552K, used 0K [0x00000000c0000000, 0x00000000c5580000, 0x00000000eab00000)
  object space 87552K, 0% used [0x00000000c0000000,0x00000000c0000000,0x00000000c5580000)
 Metaspace       used 5730K, capacity 6640K, committed 6784K, reserved 1056768K
  class space    used 593K, capacity 616K, committed 640K, reserved 1048576K
Event: 2.101 GC heap after
Heap after GC invocations=1 (full 0):
 PSYoungGen      total 38400K, used 3966K [0x00000000eab00000, 0x00000000ed580000, 0x0000000100000000)
  eden space 33280K, 0% used [0x00000000eab00000,0x00000000eab00000,0x00000000ecb80000)
  from space 5120K, 77% used [0x00000000ecb80000,0x00000000ecf5f9b8,0x00000000ed080000)
  to   space 5120K, 0% used [0x00000000ed080000,0x00000000ed080000,0x00000000ed580000)
 ParOldGen       total 87552K, used 8K [0x00000000c0000000, 0x00000000c5580000, 0x00000000eab00000)
  object space 87552K, 0% used [0x00000000c0000000,0x00000000c0002000,0x00000000c5580000)
 Metaspace       used 5730K, capacity 6640K, committed 6784K, reserved 1056768K
  class space    used 593K, capacity 616K, committed 640K, reserved 1048576K
}

Deoptimization events (9 events):
Event: 1.818 Thread 0x0000000016e69800 Uncommon trap: reason=unstable_if action=reinterpret pc=0x0000000002cbda98 method=java.util.HashMap.getNode(ILjava/lang/Object;)Ljava/util/HashMap$Node; @ 129
Event: 2.154 Thread 0x0000000016e8d000 Uncommon trap: reason=unstable_if action=reinterpret pc=0x0000000002cd0eb0 method=java.util.BitSet.nextSetBit(I)I @ 87
Event: 2.173 Thread 0x0000000016e8d000 Uncommon trap: reason=unstable_if action=reinterpret pc=0x0000000002dd631c method=com.android.dx.rop.cst.Constant.compareTo(Lcom/android/dx/rop/cst/Constant;)I @ 12
Event: 2.182 Thread 0x0000000002990800 Uncommon trap: reason=null_check action=make_not_entrant pc=0x0000000002e2c3a0 method=com.android.dx.rop.type.Type.equals(Ljava/lang/Object;)Z @ 8
Event: 2.201 Thread 0x0000000002990800 Uncommon trap: reason=class_check action=maybe_recompile pc=0x0000000002e23450 method=com.android.dx.ssa.NormalSsaInsn.accept(Lcom/android/dx/ssa/SsaInsn$Visitor;)V @ 9
Event: 2.904 Thread 0x0000000016e8d000 Uncommon trap: reason=class_check action=maybe_recompile pc=0x0000000002e23450 method=com.android.dx.ssa.NormalSsaInsn.accept(Lcom/android/dx/ssa/SsaInsn$Visitor;)V @ 9
Event: 2.904 Thread 0x0000000016e8d000 Uncommon trap: reason=class_check action=maybe_recompile pc=0x0000000002d33c70 method=com.android.dx.ssa.NormalSsaInsn.accept(Lcom/android/dx/ssa/SsaInsn$Visitor;)V @ 9
Event: 2.904 Thread 0x0000000016e8d000 Uncommon trap: reason=class_check action=maybe_recompile pc=0x0000000002d33c70 method=com.android.dx.ssa.NormalSsaInsn.accept(Lcom/android/dx/ssa/SsaInsn$Visitor;)V @ 9
Event: 2.908 Thread 0x0000000016e8d000 Uncommon trap: reason=class_check action=maybe_recompile pc=0x0000000002e23450 method=com.android.dx.ssa.NormalSsaInsn.accept(Lcom/android/dx/ssa/SsaInsn$Visitor;)V @ 9

Internal exceptions (3 events):
Event: 0.164 Thread 0x0000000002990800 Exception <a 'java/lang/NoSuchMethodError': Method sun.misc.Unsafe.defineClass(Ljava/lang/String;[BII)Ljava/lang/Class; name or signature does not match> (0x00000000eab0d498) thrown at [D:\re\puppet\workspace\8-2-build-windows-amd64-cygwin\jdk8u73\6086\hot/øj‚*øÄ?
Event: 0.164 Thread 0x0000000002990800 Exception <a 'java/lang/NoSuchMethodError': Method sun.misc.Unsafe.prefetchRead(Ljava/lang/Object;J)V name or signature does not match> (0x00000000eab0d780) thrown at [D:\re\puppet\workspace\8-2-build-windows-amd64-cygwin\jdk8u73\6086\hotspot\src\share\vm\Ó{ìNt@
Event: 2.182 Thread 0x0000000002990800 Implicit null exception at 0x0000000002e2c2a2 to 0x0000000002e2c392

Events (10 events):
Event: 2.953 Thread 0x0000000016e29800 DEOPT PACKING pc=0x0000000002e1167a sp=0x0000000018b7ea50
Event: 2.953 Thread 0x0000000016e29800 DEOPT UNPACKING pc=0x0000000002ad787f sp=0x0000000018b7e7b8 mode 0
Event: 3.008 Thread 0x0000000016e29800 DEOPT PACKING pc=0x0000000002d3b0f5 sp=0x0000000018b7eb40
Event: 3.008 Thread 0x0000000016e29800 DEOPT UNPACKING pc=0x0000000002ad787f sp=0x0000000018b7e920 mode 0
Event: 3.012 loading class com/android/dx/dex/file/ParameterAnnotationStruct
Event: 3.012 loading class com/android/dx/dex/file/ParameterAnnotationStruct done
Event: 3.013 loading class com/android/dx/dex/file/UniformListItem
Event: 3.013 loading class com/android/dx/dex/file/UniformListItem done
Event: 3.014 loading class com/android/dx/dex/file/AnnotationSetRefItem
Event: 3.014 loading class com/android/dx/dex/file/AnnotationSetRefItem done


Dynamic libraries:
0x00007ff67b1f0000 - 0x00007ff67b227000 	C:\Program Files\Java\jdk1.8.0_73\bin\java.exe
0x00007ffefdbd0000 - 0x00007ffefdd7d000 	C:\Windows\SYSTEM32\ntdll.dll
0x00007ffefbb70000 - 0x00007ffefbcae000 	C:\Windows\system32\KERNEL32.DLL
0x00007ffefaf60000 - 0x00007ffefb075000 	C:\Windows\system32\KERNELBASE.dll
0x00007ffef98c0000 - 0x00007ffef994e000 	C:\Windows\system32\apphelp.dll
0x00007ffef02f0000 - 0x00007ffef0343000 	C:\Windows\AppPatch\AppPatch64\AcGenral.DLL
0x00007ffefbd50000 - 0x00007ffefbdfa000 	C:\Windows\system32\msvcrt.dll
0x00007ffefaf30000 - 0x00007ffefaf5e000 	C:\Windows\system32\SspiCli.dll
0x00007ffefc4d0000 - 0x00007ffefc524000 	C:\Windows\system32\SHLWAPI.dll
0x00007ffefb260000 - 0x00007ffefb3d7000 	C:\Windows\system32\USER32.dll
0x00007ffefb410000 - 0x00007ffefb5a4000 	C:\Windows\system32\ole32.dll
0x00007ffefc6a0000 - 0x00007ffefdbc9000 	C:\Windows\system32\SHELL32.dll
0x00007ffefa2c0000 - 0x00007ffefa2e1000 	C:\Windows\SYSTEM32\USERENV.dll
0x00007ffefb8a0000 - 0x00007ffefb94a000 	C:\Windows\system32\ADVAPI32.dll
0x00007ffeef4b0000 - 0x00007ffeef4ce000 	C:\Windows\SYSTEM32\MPR.dll
0x00007ffefc0e0000 - 0x00007ffefc220000 	C:\Windows\system32\RPCRT4.dll
0x00007ffefbcb0000 - 0x00007ffefbd09000 	C:\Windows\SYSTEM32\sechost.dll
0x00007ffefb950000 - 0x00007ffefbb62000 	C:\Windows\SYSTEM32\combase.dll
0x00007ffefbed0000 - 0x00007ffefc01b000 	C:\Windows\system32\GDI32.dll
0x00007ffefad00000 - 0x00007ffefad15000 	C:\Windows\SYSTEM32\profapi.dll
0x00007ffef90e0000 - 0x00007ffef9192000 	C:\Windows\SYSTEM32\SHCORE.dll
0x00007ffefbd10000 - 0x00007ffefbd46000 	C:\Windows\system32\IMM32.DLL
0x00007ffefc530000 - 0x00007ffefc681000 	C:\Windows\system32\MSCTF.dll
0x00007ffef87e0000 - 0x00007ffef8a5b000 	C:\Windows\WinSxS\amd64_microsoft.windows.common-controls_6595b64144ccf1df_6.0.9600.18006_none_623f33d3ecbe86e8\COMCTL32.dll
0x00000000629a0000 - 0x0000000062a72000 	C:\Program Files\Java\jdk1.8.0_73\jre\bin\msvcr100.dll
0x0000000062f00000 - 0x0000000063790000 	C:\Program Files\Java\jdk1.8.0_73\jre\bin\server\jvm.dll
0x00007ffef6b70000 - 0x00007ffef6b79000 	C:\Windows\SYSTEM32\WSOCK32.dll
0x00007ffef5f90000 - 0x00007ffef5fb2000 	C:\Windows\SYSTEM32\WINMM.dll
0x00007ffef5ff0000 - 0x00007ffef5ffa000 	C:\Windows\SYSTEM32\VERSION.dll
0x00007ffefb890000 - 0x00007ffefb897000 	C:\Windows\system32\PSAPI.DLL
0x00007ffefb5b0000 - 0x00007ffefb60a000 	C:\Windows\system32\WS2_32.dll
0x00007ffef5f60000 - 0x00007ffef5f8a000 	C:\Windows\SYSTEM32\WINMMBASE.dll
0x00007ffefc690000 - 0x00007ffefc699000 	C:\Windows\system32\NSI.dll
0x00007ffefae30000 - 0x00007ffefae7f000 	C:\Windows\SYSTEM32\cfgmgr32.dll
0x00007ffef9b40000 - 0x00007ffef9b68000 	C:\Windows\SYSTEM32\DEVOBJ.dll
0x0000000062e10000 - 0x0000000062e1f000 	C:\Program Files\Java\jdk1.8.0_73\jre\bin\verify.dll
0x0000000062de0000 - 0x0000000062e09000 	C:\Program Files\Java\jdk1.8.0_73\jre\bin\java.dll
0x0000000062dc0000 - 0x0000000062dd6000 	C:\Program Files\Java\jdk1.8.0_73\jre\bin\zip.dll

VM Arguments:
jvm_args: -Djava.awt.headless=true -Xmx1024M -Dfile.encoding=windows-1252 -Duser.country=US -Duser.language=en -Duser.variant 
java_command: com.android.dx.command.Main --dex --num-threads=4 --output C:\android_work\asad_bhai\New folder\BMI_Call_d(1)\BMI_Call_d\app\build\intermediates\pre-dexed\debug\com.google.android.gms-play-services-ads-8.4.0_f796db1832b7a1c82d0ba39605b39a413380f6ea.jar C:\android_work\asad_bhai\New folder\BMI_Call_d(1)\BMI_Call_d\app\build\intermediates\exploded-aar\com.google.android.gms\play-services-ads\8.4.0\jars\classes.jar
java_class_path (initial): C:\Android\Sdk\build-tools\25.0.0\lib\dx.jar
Launcher Type: SUN_STANDARD

Environment Variables:
PATH=C:\oraclexe\app\oracle\product\10.2.0\server\bin;C:\ProgramData\Oracle\Java\javapath;C:\Windows\system32;C:\Windows;C:\Windows\System32\Wbem;C:\Windows\System32\WindowsPowerShell\v1.0\;C:\Program Files\Git\cmd;C:\Program Files (x86)\Skype\Phone\;C:\instantclient_12_2;C:\Program Files (x86)\Ampps\php;C:\composer;C:\Users\rehan\AppData\Roaming\Composer\vendor\bin
USERNAME=rehan
OS=Windows_NT
PROCESSOR_IDENTIFIER=Intel64 Family 6 Model 58 Stepping 9, GenuineIntel



---------------  S Y S T E M  ---------------

OS: Windows 8.1 , 64 bit Build 9600 (6.3.9600.17415)

CPU:total 4 (2 cores per cpu, 2 threads per core) family 6 model 58 stepping 9, cmov, cx8, fxsr, mmx, sse, sse2, sse3, ssse3, sse4.1, sse4.2, popcnt, avx, aes, clmul, erms, ht, tsc, tscinvbit, tscinv

Memory: 4k page, physical 8281448k(1187480k free), swap 10003096k(5636k free)

vm_info: Java HotSpot(TM) 64-Bit Server VM (25.73-b02) for windows-amd64 JRE (1.8.0_73-b02), built on Jan 29 2016 17:38:49 by "java_re" with MS VC++ 10.0 (VS2010)

time: Thu Dec 28 11:56:00 2017
elapsed time: 3 seconds (0d 0h 0m 3s)

