#
# There is insufficient memory for the Java Runtime Environment to continue.
# Native memory allocation (malloc) failed to allocate 74048 bytes for Chunk::new
# Possible reasons:
#   The system is out of physical RAM or swap space
#   In 32 bit mode, the process size limit was hit
# Possible solutions:
#   Reduce memory load on the system
#   Increase physical memory or swap space
#   Check if swap backing store is full
#   Use 64 bit Java on a 64 bit OS
#   Decrease Java heap size (-Xmx/-Xms)
#   Decrease number of Java threads
#   Decrease Java thread stack sizes (-Xss)
#   Set larger code cache with -XX:ReservedCodeCacheSize=
# This output file may be truncated or incomplete.
#
#  Out of Memory Error (allocation.cpp:390), pid=7468, tid=7336
#
# JRE version: Java(TM) SE Runtime Environment (8.0_73-b02) (build 1.8.0_73-b02)
# Java VM: Java HotSpot(TM) 64-Bit Server VM (25.73-b02 mixed mode windows-amd64 compressed oops)
# Failed to write core dump. Minidumps are not enabled by default on client versions of Windows
#

---------------  T H R E A D  ---------------

Current thread (0x0000000014f0a000):  JavaThread "C2 CompilerThread0" daemon [_thread_in_native, id=7336, stack(0x0000000016560000,0x0000000016660000)]

Stack: [0x0000000016560000,0x0000000016660000]
[error occurred during error reporting (printing stack bounds), id 0xc0000005]

Native frames: (J=compiled Java code, j=interpreted, Vv=VM code, C=native code)


Current CompileTask:
C2:   2704  872   !   4       com.android.dx.rop.code.RegisterSpec::intern (70 bytes)


---------------  P R O C E S S  ---------------

Java Threads: ( => current thread )
  0x0000000016b35800 JavaThread "pool-2-thread-4" [_thread_in_Java, id=6216, stack(0x0000000017260000,0x0000000017360000)]
  0x0000000016b35000 JavaThread "pool-2-thread-3" [_thread_in_Java, id=6148, stack(0x0000000017160000,0x0000000017260000)]
  0x0000000016b34800 JavaThread "pool-2-thread-2" [_thread_in_Java, id=7296, stack(0x0000000017060000,0x0000000017160000)]
  0x0000000016b31800 JavaThread "pool-3-thread-1" [_thread_blocked, id=7156, stack(0x0000000016f60000,0x0000000017060000)]
  0x0000000016b31000 JavaThread "pool-2-thread-1" [_thread_blocked, id=3880, stack(0x0000000016e60000,0x0000000016f60000)]
  0x0000000016865800 JavaThread "Service Thread" daemon [_thread_blocked, id=3808, stack(0x0000000016c60000,0x0000000016d60000)]
  0x0000000014f19000 JavaThread "C1 CompilerThread2" daemon [_thread_blocked, id=4904, stack(0x0000000016760000,0x0000000016860000)]
  0x0000000014f0f000 JavaThread "C2 CompilerThread1" daemon [_thread_blocked, id=712, stack(0x0000000016660000,0x0000000016760000)]
=>0x0000000014f0a000 JavaThread "C2 CompilerThread0" daemon [_thread_in_native, id=7336, stack(0x0000000016560000,0x0000000016660000)]
  0x0000000014f07000 JavaThread "Attach Listener" daemon [_thread_blocked, id=6768, stack(0x0000000016460000,0x0000000016560000)]
  0x0000000014f05800 JavaThread "Signal Dispatcher" daemon [_thread_blocked, id=5228, stack(0x0000000016360000,0x0000000016460000)]
  0x0000000002830800 JavaThread "Finalizer" daemon [_thread_blocked, id=5412, stack(0x0000000016180000,0x0000000016280000)]
  0x000000000282d000 JavaThread "Reference Handler" daemon [_thread_blocked, id=6048, stack(0x0000000016080000,0x0000000016180000)]
  0x0000000002740800 JavaThread "main" [_thread_in_vm, id=5928, stack(0x00000000025a0000,0x00000000026a0000)]

Other Threads:
  0x0000000014ed7800 VMThread [stack: 0x0000000015f80000,0x0000000016080000] [id=3896]
  0x000000001687b000 WatcherThread [stack: 0x0000000016d60000,0x0000000016e60000] [id=6440]

VM state:not at safepoint (normal execution)

VM Mutex/Monitor currently owned by a thread: None

Heap:
 PSYoungGen      total 38400K, used 23306K [0x00000000eab00000, 0x00000000ed580000, 0x0000000100000000)
  eden space 33280K, 70% used [0x00000000eab00000,0x00000000ec1c29f8,0x00000000ecb80000)
  from space 5120K, 0% used [0x00000000ed080000,0x00000000ed080000,0x00000000ed580000)
  to   space 5120K, 0% used [0x00000000ecb80000,0x00000000ecb80000,0x00000000ed080000)
 ParOldGen       total 87552K, used 0K [0x00000000c0000000, 0x00000000c5580000, 0x00000000eab00000)
  object space 87552K, 0% used [0x00000000c0000000,0x00000000c0000000,0x00000000c5580000)
 Metaspace       used 5684K, capacity 6768K, committed 7040K, reserved 1056768K
  class space    used 588K, capacity 616K, committed 640K, reserved 1048576K

Card table byte_map: [0x0000000011c00000,0x0000000011e10000] byte_map_base: 0x0000000011600000

Marking Bits: (ParMarkBitMap*) 0x000000006a8a0600
 Begin Bits: [0x0000000012370000, 0x0000000013370000)
 End Bits:   [0x0000000013370000, 0x0000000014370000)

Polling page: 0x0000000000d10000

CodeCache: size=245760Kb used=3637Kb max_used=3637Kb free=242122Kb
 bounds [0x0000000002840000, 0x0000000002bd0000, 0x0000000011840000]
 total_blobs=1144 nmethods=880 adapters=176
 compilation: disabled (not enough contiguous free space left)

Compilation events (10 events):
Event: 2.687 Thread 0x0000000014f19000  880       3       com.android.dx.ssa.DeadCodeRemover::isCircularNoSideEffect (140 bytes)
Event: 2.688 Thread 0x0000000014f19000 nmethod 880 0x0000000002bca010 code [0x0000000002bca2c0, 0x0000000002bcb408]
Event: 2.689 Thread 0x0000000014f19000  881       3       com.android.dx.rop.code.RegisterSpecSet::size (49 bytes)
Event: 2.689 Thread 0x0000000014f19000 nmethod 881 0x0000000002bc7390 code [0x0000000002bc7500, 0x0000000002bc7790]
Event: 2.689 Thread 0x0000000014f19000  883       3       com.android.dx.ssa.PhiInsn::getSources (95 bytes)
Event: 2.690 Thread 0x0000000014f19000 nmethod 883 0x0000000002bcbd50 code [0x0000000002bcbfc0, 0x0000000002bccfd8]
Event: 2.690 Thread 0x0000000014f19000  884       3       java.util.HashMap::resize (359 bytes)
Event: 2.691 Thread 0x0000000014f19000 nmethod 884 0x0000000002bcdc50 code [0x0000000002bcdea0, 0x0000000002bcf0c8]
Event: 2.691 Thread 0x0000000014f19000  890       3       com.android.dx.ssa.InterferenceRegisterMapper::interferes (78 bytes)
Event: 2.693 Thread 0x0000000014f19000 


GC Heap History (0 events):
No events

Deoptimization events (2 events):
Event: 0.497 Thread 0x0000000002740800 Uncommon trap: reason=unstable_if action=reinterpret pc=0x00000000029981d4 method=java.lang.String.compareTo(Ljava/lang/String;)I @ 38
Event: 2.168 Thread 0x0000000016b31000 Uncommon trap: reason=unstable_if action=reinterpret pc=0x0000000002a7d90c method=java.util.HashMap.getNode(ILjava/lang/Object;)Ljava/util/HashMap$Node; @ 62

Internal exceptions (2 events):
Event: 0.084 Thread 0x0000000002740800 Exception <a 'java/lang/NoSuchMethodError': Method sun.misc.Unsafe.defineClass(Ljava/lang/String;[BII)Ljava/lang/Class; name or signature does not match> (0x00000000eab0d4d0) thrown at [D:\re\puppet\workspace\8-2-build-windows-amd64-cygwin\jdk8u73\6086\hot©þ†”Ë™µ?
Event: 0.084 Thread 0x0000000002740800 Exception <a 'java/lang/NoSuchMethodError': Method sun.misc.Unsafe.prefetchRead(Ljava/lang/Object;J)V name or signature does not match> (0x00000000eab0d7b8) thrown at [D:\re\puppet\workspace\8-2-build-windows-amd64-cygwin\jdk8u73\6086\hotspot\src\share\vm\

Events (10 events):
Event: 2.668 Executing VM operation: ForceSafepoint
Event: 2.671 Executing VM operation: ForceSafepoint done
Event: 2.678 loading class com/android/dx/cf/code/Ropper$ExceptionHandlerSetup
Event: 2.678 loading class com/android/dx/cf/code/Ropper$ExceptionHandlerSetup done
Event: 2.682 loading class java/util/HashMap$Values
Event: 2.682 loading class java/util/HashMap$Values done
Event: 2.683 loading class java/util/HashMap$ValueIterator
Event: 2.683 loading class java/util/HashMap$ValueIterator done
Event: 2.695 loading class com/android/dx/cf/attrib/AttSignature
Event: 2.695 loading class com/android/dx/cf/attrib/AttSignature done


Dynamic libraries:
0x00007ff6aff90000 - 0x00007ff6affc7000 	C:\Program Files\Java\jdk1.8.0_73\bin\java.exe
0x00007ff9e9900000 - 0x00007ff9e9aad000 	C:\Windows\SYSTEM32\ntdll.dll
0x00007ff9e7130000 - 0x00007ff9e726e000 	C:\Windows\system32\KERNEL32.DLL
0x00007ff9e6e70000 - 0x00007ff9e6f85000 	C:\Windows\system32\KERNELBASE.dll
0x00007ff9e55f0000 - 0x00007ff9e567e000 	C:\Windows\system32\apphelp.dll
0x00007ff9d9d60000 - 0x00007ff9d9db3000 	C:\Windows\AppPatch\AppPatch64\AcGenral.DLL
0x00007ff9e75b0000 - 0x00007ff9e765a000 	C:\Windows\system32\msvcrt.dll
0x00007ff9e6b00000 - 0x00007ff9e6b2e000 	C:\Windows\system32\SspiCli.dll
0x00007ff9e7550000 - 0x00007ff9e75a4000 	C:\Windows\system32\SHLWAPI.dll
0x00007ff9e8fb0000 - 0x00007ff9e9127000 	C:\Windows\system32\USER32.dll
0x00007ff9e6f90000 - 0x00007ff9e7124000 	C:\Windows\system32\ole32.dll
0x00007ff9e7770000 - 0x00007ff9e8c99000 	C:\Windows\system32\SHELL32.dll
0x00007ff9e5ff0000 - 0x00007ff9e6011000 	C:\Windows\SYSTEM32\USERENV.dll
0x00007ff9e7660000 - 0x00007ff9e770a000 	C:\Windows\system32\ADVAPI32.dll
0x00007ff9db390000 - 0x00007ff9db3ae000 	C:\Windows\SYSTEM32\MPR.dll
0x00007ff9e9150000 - 0x00007ff9e9290000 	C:\Windows\system32\RPCRT4.dll
0x00007ff9e7340000 - 0x00007ff9e7399000 	C:\Windows\SYSTEM32\sechost.dll
0x00007ff9e9650000 - 0x00007ff9e9862000 	C:\Windows\SYSTEM32\combase.dll
0x00007ff9e73a0000 - 0x00007ff9e74eb000 	C:\Windows\system32\GDI32.dll
0x00007ff9e6a30000 - 0x00007ff9e6a45000 	C:\Windows\SYSTEM32\profapi.dll
0x00007ff9e4fc0000 - 0x00007ff9e5072000 	C:\Windows\SYSTEM32\SHCORE.dll
0x00007ff9e9470000 - 0x00007ff9e94a6000 	C:\Windows\system32\IMM32.DLL
0x00007ff9e8ca0000 - 0x00007ff9e8df1000 	C:\Windows\system32\MSCTF.dll
0x00007ff9e44f0000 - 0x00007ff9e476b000 	C:\Windows\WinSxS\amd64_microsoft.windows.common-controls_6595b64144ccf1df_6.0.9600.18006_none_623f33d3ecbe86e8\COMCTL32.dll
0x0000000069b00000 - 0x0000000069bd2000 	C:\Program Files\Java\jdk1.8.0_73\jre\bin\msvcr100.dll
0x000000006a090000 - 0x000000006a920000 	C:\Program Files\Java\jdk1.8.0_73\jre\bin\server\jvm.dll
0x00007ff9e2f30000 - 0x00007ff9e2f39000 	C:\Windows\SYSTEM32\WSOCK32.dll
0x00007ff9e1d00000 - 0x00007ff9e1d22000 	C:\Windows\SYSTEM32\WINMM.dll
0x00007ff9e1cc0000 - 0x00007ff9e1cca000 	C:\Windows\SYSTEM32\VERSION.dll
0x00007ff9e9580000 - 0x00007ff9e9587000 	C:\Windows\system32\PSAPI.DLL
0x00007ff9e7710000 - 0x00007ff9e776a000 	C:\Windows\system32\WS2_32.dll
0x00007ff9e1cd0000 - 0x00007ff9e1cfa000 	C:\Windows\SYSTEM32\WINMMBASE.dll
0x00007ff9e9570000 - 0x00007ff9e9579000 	C:\Windows\system32\NSI.dll
0x00007ff9e6d70000 - 0x00007ff9e6dbf000 	C:\Windows\SYSTEM32\cfgmgr32.dll
0x00007ff9e5840000 - 0x00007ff9e5868000 	C:\Windows\SYSTEM32\DEVOBJ.dll
0x0000000069fa0000 - 0x0000000069faf000 	C:\Program Files\Java\jdk1.8.0_73\jre\bin\verify.dll
0x0000000069f70000 - 0x0000000069f99000 	C:\Program Files\Java\jdk1.8.0_73\jre\bin\java.dll
0x0000000069f50000 - 0x0000000069f66000 	C:\Program Files\Java\jdk1.8.0_73\jre\bin\zip.dll

VM Arguments:
jvm_args: -Djava.awt.headless=true -Xmx1024M -Dfile.encoding=windows-1252 -Duser.country=US -Duser.language=en -Duser.variant 
java_command: com.android.dx.command.Main --dex --force-jumbo --num-threads=4 --multi-dex --output C:\android_work\asad_bhai\New folder\BMI_Call_d(1)\BMI_Call_d\app\build\intermediates\transforms\dex\debug\folders\1000\10\com.android.support-appcompat-v7-25.0.1_45b8f7a47fdc0bb7f0a2f1a1cfba7c8329bc9f34 C:\android_work\asad_bhai\New folder\BMI_Call_d(1)\BMI_Call_d\app\build\intermediates\exploded-aar\com.android.support\appcompat-v7\25.0.1\jars\classes.jar
java_class_path (initial): C:\Android\Sdk\build-tools\25.0.0\lib\dx.jar
Launcher Type: SUN_STANDARD

Environment Variables:
PATH=C:\oraclexe\app\oracle\product\10.2.0\server\bin;C:\ProgramData\Oracle\Java\javapath;C:\Windows\system32;C:\Windows;C:\Windows\System32\Wbem;C:\Windows\System32\WindowsPowerShell\v1.0\;C:\Program Files\Git\cmd;C:\Program Files (x86)\Skype\Phone\;C:\instantclient_12_2;C:\Program Files (x86)\Ampps\php;C:\composer;C:\Users\rehan\AppData\Roaming\Composer\vendor\bin
USERNAME=rehan
OS=Windows_NT
PROCESSOR_IDENTIFIER=Intel64 Family 6 Model 58 Stepping 9, GenuineIntel



---------------  S Y S T E M  ---------------

OS: Windows 8.1 , 64 bit Build 9600 (6.3.9600.17415)

CPU:total 4 (2 cores per cpu, 2 threads per core) family 6 model 58 stepping 9, cmov, cx8, fxsr, mmx, sse, sse2, sse3, ssse3, sse4.1, sse4.2, popcnt, avx, aes, clmul, erms, ht, tsc, tscinvbit, tscinv

Memory: 4k page, physical 8281448k(891440k free), swap 11427176k(5388k free)

vm_info: Java HotSpot(TM) 64-Bit Server VM (25.73-b02) for windows-amd64 JRE (1.8.0_73-b02), built on Jan 29 2016 17:38:49 by "java_re" with MS VC++ 10.0 (VS2010)

time: Sun Nov 05 23:29:34 2017
elapsed time: 2 seconds (0d 0h 0m 2s)

