#
# There is insufficient memory for the Java Runtime Environment to continue.
# Native memory allocation (malloc) failed to allocate 841616 bytes for Chunk::new
# Possible reasons:
#   The system is out of physical RAM or swap space
#   In 32 bit mode, the process size limit was hit
# Possible solutions:
#   Reduce memory load on the system
#   Increase physical memory or swap space
#   Check if swap backing store is full
#   Use 64 bit Java on a 64 bit OS
#   Decrease Java heap size (-Xmx/-Xms)
#   Decrease number of Java threads
#   Decrease Java thread stack sizes (-Xss)
#   Set larger code cache with -XX:ReservedCodeCacheSize=
# This output file may be truncated or incomplete.
#
#  Out of Memory Error (allocation.cpp:390), pid=136, tid=5576
#
# JRE version: Java(TM) SE Runtime Environment (8.0_73-b02) (build 1.8.0_73-b02)
# Java VM: Java HotSpot(TM) 64-Bit Server VM (25.73-b02 mixed mode windows-amd64 compressed oops)
# Failed to write core dump. Minidumps are not enabled by default on client versions of Windows
#

---------------  T H R E A D  ---------------

Current thread (0x0000000014c55800):  JavaThread "C2 CompilerThread1" daemon [_thread_in_native, id=5576, stack(0x0000000016260000,0x0000000016360000)]

Stack: [0x0000000016260000,0x0000000016360000]
[error occurred during error reporting (printing stack bounds), id 0xc0000005]

Native frames: (J=compiled Java code, j=interpreted, Vv=VM code, C=native code)


Current CompileTask:
C2:   6799 1253       4       com.android.dx.ssa.SCCP::simulateStmt (481 bytes)


---------------  P R O C E S S  ---------------

Java Threads: ( => current thread )
  0x0000000016704800 JavaThread "pool-1-thread-4" [_thread_blocked, id=180, stack(0x0000000016e60000,0x0000000016f60000)]
  0x0000000016704000 JavaThread "pool-1-thread-3" [_thread_in_vm, id=7704, stack(0x0000000016d60000,0x0000000016e60000)]
  0x0000000016703000 JavaThread "pool-1-thread-2" [_thread_in_vm_trans, id=3520, stack(0x0000000016c60000,0x0000000016d60000)]
  0x000000001673e000 JavaThread "pool-2-thread-1" [_thread_blocked, id=5640, stack(0x0000000016b60000,0x0000000016c60000)]
  0x000000001673d000 JavaThread "pool-1-thread-1" [_thread_blocked, id=5884, stack(0x0000000016a60000,0x0000000016b60000)]
  0x0000000016465800 JavaThread "Service Thread" daemon [_thread_blocked, id=976, stack(0x0000000016860000,0x0000000016960000)]
  0x0000000014c58800 JavaThread "C1 CompilerThread2" daemon [_thread_blocked, id=2188, stack(0x0000000016360000,0x0000000016460000)]
=>0x0000000014c55800 JavaThread "C2 CompilerThread1" daemon [_thread_in_native, id=5576, stack(0x0000000016260000,0x0000000016360000)]
  0x0000000014bfa000 JavaThread "C2 CompilerThread0" daemon [_thread_in_native, id=192, stack(0x0000000016160000,0x0000000016260000)]
  0x0000000014bf7000 JavaThread "Attach Listener" daemon [_thread_blocked, id=8124, stack(0x0000000016060000,0x0000000016160000)]
  0x0000000014bf5800 JavaThread "Signal Dispatcher" daemon [_thread_blocked, id=7012, stack(0x0000000015f60000,0x0000000016060000)]
  0x0000000002526000 JavaThread "Finalizer" daemon [_thread_blocked, id=6808, stack(0x0000000015e60000,0x0000000015f60000)]
  0x000000000251d000 JavaThread "Reference Handler" daemon [_thread_blocked, id=3672, stack(0x0000000015d60000,0x0000000015e60000)]
  0x0000000002430800 JavaThread "main" [_thread_blocked, id=6048, stack(0x0000000002240000,0x0000000002340000)]

Other Threads:
  0x0000000014bc7800 VMThread [stack: 0x0000000015c60000,0x0000000015d60000] [id=1036]
  0x0000000016469800 WatcherThread [stack: 0x0000000016960000,0x0000000016a60000] [id=7200]

VM state:not at safepoint (normal execution)

VM Mutex/Monitor currently owned by a thread: None

Heap:
 PSYoungGen      total 38400K, used 9472K [0x00000000eab00000, 0x00000000ef600000, 0x0000000100000000)
  eden space 33280K, 13% used [0x00000000eab00000,0x00000000eaf46e68,0x00000000ecb80000)
  from space 5120K, 99% used [0x00000000ecb80000,0x00000000ed079270,0x00000000ed080000)
  to   space 5120K, 0% used [0x00000000ef100000,0x00000000ef100000,0x00000000ef600000)
 ParOldGen       total 87552K, used 877K [0x00000000c0000000, 0x00000000c5580000, 0x00000000eab00000)
  object space 87552K, 1% used [0x00000000c0000000,0x00000000c00db420,0x00000000c5580000)
 Metaspace       used 5970K, capacity 7024K, committed 7296K, reserved 1056768K
  class space    used 588K, capacity 616K, committed 640K, reserved 1048576K

Card table byte_map: [0x00000000118f0000,0x0000000011b00000] byte_map_base: 0x00000000112f0000

Marking Bits: (ParMarkBitMap*) 0x0000000063710600
 Begin Bits: [0x0000000012060000, 0x0000000013060000)
 End Bits:   [0x0000000013060000, 0x0000000014060000)

Polling page: 0x0000000000a10000

CodeCache: size=245760Kb used=5520Kb max_used=5520Kb free=240239Kb
 bounds [0x0000000002530000, 0x0000000002aa0000, 0x0000000011530000]
 total_blobs=1609 nmethods=1346 adapters=176
 compilation: enabled

Compilation events (10 events):
Event: 6.771 Thread 0x0000000014c58800 1347       3       java.util.RegularEnumSet::remove (74 bytes)
Event: 6.772 Thread 0x0000000014c58800 nmethod 1347 0x0000000002a95290 code [0x0000000002a95420, 0x0000000002a959c8]
Event: 6.772 Thread 0x0000000014c58800 1348       3       java.util.Arrays$LegacyMergeSort::access$000 (4 bytes)
Event: 6.772 Thread 0x0000000014c58800 nmethod 1348 0x0000000002a95b10 code [0x0000000002a95c60, 0x0000000002a95d90]
Event: 6.772 Thread 0x0000000014c58800 1349       3       com.android.dx.ssa.ConstCollector$2::map (28 bytes)
Event: 6.772 Thread 0x0000000014c58800 nmethod 1349 0x0000000002a95e10 code [0x0000000002a95f80, 0x0000000002a963a8]
Event: 6.774 Thread 0x0000000014c58800 1350       3       com.android.dx.ssa.Optimizer::runSsaFormSteps (117 bytes)
Event: 6.776 Thread 0x0000000014c58800 nmethod 1350 0x0000000002a964d0 code [0x0000000002a96880, 0x0000000002a98218]
Event: 6.776 Thread 0x0000000014c58800 1351       3       java.util.HashMap$EntrySet::iterator (12 bytes)
Event: 6.777 Thread 0x0000000014c58800 nmethod 1351 0x0000000002a98f10 code [0x0000000002a99080, 0x0000000002a992e8]

GC Heap History (2 events):
Event: 6.473 GC heap before
{Heap before GC invocations=1 (full 0):
 PSYoungGen      total 38400K, used 33280K [0x00000000eab00000, 0x00000000ed580000, 0x0000000100000000)
  eden space 33280K, 100% used [0x00000000eab00000,0x00000000ecb80000,0x00000000ecb80000)
  from space 5120K, 0% used [0x00000000ed080000,0x00000000ed080000,0x00000000ed580000)
  to   space 5120K, 0% used [0x00000000ecb80000,0x00000000ecb80000,0x00000000ed080000)
 ParOldGen       total 87552K, used 0K [0x00000000c0000000, 0x00000000c5580000, 0x00000000eab00000)
  object space 87552K, 0% used [0x00000000c0000000,0x00000000c0000000,0x00000000c5580000)
 Metaspace       used 5912K, capacity 6960K, committed 7040K, reserved 1056768K
  class space    used 588K, capacity 616K, committed 640K, reserved 1048576K
Event: 6.680 GC heap after
Heap after GC invocations=1 (full 0):
 PSYoungGen      total 38400K, used 5092K [0x00000000eab00000, 0x00000000ef600000, 0x0000000100000000)
  eden space 33280K, 0% used [0x00000000eab00000,0x00000000eab00000,0x00000000ecb80000)
  from space 5120K, 99% used [0x00000000ecb80000,0x00000000ed079270,0x00000000ed080000)
  to   space 5120K, 0% used [0x00000000ef100000,0x00000000ef100000,0x00000000ef600000)
 ParOldGen       total 87552K, used 877K [0x00000000c0000000, 0x00000000c5580000, 0x00000000eab00000)
  object space 87552K, 1% used [0x00000000c0000000,0x00000000c00db420,0x00000000c5580000)
 Metaspace       used 5912K, capacity 6960K, committed 7040K, reserved 1056768K
  class space    used 588K, capacity 616K, committed 640K, reserved 1048576K
}

Deoptimization events (10 events):
Event: 4.385 Thread 0x000000001673d000 Uncommon trap: reason=unstable_if action=reinterpret pc=0x000000000275c4ac method=java.util.HashMap.getNode(ILjava/lang/Object;)Ljava/util/HashMap$Node; @ 62
Event: 4.486 Thread 0x0000000016704800 Uncommon trap: reason=unstable_if action=reinterpret pc=0x000000000286df78 method=com.android.dx.rop.code.LocalItem.hashCode()I @ 25
Event: 4.486 Thread 0x0000000016704800 Uncommon trap: reason=unstable_if action=reinterpret pc=0x000000000286aa6c method=com.android.dx.rop.code.LocalItem.hashCode()I @ 25
Event: 4.487 Thread 0x0000000016704800 Uncommon trap: reason=unstable_if action=reinterpret pc=0x00000000028ba86c method=com.android.dx.rop.code.RegisterSpecSet.put(Lcom/android/dx/rop/code/RegisterSpec;)V @ 77
Event: 4.487 Thread 0x0000000016704800 Uncommon trap: reason=unstable_if action=reinterpret pc=0x00000000028c68ec method=com.android.dx.rop.code.RegisterSpecSet.put(Lcom/android/dx/rop/code/RegisterSpec;)V @ 77
Event: 4.569 Thread 0x0000000016704000 Uncommon trap: reason=unstable_if action=reinterpret pc=0x0000000002903138 method=com.android.dx.ssa.SsaRenamer$BlockRenamer.addMapping(ILcom/android/dx/rop/code/RegisterSpec;)V @ 120
Event: 5.722 Thread 0x0000000016703000 Uncommon trap: reason=bimorphic action=maybe_recompile pc=0x00000000028f7570 method=java.util.HashMap.getNode(ILjava/lang/Object;)Ljava/util/HashMap$Node; @ 126
Event: 5.722 Thread 0x0000000016703000 Uncommon trap: reason=class_check action=maybe_recompile pc=0x000000000298e894 method=java.util.HashMap.putVal(ILjava/lang/Object;Ljava/lang/Object;ZZ)Ljava/lang/Object; @ 203
Event: 6.702 Thread 0x0000000016704000 Uncommon trap: reason=unstable_if action=reinterpret pc=0x000000000285fba0 method=com.android.dx.rop.code.RegisterSpec.equals(ILcom/android/dx/rop/type/TypeBearer;Lcom/android/dx/rop/code/LocalItem;)Z @ 42
Event: 6.744 Thread 0x0000000016704000 Uncommon trap: reason=bimorphic action=maybe_recompile pc=0x000000000290c9f4 method=java.util.HashMap.getNode(ILjava/lang/Object;)Ljava/util/HashMap$Node; @ 126

Internal exceptions (2 events):
Event: 0.222 Thread 0x0000000002430800 Exception <a 'java/lang/NoSuchMethodError': Method sun.misc.Unsafe.defineClass(Ljava/lang/String;[BII)Ljava/lang/Class; name or signature does not match> (0x00000000eab0d480) thrown at [D:\re\puppet\workspace\8-2-build-windows-amd64-cygwin\jdk8u73\6086\hot`Î+ÅïhÃ?
Event: 0.222 Thread 0x0000000002430800 Exception <a 'java/lang/NoSuchMethodError': Method sun.misc.Unsafe.prefetchRead(Ljava/lang/Object;J)V name or signature does not match> (0x00000000eab0d768) thrown at [D:\re\puppet\workspace\8-2-build-windows-amd64-cygwin\jdk8u73\6086\hotspot\src\share\vm\

Events (10 events):
Event: 5.826 loading class java/util/DualPivotQuicksort
Event: 5.826 loading class java/util/DualPivotQuicksort done
Event: 5.832 Executing VM operation: ParallelGCFailedAllocation
Event: 6.680 Executing VM operation: ParallelGCFailedAllocation done
Event: 6.702 Thread 0x0000000016704000 Uncommon trap: trap_request=0xffffff65 fr.pc=0x000000000285fba0
Event: 6.702 Thread 0x0000000016704000 DEOPT PACKING pc=0x000000000285fba0 sp=0x0000000016e5ed00
Event: 6.702 Thread 0x0000000016704000 DEOPT UNPACKING pc=0x000000000257582a sp=0x0000000016e5ec88 mode 2
Event: 6.744 Thread 0x0000000016704000 Uncommon trap: trap_request=0xffffffc6 fr.pc=0x000000000290c9f4
Event: 6.744 Thread 0x0000000016704000 DEOPT PACKING pc=0x000000000290c9f4 sp=0x0000000016e5ed10
Event: 6.744 Thread 0x0000000016704000 DEOPT UNPACKING pc=0x000000000257582a sp=0x0000000016e5ec28 mode 2


Dynamic libraries:
0x00007ff67b1f0000 - 0x00007ff67b227000 	C:\Program Files\Java\jdk1.8.0_73\bin\java.exe
0x00007ffefdbd0000 - 0x00007ffefdd7d000 	C:\Windows\SYSTEM32\ntdll.dll
0x00007ffefbb70000 - 0x00007ffefbcae000 	C:\Windows\system32\KERNEL32.DLL
0x00007ffefaf60000 - 0x00007ffefb075000 	C:\Windows\system32\KERNELBASE.dll
0x00007ffef98c0000 - 0x00007ffef994e000 	C:\Windows\system32\apphelp.dll
0x00007ffef0420000 - 0x00007ffef0473000 	C:\Windows\AppPatch\AppPatch64\AcGenral.DLL
0x00007ffefbd50000 - 0x00007ffefbdfa000 	C:\Windows\system32\msvcrt.dll
0x00007ffefaf30000 - 0x00007ffefaf5e000 	C:\Windows\system32\SspiCli.dll
0x00007ffefc4d0000 - 0x00007ffefc524000 	C:\Windows\system32\SHLWAPI.dll
0x00007ffefb260000 - 0x00007ffefb3d7000 	C:\Windows\system32\USER32.dll
0x00007ffefb410000 - 0x00007ffefb5a4000 	C:\Windows\system32\ole32.dll
0x00007ffefc6a0000 - 0x00007ffefdbc9000 	C:\Windows\system32\SHELL32.dll
0x00007ffefa2c0000 - 0x00007ffefa2e1000 	C:\Windows\SYSTEM32\USERENV.dll
0x00007ffefb8a0000 - 0x00007ffefb94a000 	C:\Windows\system32\ADVAPI32.dll
0x00007ffeef4b0000 - 0x00007ffeef4ce000 	C:\Windows\SYSTEM32\MPR.dll
0x00007ffefc0e0000 - 0x00007ffefc220000 	C:\Windows\system32\RPCRT4.dll
0x00007ffefbcb0000 - 0x00007ffefbd09000 	C:\Windows\SYSTEM32\sechost.dll
0x00007ffefb950000 - 0x00007ffefbb62000 	C:\Windows\SYSTEM32\combase.dll
0x00007ffefbed0000 - 0x00007ffefc01b000 	C:\Windows\system32\GDI32.dll
0x00007ffefad00000 - 0x00007ffefad15000 	C:\Windows\SYSTEM32\profapi.dll
0x00007ffef90e0000 - 0x00007ffef9192000 	C:\Windows\SYSTEM32\SHCORE.dll
0x00007ffefbd10000 - 0x00007ffefbd46000 	C:\Windows\system32\IMM32.DLL
0x00007ffefc530000 - 0x00007ffefc681000 	C:\Windows\system32\MSCTF.dll
0x00007ffef87e0000 - 0x00007ffef8a5b000 	C:\Windows\WinSxS\amd64_microsoft.windows.common-controls_6595b64144ccf1df_6.0.9600.18006_none_623f33d3ecbe86e8\COMCTL32.dll
0x00000000629a0000 - 0x0000000062a72000 	C:\Program Files\Java\jdk1.8.0_73\jre\bin\msvcr100.dll
0x0000000062f00000 - 0x0000000063790000 	C:\Program Files\Java\jdk1.8.0_73\jre\bin\server\jvm.dll
0x00007ffef6b70000 - 0x00007ffef6b79000 	C:\Windows\SYSTEM32\WSOCK32.dll
0x00007ffef5f90000 - 0x00007ffef5fb2000 	C:\Windows\SYSTEM32\WINMM.dll
0x00007ffef5ff0000 - 0x00007ffef5ffa000 	C:\Windows\SYSTEM32\VERSION.dll
0x00007ffefb890000 - 0x00007ffefb897000 	C:\Windows\system32\PSAPI.DLL
0x00007ffefb5b0000 - 0x00007ffefb60a000 	C:\Windows\system32\WS2_32.dll
0x00007ffef5f60000 - 0x00007ffef5f8a000 	C:\Windows\SYSTEM32\WINMMBASE.dll
0x00007ffefc690000 - 0x00007ffefc699000 	C:\Windows\system32\NSI.dll
0x00007ffefae30000 - 0x00007ffefae7f000 	C:\Windows\SYSTEM32\cfgmgr32.dll
0x00007ffef9b40000 - 0x00007ffef9b68000 	C:\Windows\SYSTEM32\DEVOBJ.dll
0x0000000062e10000 - 0x0000000062e1f000 	C:\Program Files\Java\jdk1.8.0_73\jre\bin\verify.dll
0x0000000062de0000 - 0x0000000062e09000 	C:\Program Files\Java\jdk1.8.0_73\jre\bin\java.dll
0x0000000062dc0000 - 0x0000000062dd6000 	C:\Program Files\Java\jdk1.8.0_73\jre\bin\zip.dll

VM Arguments:
jvm_args: -Djava.awt.headless=true -Xmx1024M -Dfile.encoding=windows-1252 -Duser.country=US -Duser.language=en -Duser.variant 
java_command: com.android.dx.command.Main --dex --num-threads=4 --output C:\android_work\asad_bhai\New folder\BMI_Call_d(1)\BMI_Call_d\app\build\intermediates\pre-dexed\debug\com.android.support-appcompat-v7-25.0.1_45b8f7a47fdc0bb7f0a2f1a1cfba7c8329bc9f34.jar C:\android_work\asad_bhai\New folder\BMI_Call_d(1)\BMI_Call_d\app\build\intermediates\exploded-aar\com.android.support\appcompat-v7\25.0.1\jars\classes.jar
java_class_path (initial): C:\Android\Sdk\build-tools\25.0.0\lib\dx.jar
Launcher Type: SUN_STANDARD

Environment Variables:
PATH=C:\oraclexe\app\oracle\product\10.2.0\server\bin;C:\ProgramData\Oracle\Java\javapath;C:\Windows\system32;C:\Windows;C:\Windows\System32\Wbem;C:\Windows\System32\WindowsPowerShell\v1.0\;C:\Program Files\Git\cmd;C:\Program Files (x86)\Skype\Phone\;C:\instantclient_12_2;C:\Program Files (x86)\Ampps\php;C:\composer;C:\Users\rehan\AppData\Roaming\Composer\vendor\bin
USERNAME=rehan
OS=Windows_NT
PROCESSOR_IDENTIFIER=Intel64 Family 6 Model 58 Stepping 9, GenuineIntel



---------------  S Y S T E M  ---------------

OS: Windows 8.1 , 64 bit Build 9600 (6.3.9600.17415)

CPU:total 4 (2 cores per cpu, 2 threads per core) family 6 model 58 stepping 9, cmov, cx8, fxsr, mmx, sse, sse2, sse3, ssse3, sse4.1, sse4.2, popcnt, avx, aes, clmul, erms, ht, tsc, tscinvbit, tscinv

Memory: 4k page, physical 8281448k(1162264k free), swap 10034476k(5480k free)

vm_info: Java HotSpot(TM) 64-Bit Server VM (25.73-b02) for windows-amd64 JRE (1.8.0_73-b02), built on Jan 29 2016 17:38:49 by "java_re" with MS VC++ 10.0 (VS2010)

time: Thu Dec 28 12:21:35 2017
elapsed time: 6 seconds (0d 0h 0m 6s)

