#
# There is insufficient memory for the Java Runtime Environment to continue.
# Native memory allocation (malloc) failed to allocate 461680 bytes for Chunk::new
# Possible reasons:
#   The system is out of physical RAM or swap space
#   In 32 bit mode, the process size limit was hit
# Possible solutions:
#   Reduce memory load on the system
#   Increase physical memory or swap space
#   Check if swap backing store is full
#   Use 64 bit Java on a 64 bit OS
#   Decrease Java heap size (-Xmx/-Xms)
#   Decrease number of Java threads
#   Decrease Java thread stack sizes (-Xss)
#   Set larger code cache with -XX:ReservedCodeCacheSize=
# This output file may be truncated or incomplete.
#
#  Out of Memory Error (allocation.cpp:390), pid=6844, tid=5608
#
# JRE version: Java(TM) SE Runtime Environment (8.0_73-b02) (build 1.8.0_73-b02)
# Java VM: Java HotSpot(TM) 64-Bit Server VM (25.73-b02 mixed mode windows-amd64 compressed oops)
# Failed to write core dump. Minidumps are not enabled by default on client versions of Windows
#

---------------  T H R E A D  ---------------

Current thread (0x00000000147c6800):  JavaThread "C2 CompilerThread1" daemon [_thread_in_native, id=5608, stack(0x0000000015ec0000,0x0000000015fc0000)]

Stack: [0x0000000015ec0000,0x0000000015fc0000]
[error occurred during error reporting (printing stack bounds), id 0xc0000005]

Native frames: (J=compiled Java code, j=interpreted, Vv=VM code, C=native code)


Current CompileTask:
C2:  17306 1583       4       com.android.dx.ssa.LocalVariableExtractor::processBlock (383 bytes)


---------------  P R O C E S S  ---------------

Java Threads: ( => current thread )
  0x0000000016378000 JavaThread "pool-1-thread-4" [_thread_in_Java, id=7084, stack(0x0000000016ac0000,0x0000000016bc0000)]
  0x0000000016377000 JavaThread "pool-1-thread-3" [_thread_in_Java, id=4596, stack(0x00000000169c0000,0x0000000016ac0000)]
  0x0000000016376800 JavaThread "pool-1-thread-2" [_thread_in_Java, id=248, stack(0x00000000168c0000,0x00000000169c0000)]
  0x0000000016373800 JavaThread "pool-2-thread-1" [_thread_blocked, id=6588, stack(0x00000000167c0000,0x00000000168c0000)]
  0x0000000016373000 JavaThread "pool-1-thread-1" [_thread_in_Java, id=6812, stack(0x00000000166c0000,0x00000000167c0000)]
  0x00000000160c5800 JavaThread "Service Thread" daemon [_thread_blocked, id=3932, stack(0x00000000164c0000,0x00000000165c0000)]
  0x00000000147cc800 JavaThread "C1 CompilerThread2" daemon [_thread_in_native, id=7808, stack(0x0000000015fc0000,0x00000000160c0000)]
=>0x00000000147c6800 JavaThread "C2 CompilerThread1" daemon [_thread_in_native, id=5608, stack(0x0000000015ec0000,0x0000000015fc0000)]
  0x000000001476c000 JavaThread "C2 CompilerThread0" daemon [_thread_in_native, id=2140, stack(0x0000000015dc0000,0x0000000015ec0000)]
  0x0000000014769000 JavaThread "Attach Listener" daemon [_thread_blocked, id=5812, stack(0x0000000015cc0000,0x0000000015dc0000)]
  0x0000000014767800 JavaThread "Signal Dispatcher" daemon [_thread_blocked, id=7816, stack(0x0000000015bc0000,0x0000000015cc0000)]
  0x0000000002006000 JavaThread "Finalizer" daemon [_thread_blocked, id=3808, stack(0x00000000159e0000,0x0000000015ae0000)]
  0x0000000001ffd000 JavaThread "Reference Handler" daemon [_thread_blocked, id=3716, stack(0x00000000158e0000,0x00000000159e0000)]
  0x0000000001f10800 JavaThread "main" [_thread_in_Java, id=6092, stack(0x00000000006b0000,0x00000000007b0000)]

Other Threads:
  0x0000000014737800 VMThread [stack: 0x00000000157e0000,0x00000000158e0000] [id=2652]
  0x00000000160d2800 WatcherThread [stack: 0x00000000165c0000,0x00000000166c0000] [id=6916]

VM state:not at safepoint (normal execution)

VM Mutex/Monitor currently owned by a thread: None

Heap:
 PSYoungGen      total 38400K, used 24812K [0x00000000eab00000, 0x00000000ef600000, 0x0000000100000000)
  eden space 33280K, 59% used [0x00000000eab00000,0x00000000ebe43068,0x00000000ecb80000)
  from space 5120K, 99% used [0x00000000ed080000,0x00000000ed578200,0x00000000ed580000)
  to   space 5120K, 0% used [0x00000000ecb80000,0x00000000ecb80000,0x00000000ed080000)
 ParOldGen       total 87552K, used 4722K [0x00000000c0000000, 0x00000000c5580000, 0x00000000eab00000)
  object space 87552K, 5% used [0x00000000c0000000,0x00000000c049ca98,0x00000000c5580000)
 Metaspace       used 6103K, capacity 7088K, committed 7296K, reserved 1056768K
  class space    used 589K, capacity 616K, committed 640K, reserved 1048576K

Card table byte_map: [0x0000000011460000,0x0000000011670000] byte_map_base: 0x0000000010e60000

Marking Bits: (ParMarkBitMap*) 0x0000000063710600
 Begin Bits: [0x0000000011bd0000, 0x0000000012bd0000)
 End Bits:   [0x0000000012bd0000, 0x0000000013bd0000)

Polling page: 0x00000000007b0000

CodeCache: size=245760Kb used=7394Kb max_used=7394Kb free=238365Kb
 bounds [0x00000000020a0000, 0x00000000027e0000, 0x00000000110a0000]
 total_blobs=1907 nmethods=1644 adapters=176
 compilation: enabled

Compilation events (10 events):
Event: 17.301 Thread 0x00000000147cc800 1658       3       com.android.dx.rop.code.Rop::<init> (15 bytes)
Event: 17.302 Thread 0x00000000147cc800 nmethod 1658 0x00000000027d8e90 code [0x00000000027d9000, 0x00000000027d91a8]
Event: 17.302 Thread 0x00000000147cc800 1656       3       com.android.dx.rop.cst.CstDouble::getType (4 bytes)
Event: 17.302 Thread 0x00000000147cc800 nmethod 1656 0x00000000027d9250 code [0x00000000027d93a0, 0x00000000027d94f0]
Event: 17.302 Thread 0x00000000147cc800 1655       3       com.android.dx.rop.cst.CstLiteral64::hashCode (15 bytes)
Event: 17.302 Thread 0x00000000147cc800 nmethod 1655 0x00000000027d9590 code [0x00000000027d96e0, 0x00000000027d9850]
Event: 17.302 Thread 0x00000000147cc800 1654       3       com.android.dx.ssa.back.FirstFitLocalCombiningAllocator::isEven (12 bytes)
Event: 17.302 Thread 0x00000000147cc800 nmethod 1654 0x00000000027d98d0 code [0x00000000027d9a20, 0x00000000027d9bb0]
Event: 17.302 Thread 0x00000000147cc800 1657       3       com.android.dx.rop.code.Rops::opMoveResultPseudo (23 bytes)
Event: 17.302 Thread 0x00000000147cc800 nmethod 1657 0x00000000027d9c50 code [0x00000000027d9de0, 0x00000000027da118]

GC Heap History (4 events):
Event: 8.813 GC heap before
{Heap before GC invocations=1 (full 0):
 PSYoungGen      total 38400K, used 33280K [0x00000000eab00000, 0x00000000ed580000, 0x0000000100000000)
  eden space 33280K, 100% used [0x00000000eab00000,0x00000000ecb80000,0x00000000ecb80000)
  from space 5120K, 0% used [0x00000000ed080000,0x00000000ed080000,0x00000000ed580000)
  to   space 5120K, 0% used [0x00000000ecb80000,0x00000000ecb80000,0x00000000ed080000)
 ParOldGen       total 87552K, used 0K [0x00000000c0000000, 0x00000000c5580000, 0x00000000eab00000)
  object space 87552K, 0% used [0x00000000c0000000,0x00000000c0000000,0x00000000c5580000)
 Metaspace       used 5874K, capacity 6896K, committed 7040K, reserved 1056768K
  class space    used 588K, capacity 616K, committed 640K, reserved 1048576K
Event: 9.080 GC heap after
Heap after GC invocations=1 (full 0):
 PSYoungGen      total 38400K, used 5088K [0x00000000eab00000, 0x00000000ed580000, 0x0000000100000000)
  eden space 33280K, 0% used [0x00000000eab00000,0x00000000eab00000,0x00000000ecb80000)
  from space 5120K, 99% used [0x00000000ecb80000,0x00000000ed0780f8,0x00000000ed080000)
  to   space 5120K, 0% used [0x00000000ed080000,0x00000000ed080000,0x00000000ed580000)
 ParOldGen       total 87552K, used 1016K [0x00000000c0000000, 0x00000000c5580000, 0x00000000eab00000)
  object space 87552K, 1% used [0x00000000c0000000,0x00000000c00fe320,0x00000000c5580000)
 Metaspace       used 5874K, capacity 6896K, committed 7040K, reserved 1056768K
  class space    used 588K, capacity 616K, committed 640K, reserved 1048576K
}
Event: 13.671 GC heap before
{Heap before GC invocations=2 (full 0):
 PSYoungGen      total 38400K, used 38368K [0x00000000eab00000, 0x00000000ed580000, 0x0000000100000000)
  eden space 33280K, 100% used [0x00000000eab00000,0x00000000ecb80000,0x00000000ecb80000)
  from space 5120K, 99% used [0x00000000ecb80000,0x00000000ed0780f8,0x00000000ed080000)
  to   space 5120K, 0% used [0x00000000ed080000,0x00000000ed080000,0x00000000ed580000)
 ParOldGen       total 87552K, used 1016K [0x00000000c0000000, 0x00000000c5580000, 0x00000000eab00000)
  object space 87552K, 1% used [0x00000000c0000000,0x00000000c00fe320,0x00000000c5580000)
 Metaspace       used 6072K, capacity 7088K, committed 7296K, reserved 1056768K
  class space    used 589K, capacity 616K, committed 640K, reserved 1048576K
Event: 17.147 GC heap after
Heap after GC invocations=2 (full 0):
 PSYoungGen      total 38400K, used 5088K [0x00000000eab00000, 0x00000000ef600000, 0x0000000100000000)
  eden space 33280K, 0% used [0x00000000eab00000,0x00000000eab00000,0x00000000ecb80000)
  from space 5120K, 99% used [0x00000000ed080000,0x00000000ed578200,0x00000000ed580000)
  to   space 5120K, 0% used [0x00000000ecb80000,0x00000000ecb80000,0x00000000ed080000)
 ParOldGen       total 87552K, used 4722K [0x00000000c0000000, 0x00000000c5580000, 0x00000000eab00000)
  object space 87552K, 5% used [0x00000000c0000000,0x00000000c049ca98,0x00000000c5580000)
 Metaspace       used 6072K, capacity 7088K, committed 7296K, reserved 1056768K
  class space    used 589K, capacity 616K, committed 640K, reserved 1048576K
}

Deoptimization events (10 events):
Event: 17.199 Thread 0x0000000016376800 Uncommon trap: reason=unstable_if action=reinterpret pc=0x000000000271ed20 method=com.android.dx.ssa.InterferenceRegisterMapper.interferes(III)Z @ 35
Event: 17.244 Thread 0x0000000001f10800 Uncommon trap: reason=unloaded action=reinterpret pc=0x0000000002507c54 method=com.android.dx.cf.cst.ConstantPoolParser.parse0(ILjava/util/BitSet;)Lcom/android/dx/rop/cst/Constant; @ 198
Event: 17.264 Thread 0x0000000016378000 Uncommon trap: reason=uninitialized action=reinterpret pc=0x00000000025b9db0 method=com.android.dx.cf.code.BytecodeArray.parseInstruction(ILcom/android/dx/cf/code/BytecodeArray$Visitor;)I @ 1095
Event: 17.266 Thread 0x0000000016378000 Uncommon trap: reason=bimorphic action=maybe_recompile pc=0x0000000002723894 method=com.android.dx.cf.code.RopperMachine.run(Lcom/android/dx/cf/code/Frame;II)V @ 988
Event: 17.266 Thread 0x0000000016378000 Uncommon trap: reason=bimorphic action=maybe_recompile pc=0x0000000002723894 method=com.android.dx.cf.code.RopperMachine.run(Lcom/android/dx/cf/code/Frame;II)V @ 988
Event: 17.266 Thread 0x0000000016378000 Uncommon trap: reason=bimorphic action=maybe_recompile pc=0x0000000002723894 method=com.android.dx.cf.code.RopperMachine.run(Lcom/android/dx/cf/code/Frame;II)V @ 988
Event: 17.266 Thread 0x0000000016378000 Uncommon trap: reason=bimorphic action=maybe_recompile pc=0x0000000002723894 method=com.android.dx.cf.code.RopperMachine.run(Lcom/android/dx/cf/code/Frame;II)V @ 988
Event: 17.271 Thread 0x0000000016378000 Uncommon trap: reason=bimorphic action=maybe_recompile pc=0x0000000002333b7c method=java.util.HashMap.getNode(ILjava/lang/Object;)Ljava/util/HashMap$Node; @ 126
Event: 17.271 Thread 0x0000000016378000 Uncommon trap: reason=class_check action=maybe_recompile pc=0x00000000024a9154 method=java.util.HashMap.putVal(ILjava/lang/Object;Ljava/lang/Object;ZZ)Ljava/lang/Object; @ 203
Event: 17.271 Thread 0x0000000016378000 Uncommon trap: reason=class_check action=maybe_recompile pc=0x00000000024a9154 method=java.util.HashMap.putVal(ILjava/lang/Object;Ljava/lang/Object;ZZ)Ljava/lang/Object; @ 203

Internal exceptions (3 events):
Event: 0.378 Thread 0x0000000001f10800 Exception <a 'java/lang/NoSuchMethodError': Method sun.misc.Unsafe.defineClass(Ljava/lang/String;[BII)Ljava/lang/Class; name or signature does not match> (0x00000000eab0d480) thrown at [D:\re\puppet\workspace\8-2-build-windows-amd64-cygwin\jdk8u73\6086\hotðƒQó6Ø?
Event: 0.378 Thread 0x0000000001f10800 Exception <a 'java/lang/NoSuchMethodError': Method sun.misc.Unsafe.prefetchRead(Ljava/lang/Object;J)V name or signature does not match> (0x00000000eab0d768) thrown at [D:\re\puppet\workspace\8-2-build-windows-amd64-cygwin\jdk8u73\6086\hotspot\src\share\vm\]yNq¨%@
Event: 10.829 Thread 0x0000000001f10800 Implicit null exception at 0x0000000002698e8f to 0x000000000269ae61

Events (10 events):
Event: 17.266 Thread 0x0000000016378000 DEOPT UNPACKING pc=0x00000000020e582a sp=0x0000000016bbe508 mode 2
Event: 17.271 Thread 0x0000000016378000 Uncommon trap: trap_request=0xffffffc6 fr.pc=0x0000000002333b7c
Event: 17.271 Thread 0x0000000016378000 DEOPT PACKING pc=0x0000000002333b7c sp=0x0000000016bbe7a0
Event: 17.271 Thread 0x0000000016378000 DEOPT UNPACKING pc=0x00000000020e582a sp=0x0000000016bbe720 mode 2
Event: 17.271 Thread 0x0000000016378000 Uncommon trap: trap_request=0xffffffde fr.pc=0x00000000024a9154
Event: 17.271 Thread 0x0000000016378000 DEOPT PACKING pc=0x00000000024a9154 sp=0x0000000016bbe770
Event: 17.271 Thread 0x0000000016378000 DEOPT UNPACKING pc=0x00000000020e582a sp=0x0000000016bbe6f8 mode 2
Event: 17.271 Thread 0x0000000016378000 Uncommon trap: trap_request=0xffffffde fr.pc=0x00000000024a9154
Event: 17.271 Thread 0x0000000016378000 DEOPT PACKING pc=0x00000000024a9154 sp=0x0000000016bbe770
Event: 17.271 Thread 0x0000000016378000 DEOPT UNPACKING pc=0x00000000020e582a sp=0x0000000016bbe6f8 mode 2


Dynamic libraries:
0x00007ff67b1f0000 - 0x00007ff67b227000 	C:\Program Files\Java\jdk1.8.0_73\bin\java.exe
0x00007ffefdbd0000 - 0x00007ffefdd7d000 	C:\Windows\SYSTEM32\ntdll.dll
0x00007ffefbb70000 - 0x00007ffefbcae000 	C:\Windows\system32\KERNEL32.DLL
0x00007ffefaf60000 - 0x00007ffefb075000 	C:\Windows\system32\KERNELBASE.dll
0x00007ffef98c0000 - 0x00007ffef994e000 	C:\Windows\system32\apphelp.dll
0x00007ffef02f0000 - 0x00007ffef0343000 	C:\Windows\AppPatch\AppPatch64\AcGenral.DLL
0x00007ffefbd50000 - 0x00007ffefbdfa000 	C:\Windows\system32\msvcrt.dll
0x00007ffefaf30000 - 0x00007ffefaf5e000 	C:\Windows\system32\SspiCli.dll
0x00007ffefc4d0000 - 0x00007ffefc524000 	C:\Windows\system32\SHLWAPI.dll
0x00007ffefb260000 - 0x00007ffefb3d7000 	C:\Windows\system32\USER32.dll
0x00007ffefb410000 - 0x00007ffefb5a4000 	C:\Windows\system32\ole32.dll
0x00007ffefc6a0000 - 0x00007ffefdbc9000 	C:\Windows\system32\SHELL32.dll
0x00007ffefa2c0000 - 0x00007ffefa2e1000 	C:\Windows\SYSTEM32\USERENV.dll
0x00007ffefb8a0000 - 0x00007ffefb94a000 	C:\Windows\system32\ADVAPI32.dll
0x00007ffeef4b0000 - 0x00007ffeef4ce000 	C:\Windows\SYSTEM32\MPR.dll
0x00007ffefc0e0000 - 0x00007ffefc220000 	C:\Windows\system32\RPCRT4.dll
0x00007ffefbcb0000 - 0x00007ffefbd09000 	C:\Windows\SYSTEM32\sechost.dll
0x00007ffefb950000 - 0x00007ffefbb62000 	C:\Windows\SYSTEM32\combase.dll
0x00007ffefbed0000 - 0x00007ffefc01b000 	C:\Windows\system32\GDI32.dll
0x00007ffefad00000 - 0x00007ffefad15000 	C:\Windows\SYSTEM32\profapi.dll
0x00007ffef90e0000 - 0x00007ffef9192000 	C:\Windows\SYSTEM32\SHCORE.dll
0x00007ffefbd10000 - 0x00007ffefbd46000 	C:\Windows\system32\IMM32.DLL
0x00007ffefc530000 - 0x00007ffefc681000 	C:\Windows\system32\MSCTF.dll
0x00007ffef87e0000 - 0x00007ffef8a5b000 	C:\Windows\WinSxS\amd64_microsoft.windows.common-controls_6595b64144ccf1df_6.0.9600.18006_none_623f33d3ecbe86e8\COMCTL32.dll
0x00000000629a0000 - 0x0000000062a72000 	C:\Program Files\Java\jdk1.8.0_73\jre\bin\msvcr100.dll
0x0000000062f00000 - 0x0000000063790000 	C:\Program Files\Java\jdk1.8.0_73\jre\bin\server\jvm.dll
0x00007ffef6b70000 - 0x00007ffef6b79000 	C:\Windows\SYSTEM32\WSOCK32.dll
0x00007ffef5f90000 - 0x00007ffef5fb2000 	C:\Windows\SYSTEM32\WINMM.dll
0x00007ffef5ff0000 - 0x00007ffef5ffa000 	C:\Windows\SYSTEM32\VERSION.dll
0x00007ffefb890000 - 0x00007ffefb897000 	C:\Windows\system32\PSAPI.DLL
0x00007ffefb5b0000 - 0x00007ffefb60a000 	C:\Windows\system32\WS2_32.dll
0x00007ffef5f60000 - 0x00007ffef5f8a000 	C:\Windows\SYSTEM32\WINMMBASE.dll
0x00007ffefc690000 - 0x00007ffefc699000 	C:\Windows\system32\NSI.dll
0x00007ffefae30000 - 0x00007ffefae7f000 	C:\Windows\SYSTEM32\cfgmgr32.dll
0x00007ffef9b40000 - 0x00007ffef9b68000 	C:\Windows\SYSTEM32\DEVOBJ.dll
0x0000000062e10000 - 0x0000000062e1f000 	C:\Program Files\Java\jdk1.8.0_73\jre\bin\verify.dll
0x0000000062de0000 - 0x0000000062e09000 	C:\Program Files\Java\jdk1.8.0_73\jre\bin\java.dll
0x0000000062dc0000 - 0x0000000062dd6000 	C:\Program Files\Java\jdk1.8.0_73\jre\bin\zip.dll

VM Arguments:
jvm_args: -Djava.awt.headless=true -Xmx1024M -Dfile.encoding=windows-1252 -Duser.country=US -Duser.language=en -Duser.variant 
java_command: com.android.dx.command.Main --dex --num-threads=4 --output C:\android_work\asad_bhai\New folder\BMI_Call_d(1)\BMI_Call_d\app\build\intermediates\pre-dexed\debug\com.android.support-appcompat-v7-25.0.1_45b8f7a47fdc0bb7f0a2f1a1cfba7c8329bc9f34.jar C:\android_work\asad_bhai\New folder\BMI_Call_d(1)\BMI_Call_d\app\build\intermediates\exploded-aar\com.android.support\appcompat-v7\25.0.1\jars\classes.jar
java_class_path (initial): C:\Android\Sdk\build-tools\25.0.0\lib\dx.jar
Launcher Type: SUN_STANDARD

Environment Variables:
PATH=C:\oraclexe\app\oracle\product\10.2.0\server\bin;C:\ProgramData\Oracle\Java\javapath;C:\Windows\system32;C:\Windows;C:\Windows\System32\Wbem;C:\Windows\System32\WindowsPowerShell\v1.0\;C:\Program Files\Git\cmd;C:\Program Files (x86)\Skype\Phone\;C:\instantclient_12_2;C:\Program Files (x86)\Ampps\php;C:\composer;C:\Users\rehan\AppData\Roaming\Composer\vendor\bin
USERNAME=rehan
OS=Windows_NT
PROCESSOR_IDENTIFIER=Intel64 Family 6 Model 58 Stepping 9, GenuineIntel



---------------  S Y S T E M  ---------------

OS: Windows 8.1 , 64 bit Build 9600 (6.3.9600.17415)

CPU:total 4 (2 cores per cpu, 2 threads per core) family 6 model 58 stepping 9, cmov, cx8, fxsr, mmx, sse, sse2, sse3, ssse3, sse4.1, sse4.2, popcnt, avx, aes, clmul, erms, ht, tsc, tscinvbit, tscinv

Memory: 4k page, physical 8281448k(1004828k free), swap 10034476k(5236k free)

vm_info: Java HotSpot(TM) 64-Bit Server VM (25.73-b02) for windows-amd64 JRE (1.8.0_73-b02), built on Jan 29 2016 17:38:49 by "java_re" with MS VC++ 10.0 (VS2010)

time: Thu Dec 28 12:13:36 2017
elapsed time: 17 seconds (0d 0h 0m 17s)

