#
# There is insufficient memory for the Java Runtime Environment to continue.
# Native memory allocation (malloc) failed to allocate 548016 bytes for Chunk::new
# Possible reasons:
#   The system is out of physical RAM or swap space
#   In 32 bit mode, the process size limit was hit
# Possible solutions:
#   Reduce memory load on the system
#   Increase physical memory or swap space
#   Check if swap backing store is full
#   Use 64 bit Java on a 64 bit OS
#   Decrease Java heap size (-Xmx/-Xms)
#   Decrease number of Java threads
#   Decrease Java thread stack sizes (-Xss)
#   Set larger code cache with -XX:ReservedCodeCacheSize=
# This output file may be truncated or incomplete.
#
#  Out of Memory Error (allocation.cpp:390), pid=2516, tid=780
#
# JRE version: Java(TM) SE Runtime Environment (8.0_73-b02) (build 1.8.0_73-b02)
# Java VM: Java HotSpot(TM) 64-Bit Server VM (25.73-b02 mixed mode windows-amd64 compressed oops)
# Failed to write core dump. Minidumps are not enabled by default on client versions of Windows
#

---------------  T H R E A D  ---------------

Current thread (0x0000000014c95800):  JavaThread "C2 CompilerThread1" daemon [_thread_in_native, id=780, stack(0x0000000016370000,0x0000000016470000)]

Stack: [0x0000000016370000,0x0000000016470000]
[error occurred during error reporting (printing stack bounds), id 0xc0000005]

Native frames: (J=compiled Java code, j=interpreted, Vv=VM code, C=native code)


Current CompileTask:
C2:   7882 1491       4       com.android.dx.ssa.SsaMethod::forEachBlockDepthFirst (194 bytes)


---------------  P R O C E S S  ---------------

Java Threads: ( => current thread )
  0x00000000167be800 JavaThread "pool-1-thread-4" [_thread_in_Java, id=3060, stack(0x0000000016f70000,0x0000000017070000)]
  0x00000000167be000 JavaThread "pool-1-thread-3" [_thread_blocked, id=5136, stack(0x0000000016e70000,0x0000000016f70000)]
  0x00000000167bd000 JavaThread "pool-1-thread-2" [_thread_in_Java, id=6328, stack(0x0000000016d70000,0x0000000016e70000)]
  0x00000000167f8800 JavaThread "pool-2-thread-1" [_thread_blocked, id=2468, stack(0x0000000016c70000,0x0000000016d70000)]
  0x0000000016801800 JavaThread "pool-1-thread-1" [_thread_blocked, id=7972, stack(0x0000000016b70000,0x0000000016c70000)]
  0x0000000016574800 JavaThread "Service Thread" daemon [_thread_blocked, id=2852, stack(0x0000000016970000,0x0000000016a70000)]
  0x0000000014c9b800 JavaThread "C1 CompilerThread2" daemon [_thread_blocked, id=644, stack(0x0000000016470000,0x0000000016570000)]
=>0x0000000014c95800 JavaThread "C2 CompilerThread1" daemon [_thread_in_native, id=780, stack(0x0000000016370000,0x0000000016470000)]
  0x0000000014c39000 JavaThread "C2 CompilerThread0" daemon [_thread_in_native, id=6948, stack(0x0000000016270000,0x0000000016370000)]
  0x0000000014c36800 JavaThread "Attach Listener" daemon [_thread_blocked, id=6664, stack(0x0000000016170000,0x0000000016270000)]
  0x0000000014c35800 JavaThread "Signal Dispatcher" daemon [_thread_blocked, id=4200, stack(0x0000000016070000,0x0000000016170000)]
  0x0000000002566000 JavaThread "Finalizer" daemon [_thread_blocked, id=4260, stack(0x0000000015e90000,0x0000000015f90000)]
  0x000000000255d000 JavaThread "Reference Handler" daemon [_thread_blocked, id=536, stack(0x0000000015d90000,0x0000000015e90000)]
  0x0000000002470800 JavaThread "main" [_thread_in_Java, id=4968, stack(0x00000000022a0000,0x00000000023a0000)]

Other Threads:
  0x0000000014c07800 VMThread [stack: 0x0000000015c90000,0x0000000015d90000] [id=3000]
  0x0000000016589800 WatcherThread [stack: 0x0000000016a70000,0x0000000016b70000] [id=8136]

VM state:not at safepoint (normal execution)

VM Mutex/Monitor currently owned by a thread: None

Heap:
 PSYoungGen      total 71680K, used 16096K [0x00000000eab00000, 0x00000000ef600000, 0x0000000100000000)
  eden space 66560K, 16% used [0x00000000eab00000,0x00000000eb5bca20,0x00000000eec00000)
  from space 5120K, 99% used [0x00000000ef100000,0x00000000ef5fb858,0x00000000ef600000)
  to   space 5120K, 0% used [0x00000000eec00000,0x00000000eec00000,0x00000000ef100000)
 ParOldGen       total 87552K, used 5677K [0x00000000c0000000, 0x00000000c5580000, 0x00000000eab00000)
  object space 87552K, 6% used [0x00000000c0000000,0x00000000c058b488,0x00000000c5580000)
 Metaspace       used 6064K, capacity 7088K, committed 7296K, reserved 1056768K
  class space    used 589K, capacity 616K, committed 640K, reserved 1048576K

Card table byte_map: [0x0000000011930000,0x0000000011b40000] byte_map_base: 0x0000000011330000

Marking Bits: (ParMarkBitMap*) 0x0000000063710600
 Begin Bits: [0x00000000120a0000, 0x00000000130a0000)
 End Bits:   [0x00000000130a0000, 0x00000000140a0000)

Polling page: 0x00000000023a0000

CodeCache: size=245760Kb used=6799Kb max_used=6811Kb free=238960Kb
 bounds [0x0000000002570000, 0x0000000002c20000, 0x0000000011570000]
 total_blobs=1806 nmethods=1543 adapters=176
 compilation: enabled

Compilation events (10 events):
Event: 7.864 Thread 0x0000000014c9b800 1569       2       java.util.HashMap::getNode (148 bytes)
Event: 7.865 Thread 0x0000000014c9b800 nmethod 1569 0x0000000002c11010 code [0x0000000002c111a0, 0x0000000002c11568]
Event: 7.871 Thread 0x0000000014c39000 nmethod 1560 0x0000000002c19c90 code [0x0000000002c19e20, 0x0000000002c1a398]
Event: 7.871 Thread 0x0000000014c39000 1570       4       java.util.HashMap::getNode (148 bytes)
Event: 7.874 Thread 0x0000000014c39000 nmethod 1570 0x0000000002c144d0 code [0x0000000002c14620, 0x0000000002c14878]
Event: 7.874 Thread 0x0000000014c39000 1498       4       com.android.dx.rop.code.BasicBlockList$RegCountVisitor::visitPlainInsn (6 bytes)
Event: 7.876 Thread 0x0000000014c9b800 1571       2       com.android.dx.dex.file.DexFile::internIfAppropriate (128 bytes)
Event: 7.877 Thread 0x0000000014c9b800 nmethod 1571 0x0000000002c155d0 code [0x0000000002c157e0, 0x0000000002c15f78]
Event: 7.880 Thread 0x0000000014c39000 nmethod 1498 0x0000000002c14c90 code [0x0000000002c14e00, 0x0000000002c150b8]
Event: 7.880 Thread 0x0000000014c39000 1500       4       com.android.dx.ssa.back.FirstFitLocalCombiningAllocator$1::processInsn (169 bytes)

GC Heap History (4 events):
Event: 6.487 GC heap before
{Heap before GC invocations=1 (full 0):
 PSYoungGen      total 38400K, used 33280K [0x00000000eab00000, 0x00000000ed580000, 0x0000000100000000)
  eden space 33280K, 100% used [0x00000000eab00000,0x00000000ecb80000,0x00000000ecb80000)
  from space 5120K, 0% used [0x00000000ed080000,0x00000000ed080000,0x00000000ed580000)
  to   space 5120K, 0% used [0x00000000ecb80000,0x00000000ecb80000,0x00000000ed080000)
 ParOldGen       total 87552K, used 0K [0x00000000c0000000, 0x00000000c5580000, 0x00000000eab00000)
  object space 87552K, 0% used [0x00000000c0000000,0x00000000c0000000,0x00000000c5580000)
 Metaspace       used 5864K, capacity 6896K, committed 7040K, reserved 1056768K
  class space    used 588K, capacity 616K, committed 640K, reserved 1048576K
Event: 6.591 GC heap after
Heap after GC invocations=1 (full 0):
 PSYoungGen      total 38400K, used 5091K [0x00000000eab00000, 0x00000000ef600000, 0x0000000100000000)
  eden space 33280K, 0% used [0x00000000eab00000,0x00000000eab00000,0x00000000ecb80000)
  from space 5120K, 99% used [0x00000000ecb80000,0x00000000ed078ea8,0x00000000ed080000)
  to   space 5120K, 0% used [0x00000000ef100000,0x00000000ef100000,0x00000000ef600000)
 ParOldGen       total 87552K, used 1259K [0x00000000c0000000, 0x00000000c5580000, 0x00000000eab00000)
  object space 87552K, 1% used [0x00000000c0000000,0x00000000c013af40,0x00000000c5580000)
 Metaspace       used 5864K, capacity 6896K, committed 7040K, reserved 1056768K
  class space    used 588K, capacity 616K, committed 640K, reserved 1048576K
}
Event: 7.787 GC heap before
{Heap before GC invocations=2 (full 0):
 PSYoungGen      total 38400K, used 38371K [0x00000000eab00000, 0x00000000ef600000, 0x0000000100000000)
  eden space 33280K, 100% used [0x00000000eab00000,0x00000000ecb80000,0x00000000ecb80000)
  from space 5120K, 99% used [0x00000000ecb80000,0x00000000ed078ea8,0x00000000ed080000)
  to   space 5120K, 0% used [0x00000000ef100000,0x00000000ef100000,0x00000000ef600000)
 ParOldGen       total 87552K, used 1259K [0x00000000c0000000, 0x00000000c5580000, 0x00000000eab00000)
  object space 87552K, 1% used [0x00000000c0000000,0x00000000c013af40,0x00000000c5580000)
 Metaspace       used 6048K, capacity 7088K, committed 7296K, reserved 1056768K
  class space    used 589K, capacity 616K, committed 640K, reserved 1048576K
Event: 7.804 GC heap after
Heap after GC invocations=2 (full 0):
 PSYoungGen      total 71680K, used 5102K [0x00000000eab00000, 0x00000000ef600000, 0x0000000100000000)
  eden space 66560K, 0% used [0x00000000eab00000,0x00000000eab00000,0x00000000eec00000)
  from space 5120K, 99% used [0x00000000ef100000,0x00000000ef5fb858,0x00000000ef600000)
  to   space 5120K, 0% used [0x00000000eec00000,0x00000000eec00000,0x00000000ef100000)
 ParOldGen       total 87552K, used 5677K [0x00000000c0000000, 0x00000000c5580000, 0x00000000eab00000)
  object space 87552K, 6% used [0x00000000c0000000,0x00000000c058b488,0x00000000c5580000)
 Metaspace       used 6048K, capacity 7088K, committed 7296K, reserved 1056768K
  class space    used 589K, capacity 616K, committed 640K, reserved 1048576K
}

Deoptimization events (10 events):
Event: 7.630 Thread 0x00000000167be800 Uncommon trap: reason=class_check action=maybe_recompile pc=0x00000000029622a8 method=com.android.dx.rop.type.Type.equals(Ljava/lang/Object;)Z @ 8
Event: 7.630 Thread 0x00000000167be800 Uncommon trap: reason=class_check action=maybe_recompile pc=0x00000000029622a8 method=com.android.dx.rop.type.Type.equals(Ljava/lang/Object;)Z @ 8
Event: 7.630 Thread 0x00000000167be800 Uncommon trap: reason=class_check action=maybe_recompile pc=0x00000000029622a8 method=com.android.dx.rop.type.Type.equals(Ljava/lang/Object;)Z @ 8
Event: 7.630 Thread 0x00000000167be800 Uncommon trap: reason=class_check action=maybe_recompile pc=0x00000000029622a8 method=com.android.dx.rop.type.Type.equals(Ljava/lang/Object;)Z @ 8
Event: 7.630 Thread 0x00000000167be800 Uncommon trap: reason=class_check action=maybe_recompile pc=0x00000000028a86c8 method=com.android.dx.rop.type.Type.equals(Ljava/lang/Object;)Z @ 8
Event: 7.808 Thread 0x00000000167be800 Uncommon trap: reason=unstable_if action=reinterpret pc=0x0000000002af11e0 method=com.android.dx.util.LabeledList.set(ILcom/android/dx/util/LabeledItem;)V @ 16
Event: 7.823 Thread 0x0000000016801800 Uncommon trap: reason=bimorphic action=maybe_recompile pc=0x000000000295a774 method=java.util.HashMap.getNode(ILjava/lang/Object;)Ljava/util/HashMap$Node; @ 126
Event: 7.823 Thread 0x0000000016801800 Uncommon trap: reason=class_check action=maybe_recompile pc=0x0000000002b40c78 method=java.util.HashMap.putVal(ILjava/lang/Object;Ljava/lang/Object;ZZ)Ljava/lang/Object; @ 203
Event: 7.863 Thread 0x0000000002470800 Uncommon trap: reason=bimorphic action=maybe_recompile pc=0x0000000002b45578 method=com.android.dx.ssa.LiteralOpUpgrader.tryReplacingWithConstant(Lcom/android/dx/ssa/NormalSsaInsn;)Z @ 52
Event: 7.864 Thread 0x0000000002470800 Uncommon trap: reason=class_check action=maybe_recompile pc=0x000000000295a7bc method=com.android.dx.rop.type.Type.equals(Ljava/lang/Object;)Z @ 8

Internal exceptions (3 events):
Event: 0.228 Thread 0x0000000002470800 Exception <a 'java/lang/NoSuchMethodError': Method sun.misc.Unsafe.defineClass(Ljava/lang/String;[BII)Ljava/lang/Class; name or signature does not match> (0x00000000eab0d468) thrown at [D:\re\puppet\workspace\8-2-build-windows-amd64-cygwin\jdk8u73\6086\hot±tö˜}-Í?
Event: 0.228 Thread 0x0000000002470800 Exception <a 'java/lang/NoSuchMethodError': Method sun.misc.Unsafe.prefetchRead(Ljava/lang/Object;J)V name or signature does not match> (0x00000000eab0d750) thrown at [D:\re\puppet\workspace\8-2-build-windows-amd64-cygwin\jdk8u73\6086\hotspot\src\share\vm\j±-ˆH@
Event: 7.071 Thread 0x00000000167be800 Implicit null exception at 0x0000000002ad4c11 to 0x0000000002ad6c75

Events (10 events):
Event: 7.823 Thread 0x0000000016801800 DEOPT UNPACKING pc=0x00000000025b582a sp=0x0000000016c6eb70 mode 2
Event: 7.823 Thread 0x0000000016801800 Uncommon trap: trap_request=0xffffffde fr.pc=0x0000000002b40c78
Event: 7.823 Thread 0x0000000016801800 DEOPT PACKING pc=0x0000000002b40c78 sp=0x0000000016c6ebd0
Event: 7.823 Thread 0x0000000016801800 DEOPT UNPACKING pc=0x00000000025b582a sp=0x0000000016c6eb48 mode 2
Event: 7.863 Thread 0x0000000002470800 Uncommon trap: trap_request=0xffffffc6 fr.pc=0x0000000002b45578
Event: 7.863 Thread 0x0000000002470800 DEOPT PACKING pc=0x0000000002b45578 sp=0x000000000239e590
Event: 7.863 Thread 0x0000000002470800 DEOPT UNPACKING pc=0x00000000025b582a sp=0x000000000239e478 mode 2
Event: 7.864 Thread 0x0000000002470800 Uncommon trap: trap_request=0xffffffde fr.pc=0x000000000295a7bc
Event: 7.864 Thread 0x0000000002470800 DEOPT PACKING pc=0x000000000295a7bc sp=0x000000000239e4c0
Event: 7.864 Thread 0x0000000002470800 DEOPT UNPACKING pc=0x00000000025b582a sp=0x000000000239e2a0 mode 2


Dynamic libraries:
0x00007ff67b1f0000 - 0x00007ff67b227000 	C:\Program Files\Java\jdk1.8.0_73\bin\java.exe
0x00007ffefdbd0000 - 0x00007ffefdd7d000 	C:\Windows\SYSTEM32\ntdll.dll
0x00007ffefbb70000 - 0x00007ffefbcae000 	C:\Windows\system32\KERNEL32.DLL
0x00007ffefaf60000 - 0x00007ffefb075000 	C:\Windows\system32\KERNELBASE.dll
0x00007ffef98c0000 - 0x00007ffef994e000 	C:\Windows\system32\apphelp.dll
0x00007ffef02f0000 - 0x00007ffef0343000 	C:\Windows\AppPatch\AppPatch64\AcGenral.DLL
0x00007ffefbd50000 - 0x00007ffefbdfa000 	C:\Windows\system32\msvcrt.dll
0x00007ffefaf30000 - 0x00007ffefaf5e000 	C:\Windows\system32\SspiCli.dll
0x00007ffefc4d0000 - 0x00007ffefc524000 	C:\Windows\system32\SHLWAPI.dll
0x00007ffefb260000 - 0x00007ffefb3d7000 	C:\Windows\system32\USER32.dll
0x00007ffefb410000 - 0x00007ffefb5a4000 	C:\Windows\system32\ole32.dll
0x00007ffefc6a0000 - 0x00007ffefdbc9000 	C:\Windows\system32\SHELL32.dll
0x00007ffefa2c0000 - 0x00007ffefa2e1000 	C:\Windows\SYSTEM32\USERENV.dll
0x00007ffefb8a0000 - 0x00007ffefb94a000 	C:\Windows\system32\ADVAPI32.dll
0x00007ffeef4b0000 - 0x00007ffeef4ce000 	C:\Windows\SYSTEM32\MPR.dll
0x00007ffefc0e0000 - 0x00007ffefc220000 	C:\Windows\system32\RPCRT4.dll
0x00007ffefbcb0000 - 0x00007ffefbd09000 	C:\Windows\SYSTEM32\sechost.dll
0x00007ffefb950000 - 0x00007ffefbb62000 	C:\Windows\SYSTEM32\combase.dll
0x00007ffefbed0000 - 0x00007ffefc01b000 	C:\Windows\system32\GDI32.dll
0x00007ffefad00000 - 0x00007ffefad15000 	C:\Windows\SYSTEM32\profapi.dll
0x00007ffef90e0000 - 0x00007ffef9192000 	C:\Windows\SYSTEM32\SHCORE.dll
0x00007ffefbd10000 - 0x00007ffefbd46000 	C:\Windows\system32\IMM32.DLL
0x00007ffefc530000 - 0x00007ffefc681000 	C:\Windows\system32\MSCTF.dll
0x00007ffef87e0000 - 0x00007ffef8a5b000 	C:\Windows\WinSxS\amd64_microsoft.windows.common-controls_6595b64144ccf1df_6.0.9600.18006_none_623f33d3ecbe86e8\COMCTL32.dll
0x00000000629a0000 - 0x0000000062a72000 	C:\Program Files\Java\jdk1.8.0_73\jre\bin\msvcr100.dll
0x0000000062f00000 - 0x0000000063790000 	C:\Program Files\Java\jdk1.8.0_73\jre\bin\server\jvm.dll
0x00007ffef6b70000 - 0x00007ffef6b79000 	C:\Windows\SYSTEM32\WSOCK32.dll
0x00007ffef5f90000 - 0x00007ffef5fb2000 	C:\Windows\SYSTEM32\WINMM.dll
0x00007ffef5ff0000 - 0x00007ffef5ffa000 	C:\Windows\SYSTEM32\VERSION.dll
0x00007ffefb890000 - 0x00007ffefb897000 	C:\Windows\system32\PSAPI.DLL
0x00007ffefb5b0000 - 0x00007ffefb60a000 	C:\Windows\system32\WS2_32.dll
0x00007ffef5f60000 - 0x00007ffef5f8a000 	C:\Windows\SYSTEM32\WINMMBASE.dll
0x00007ffefc690000 - 0x00007ffefc699000 	C:\Windows\system32\NSI.dll
0x00007ffefae30000 - 0x00007ffefae7f000 	C:\Windows\SYSTEM32\cfgmgr32.dll
0x00007ffef9b40000 - 0x00007ffef9b68000 	C:\Windows\SYSTEM32\DEVOBJ.dll
0x0000000062e10000 - 0x0000000062e1f000 	C:\Program Files\Java\jdk1.8.0_73\jre\bin\verify.dll
0x0000000062de0000 - 0x0000000062e09000 	C:\Program Files\Java\jdk1.8.0_73\jre\bin\java.dll
0x0000000062dc0000 - 0x0000000062dd6000 	C:\Program Files\Java\jdk1.8.0_73\jre\bin\zip.dll

VM Arguments:
jvm_args: -Djava.awt.headless=true -Xmx1024M -Dfile.encoding=windows-1252 -Duser.country=US -Duser.language=en -Duser.variant 
java_command: com.android.dx.command.Main --dex --num-threads=4 --output C:\android_work\asad_bhai\New folder\BMI_Call_d(1)\BMI_Call_d\app\build\intermediates\pre-dexed\debug\com.android.support-design-25.0.1_267031b2226c8b3d5e2c9856de66d9c983570c93.jar C:\android_work\asad_bhai\New folder\BMI_Call_d(1)\BMI_Call_d\app\build\intermediates\exploded-aar\com.android.support\design\25.0.1\jars\classes.jar
java_class_path (initial): C:\Android\Sdk\build-tools\25.0.0\lib\dx.jar
Launcher Type: SUN_STANDARD

Environment Variables:
PATH=C:\oraclexe\app\oracle\product\10.2.0\server\bin;C:\ProgramData\Oracle\Java\javapath;C:\Windows\system32;C:\Windows;C:\Windows\System32\Wbem;C:\Windows\System32\WindowsPowerShell\v1.0\;C:\Program Files\Git\cmd;C:\Program Files (x86)\Skype\Phone\;C:\instantclient_12_2;C:\Program Files (x86)\Ampps\php;C:\composer;C:\Users\rehan\AppData\Roaming\Composer\vendor\bin
USERNAME=rehan
OS=Windows_NT
PROCESSOR_IDENTIFIER=Intel64 Family 6 Model 58 Stepping 9, GenuineIntel



---------------  S Y S T E M  ---------------

OS: Windows 8.1 , 64 bit Build 9600 (6.3.9600.17415)

CPU:total 4 (2 cores per cpu, 2 threads per core) family 6 model 58 stepping 9, cmov, cx8, fxsr, mmx, sse, sse2, sse3, ssse3, sse4.1, sse4.2, popcnt, avx, aes, clmul, erms, ht, tsc, tscinvbit, tscinv

Memory: 4k page, physical 8281448k(1076900k free), swap 10034476k(5240k free)

vm_info: Java HotSpot(TM) 64-Bit Server VM (25.73-b02) for windows-amd64 JRE (1.8.0_73-b02), built on Jan 29 2016 17:38:49 by "java_re" with MS VC++ 10.0 (VS2010)

time: Thu Dec 28 12:16:30 2017
elapsed time: 7 seconds (0d 0h 0m 7s)

