#
# There is insufficient memory for the Java Runtime Environment to continue.
# Native memory allocation (malloc) failed to allocate 1410576 bytes for Chunk::new
# Possible reasons:
#   The system is out of physical RAM or swap space
#   In 32 bit mode, the process size limit was hit
# Possible solutions:
#   Reduce memory load on the system
#   Increase physical memory or swap space
#   Check if swap backing store is full
#   Use 64 bit Java on a 64 bit OS
#   Decrease Java heap size (-Xmx/-Xms)
#   Decrease number of Java threads
#   Decrease Java thread stack sizes (-Xss)
#   Set larger code cache with -XX:ReservedCodeCacheSize=
# This output file may be truncated or incomplete.
#
#  Out of Memory Error (allocation.cpp:390), pid=4060, tid=1060
#
# JRE version: Java(TM) SE Runtime Environment (8.0_73-b02) (build 1.8.0_73-b02)
# Java VM: Java HotSpot(TM) 64-Bit Server VM (25.73-b02 mixed mode windows-amd64 compressed oops)
# Failed to write core dump. Minidumps are not enabled by default on client versions of Windows
#

---------------  T H R E A D  ---------------

Current thread (0x0000000014ef5800):  JavaThread "C2 CompilerThread1" daemon [_thread_in_native, id=1060, stack(0x00000000165f0000,0x00000000166f0000)]

Stack: [0x00000000165f0000,0x00000000166f0000]
[error occurred during error reporting (printing stack bounds), id 0xc0000005]

Native frames: (J=compiled Java code, j=interpreted, Vv=VM code, C=native code)


Current CompileTask:
C2:   3949 1339       4       com.android.dx.dex.code.OutputFinisher::addConstants (93 bytes)


---------------  P R O C E S S  ---------------

Java Threads: ( => current thread )
  0x00000000167f5000 JavaThread "Service Thread" daemon [_thread_blocked, id=2960, stack(0x0000000016bf0000,0x0000000016cf0000)]
  0x0000000014ef8800 JavaThread "C1 CompilerThread2" daemon [_thread_blocked, id=6832, stack(0x00000000166f0000,0x00000000167f0000)]
=>0x0000000014ef5800 JavaThread "C2 CompilerThread1" daemon [_thread_in_native, id=1060, stack(0x00000000165f0000,0x00000000166f0000)]
  0x0000000014e9a000 JavaThread "C2 CompilerThread0" daemon [_thread_blocked, id=7412, stack(0x00000000164f0000,0x00000000165f0000)]
  0x0000000014e97000 JavaThread "Attach Listener" daemon [_thread_blocked, id=1540, stack(0x00000000163f0000,0x00000000164f0000)]
  0x0000000014e95800 JavaThread "Signal Dispatcher" daemon [_thread_blocked, id=7280, stack(0x00000000162f0000,0x00000000163f0000)]
  0x00000000026e6000 JavaThread "Finalizer" daemon [_thread_blocked, id=1004, stack(0x0000000016110000,0x0000000016210000)]
  0x00000000026dd000 JavaThread "Reference Handler" daemon [_thread_blocked, id=6688, stack(0x0000000016010000,0x0000000016110000)]
  0x00000000025f0800 JavaThread "main" [_thread_in_vm, id=7244, stack(0x0000000002470000,0x0000000002570000)]

Other Threads:
  0x0000000014e67800 VMThread [stack: 0x0000000015f10000,0x0000000016010000] [id=4792]
  0x0000000016802000 WatcherThread [stack: 0x0000000016cf0000,0x0000000016df0000] [id=6592]

VM state:not at safepoint (normal execution)

VM Mutex/Monitor currently owned by a thread: None

Heap:
 PSYoungGen      total 38400K, used 10833K [0x00000000eab00000, 0x00000000ef600000, 0x0000000100000000)
  eden space 33280K, 17% used [0x00000000eab00000,0x00000000eb0986c0,0x00000000ecb80000)
  from space 5120K, 99% used [0x00000000ecb80000,0x00000000ed07c058,0x00000000ed080000)
  to   space 5120K, 0% used [0x00000000ef100000,0x00000000ef100000,0x00000000ef600000)
 ParOldGen       total 87552K, used 1614K [0x00000000c0000000, 0x00000000c5580000, 0x00000000eab00000)
  object space 87552K, 1% used [0x00000000c0000000,0x00000000c0193b58,0x00000000c5580000)
 Metaspace       used 5979K, capacity 7024K, committed 7296K, reserved 1056768K
  class space    used 595K, capacity 616K, committed 640K, reserved 1048576K

Card table byte_map: [0x0000000011b90000,0x0000000011da0000] byte_map_base: 0x0000000011590000

Marking Bits: (ParMarkBitMap*) 0x0000000063710600
 Begin Bits: [0x0000000012300000, 0x0000000013300000)
 End Bits:   [0x0000000013300000, 0x0000000014300000)

Polling page: 0x0000000000c60000

CodeCache: size=245760Kb used=5748Kb max_used=5761Kb free=240011Kb
 bounds [0x00000000027d0000, 0x0000000002d80000, 0x00000000117d0000]
 total_blobs=1638 nmethods=1375 adapters=176
 compilation: enabled

Compilation events (10 events):
Event: 3.688 Thread 0x0000000014ef8800 nmethod 1378 0x0000000002d6a590 code [0x0000000002d6a6e0, 0x0000000002d6a830]
Event: 3.723 Thread 0x0000000014e9a000 nmethod 1351 0x0000000002d6f950 code [0x0000000002d6fc40, 0x0000000002d72020]
Event: 3.723 Thread 0x0000000014e9a000 1354       4       java.util.HashMap::resize (359 bytes)
Event: 3.734 Thread 0x0000000014e9a000 nmethod 1354 0x0000000002d6ddd0 code [0x0000000002d6df60, 0x0000000002d6e4b8]
Event: 3.734 Thread 0x0000000014e9a000 1352       4       com.android.dx.rop.cst.CstType::hashCode (8 bytes)
Event: 3.737 Thread 0x0000000014e9a000 nmethod 1352 0x0000000002d6ac10 code [0x0000000002d6ad60, 0x0000000002d6aef8]
Event: 3.737 Thread 0x0000000014e9a000 1371       4       com.android.dx.rop.type.Type::compareTo (9 bytes)
Event: 3.739 Thread 0x0000000014e9a000 nmethod 1371 0x0000000002d6f550 code [0x0000000002d6f6a0, 0x0000000002d6f818]
Event: 3.739 Thread 0x0000000014e9a000 1356   !   4       com.android.dx.rop.cst.CstType::intern (48 bytes)
Event: 3.753 Thread 0x0000000014e9a000 nmethod 1356 0x0000000002d6b8d0 code [0x0000000002d6ba60, 0x0000000002d6c328]

GC Heap History (2 events):
Event: 2.685 GC heap before
{Heap before GC invocations=1 (full 0):
 PSYoungGen      total 38400K, used 33280K [0x00000000eab00000, 0x00000000ed580000, 0x0000000100000000)
  eden space 33280K, 100% used [0x00000000eab00000,0x00000000ecb80000,0x00000000ecb80000)
  from space 5120K, 0% used [0x00000000ed080000,0x00000000ed080000,0x00000000ed580000)
  to   space 5120K, 0% used [0x00000000ecb80000,0x00000000ecb80000,0x00000000ed080000)
 ParOldGen       total 87552K, used 0K [0x00000000c0000000, 0x00000000c5580000, 0x00000000eab00000)
  object space 87552K, 0% used [0x00000000c0000000,0x00000000c0000000,0x00000000c5580000)
 Metaspace       used 5859K, capacity 6960K, committed 7040K, reserved 1056768K
  class space    used 589K, capacity 616K, committed 640K, reserved 1048576K
Event: 3.013 GC heap after
Heap after GC invocations=1 (full 0):
 PSYoungGen      total 38400K, used 5104K [0x00000000eab00000, 0x00000000ef600000, 0x0000000100000000)
  eden space 33280K, 0% used [0x00000000eab00000,0x00000000eab00000,0x00000000ecb80000)
  from space 5120K, 99% used [0x00000000ecb80000,0x00000000ed07c058,0x00000000ed080000)
  to   space 5120K, 0% used [0x00000000ef100000,0x00000000ef100000,0x00000000ef600000)
 ParOldGen       total 87552K, used 1614K [0x00000000c0000000, 0x00000000c5580000, 0x00000000eab00000)
  object space 87552K, 1% used [0x00000000c0000000,0x00000000c0193b58,0x00000000c5580000)
 Metaspace       used 5859K, capacity 6960K, committed 7040K, reserved 1056768K
  class space    used 589K, capacity 616K, committed 640K, reserved 1048576K
}

Deoptimization events (10 events):
Event: 3.554 Thread 0x00000000025f0800 Uncommon trap: reason=class_check action=maybe_recompile pc=0x0000000002ceed58 method=java.util.Arrays.hashCode([Ljava/lang/Object;)I @ 43
Event: 3.554 Thread 0x00000000025f0800 Uncommon trap: reason=class_check action=maybe_recompile pc=0x0000000002ceed58 method=java.util.Arrays.hashCode([Ljava/lang/Object;)I @ 43
Event: 3.554 Thread 0x00000000025f0800 Uncommon trap: reason=class_check action=maybe_recompile pc=0x0000000002ceed58 method=java.util.Arrays.hashCode([Ljava/lang/Object;)I @ 43
Event: 3.555 Thread 0x00000000025f0800 Uncommon trap: reason=class_check action=maybe_recompile pc=0x0000000002c7ed38 method=java.util.Arrays.hashCode([Ljava/lang/Object;)I @ 43
Event: 3.572 Thread 0x00000000025f0800 Uncommon trap: reason=class_check action=maybe_recompile pc=0x0000000002b951b8 method=java.util.HashMap.putVal(ILjava/lang/Object;Ljava/lang/Object;ZZ)Ljava/lang/Object; @ 203
Event: 3.575 Thread 0x00000000025f0800 Uncommon trap: reason=unstable_if action=reinterpret pc=0x0000000002b95188 method=java.util.HashMap.putVal(ILjava/lang/Object;Ljava/lang/Object;ZZ)Ljava/lang/Object; @ 94
Event: 3.575 Thread 0x00000000025f0800 Uncommon trap: reason=unstable_if action=reinterpret pc=0x0000000002d51334 method=com.android.dx.dex.code.OutputFinisher.addConstants(Ljava/util/HashSet;Lcom/android/dx/rop/code/RegisterSpec;)V @ 57
Event: 3.679 Thread 0x00000000025f0800 Uncommon trap: reason=bimorphic action=maybe_recompile pc=0x0000000002a03c90 method=java.util.HashMap.getNode(ILjava/lang/Object;)Ljava/util/HashMap$Node; @ 126
Event: 3.679 Thread 0x00000000025f0800 Uncommon trap: reason=bimorphic action=maybe_recompile pc=0x0000000002a03c90 method=java.util.HashMap.getNode(ILjava/lang/Object;)Ljava/util/HashMap$Node; @ 126
Event: 3.681 Thread 0x00000000025f0800 Uncommon trap: reason=bimorphic action=maybe_recompile pc=0x0000000002a0e714 method=java.util.HashMap.getNode(ILjava/lang/Object;)Ljava/util/HashMap$Node; @ 126

Internal exceptions (2 events):
Event: 0.063 Thread 0x00000000025f0800 Exception <a 'java/lang/NoSuchMethodError': Method sun.misc.Unsafe.defineClass(Ljava/lang/String;[BII)Ljava/lang/Class; name or signature does not match> (0x00000000eab0d4a8) thrown at [D:\re\puppet\workspace\8-2-build-windows-amd64-cygwin\jdk8u73\6086\hotlðsW°?
Event: 0.063 Thread 0x00000000025f0800 Exception <a 'java/lang/NoSuchMethodError': Method sun.misc.Unsafe.prefetchRead(Ljava/lang/Object;J)V name or signature does not match> (0x00000000eab0d790) thrown at [D:\re\puppet\workspace\8-2-build-windows-amd64-cygwin\jdk8u73\6086\hotspot\src\share\vm\

Events (10 events):
Event: 3.679 Thread 0x00000000025f0800 DEOPT UNPACKING pc=0x000000000281582a sp=0x000000000256f078 mode 2
Event: 3.681 Thread 0x00000000025f0800 Uncommon trap: trap_request=0xffffffc6 fr.pc=0x0000000002a0e714
Event: 3.681 Thread 0x00000000025f0800 DEOPT PACKING pc=0x0000000002a0e714 sp=0x000000000256f0f0
Event: 3.681 Thread 0x00000000025f0800 DEOPT UNPACKING pc=0x000000000281582a sp=0x000000000256f078 mode 2
Event: 3.685 loading class com/android/dex/Leb128
Event: 3.685 loading class com/android/dex/Leb128 done
Event: 3.688 loading class java/util/Collections$1
Event: 3.688 loading class java/util/Collections$1 done
Event: 3.688 loading class com/android/dx/dex/file/MixedItemSection$2
Event: 3.688 loading class com/android/dx/dex/file/MixedItemSection$2 done


Dynamic libraries:
0x00007ff67b1f0000 - 0x00007ff67b227000 	C:\Program Files\Java\jdk1.8.0_73\bin\java.exe
0x00007ffefdbd0000 - 0x00007ffefdd7d000 	C:\Windows\SYSTEM32\ntdll.dll
0x00007ffefbb70000 - 0x00007ffefbcae000 	C:\Windows\system32\KERNEL32.DLL
0x00007ffefaf60000 - 0x00007ffefb075000 	C:\Windows\system32\KERNELBASE.dll
0x00007ffef98c0000 - 0x00007ffef994e000 	C:\Windows\system32\apphelp.dll
0x00007ffef02f0000 - 0x00007ffef0343000 	C:\Windows\AppPatch\AppPatch64\AcGenral.DLL
0x00007ffefbd50000 - 0x00007ffefbdfa000 	C:\Windows\system32\msvcrt.dll
0x00007ffefaf30000 - 0x00007ffefaf5e000 	C:\Windows\system32\SspiCli.dll
0x00007ffefc4d0000 - 0x00007ffefc524000 	C:\Windows\system32\SHLWAPI.dll
0x00007ffefb260000 - 0x00007ffefb3d7000 	C:\Windows\system32\USER32.dll
0x00007ffefb410000 - 0x00007ffefb5a4000 	C:\Windows\system32\ole32.dll
0x00007ffefc6a0000 - 0x00007ffefdbc9000 	C:\Windows\system32\SHELL32.dll
0x00007ffefa2c0000 - 0x00007ffefa2e1000 	C:\Windows\SYSTEM32\USERENV.dll
0x00007ffefb8a0000 - 0x00007ffefb94a000 	C:\Windows\system32\ADVAPI32.dll
0x00007ffeef4b0000 - 0x00007ffeef4ce000 	C:\Windows\SYSTEM32\MPR.dll
0x00007ffefc0e0000 - 0x00007ffefc220000 	C:\Windows\system32\RPCRT4.dll
0x00007ffefbcb0000 - 0x00007ffefbd09000 	C:\Windows\SYSTEM32\sechost.dll
0x00007ffefb950000 - 0x00007ffefbb62000 	C:\Windows\SYSTEM32\combase.dll
0x00007ffefbed0000 - 0x00007ffefc01b000 	C:\Windows\system32\GDI32.dll
0x00007ffefad00000 - 0x00007ffefad15000 	C:\Windows\SYSTEM32\profapi.dll
0x00007ffef90e0000 - 0x00007ffef9192000 	C:\Windows\SYSTEM32\SHCORE.dll
0x00007ffefbd10000 - 0x00007ffefbd46000 	C:\Windows\system32\IMM32.DLL
0x00007ffefc530000 - 0x00007ffefc681000 	C:\Windows\system32\MSCTF.dll
0x00007ffef87e0000 - 0x00007ffef8a5b000 	C:\Windows\WinSxS\amd64_microsoft.windows.common-controls_6595b64144ccf1df_6.0.9600.18006_none_623f33d3ecbe86e8\COMCTL32.dll
0x00000000629a0000 - 0x0000000062a72000 	C:\Program Files\Java\jdk1.8.0_73\jre\bin\msvcr100.dll
0x0000000062f00000 - 0x0000000063790000 	C:\Program Files\Java\jdk1.8.0_73\jre\bin\server\jvm.dll
0x00007ffef6b70000 - 0x00007ffef6b79000 	C:\Windows\SYSTEM32\WSOCK32.dll
0x00007ffef5f90000 - 0x00007ffef5fb2000 	C:\Windows\SYSTEM32\WINMM.dll
0x00007ffef5ff0000 - 0x00007ffef5ffa000 	C:\Windows\SYSTEM32\VERSION.dll
0x00007ffefb890000 - 0x00007ffefb897000 	C:\Windows\system32\PSAPI.DLL
0x00007ffefb5b0000 - 0x00007ffefb60a000 	C:\Windows\system32\WS2_32.dll
0x00007ffef5f60000 - 0x00007ffef5f8a000 	C:\Windows\SYSTEM32\WINMMBASE.dll
0x00007ffefc690000 - 0x00007ffefc699000 	C:\Windows\system32\NSI.dll
0x00007ffefae30000 - 0x00007ffefae7f000 	C:\Windows\SYSTEM32\cfgmgr32.dll
0x00007ffef9b40000 - 0x00007ffef9b68000 	C:\Windows\SYSTEM32\DEVOBJ.dll
0x0000000062e10000 - 0x0000000062e1f000 	C:\Program Files\Java\jdk1.8.0_73\jre\bin\verify.dll
0x0000000062de0000 - 0x0000000062e09000 	C:\Program Files\Java\jdk1.8.0_73\jre\bin\java.dll
0x0000000062dc0000 - 0x0000000062dd6000 	C:\Program Files\Java\jdk1.8.0_73\jre\bin\zip.dll

VM Arguments:
jvm_args: -Djava.awt.headless=true -Xmx1024M -Dfile.encoding=windows-1252 -Duser.country=US -Duser.language=en -Duser.variant 
java_command: com.android.dx.command.Main --dex --num-threads=4 --output C:\android_work\asad_bhai\New folder\BMI_Call_d(1)\BMI_Call_d\app\build\intermediates\pre-dexed\debug\com.android.support-support-vector-drawable-25.0.1_644451992cfaf5565dbc78023c943d76195f8ace.jar C:\android_work\asad_bhai\New folder\BMI_Call_d(1)\BMI_Call_d\app\build\intermediates\exploded-aar\com.android.support\support-vector-drawable\25.0.1\jars\classes.jar
java_class_path (initial): C:\Android\Sdk\build-tools\25.0.0\lib\dx.jar
Launcher Type: SUN_STANDARD

Environment Variables:
PATH=C:\oraclexe\app\oracle\product\10.2.0\server\bin;C:\ProgramData\Oracle\Java\javapath;C:\Windows\system32;C:\Windows;C:\Windows\System32\Wbem;C:\Windows\System32\WindowsPowerShell\v1.0\;C:\Program Files\Git\cmd;C:\Program Files (x86)\Skype\Phone\;C:\instantclient_12_2;C:\Program Files (x86)\Ampps\php;C:\composer;C:\Users\rehan\AppData\Roaming\Composer\vendor\bin
USERNAME=rehan
OS=Windows_NT
PROCESSOR_IDENTIFIER=Intel64 Family 6 Model 58 Stepping 9, GenuineIntel



---------------  S Y S T E M  ---------------

OS: Windows 8.1 , 64 bit Build 9600 (6.3.9600.17415)

CPU:total 4 (2 cores per cpu, 2 threads per core) family 6 model 58 stepping 9, cmov, cx8, fxsr, mmx, sse, sse2, sse3, ssse3, sse4.1, sse4.2, popcnt, avx, aes, clmul, erms, ht, tsc, tscinvbit, tscinv

Memory: 4k page, physical 8281448k(1590704k free), swap 10003096k(10404k free)

vm_info: Java HotSpot(TM) 64-Bit Server VM (25.73-b02) for windows-amd64 JRE (1.8.0_73-b02), built on Jan 29 2016 17:38:49 by "java_re" with MS VC++ 10.0 (VS2010)

time: Thu Dec 28 11:52:10 2017
elapsed time: 3 seconds (0d 0h 0m 3s)

