#
# There is insufficient memory for the Java Runtime Environment to continue.
# Native memory allocation (malloc) failed to allocate 262160 bytes for Chunk::new
# Possible reasons:
#   The system is out of physical RAM or swap space
#   In 32 bit mode, the process size limit was hit
# Possible solutions:
#   Reduce memory load on the system
#   Increase physical memory or swap space
#   Check if swap backing store is full
#   Use 64 bit Java on a 64 bit OS
#   Decrease Java heap size (-Xmx/-Xms)
#   Decrease number of Java threads
#   Decrease Java thread stack sizes (-Xss)
#   Set larger code cache with -XX:ReservedCodeCacheSize=
# This output file may be truncated or incomplete.
#
#  Out of Memory Error (allocation.cpp:390), pid=5856, tid=7392
#
# JRE version: Java(TM) SE Runtime Environment (8.0_73-b02) (build 1.8.0_73-b02)
# Java VM: Java HotSpot(TM) 64-Bit Server VM (25.73-b02 mixed mode windows-amd64 compressed oops)
# Failed to write core dump. Minidumps are not enabled by default on client versions of Windows
#

---------------  T H R E A D  ---------------

Current thread (0x000000001536a000):  JavaThread "C2 CompilerThread0" daemon [_thread_in_native, id=7392, stack(0x00000000169b0000,0x0000000016ab0000)]

Stack: [0x00000000169b0000,0x0000000016ab0000]
[error occurred during error reporting (printing stack bounds), id 0xc0000005]

Native frames: (J=compiled Java code, j=interpreted, Vv=VM code, C=native code)


Current CompileTask:
C2:  14413 1896       4       com.android.dx.ssa.SCCP::run (298 bytes)


---------------  P R O C E S S  ---------------

Java Threads: ( => current thread )
  0x0000000016f6d000 JavaThread "pool-1-thread-4" [_thread_blocked, id=8020, stack(0x00000000176b0000,0x00000000177b0000)]
  0x0000000016f6c800 JavaThread "pool-1-thread-3" [_thread_blocked, id=2084, stack(0x00000000175b0000,0x00000000176b0000)]
  0x0000000016f6b800 JavaThread "pool-1-thread-2" [_thread_blocked, id=5640, stack(0x00000000174b0000,0x00000000175b0000)]
  0x0000000016f60000 JavaThread "pool-2-thread-1" [_thread_blocked, id=7260, stack(0x00000000173b0000,0x00000000174b0000)]
  0x0000000016f5f000 JavaThread "pool-1-thread-1" [_thread_blocked, id=4752, stack(0x00000000172b0000,0x00000000173b0000)]
  0x0000000016cb4800 JavaThread "Service Thread" daemon [_thread_blocked, id=5576, stack(0x00000000170b0000,0x00000000171b0000)]
  0x00000000153cb800 JavaThread "C1 CompilerThread2" daemon [_thread_blocked, id=1204, stack(0x0000000016bb0000,0x0000000016cb0000)]
  0x00000000153c5800 JavaThread "C2 CompilerThread1" daemon [_thread_blocked, id=4760, stack(0x0000000016ab0000,0x0000000016bb0000)]
=>0x000000001536a000 JavaThread "C2 CompilerThread0" daemon [_thread_in_native, id=7392, stack(0x00000000169b0000,0x0000000016ab0000)]
  0x0000000015367000 JavaThread "Attach Listener" daemon [_thread_blocked, id=2620, stack(0x00000000168b0000,0x00000000169b0000)]
  0x0000000015365800 JavaThread "Signal Dispatcher" daemon [_thread_blocked, id=8172, stack(0x00000000167b0000,0x00000000168b0000)]
  0x0000000002c96000 JavaThread "Finalizer" daemon [_thread_blocked, id=7784, stack(0x00000000165d0000,0x00000000166d0000)]
  0x0000000002c8d000 JavaThread "Reference Handler" daemon [_thread_blocked, id=6640, stack(0x00000000164d0000,0x00000000165d0000)]
  0x0000000002ba0800 JavaThread "main" [_thread_blocked, id=3880, stack(0x0000000002a50000,0x0000000002b50000)]

Other Threads:
  0x0000000015337800 VMThread [stack: 0x00000000163d0000,0x00000000164d0000] [id=2236]
  0x0000000016cda000 WatcherThread [stack: 0x00000000171b0000,0x00000000172b0000] [id=6476]

VM state:at safepoint (normal execution)

VM Mutex/Monitor currently owned by a thread:  ([mutex/lock_event])
[0x0000000002b9c610] Threads_lock - owner thread: 0x0000000015337800
[0x0000000002b9ca90] Heap_lock - owner thread: 0x0000000016f6c800

Heap:
 PSYoungGen      total 71680K, used 71679K [0x00000000eab00000, 0x00000000f3700000, 0x0000000100000000)
  eden space 66560K, 100% used [0x00000000eab00000,0x00000000eec00000,0x00000000eec00000)
  from space 5120K, 99% used [0x00000000eec00000,0x00000000ef0ffda0,0x00000000ef100000)
  to   space 5120K, 99% used [0x00000000f3200000,0x00000000f36fcc68,0x00000000f3700000)
 ParOldGen       total 87552K, used 23116K [0x00000000c0000000, 0x00000000c5580000, 0x00000000eab00000)
  object space 87552K, 26% used [0x00000000c0000000,0x00000000c1695178,0x00000000c5580000)
 Metaspace       used 6237K, capacity 7216K, committed 7296K, reserved 1056768K
  class space    used 590K, capacity 616K, committed 640K, reserved 1048576K

Card table byte_map: [0x0000000012060000,0x0000000012270000] byte_map_base: 0x0000000011a60000

Marking Bits: (ParMarkBitMap*) 0x0000000063710600
 Begin Bits: [0x00000000127d0000, 0x00000000137d0000)
 End Bits:   [0x00000000137d0000, 0x00000000147d0000)

Polling page: 0x0000000001270000

CodeCache: size=245760Kb used=8796Kb max_used=8796Kb free=236963Kb
 bounds [0x0000000002ca0000, 0x0000000003550000, 0x0000000011ca0000]
 total_blobs=2149 nmethods=1885 adapters=176
 compilation: enabled

Compilation events (10 events):
Event: 14.296 Thread 0x00000000153cb800 1953       2       com.android.dx.dex.cf.AttributeTranslator::translateInnerClasses (356 bytes)
Event: 14.301 Thread 0x00000000153cb800 nmethod 1953 0x0000000003516790 code [0x0000000003516b60, 0x0000000003517f18]
Event: 14.301 Thread 0x00000000153cb800 1960       2       com.android.dx.ssa.LocalVariableInfo::getStarts (19 bytes)
Event: 14.301 Thread 0x00000000153cb800 nmethod 1960 0x00000000034f9bd0 code [0x00000000034f9d40, 0x00000000034f9f88]
Event: 14.301 Thread 0x00000000153cb800 1949       2       com.android.dx.cf.attrib.AttInnerClasses::byteLength (14 bytes)
Event: 14.301 Thread 0x00000000153cb800 nmethod 1949 0x00000000034f9850 code [0x00000000034f99a0, 0x00000000034f9b10]
Event: 14.301 Thread 0x00000000153cb800 1951       2       com.android.dx.dex.file.ClassDataItem::<init> (96 bytes)
Event: 14.302 Thread 0x00000000153cb800 nmethod 1951 0x00000000034ff610 code [0x00000000034ff800, 0x00000000034ffd88]
Event: 14.302 Thread 0x00000000153cb800 1952       2       com.android.dx.dex.cf.AttributeTranslator::translateEnclosingMethod (50 bytes)
Event: 14.303 Thread 0x00000000153cb800 nmethod 1952 0x00000000034fea10 code [0x00000000034fec00, 0x00000000034ff188]

GC Heap History (7 events):
Event: 8.765 GC heap before
{Heap before GC invocations=1 (full 0):
 PSYoungGen      total 38400K, used 33280K [0x00000000eab00000, 0x00000000ed580000, 0x0000000100000000)
  eden space 33280K, 100% used [0x00000000eab00000,0x00000000ecb80000,0x00000000ecb80000)
  from space 5120K, 0% used [0x00000000ed080000,0x00000000ed080000,0x00000000ed580000)
  to   space 5120K, 0% used [0x00000000ecb80000,0x00000000ecb80000,0x00000000ed080000)
 ParOldGen       total 87552K, used 0K [0x00000000c0000000, 0x00000000c5580000, 0x00000000eab00000)
  object space 87552K, 0% used [0x00000000c0000000,0x00000000c0000000,0x00000000c5580000)
 Metaspace       used 5910K, capacity 6960K, committed 7040K, reserved 1056768K
  class space    used 589K, capacity 616K, committed 640K, reserved 1048576K
Event: 9.131 GC heap after
Heap after GC invocations=1 (full 0):
 PSYoungGen      total 38400K, used 5092K [0x00000000eab00000, 0x00000000ef600000, 0x0000000100000000)
  eden space 33280K, 0% used [0x00000000eab00000,0x00000000eab00000,0x00000000ecb80000)
  from space 5120K, 99% used [0x00000000ecb80000,0x00000000ed079128,0x00000000ed080000)
  to   space 5120K, 0% used [0x00000000ef100000,0x00000000ef100000,0x00000000ef600000)
 ParOldGen       total 87552K, used 680K [0x00000000c0000000, 0x00000000c5580000, 0x00000000eab00000)
  object space 87552K, 0% used [0x00000000c0000000,0x00000000c00aa0e8,0x00000000c5580000)
 Metaspace       used 5910K, capacity 6960K, committed 7040K, reserved 1056768K
  class space    used 589K, capacity 616K, committed 640K, reserved 1048576K
}
Event: 10.744 GC heap before
{Heap before GC invocations=2 (full 0):
 PSYoungGen      total 38400K, used 38372K [0x00000000eab00000, 0x00000000ef600000, 0x0000000100000000)
  eden space 33280K, 100% used [0x00000000eab00000,0x00000000ecb80000,0x00000000ecb80000)
  from space 5120K, 99% used [0x00000000ecb80000,0x00000000ed079128,0x00000000ed080000)
  to   space 5120K, 0% used [0x00000000ef100000,0x00000000ef100000,0x00000000ef600000)
 ParOldGen       total 87552K, used 680K [0x00000000c0000000, 0x00000000c5580000, 0x00000000eab00000)
  object space 87552K, 0% used [0x00000000c0000000,0x00000000c00aa0e8,0x00000000c5580000)
 Metaspace       used 6084K, capacity 7088K, committed 7296K, reserved 1056768K
  class space    used 589K, capacity 616K, committed 640K, reserved 1048576K
Event: 10.800 GC heap after
Heap after GC invocations=2 (full 0):
 PSYoungGen      total 71680K, used 5114K [0x00000000eab00000, 0x00000000ef600000, 0x0000000100000000)
  eden space 66560K, 0% used [0x00000000eab00000,0x00000000eab00000,0x00000000eec00000)
  from space 5120K, 99% used [0x00000000ef100000,0x00000000ef5feac8,0x00000000ef600000)
  to   space 5120K, 0% used [0x00000000eec00000,0x00000000eec00000,0x00000000ef100000)
 ParOldGen       total 87552K, used 4497K [0x00000000c0000000, 0x00000000c5580000, 0x00000000eab00000)
  object space 87552K, 5% used [0x00000000c0000000,0x00000000c04646a0,0x00000000c5580000)
 Metaspace       used 6084K, capacity 7088K, committed 7296K, reserved 1056768K
  class space    used 589K, capacity 616K, committed 640K, reserved 1048576K
}
Event: 13.641 GC heap before
{Heap before GC invocations=3 (full 0):
 PSYoungGen      total 71680K, used 71674K [0x00000000eab00000, 0x00000000ef600000, 0x0000000100000000)
  eden space 66560K, 100% used [0x00000000eab00000,0x00000000eec00000,0x00000000eec00000)
  from space 5120K, 99% used [0x00000000ef100000,0x00000000ef5feac8,0x00000000ef600000)
  to   space 5120K, 0% used [0x00000000eec00000,0x00000000eec00000,0x00000000ef100000)
 ParOldGen       total 87552K, used 4497K [0x00000000c0000000, 0x00000000c5580000, 0x00000000eab00000)
  object space 87552K, 5% used [0x00000000c0000000,0x00000000c04646a0,0x00000000c5580000)
 Metaspace       used 6195K, capacity 7152K, committed 7296K, reserved 1056768K
  class space    used 590K, capacity 616K, committed 640K, reserved 1048576K
Event: 13.703 GC heap after
Heap after GC invocations=3 (full 0):
 PSYoungGen      total 71680K, used 5119K [0x00000000eab00000, 0x00000000f3700000, 0x0000000100000000)
  eden space 66560K, 0% used [0x00000000eab00000,0x00000000eab00000,0x00000000eec00000)
  from space 5120K, 99% used [0x00000000eec00000,0x00000000ef0ffda0,0x00000000ef100000)
  to   space 5120K, 0% used [0x00000000f3200000,0x00000000f3200000,0x00000000f3700000)
 ParOldGen       total 87552K, used 14948K [0x00000000c0000000, 0x00000000c5580000, 0x00000000eab00000)
  object space 87552K, 17% used [0x00000000c0000000,0x00000000c0e99138,0x00000000c5580000)
 Metaspace       used 6195K, capacity 7152K, committed 7296K, reserved 1056768K
  class space    used 590K, capacity 616K, committed 640K, reserved 1048576K
}
Event: 14.348 GC heap before
{Heap before GC invocations=4 (full 0):
 PSYoungGen      total 71680K, used 71679K [0x00000000eab00000, 0x00000000f3700000, 0x0000000100000000)
  eden space 66560K, 100% used [0x00000000eab00000,0x00000000eec00000,0x00000000eec00000)
  from space 5120K, 99% used [0x00000000eec00000,0x00000000ef0ffda0,0x00000000ef100000)
  to   space 5120K, 0% used [0x00000000f3200000,0x00000000f3200000,0x00000000f3700000)
 ParOldGen       total 87552K, used 14948K [0x00000000c0000000, 0x00000000c5580000, 0x00000000eab00000)
  object space 87552K, 17% used [0x00000000c0000000,0x00000000c0e99138,0x00000000c5580000)
 Metaspace       used 6237K, capacity 7216K, committed 7296K, reserved 1056768K
  class space    used 590K, capacity 616K, committed 640K, reserved 1048576K

Deoptimization events (10 events):
Event: 12.745 Thread 0x0000000016f5f000 Uncommon trap: reason=bimorphic action=maybe_recompile pc=0x00000000030baf34 method=java.util.HashMap.getNode(ILjava/lang/Object;)Ljava/util/HashMap$Node; @ 126
Event: 12.787 Thread 0x0000000016f6b800 Uncommon trap: reason=unstable_if action=reinterpret pc=0x0000000003426298 method=com.android.dx.rop.code.RegisterSpec.equals(ILcom/android/dx/rop/type/TypeBearer;Lcom/android/dx/rop/code/LocalItem;)Z @ 42
Event: 12.792 Thread 0x0000000016f6b800 Uncommon trap: reason=bimorphic action=maybe_recompile pc=0x00000000033b952c method=com.android.dx.ssa.SCCP.simulatePhi(Lcom/android/dx/ssa/PhiInsn;)V @ 124
Event: 12.793 Thread 0x0000000016f6b800 Uncommon trap: reason=class_check action=maybe_recompile pc=0x0000000003160000 method=java.util.HashMap.putVal(ILjava/lang/Object;Ljava/lang/Object;ZZ)Ljava/lang/Object; @ 91
Event: 12.793 Thread 0x0000000016f6b800 Uncommon trap: reason=class_check action=maybe_recompile pc=0x0000000003160000 method=java.util.HashMap.putVal(ILjava/lang/Object;Ljava/lang/Object;ZZ)Ljava/lang/Object; @ 91
Event: 12.800 Thread 0x0000000016f6b800 Uncommon trap: reason=bimorphic action=maybe_recompile pc=0x00000000033b952c method=com.android.dx.ssa.SCCP.simulatePhi(Lcom/android/dx/ssa/PhiInsn;)V @ 124
Event: 13.428 Thread 0x0000000016f6b800 Uncommon trap: reason=bimorphic action=maybe_recompile pc=0x00000000033b952c method=com.android.dx.ssa.SCCP.simulatePhi(Lcom/android/dx/ssa/PhiInsn;)V @ 124
Event: 13.438 Thread 0x0000000016f6b800 Uncommon trap: reason=bimorphic action=maybe_recompile pc=0x00000000033b952c method=com.android.dx.ssa.SCCP.simulatePhi(Lcom/android/dx/ssa/PhiInsn;)V @ 124
Event: 13.991 Thread 0x0000000002ba0800 Uncommon trap: reason=unstable_if action=reinterpret pc=0x00000000034c4190 method=com.android.dx.cf.direct.StdAttributeFactory.parse0(Lcom/android/dx/cf/direct/DirectClassFile;ILjava/lang/String;IILcom/android/dx/cf/iface/ParseObserver;)Lcom/android/dx/cf/Ìê0,,@
Event: 14.002 Thread 0x0000000016f6b800 Uncommon trap: reason=unstable_if action=reinterpret pc=0x00000000030baf14 method=java.util.HashMap.getNode(ILjava/lang/Object;)Ljava/util/HashMap$Node; @ 84

Internal exceptions (5 events):
Event: 1.697 Thread 0x0000000002ba0800 Exception <a 'java/lang/NoSuchMethodError': Method sun.misc.Unsafe.defineClass(Ljava/lang/String;[BII)Ljava/lang/Class; name or signature does not match> (0x00000000eab0d488) thrown at [D:\re\puppet\workspace\8-2-build-windows-amd64-cygwin\jdk8u73\6086\hotË}ãäÿ'û?
Event: 1.697 Thread 0x0000000002ba0800 Exception <a 'java/lang/NoSuchMethodError': Method sun.misc.Unsafe.prefetchRead(Ljava/lang/Object;J)V name or signature does not match> (0x00000000eab0d770) thrown at [D:\re\puppet\workspace\8-2-build-windows-amd64-cygwin\jdk8u73\6086\hotspot\src\share\vm\Lþp5,($@
Event: 10.078 Thread 0x0000000016f5f000 Implicit null exception at 0x00000000030de5a2 to 0x00000000030df5e5
Event: 10.079 Thread 0x0000000016f5f000 Implicit null exception at 0x00000000031125c5 to 0x00000000031133c5
Event: 10.805 Thread 0x0000000016f6d000 Implicit null exception at 0x0000000003089ce2 to 0x0000000003089dd2

Events (10 events):
Event: 14.002 Thread 0x0000000016f6b800 Uncommon trap: trap_request=0xffffff65 fr.pc=0x00000000030baf14
Event: 14.002 Thread 0x0000000016f6b800 DEOPT PACKING pc=0x00000000030baf14 sp=0x00000000175ae5e0
Event: 14.002 Thread 0x0000000016f6b800 DEOPT UNPACKING pc=0x0000000002ce582a sp=0x00000000175ae568 mode 2
Event: 14.010 Thread 0x0000000016f6d000 DEOPT PACKING pc=0x0000000003109ed9 sp=0x00000000177ae830
Event: 14.010 Thread 0x0000000016f6d000 DEOPT UNPACKING pc=0x0000000002ce787f sp=0x00000000177ae660 mode 0
Event: 14.081 Thread 0x0000000016f6d000 DEOPT PACKING pc=0x0000000003109ed9 sp=0x00000000177ae830
Event: 14.081 Thread 0x0000000016f6d000 DEOPT UNPACKING pc=0x0000000002ce787f sp=0x00000000177ae660 mode 0
Event: 14.291 Thread 0x0000000016f6b800 DEOPT PACKING pc=0x0000000003109ed9 sp=0x00000000175ae8a0
Event: 14.291 Thread 0x0000000016f6b800 DEOPT UNPACKING pc=0x0000000002ce787f sp=0x00000000175ae6d0 mode 0
Event: 14.313 Executing VM operation: ParallelGCFailedAllocation


Dynamic libraries:
0x00007ff67b1f0000 - 0x00007ff67b227000 	C:\Program Files\Java\jdk1.8.0_73\bin\java.exe
0x00007ffefdbd0000 - 0x00007ffefdd7d000 	C:\Windows\SYSTEM32\ntdll.dll
0x00007ffefbb70000 - 0x00007ffefbcae000 	C:\Windows\system32\KERNEL32.DLL
0x00007ffefaf60000 - 0x00007ffefb075000 	C:\Windows\system32\KERNELBASE.dll
0x00007ffef98c0000 - 0x00007ffef994e000 	C:\Windows\system32\apphelp.dll
0x00007ffef02f0000 - 0x00007ffef0343000 	C:\Windows\AppPatch\AppPatch64\AcGenral.DLL
0x00007ffefbd50000 - 0x00007ffefbdfa000 	C:\Windows\system32\msvcrt.dll
0x00007ffefaf30000 - 0x00007ffefaf5e000 	C:\Windows\system32\SspiCli.dll
0x00007ffefc4d0000 - 0x00007ffefc524000 	C:\Windows\system32\SHLWAPI.dll
0x00007ffefb260000 - 0x00007ffefb3d7000 	C:\Windows\system32\USER32.dll
0x00007ffefb410000 - 0x00007ffefb5a4000 	C:\Windows\system32\ole32.dll
0x00007ffefc6a0000 - 0x00007ffefdbc9000 	C:\Windows\system32\SHELL32.dll
0x00007ffefa2c0000 - 0x00007ffefa2e1000 	C:\Windows\SYSTEM32\USERENV.dll
0x00007ffefb8a0000 - 0x00007ffefb94a000 	C:\Windows\system32\ADVAPI32.dll
0x00007ffeef4b0000 - 0x00007ffeef4ce000 	C:\Windows\SYSTEM32\MPR.dll
0x00007ffefc0e0000 - 0x00007ffefc220000 	C:\Windows\system32\RPCRT4.dll
0x00007ffefbcb0000 - 0x00007ffefbd09000 	C:\Windows\SYSTEM32\sechost.dll
0x00007ffefb950000 - 0x00007ffefbb62000 	C:\Windows\SYSTEM32\combase.dll
0x00007ffefbed0000 - 0x00007ffefc01b000 	C:\Windows\system32\GDI32.dll
0x00007ffefad00000 - 0x00007ffefad15000 	C:\Windows\SYSTEM32\profapi.dll
0x00007ffef90e0000 - 0x00007ffef9192000 	C:\Windows\SYSTEM32\SHCORE.dll
0x00007ffefbd10000 - 0x00007ffefbd46000 	C:\Windows\system32\IMM32.DLL
0x00007ffefc530000 - 0x00007ffefc681000 	C:\Windows\system32\MSCTF.dll
0x00007ffef87e0000 - 0x00007ffef8a5b000 	C:\Windows\WinSxS\amd64_microsoft.windows.common-controls_6595b64144ccf1df_6.0.9600.18006_none_623f33d3ecbe86e8\COMCTL32.dll
0x00000000629a0000 - 0x0000000062a72000 	C:\Program Files\Java\jdk1.8.0_73\jre\bin\msvcr100.dll
0x0000000062f00000 - 0x0000000063790000 	C:\Program Files\Java\jdk1.8.0_73\jre\bin\server\jvm.dll
0x00007ffef6b70000 - 0x00007ffef6b79000 	C:\Windows\SYSTEM32\WSOCK32.dll
0x00007ffef5f90000 - 0x00007ffef5fb2000 	C:\Windows\SYSTEM32\WINMM.dll
0x00007ffef5ff0000 - 0x00007ffef5ffa000 	C:\Windows\SYSTEM32\VERSION.dll
0x00007ffefb890000 - 0x00007ffefb897000 	C:\Windows\system32\PSAPI.DLL
0x00007ffefb5b0000 - 0x00007ffefb60a000 	C:\Windows\system32\WS2_32.dll
0x00007ffef5f60000 - 0x00007ffef5f8a000 	C:\Windows\SYSTEM32\WINMMBASE.dll
0x00007ffefc690000 - 0x00007ffefc699000 	C:\Windows\system32\NSI.dll
0x00007ffefae30000 - 0x00007ffefae7f000 	C:\Windows\SYSTEM32\cfgmgr32.dll
0x00007ffef9b40000 - 0x00007ffef9b68000 	C:\Windows\SYSTEM32\DEVOBJ.dll
0x0000000062e10000 - 0x0000000062e1f000 	C:\Program Files\Java\jdk1.8.0_73\jre\bin\verify.dll
0x0000000062de0000 - 0x0000000062e09000 	C:\Program Files\Java\jdk1.8.0_73\jre\bin\java.dll
0x0000000062dc0000 - 0x0000000062dd6000 	C:\Program Files\Java\jdk1.8.0_73\jre\bin\zip.dll

VM Arguments:
jvm_args: -Djava.awt.headless=true -Xmx1024M -Dfile.encoding=windows-1252 -Duser.country=US -Duser.language=en -Duser.variant 
java_command: com.android.dx.command.Main --dex --num-threads=4 --output C:\android_work\asad_bhai\New folder\BMI_Call_d(1)\BMI_Call_d\app\build\intermediates\pre-dexed\debug\com.android.support-support-compat-25.0.1_6eb259d38d3c884e5cb5f1649e9fa10bb135cc18.jar C:\android_work\asad_bhai\New folder\BMI_Call_d(1)\BMI_Call_d\app\build\intermediates\exploded-aar\com.android.support\support-compat\25.0.1\jars\classes.jar
java_class_path (initial): C:\Android\Sdk\build-tools\25.0.0\lib\dx.jar
Launcher Type: SUN_STANDARD

Environment Variables:
PATH=C:\oraclexe\app\oracle\product\10.2.0\server\bin;C:\ProgramData\Oracle\Java\javapath;C:\Windows\system32;C:\Windows;C:\Windows\System32\Wbem;C:\Windows\System32\WindowsPowerShell\v1.0\;C:\Program Files\Git\cmd;C:\Program Files (x86)\Skype\Phone\;C:\instantclient_12_2;C:\Program Files (x86)\Ampps\php;C:\composer;C:\Users\rehan\AppData\Roaming\Composer\vendor\bin
USERNAME=rehan
OS=Windows_NT
PROCESSOR_IDENTIFIER=Intel64 Family 6 Model 58 Stepping 9, GenuineIntel



---------------  S Y S T E M  ---------------

OS: Windows 8.1 , 64 bit Build 9600 (6.3.9600.17415)

CPU:total 4 (2 cores per cpu, 2 threads per core) family 6 model 58 stepping 9, cmov, cx8, fxsr, mmx, sse, sse2, sse3, ssse3, sse4.1, sse4.2, popcnt, avx, aes, clmul, erms, ht, tsc, tscinvbit, tscinv

Memory: 4k page, physical 8281448k(1265992k free), swap 10003096k(5644k free)

vm_info: Java HotSpot(TM) 64-Bit Server VM (25.73-b02) for windows-amd64 JRE (1.8.0_73-b02), built on Jan 29 2016 17:38:49 by "java_re" with MS VC++ 10.0 (VS2010)

time: Thu Dec 28 11:52:54 2017
elapsed time: 14 seconds (0d 0h 0m 14s)

